<?xml version="1.0" encoding="UTF-8"?>
<testsuite name="com.kotlinspring.controller.CourseControllerIntgTest" tests="5" skipped="0" failures="0" errors="0" timestamp="2022-02-01T18:59:43" hostname="Dilips-MacBook-Pro.local" time="2.04">
  <properties/>
  <testcase name="retrieveAllCourses_Byname()" classname="com.kotlinspring.controller.CourseControllerIntgTest" time="1.525"/>
  <testcase name="retrieveAllCourses()" classname="com.kotlinspring.controller.CourseControllerIntgTest" time="0.1"/>
  <testcase name="updateCourse()" classname="com.kotlinspring.controller.CourseControllerIntgTest" time="0.154"/>
  <testcase name="deleteCourse()" classname="com.kotlinspring.controller.CourseControllerIntgTest" time="0.102"/>
  <testcase name="addCourse()" classname="com.kotlinspring.controller.CourseControllerIntgTest" time="0.148"/>
  <system-out><![CDATA[12:59:34.069 [Test worker] DEBUG org.testcontainers.utility.TestcontainersConfiguration - Testcontainers configuration overrides will be loaded from file:/Users/dilipbandlasundarraj/.testcontainers.properties
12:59:34.086 [Test worker] INFO org.testcontainers.dockerclient.DockerClientProviderStrategy - Loaded org.testcontainers.dockerclient.UnixSocketClientProviderStrategy from ~/.testcontainers.properties, will try it first
12:59:34.088 [Test worker] DEBUG org.testcontainers.dockerclient.DockerClientProviderStrategy - Trying out strategy: UnixSocketClientProviderStrategy
12:59:34.265 [ducttape-0] DEBUG org.testcontainers.dockerclient.DockerClientProviderStrategy - Pinging docker daemon...
12:59:34.277 [ducttape-0] DEBUG org.testcontainers.shaded.com.github.dockerjava.core.command.AbstrDockerCmd - Cmd: 
12:59:34.293 [ducttape-0] DEBUG com.github.dockerjava.zerodep.shaded.org.apache.hc.client5.http.impl.classic.InternalHttpClient - ex-00000001: preparing request execution
12:59:34.296 [ducttape-0] DEBUG com.github.dockerjava.zerodep.shaded.org.apache.hc.client5.http.protocol.RequestAddCookies - Cookie spec selected: strict
12:59:34.300 [ducttape-0] DEBUG com.github.dockerjava.zerodep.shaded.org.apache.hc.client5.http.protocol.RequestAuthCache - Auth cache not set in the context
12:59:34.300 [ducttape-0] DEBUG com.github.dockerjava.zerodep.shaded.org.apache.hc.client5.http.impl.classic.ProtocolExec - ex-00000001: target auth state: UNCHALLENGED
12:59:34.301 [ducttape-0] DEBUG com.github.dockerjava.zerodep.shaded.org.apache.hc.client5.http.impl.classic.ProtocolExec - ex-00000001: proxy auth state: UNCHALLENGED
12:59:34.301 [ducttape-0] DEBUG com.github.dockerjava.zerodep.shaded.org.apache.hc.client5.http.impl.classic.ConnectExec - ex-00000001: acquiring connection with route {}->unix://localhost:2375
12:59:34.301 [ducttape-0] DEBUG com.github.dockerjava.zerodep.shaded.org.apache.hc.client5.http.impl.classic.InternalHttpClient - ex-00000001: acquiring endpoint (3 MINUTES)
12:59:34.302 [ducttape-0] DEBUG com.github.dockerjava.zerodep.shaded.org.apache.hc.client5.http.impl.io.PoolingHttpClientConnectionManager - ex-00000001: endpoint lease request (3 MINUTES) [route: {}->unix://localhost:2375][total available: 0; route allocated: 0 of 2147483647; total allocated: 0 of 2147483647]
12:59:34.304 [ducttape-0] DEBUG com.github.dockerjava.zerodep.shaded.org.apache.hc.client5.http.impl.io.PoolingHttpClientConnectionManager - ex-00000001: endpoint leased [route: {}->unix://localhost:2375][total available: 0; route allocated: 1 of 2147483647; total allocated: 1 of 2147483647]
12:59:34.312 [ducttape-0] DEBUG com.github.dockerjava.zerodep.shaded.org.apache.hc.client5.http.impl.io.PoolingHttpClientConnectionManager - ex-00000001: acquired ep-00000000
12:59:34.312 [ducttape-0] DEBUG com.github.dockerjava.zerodep.shaded.org.apache.hc.client5.http.impl.classic.InternalHttpClient - ex-00000001: acquired endpoint ep-00000000
12:59:34.312 [ducttape-0] DEBUG com.github.dockerjava.zerodep.shaded.org.apache.hc.client5.http.impl.classic.ConnectExec - ex-00000001: opening connection {}->unix://localhost:2375
12:59:34.313 [ducttape-0] DEBUG com.github.dockerjava.zerodep.shaded.org.apache.hc.client5.http.impl.classic.InternalHttpClient - ep-00000000: connecting endpoint (3 MINUTES)
12:59:34.313 [ducttape-0] DEBUG com.github.dockerjava.zerodep.shaded.org.apache.hc.client5.http.impl.io.PoolingHttpClientConnectionManager - ep-00000000: connecting endpoint to unix://localhost:2375 (3 MINUTES)
12:59:34.320 [ducttape-0] DEBUG com.github.dockerjava.zerodep.shaded.org.apache.hc.client5.http.impl.io.DefaultHttpClientConnectionOperator - http-outgoing-0: connecting to localhost/127.0.0.1:2375
12:59:34.320 [ducttape-0] DEBUG com.github.dockerjava.zerodep.shaded.org.apache.hc.client5.http.impl.io.DefaultHttpClientConnectionOperator - http-outgoing-0: connection established /var/run/docker.sock<->/var/run/docker.sock
12:59:34.321 [ducttape-0] DEBUG com.github.dockerjava.zerodep.shaded.org.apache.hc.client5.http.impl.io.PoolingHttpClientConnectionManager - ep-00000000: connected http-outgoing-0
12:59:34.321 [ducttape-0] DEBUG com.github.dockerjava.zerodep.shaded.org.apache.hc.client5.http.impl.classic.InternalHttpClient - ep-00000000: endpoint connected
12:59:34.322 [ducttape-0] DEBUG com.github.dockerjava.zerodep.shaded.org.apache.hc.client5.http.impl.classic.MainClientExec - ex-00000001: executing GET /v1.32/info HTTP/1.1
12:59:34.322 [ducttape-0] DEBUG com.github.dockerjava.zerodep.shaded.org.apache.hc.client5.http.impl.classic.InternalHttpClient - ep-00000000: start execution ex-00000001
12:59:34.322 [ducttape-0] DEBUG com.github.dockerjava.zerodep.shaded.org.apache.hc.client5.http.impl.io.PoolingHttpClientConnectionManager - ep-00000000: executing exchange ex-00000001 over http-outgoing-0
12:59:34.323 [ducttape-0] DEBUG com.github.dockerjava.zerodep.shaded.org.apache.hc.client5.http.headers - http-outgoing-0 >> GET /v1.32/info HTTP/1.1
12:59:34.323 [ducttape-0] DEBUG com.github.dockerjava.zerodep.shaded.org.apache.hc.client5.http.headers - http-outgoing-0 >> Accept-Encoding: gzip, x-gzip, deflate
12:59:34.323 [ducttape-0] DEBUG com.github.dockerjava.zerodep.shaded.org.apache.hc.client5.http.headers - http-outgoing-0 >> Host: localhost:2375
12:59:34.323 [ducttape-0] DEBUG com.github.dockerjava.zerodep.shaded.org.apache.hc.client5.http.headers - http-outgoing-0 >> Connection: keep-alive
12:59:34.323 [ducttape-0] DEBUG com.github.dockerjava.zerodep.shaded.org.apache.hc.client5.http.headers - http-outgoing-0 >> User-Agent: Apache-HttpClient/5.0.3 (Java/17.0.1)
12:59:34.323 [ducttape-0] DEBUG com.github.dockerjava.zerodep.shaded.org.apache.hc.client5.http.wire - http-outgoing-0 >> "GET /v1.32/info HTTP/1.1[\r][\n]"
12:59:34.323 [ducttape-0] DEBUG com.github.dockerjava.zerodep.shaded.org.apache.hc.client5.http.wire - http-outgoing-0 >> "Accept-Encoding: gzip, x-gzip, deflate[\r][\n]"
12:59:34.323 [ducttape-0] DEBUG com.github.dockerjava.zerodep.shaded.org.apache.hc.client5.http.wire - http-outgoing-0 >> "Host: localhost:2375[\r][\n]"
12:59:34.323 [ducttape-0] DEBUG com.github.dockerjava.zerodep.shaded.org.apache.hc.client5.http.wire - http-outgoing-0 >> "Connection: keep-alive[\r][\n]"
12:59:34.323 [ducttape-0] DEBUG com.github.dockerjava.zerodep.shaded.org.apache.hc.client5.http.wire - http-outgoing-0 >> "User-Agent: Apache-HttpClient/5.0.3 (Java/17.0.1)[\r][\n]"
12:59:34.324 [ducttape-0] DEBUG com.github.dockerjava.zerodep.shaded.org.apache.hc.client5.http.wire - http-outgoing-0 >> "[\r][\n]"
12:59:34.344 [ducttape-0] DEBUG com.github.dockerjava.zerodep.shaded.org.apache.hc.client5.http.wire - http-outgoing-0 << "HTTP/1.1 200 OK[\r][\n]"
12:59:34.344 [ducttape-0] DEBUG com.github.dockerjava.zerodep.shaded.org.apache.hc.client5.http.wire - http-outgoing-0 << "Api-Version: 1.41[\r][\n]"
12:59:34.345 [ducttape-0] DEBUG com.github.dockerjava.zerodep.shaded.org.apache.hc.client5.http.wire - http-outgoing-0 << "Content-Type: application/json[\r][\n]"
12:59:34.345 [ducttape-0] DEBUG com.github.dockerjava.zerodep.shaded.org.apache.hc.client5.http.wire - http-outgoing-0 << "Date: Tue, 01 Feb 2022 18:59:34 GMT[\r][\n]"
12:59:34.345 [ducttape-0] DEBUG com.github.dockerjava.zerodep.shaded.org.apache.hc.client5.http.wire - http-outgoing-0 << "Docker-Experimental: false[\r][\n]"
12:59:34.345 [ducttape-0] DEBUG com.github.dockerjava.zerodep.shaded.org.apache.hc.client5.http.wire - http-outgoing-0 << "Ostype: linux[\r][\n]"
12:59:34.345 [ducttape-0] DEBUG com.github.dockerjava.zerodep.shaded.org.apache.hc.client5.http.wire - http-outgoing-0 << "Server: Docker/20.10.8 (linux)[\r][\n]"
12:59:34.345 [ducttape-0] DEBUG com.github.dockerjava.zerodep.shaded.org.apache.hc.client5.http.wire - http-outgoing-0 << "Transfer-Encoding: chunked[\r][\n]"
12:59:34.346 [ducttape-0] DEBUG com.github.dockerjava.zerodep.shaded.org.apache.hc.client5.http.wire - http-outgoing-0 << "[\r][\n]"
12:59:34.347 [ducttape-0] DEBUG com.github.dockerjava.zerodep.shaded.org.apache.hc.client5.http.headers - http-outgoing-0 << HTTP/1.1 200 OK
12:59:34.347 [ducttape-0] DEBUG com.github.dockerjava.zerodep.shaded.org.apache.hc.client5.http.headers - http-outgoing-0 << Api-Version: 1.41
12:59:34.347 [ducttape-0] DEBUG com.github.dockerjava.zerodep.shaded.org.apache.hc.client5.http.headers - http-outgoing-0 << Content-Type: application/json
12:59:34.347 [ducttape-0] DEBUG com.github.dockerjava.zerodep.shaded.org.apache.hc.client5.http.headers - http-outgoing-0 << Date: Tue, 01 Feb 2022 18:59:34 GMT
12:59:34.347 [ducttape-0] DEBUG com.github.dockerjava.zerodep.shaded.org.apache.hc.client5.http.headers - http-outgoing-0 << Docker-Experimental: false
12:59:34.348 [ducttape-0] DEBUG com.github.dockerjava.zerodep.shaded.org.apache.hc.client5.http.headers - http-outgoing-0 << Ostype: linux
12:59:34.348 [ducttape-0] DEBUG com.github.dockerjava.zerodep.shaded.org.apache.hc.client5.http.headers - http-outgoing-0 << Server: Docker/20.10.8 (linux)
12:59:34.348 [ducttape-0] DEBUG com.github.dockerjava.zerodep.shaded.org.apache.hc.client5.http.headers - http-outgoing-0 << Transfer-Encoding: chunked
12:59:34.351 [ducttape-0] DEBUG com.github.dockerjava.zerodep.shaded.org.apache.hc.client5.http.impl.classic.MainClientExec - ex-00000001: connection can be kept alive for 3 MINUTES
12:59:34.356 [ducttape-0] DEBUG com.github.dockerjava.zerodep.shaded.org.apache.hc.client5.http.wire - http-outgoing-0 << "910[\r][\n]"
12:59:34.356 [ducttape-0] DEBUG com.github.dockerjava.zerodep.shaded.org.apache.hc.client5.http.wire - http-outgoing-0 << "{"ID":"KVXO:TAUL:RYXX:X54A:R7LP:4FBK:5Y7C:PH7G:UM5S:7J3F:7ESC:W4O6","Containers":6,"ContainersRunning":0,"ContainersPaused":0,"ContainersStopped":6,"Images":11,"Driver":"overlay2","DriverStatus":[["Backing Filesystem","extfs"],["Supports d_type","true"],["Native Overlay Diff","true"],["userxattr","false"]],"Plugins":{"Volume":["local"],"Network":["bridge","host","ipvlan","macvlan","null","overlay"],"Authorization":null,"Log":["awslogs","fluentd","gcplogs","gelf","journald","json-file","local","logentries","splunk","syslog"]},"MemoryLimit":true,"SwapLimit":true,"KernelMemory":true,"KernelMemoryTCP":true,"CpuCfsPeriod":true,"CpuCfsQuota":true,"CPUShares":true,"CPUSet":true,"PidsLimit":true,"IPv4Forwarding":true,"BridgeNfIptables":true,"BridgeNfIp6tables":true,"Debug":false,"NFd":44,"OomKillDisable":true,"NGoroutines":47,"SystemTime":"2022-02-01T18:59:34.3618246Z","LoggingDriver":"json-file","CgroupDriver":"cgroupfs","CgroupVersion":"1","NEventsListener":4,"KernelVersion":"5.10.47-linuxkit","OperatingSystem":"Docker Desktop","OSVersion":"","OSType":"linux","Architecture":"x86_64","IndexServerAddress":"https://index.docker.io/v1/","RegistryConfig":{"AllowNondistributableArtifactsCIDRs":[],"AllowNondistributableArtifactsHostnames":[],"InsecureRegistryCIDRs":["127.0.0.0/8"],"IndexConfigs":{"docker.io":{"Name":"docker.io","Mirrors":[],"Secure":true,"Official":true}},"Mirrors":[]},"NCPU":6,"MemTotal":2081755136,"GenericResources":null,"DockerRootDir":"/var/lib/docker","HttpProxy":"http.docker.internal:3128","HttpsProxy":"http.docker.internal:3128","NoProxy":"","Name":"docker-desktop","Labels":[],"ExperimentalBuild":false,"ServerVersion":"20.10.8","Runtimes":{"io.containerd.runc.v2":{"path":"runc"},"io.containerd.runtime.v1.linux":{"path":"runc"},"runc":{"path":"runc"}},"DefaultRuntime":"runc","Swarm":{"NodeID":"","NodeAddr":"","LocalNodeState":"inactive","ControlAvailable":false,"Error":"","RemoteManagers":null},"LiveRestoreEnabled":false,"Isolation":"","InitBinary":"docker-init","ContainerdCommit":{"ID":"e25210fe30a0a703442421b0f60afac609f950a3","Expected":"e25210fe30a0a703442421b0f60afac609f950a3"},"RuncCommit":{"ID":"v1.0.1-0-g4144b63","Expected":"v1.0.1-0-g4144b63"},"InitCommit":{"ID":"de40ad0","Expected":"de40ad0"},"SecurityOptions":["name=seccomp,profile=default"],"Warnings":null}[\n]"
12:59:34.356 [ducttape-0] DEBUG com.github.dockerjava.zerodep.shaded.org.apache.hc.client5.http.wire - http-outgoing-0 << "[\r][\n]"
12:59:34.356 [ducttape-0] DEBUG com.github.dockerjava.zerodep.shaded.org.apache.hc.client5.http.wire - http-outgoing-0 << "0[\r][\n]"
12:59:34.356 [ducttape-0] DEBUG com.github.dockerjava.zerodep.shaded.org.apache.hc.client5.http.wire - http-outgoing-0 << "[\r][\n]"
12:59:34.449 [ducttape-0] DEBUG com.github.dockerjava.zerodep.shaded.org.apache.hc.client5.http.impl.classic.InternalHttpClient - ep-00000000: releasing valid endpoint
12:59:34.449 [ducttape-0] DEBUG com.github.dockerjava.zerodep.shaded.org.apache.hc.client5.http.impl.io.PoolingHttpClientConnectionManager - ep-00000000: releasing endpoint
12:59:34.449 [ducttape-0] DEBUG com.github.dockerjava.zerodep.shaded.org.apache.hc.client5.http.impl.io.PoolingHttpClientConnectionManager - ep-00000000: connection http-outgoing-0 can be kept alive for 3 MINUTES
12:59:34.450 [ducttape-0] DEBUG com.github.dockerjava.zerodep.shaded.org.apache.hc.client5.http.impl.io.PoolingHttpClientConnectionManager - ep-00000000: connection released [route: {}->unix://localhost:2375][total available: 1; route allocated: 1 of 2147483647; total allocated: 1 of 2147483647]
12:59:34.450 [Test worker] INFO org.testcontainers.dockerclient.DockerClientProviderStrategy - Found Docker environment with local Unix socket (unix:///var/run/docker.sock)
12:59:34.451 [Test worker] DEBUG org.testcontainers.dockerclient.DockerClientProviderStrategy - Transport type: 'httpclient5', Docker host: 'unix:///var/run/docker.sock'
12:59:34.451 [Test worker] DEBUG org.testcontainers.dockerclient.DockerClientProviderStrategy - Checking Docker OS type for local Unix socket (unix:///var/run/docker.sock)
12:59:34.452 [Test worker] INFO org.testcontainers.DockerClientFactory - Docker host IP address is localhost
12:59:34.452 [Test worker] DEBUG org.testcontainers.shaded.com.github.dockerjava.core.command.AbstrDockerCmd - Cmd: 
12:59:34.452 [Test worker] DEBUG com.github.dockerjava.zerodep.shaded.org.apache.hc.client5.http.impl.classic.InternalHttpClient - ex-00000002: preparing request execution
12:59:34.452 [Test worker] DEBUG com.github.dockerjava.zerodep.shaded.org.apache.hc.client5.http.protocol.RequestAddCookies - Cookie spec selected: strict
12:59:34.452 [Test worker] DEBUG com.github.dockerjava.zerodep.shaded.org.apache.hc.client5.http.protocol.RequestAuthCache - Auth cache not set in the context
12:59:34.452 [Test worker] DEBUG com.github.dockerjava.zerodep.shaded.org.apache.hc.client5.http.impl.classic.ProtocolExec - ex-00000002: target auth state: UNCHALLENGED
12:59:34.452 [Test worker] DEBUG com.github.dockerjava.zerodep.shaded.org.apache.hc.client5.http.impl.classic.ProtocolExec - ex-00000002: proxy auth state: UNCHALLENGED
12:59:34.453 [Test worker] DEBUG com.github.dockerjava.zerodep.shaded.org.apache.hc.client5.http.impl.classic.ConnectExec - ex-00000002: acquiring connection with route {}->unix://localhost:2375
12:59:34.453 [Test worker] DEBUG com.github.dockerjava.zerodep.shaded.org.apache.hc.client5.http.impl.classic.InternalHttpClient - ex-00000002: acquiring endpoint (3 MINUTES)
12:59:34.453 [Test worker] DEBUG com.github.dockerjava.zerodep.shaded.org.apache.hc.client5.http.impl.io.PoolingHttpClientConnectionManager - ex-00000002: endpoint lease request (3 MINUTES) [route: {}->unix://localhost:2375][total available: 1; route allocated: 1 of 2147483647; total allocated: 1 of 2147483647]
12:59:34.453 [Test worker] DEBUG com.github.dockerjava.zerodep.shaded.org.apache.hc.client5.http.impl.io.PoolingHttpClientConnectionManager - ex-00000002: endpoint leased [route: {}->unix://localhost:2375][total available: 0; route allocated: 1 of 2147483647; total allocated: 1 of 2147483647]
12:59:34.453 [Test worker] DEBUG com.github.dockerjava.zerodep.shaded.org.apache.hc.client5.http.impl.io.PoolingHttpClientConnectionManager - ex-00000002: acquired ep-00000001
12:59:34.453 [Test worker] DEBUG com.github.dockerjava.zerodep.shaded.org.apache.hc.client5.http.impl.classic.InternalHttpClient - ex-00000002: acquired endpoint ep-00000001
12:59:34.453 [Test worker] DEBUG com.github.dockerjava.zerodep.shaded.org.apache.hc.client5.http.impl.classic.MainClientExec - ex-00000002: executing GET /v1.32/info HTTP/1.1
12:59:34.453 [Test worker] DEBUG com.github.dockerjava.zerodep.shaded.org.apache.hc.client5.http.impl.classic.InternalHttpClient - ep-00000001: start execution ex-00000002
12:59:34.454 [Test worker] DEBUG com.github.dockerjava.zerodep.shaded.org.apache.hc.client5.http.impl.io.PoolingHttpClientConnectionManager - ep-00000001: executing exchange ex-00000002 over http-outgoing-0
12:59:34.454 [Test worker] DEBUG com.github.dockerjava.zerodep.shaded.org.apache.hc.client5.http.headers - http-outgoing-0 >> GET /v1.32/info HTTP/1.1
12:59:34.454 [Test worker] DEBUG com.github.dockerjava.zerodep.shaded.org.apache.hc.client5.http.headers - http-outgoing-0 >> Accept-Encoding: gzip, x-gzip, deflate
12:59:34.454 [Test worker] DEBUG com.github.dockerjava.zerodep.shaded.org.apache.hc.client5.http.headers - http-outgoing-0 >> Host: localhost:2375
12:59:34.454 [Test worker] DEBUG com.github.dockerjava.zerodep.shaded.org.apache.hc.client5.http.headers - http-outgoing-0 >> Connection: keep-alive
12:59:34.454 [Test worker] DEBUG com.github.dockerjava.zerodep.shaded.org.apache.hc.client5.http.headers - http-outgoing-0 >> User-Agent: Apache-HttpClient/5.0.3 (Java/17.0.1)
12:59:34.454 [Test worker] DEBUG com.github.dockerjava.zerodep.shaded.org.apache.hc.client5.http.wire - http-outgoing-0 >> "GET /v1.32/info HTTP/1.1[\r][\n]"
12:59:34.455 [Test worker] DEBUG com.github.dockerjava.zerodep.shaded.org.apache.hc.client5.http.wire - http-outgoing-0 >> "Accept-Encoding: gzip, x-gzip, deflate[\r][\n]"
12:59:34.455 [Test worker] DEBUG com.github.dockerjava.zerodep.shaded.org.apache.hc.client5.http.wire - http-outgoing-0 >> "Host: localhost:2375[\r][\n]"
12:59:34.455 [Test worker] DEBUG com.github.dockerjava.zerodep.shaded.org.apache.hc.client5.http.wire - http-outgoing-0 >> "Connection: keep-alive[\r][\n]"
12:59:34.455 [Test worker] DEBUG com.github.dockerjava.zerodep.shaded.org.apache.hc.client5.http.wire - http-outgoing-0 >> "User-Agent: Apache-HttpClient/5.0.3 (Java/17.0.1)[\r][\n]"
12:59:34.455 [Test worker] DEBUG com.github.dockerjava.zerodep.shaded.org.apache.hc.client5.http.wire - http-outgoing-0 >> "[\r][\n]"
12:59:34.474 [Test worker] DEBUG com.github.dockerjava.zerodep.shaded.org.apache.hc.client5.http.wire - http-outgoing-0 << "HTTP/1.1 200 OK[\r][\n]"
12:59:34.475 [Test worker] DEBUG com.github.dockerjava.zerodep.shaded.org.apache.hc.client5.http.wire - http-outgoing-0 << "Api-Version: 1.41[\r][\n]"
12:59:34.475 [Test worker] DEBUG com.github.dockerjava.zerodep.shaded.org.apache.hc.client5.http.wire - http-outgoing-0 << "Content-Type: application/json[\r][\n]"
12:59:34.475 [Test worker] DEBUG com.github.dockerjava.zerodep.shaded.org.apache.hc.client5.http.wire - http-outgoing-0 << "Date: Tue, 01 Feb 2022 18:59:34 GMT[\r][\n]"
12:59:34.475 [Test worker] DEBUG com.github.dockerjava.zerodep.shaded.org.apache.hc.client5.http.wire - http-outgoing-0 << "Docker-Experimental: false[\r][\n]"
12:59:34.475 [Test worker] DEBUG com.github.dockerjava.zerodep.shaded.org.apache.hc.client5.http.wire - http-outgoing-0 << "Ostype: linux[\r][\n]"
12:59:34.475 [Test worker] DEBUG com.github.dockerjava.zerodep.shaded.org.apache.hc.client5.http.wire - http-outgoing-0 << "Server: Docker/20.10.8 (linux)[\r][\n]"
12:59:34.475 [Test worker] DEBUG com.github.dockerjava.zerodep.shaded.org.apache.hc.client5.http.wire - http-outgoing-0 << "Transfer-Encoding: chunked[\r][\n]"
12:59:34.475 [Test worker] DEBUG com.github.dockerjava.zerodep.shaded.org.apache.hc.client5.http.wire - http-outgoing-0 << "[\r][\n]"
12:59:34.476 [Test worker] DEBUG com.github.dockerjava.zerodep.shaded.org.apache.hc.client5.http.headers - http-outgoing-0 << HTTP/1.1 200 OK
12:59:34.476 [Test worker] DEBUG com.github.dockerjava.zerodep.shaded.org.apache.hc.client5.http.headers - http-outgoing-0 << Api-Version: 1.41
12:59:34.476 [Test worker] DEBUG com.github.dockerjava.zerodep.shaded.org.apache.hc.client5.http.headers - http-outgoing-0 << Content-Type: application/json
12:59:34.476 [Test worker] DEBUG com.github.dockerjava.zerodep.shaded.org.apache.hc.client5.http.headers - http-outgoing-0 << Date: Tue, 01 Feb 2022 18:59:34 GMT
12:59:34.476 [Test worker] DEBUG com.github.dockerjava.zerodep.shaded.org.apache.hc.client5.http.headers - http-outgoing-0 << Docker-Experimental: false
12:59:34.476 [Test worker] DEBUG com.github.dockerjava.zerodep.shaded.org.apache.hc.client5.http.headers - http-outgoing-0 << Ostype: linux
12:59:34.476 [Test worker] DEBUG com.github.dockerjava.zerodep.shaded.org.apache.hc.client5.http.headers - http-outgoing-0 << Server: Docker/20.10.8 (linux)
12:59:34.476 [Test worker] DEBUG com.github.dockerjava.zerodep.shaded.org.apache.hc.client5.http.headers - http-outgoing-0 << Transfer-Encoding: chunked
12:59:34.476 [Test worker] DEBUG com.github.dockerjava.zerodep.shaded.org.apache.hc.client5.http.impl.classic.MainClientExec - ex-00000002: connection can be kept alive for 3 MINUTES
12:59:34.477 [Test worker] DEBUG com.github.dockerjava.zerodep.shaded.org.apache.hc.client5.http.wire - http-outgoing-0 << "910[\r][\n]"
12:59:34.477 [Test worker] DEBUG com.github.dockerjava.zerodep.shaded.org.apache.hc.client5.http.wire - http-outgoing-0 << "{"ID":"KVXO:TAUL:RYXX:X54A:R7LP:4FBK:5Y7C:PH7G:UM5S:7J3F:7ESC:W4O6","Containers":6,"ContainersRunning":0,"ContainersPaused":0,"ContainersStopped":6,"Images":11,"Driver":"overlay2","DriverStatus":[["Backing Filesystem","extfs"],["Supports d_type","true"],["Native Overlay Diff","true"],["userxattr","false"]],"Plugins":{"Volume":["local"],"Network":["bridge","host","ipvlan","macvlan","null","overlay"],"Authorization":null,"Log":["awslogs","fluentd","gcplogs","gelf","journald","json-file","local","logentries","splunk","syslog"]},"MemoryLimit":true,"SwapLimit":true,"KernelMemory":true,"KernelMemoryTCP":true,"CpuCfsPeriod":true,"CpuCfsQuota":true,"CPUShares":true,"CPUSet":true,"PidsLimit":true,"IPv4Forwarding":true,"BridgeNfIptables":true,"BridgeNfIp6tables":true,"Debug":false,"NFd":44,"OomKillDisable":true,"NGoroutines":47,"SystemTime":"2022-02-01T18:59:34.4579942Z","LoggingDriver":"json-file","CgroupDriver":"cgroupfs","CgroupVersion":"1","NEventsListener":4,"KernelVersion":"5.10.47-linuxkit","OperatingSystem":"Docker Desktop","OSVersion":"","OSType":"linux","Architecture":"x86_64","IndexServerAddress":"https://index.docker.io/v1/","RegistryConfig":{"AllowNondistributableArtifactsCIDRs":[],"AllowNondistributableArtifactsHostnames":[],"InsecureRegistryCIDRs":["127.0.0.0/8"],"IndexConfigs":{"docker.io":{"Name":"docker.io","Mirrors":[],"Secure":true,"Official":true}},"Mirrors":[]},"NCPU":6,"MemTotal":2081755136,"GenericResources":null,"DockerRootDir":"/var/lib/docker","HttpProxy":"http.docker.internal:3128","HttpsProxy":"http.docker.internal:3128","NoProxy":"","Name":"docker-desktop","Labels":[],"ExperimentalBuild":false,"ServerVersion":"20.10.8","Runtimes":{"io.containerd.runc.v2":{"path":"runc"},"io.containerd.runtime.v1.linux":{"path":"runc"},"runc":{"path":"runc"}},"DefaultRuntime":"runc","Swarm":{"NodeID":"","NodeAddr":"","LocalNodeState":"inactive","ControlAvailable":false,"Error":"","RemoteManagers":null},"LiveRestoreEnabled":false,"Isolation":"","InitBinary":"docker-init","ContainerdCommit":{"ID":"e25210fe30a0a703442421b0f60afac609f950a3","Expected":"e25210fe30a0a703442421b0f60afac609f950a3"},"RuncCommit":{"ID":"v1.0.1-0-g4144b63","Expected":"v1.0.1-0-g4144b63"},"InitCommit":{"ID":"de40ad0","Expected":"de40ad0"},"SecurityOptions":["name=seccomp,profile=default"],"Warnings":null}[\n]"
12:59:34.477 [Test worker] DEBUG com.github.dockerjava.zerodep.shaded.org.apache.hc.client5.http.wire - http-outgoing-0 << "[\r][\n]"
12:59:34.477 [Test worker] DEBUG com.github.dockerjava.zerodep.shaded.org.apache.hc.client5.http.wire - http-outgoing-0 << "0[\r][\n]"
12:59:34.477 [Test worker] DEBUG com.github.dockerjava.zerodep.shaded.org.apache.hc.client5.http.wire - http-outgoing-0 << "[\r][\n]"
12:59:34.479 [Test worker] DEBUG com.github.dockerjava.zerodep.shaded.org.apache.hc.client5.http.impl.classic.InternalHttpClient - ep-00000001: releasing valid endpoint
12:59:34.479 [Test worker] DEBUG com.github.dockerjava.zerodep.shaded.org.apache.hc.client5.http.impl.io.PoolingHttpClientConnectionManager - ep-00000001: releasing endpoint
12:59:34.479 [Test worker] DEBUG com.github.dockerjava.zerodep.shaded.org.apache.hc.client5.http.impl.io.PoolingHttpClientConnectionManager - ep-00000001: connection http-outgoing-0 can be kept alive for 3 MINUTES
12:59:34.479 [Test worker] DEBUG com.github.dockerjava.zerodep.shaded.org.apache.hc.client5.http.impl.io.PoolingHttpClientConnectionManager - ep-00000001: connection released [route: {}->unix://localhost:2375][total available: 1; route allocated: 1 of 2147483647; total allocated: 1 of 2147483647]
12:59:34.480 [Test worker] DEBUG org.testcontainers.shaded.com.github.dockerjava.core.command.AbstrDockerCmd - Cmd: 
12:59:34.481 [Test worker] DEBUG com.github.dockerjava.zerodep.shaded.org.apache.hc.client5.http.impl.classic.InternalHttpClient - ex-00000003: preparing request execution
12:59:34.482 [Test worker] DEBUG com.github.dockerjava.zerodep.shaded.org.apache.hc.client5.http.protocol.RequestAddCookies - Cookie spec selected: strict
12:59:34.482 [Test worker] DEBUG com.github.dockerjava.zerodep.shaded.org.apache.hc.client5.http.protocol.RequestAuthCache - Auth cache not set in the context
12:59:34.482 [Test worker] DEBUG com.github.dockerjava.zerodep.shaded.org.apache.hc.client5.http.impl.classic.ProtocolExec - ex-00000003: target auth state: UNCHALLENGED
12:59:34.482 [Test worker] DEBUG com.github.dockerjava.zerodep.shaded.org.apache.hc.client5.http.impl.classic.ProtocolExec - ex-00000003: proxy auth state: UNCHALLENGED
12:59:34.482 [Test worker] DEBUG com.github.dockerjava.zerodep.shaded.org.apache.hc.client5.http.impl.classic.ConnectExec - ex-00000003: acquiring connection with route {}->unix://localhost:2375
12:59:34.482 [Test worker] DEBUG com.github.dockerjava.zerodep.shaded.org.apache.hc.client5.http.impl.classic.InternalHttpClient - ex-00000003: acquiring endpoint (3 MINUTES)
12:59:34.482 [Test worker] DEBUG com.github.dockerjava.zerodep.shaded.org.apache.hc.client5.http.impl.io.PoolingHttpClientConnectionManager - ex-00000003: endpoint lease request (3 MINUTES) [route: {}->unix://localhost:2375][total available: 1; route allocated: 1 of 2147483647; total allocated: 1 of 2147483647]
12:59:34.482 [Test worker] DEBUG com.github.dockerjava.zerodep.shaded.org.apache.hc.client5.http.impl.io.PoolingHttpClientConnectionManager - ex-00000003: endpoint leased [route: {}->unix://localhost:2375][total available: 0; route allocated: 1 of 2147483647; total allocated: 1 of 2147483647]
12:59:34.483 [Test worker] DEBUG com.github.dockerjava.zerodep.shaded.org.apache.hc.client5.http.impl.io.PoolingHttpClientConnectionManager - ex-00000003: acquired ep-00000002
12:59:34.483 [Test worker] DEBUG com.github.dockerjava.zerodep.shaded.org.apache.hc.client5.http.impl.classic.InternalHttpClient - ex-00000003: acquired endpoint ep-00000002
12:59:34.483 [Test worker] DEBUG com.github.dockerjava.zerodep.shaded.org.apache.hc.client5.http.impl.classic.MainClientExec - ex-00000003: executing GET /v1.32/version HTTP/1.1
12:59:34.483 [Test worker] DEBUG com.github.dockerjava.zerodep.shaded.org.apache.hc.client5.http.impl.classic.InternalHttpClient - ep-00000002: start execution ex-00000003
12:59:34.483 [Test worker] DEBUG com.github.dockerjava.zerodep.shaded.org.apache.hc.client5.http.impl.io.PoolingHttpClientConnectionManager - ep-00000002: executing exchange ex-00000003 over http-outgoing-0
12:59:34.483 [Test worker] DEBUG com.github.dockerjava.zerodep.shaded.org.apache.hc.client5.http.headers - http-outgoing-0 >> GET /v1.32/version HTTP/1.1
12:59:34.483 [Test worker] DEBUG com.github.dockerjava.zerodep.shaded.org.apache.hc.client5.http.headers - http-outgoing-0 >> accept: application/json
12:59:34.483 [Test worker] DEBUG com.github.dockerjava.zerodep.shaded.org.apache.hc.client5.http.headers - http-outgoing-0 >> Accept-Encoding: gzip, x-gzip, deflate
12:59:34.483 [Test worker] DEBUG com.github.dockerjava.zerodep.shaded.org.apache.hc.client5.http.headers - http-outgoing-0 >> Host: localhost:2375
12:59:34.483 [Test worker] DEBUG com.github.dockerjava.zerodep.shaded.org.apache.hc.client5.http.headers - http-outgoing-0 >> Connection: keep-alive
12:59:34.483 [Test worker] DEBUG com.github.dockerjava.zerodep.shaded.org.apache.hc.client5.http.headers - http-outgoing-0 >> User-Agent: Apache-HttpClient/5.0.3 (Java/17.0.1)
12:59:34.483 [Test worker] DEBUG com.github.dockerjava.zerodep.shaded.org.apache.hc.client5.http.wire - http-outgoing-0 >> "GET /v1.32/version HTTP/1.1[\r][\n]"
12:59:34.483 [Test worker] DEBUG com.github.dockerjava.zerodep.shaded.org.apache.hc.client5.http.wire - http-outgoing-0 >> "accept: application/json[\r][\n]"
12:59:34.484 [Test worker] DEBUG com.github.dockerjava.zerodep.shaded.org.apache.hc.client5.http.wire - http-outgoing-0 >> "Accept-Encoding: gzip, x-gzip, deflate[\r][\n]"
12:59:34.484 [Test worker] DEBUG com.github.dockerjava.zerodep.shaded.org.apache.hc.client5.http.wire - http-outgoing-0 >> "Host: localhost:2375[\r][\n]"
12:59:34.484 [Test worker] DEBUG com.github.dockerjava.zerodep.shaded.org.apache.hc.client5.http.wire - http-outgoing-0 >> "Connection: keep-alive[\r][\n]"
12:59:34.484 [Test worker] DEBUG com.github.dockerjava.zerodep.shaded.org.apache.hc.client5.http.wire - http-outgoing-0 >> "User-Agent: Apache-HttpClient/5.0.3 (Java/17.0.1)[\r][\n]"
12:59:34.484 [Test worker] DEBUG com.github.dockerjava.zerodep.shaded.org.apache.hc.client5.http.wire - http-outgoing-0 >> "[\r][\n]"
12:59:34.505 [Test worker] DEBUG com.github.dockerjava.zerodep.shaded.org.apache.hc.client5.http.wire - http-outgoing-0 << "HTTP/1.1 200 OK[\r][\n]"
12:59:34.505 [Test worker] DEBUG com.github.dockerjava.zerodep.shaded.org.apache.hc.client5.http.wire - http-outgoing-0 << "Api-Version: 1.41[\r][\n]"
12:59:34.505 [Test worker] DEBUG com.github.dockerjava.zerodep.shaded.org.apache.hc.client5.http.wire - http-outgoing-0 << "Content-Type: application/json[\r][\n]"
12:59:34.505 [Test worker] DEBUG com.github.dockerjava.zerodep.shaded.org.apache.hc.client5.http.wire - http-outgoing-0 << "Date: Tue, 01 Feb 2022 18:59:34 GMT[\r][\n]"
12:59:34.505 [Test worker] DEBUG com.github.dockerjava.zerodep.shaded.org.apache.hc.client5.http.wire - http-outgoing-0 << "Docker-Experimental: false[\r][\n]"
12:59:34.505 [Test worker] DEBUG com.github.dockerjava.zerodep.shaded.org.apache.hc.client5.http.wire - http-outgoing-0 << "Ostype: linux[\r][\n]"
12:59:34.506 [Test worker] DEBUG com.github.dockerjava.zerodep.shaded.org.apache.hc.client5.http.wire - http-outgoing-0 << "Server: Docker/20.10.8 (linux)[\r][\n]"
12:59:34.506 [Test worker] DEBUG com.github.dockerjava.zerodep.shaded.org.apache.hc.client5.http.wire - http-outgoing-0 << "Transfer-Encoding: chunked[\r][\n]"
12:59:34.506 [Test worker] DEBUG com.github.dockerjava.zerodep.shaded.org.apache.hc.client5.http.wire - http-outgoing-0 << "[\r][\n]"
12:59:34.506 [Test worker] DEBUG com.github.dockerjava.zerodep.shaded.org.apache.hc.client5.http.headers - http-outgoing-0 << HTTP/1.1 200 OK
12:59:34.506 [Test worker] DEBUG com.github.dockerjava.zerodep.shaded.org.apache.hc.client5.http.headers - http-outgoing-0 << Api-Version: 1.41
12:59:34.506 [Test worker] DEBUG com.github.dockerjava.zerodep.shaded.org.apache.hc.client5.http.headers - http-outgoing-0 << Content-Type: application/json
12:59:34.506 [Test worker] DEBUG com.github.dockerjava.zerodep.shaded.org.apache.hc.client5.http.headers - http-outgoing-0 << Date: Tue, 01 Feb 2022 18:59:34 GMT
12:59:34.506 [Test worker] DEBUG com.github.dockerjava.zerodep.shaded.org.apache.hc.client5.http.headers - http-outgoing-0 << Docker-Experimental: false
12:59:34.506 [Test worker] DEBUG com.github.dockerjava.zerodep.shaded.org.apache.hc.client5.http.headers - http-outgoing-0 << Ostype: linux
12:59:34.507 [Test worker] DEBUG com.github.dockerjava.zerodep.shaded.org.apache.hc.client5.http.headers - http-outgoing-0 << Server: Docker/20.10.8 (linux)
12:59:34.507 [Test worker] DEBUG com.github.dockerjava.zerodep.shaded.org.apache.hc.client5.http.headers - http-outgoing-0 << Transfer-Encoding: chunked
12:59:34.507 [Test worker] DEBUG com.github.dockerjava.zerodep.shaded.org.apache.hc.client5.http.impl.classic.MainClientExec - ex-00000003: connection can be kept alive for 3 MINUTES
12:59:34.507 [Test worker] DEBUG com.github.dockerjava.zerodep.shaded.org.apache.hc.client5.http.wire - http-outgoing-0 << "335[\r][\n]"
12:59:34.507 [Test worker] DEBUG com.github.dockerjava.zerodep.shaded.org.apache.hc.client5.http.wire - http-outgoing-0 << "{"Platform":{"Name":"Docker Engine - Community"},"Components":[{"Name":"Engine","Version":"20.10.8","Details":{"ApiVersion":"1.41","Arch":"amd64","BuildTime":"2021-07-30T19:52:31.000000000+00:00","Experimental":"false","GitCommit":"75249d8","GoVersion":"go1.16.6","KernelVersion":"5.10.47-linuxkit","MinAPIVersion":"1.12","Os":"linux"}},{"Name":"containerd","Version":"1.4.9","Details":{"GitCommit":"e25210fe30a0a703442421b0f60afac609f950a3"}},{"Name":"runc","Version":"1.0.1","Details":{"GitCommit":"v1.0.1-0-g4144b63"}},{"Name":"docker-init","Version":"0.19.0","Details":{"GitCommit":"de40ad0"}}],"Version":"20.10.8","ApiVersion":"1.41","MinAPIVersion":"1.12","GitCommit":"75249d8","GoVersion":"go1.16.6","Os":"linux","Arch":"amd64","KernelVersion":"5.10.47-linuxkit","BuildTime":"2021-07-30T19:52:31.000000000+00:00"}[\n]"
12:59:34.507 [Test worker] DEBUG com.github.dockerjava.zerodep.shaded.org.apache.hc.client5.http.wire - http-outgoing-0 << "[\r][\n]"
12:59:34.508 [Test worker] DEBUG com.github.dockerjava.zerodep.shaded.org.apache.hc.client5.http.wire - http-outgoing-0 << "0[\r][\n]"
12:59:34.508 [Test worker] DEBUG com.github.dockerjava.zerodep.shaded.org.apache.hc.client5.http.wire - http-outgoing-0 << "[\r][\n]"
12:59:34.515 [Test worker] DEBUG com.github.dockerjava.zerodep.shaded.org.apache.hc.client5.http.impl.classic.InternalHttpClient - ep-00000002: releasing valid endpoint
12:59:34.516 [Test worker] DEBUG com.github.dockerjava.zerodep.shaded.org.apache.hc.client5.http.impl.io.PoolingHttpClientConnectionManager - ep-00000002: releasing endpoint
12:59:34.516 [Test worker] DEBUG com.github.dockerjava.zerodep.shaded.org.apache.hc.client5.http.impl.io.PoolingHttpClientConnectionManager - ep-00000002: connection http-outgoing-0 can be kept alive for 3 MINUTES
12:59:34.516 [Test worker] DEBUG com.github.dockerjava.zerodep.shaded.org.apache.hc.client5.http.impl.io.PoolingHttpClientConnectionManager - ep-00000002: connection released [route: {}->unix://localhost:2375][total available: 1; route allocated: 1 of 2147483647; total allocated: 1 of 2147483647]
12:59:34.516 [Test worker] INFO org.testcontainers.DockerClientFactory - Connected to docker: 
  Server Version: 20.10.8
  API Version: 1.41
  Operating System: Docker Desktop
  Total Memory: 1985 MB
12:59:34.516 [Test worker] DEBUG org.testcontainers.DockerClientFactory - Ryuk is enabled
12:59:34.519 [Test worker] INFO org.testcontainers.utility.ImageNameSubstitutor - Image name substitution will be performed by: DefaultImageNameSubstitutor (composite of 'ConfigurationFileImageNameSubstitutor' and 'PrefixingImageNameSubstitutor')
12:59:34.520 [Test worker] DEBUG org.testcontainers.utility.PrefixingImageNameSubstitutor - No prefix is configured
12:59:34.521 [Test worker] DEBUG org.testcontainers.utility.ImageNameSubstitutor - Did not find a substitute image for testcontainers/ryuk:0.3.3 (using image substitutor: DefaultImageNameSubstitutor (composite of 'ConfigurationFileImageNameSubstitutor' and 'PrefixingImageNameSubstitutor'))
12:59:34.521 [Test worker] DEBUG org.testcontainers.shaded.com.github.dockerjava.core.command.AbstrDockerCmd - Cmd: testcontainers/ryuk:0.3.3
12:59:34.524 [Test worker] DEBUG com.github.dockerjava.zerodep.shaded.org.apache.hc.client5.http.impl.classic.InternalHttpClient - ex-00000004: preparing request execution
12:59:34.524 [Test worker] DEBUG com.github.dockerjava.zerodep.shaded.org.apache.hc.client5.http.protocol.RequestAddCookies - Cookie spec selected: strict
12:59:34.524 [Test worker] DEBUG com.github.dockerjava.zerodep.shaded.org.apache.hc.client5.http.protocol.RequestAuthCache - Auth cache not set in the context
12:59:34.524 [Test worker] DEBUG com.github.dockerjava.zerodep.shaded.org.apache.hc.client5.http.impl.classic.ProtocolExec - ex-00000004: target auth state: UNCHALLENGED
12:59:34.524 [Test worker] DEBUG com.github.dockerjava.zerodep.shaded.org.apache.hc.client5.http.impl.classic.ProtocolExec - ex-00000004: proxy auth state: UNCHALLENGED
12:59:34.524 [Test worker] DEBUG com.github.dockerjava.zerodep.shaded.org.apache.hc.client5.http.impl.classic.ConnectExec - ex-00000004: acquiring connection with route {}->unix://localhost:2375
12:59:34.524 [Test worker] DEBUG com.github.dockerjava.zerodep.shaded.org.apache.hc.client5.http.impl.classic.InternalHttpClient - ex-00000004: acquiring endpoint (3 MINUTES)
12:59:34.524 [Test worker] DEBUG com.github.dockerjava.zerodep.shaded.org.apache.hc.client5.http.impl.io.PoolingHttpClientConnectionManager - ex-00000004: endpoint lease request (3 MINUTES) [route: {}->unix://localhost:2375][total available: 1; route allocated: 1 of 2147483647; total allocated: 1 of 2147483647]
12:59:34.524 [Test worker] DEBUG com.github.dockerjava.zerodep.shaded.org.apache.hc.client5.http.impl.io.PoolingHttpClientConnectionManager - ex-00000004: endpoint leased [route: {}->unix://localhost:2375][total available: 0; route allocated: 1 of 2147483647; total allocated: 1 of 2147483647]
12:59:34.525 [Test worker] DEBUG com.github.dockerjava.zerodep.shaded.org.apache.hc.client5.http.impl.io.PoolingHttpClientConnectionManager - ex-00000004: acquired ep-00000003
12:59:34.525 [Test worker] DEBUG com.github.dockerjava.zerodep.shaded.org.apache.hc.client5.http.impl.classic.InternalHttpClient - ex-00000004: acquired endpoint ep-00000003
12:59:34.525 [Test worker] DEBUG com.github.dockerjava.zerodep.shaded.org.apache.hc.client5.http.impl.classic.MainClientExec - ex-00000004: executing GET /v1.32/images/testcontainers%2Fryuk:0.3.3/json HTTP/1.1
12:59:34.525 [Test worker] DEBUG com.github.dockerjava.zerodep.shaded.org.apache.hc.client5.http.impl.classic.InternalHttpClient - ep-00000003: start execution ex-00000004
12:59:34.525 [Test worker] DEBUG com.github.dockerjava.zerodep.shaded.org.apache.hc.client5.http.impl.io.PoolingHttpClientConnectionManager - ep-00000003: executing exchange ex-00000004 over http-outgoing-0
12:59:34.525 [Test worker] DEBUG com.github.dockerjava.zerodep.shaded.org.apache.hc.client5.http.headers - http-outgoing-0 >> GET /v1.32/images/testcontainers%2Fryuk:0.3.3/json HTTP/1.1
12:59:34.525 [Test worker] DEBUG com.github.dockerjava.zerodep.shaded.org.apache.hc.client5.http.headers - http-outgoing-0 >> accept: application/json
12:59:34.525 [Test worker] DEBUG com.github.dockerjava.zerodep.shaded.org.apache.hc.client5.http.headers - http-outgoing-0 >> Accept-Encoding: gzip, x-gzip, deflate
12:59:34.525 [Test worker] DEBUG com.github.dockerjava.zerodep.shaded.org.apache.hc.client5.http.headers - http-outgoing-0 >> Host: localhost:2375
12:59:34.525 [Test worker] DEBUG com.github.dockerjava.zerodep.shaded.org.apache.hc.client5.http.headers - http-outgoing-0 >> Connection: keep-alive
12:59:34.525 [Test worker] DEBUG com.github.dockerjava.zerodep.shaded.org.apache.hc.client5.http.headers - http-outgoing-0 >> User-Agent: Apache-HttpClient/5.0.3 (Java/17.0.1)
12:59:34.525 [Test worker] DEBUG com.github.dockerjava.zerodep.shaded.org.apache.hc.client5.http.wire - http-outgoing-0 >> "GET /v1.32/images/testcontainers%2Fryuk:0.3.3/json HTTP/1.1[\r][\n]"
12:59:34.525 [Test worker] DEBUG com.github.dockerjava.zerodep.shaded.org.apache.hc.client5.http.wire - http-outgoing-0 >> "accept: application/json[\r][\n]"
12:59:34.526 [Test worker] DEBUG com.github.dockerjava.zerodep.shaded.org.apache.hc.client5.http.wire - http-outgoing-0 >> "Accept-Encoding: gzip, x-gzip, deflate[\r][\n]"
12:59:34.526 [Test worker] DEBUG com.github.dockerjava.zerodep.shaded.org.apache.hc.client5.http.wire - http-outgoing-0 >> "Host: localhost:2375[\r][\n]"
12:59:34.526 [Test worker] DEBUG com.github.dockerjava.zerodep.shaded.org.apache.hc.client5.http.wire - http-outgoing-0 >> "Connection: keep-alive[\r][\n]"
12:59:34.526 [Test worker] DEBUG com.github.dockerjava.zerodep.shaded.org.apache.hc.client5.http.wire - http-outgoing-0 >> "User-Agent: Apache-HttpClient/5.0.3 (Java/17.0.1)[\r][\n]"
12:59:34.526 [Test worker] DEBUG com.github.dockerjava.zerodep.shaded.org.apache.hc.client5.http.wire - http-outgoing-0 >> "[\r][\n]"
12:59:34.529 [Test worker] DEBUG com.github.dockerjava.zerodep.shaded.org.apache.hc.client5.http.wire - http-outgoing-0 << "HTTP/1.1 200 OK[\r][\n]"
12:59:34.529 [Test worker] DEBUG com.github.dockerjava.zerodep.shaded.org.apache.hc.client5.http.wire - http-outgoing-0 << "Api-Version: 1.41[\r][\n]"
12:59:34.529 [Test worker] DEBUG com.github.dockerjava.zerodep.shaded.org.apache.hc.client5.http.wire - http-outgoing-0 << "Content-Type: application/json[\r][\n]"
12:59:34.529 [Test worker] DEBUG com.github.dockerjava.zerodep.shaded.org.apache.hc.client5.http.wire - http-outgoing-0 << "Date: Tue, 01 Feb 2022 18:59:34 GMT[\r][\n]"
12:59:34.529 [Test worker] DEBUG com.github.dockerjava.zerodep.shaded.org.apache.hc.client5.http.wire - http-outgoing-0 << "Docker-Experimental: false[\r][\n]"
12:59:34.529 [Test worker] DEBUG com.github.dockerjava.zerodep.shaded.org.apache.hc.client5.http.wire - http-outgoing-0 << "Ostype: linux[\r][\n]"
12:59:34.529 [Test worker] DEBUG com.github.dockerjava.zerodep.shaded.org.apache.hc.client5.http.wire - http-outgoing-0 << "Server: Docker/20.10.8 (linux)[\r][\n]"
12:59:34.530 [Test worker] DEBUG com.github.dockerjava.zerodep.shaded.org.apache.hc.client5.http.wire - http-outgoing-0 << "Transfer-Encoding: chunked[\r][\n]"
12:59:34.530 [Test worker] DEBUG com.github.dockerjava.zerodep.shaded.org.apache.hc.client5.http.wire - http-outgoing-0 << "[\r][\n]"
12:59:34.530 [Test worker] DEBUG com.github.dockerjava.zerodep.shaded.org.apache.hc.client5.http.headers - http-outgoing-0 << HTTP/1.1 200 OK
12:59:34.530 [Test worker] DEBUG com.github.dockerjava.zerodep.shaded.org.apache.hc.client5.http.headers - http-outgoing-0 << Api-Version: 1.41
12:59:34.530 [Test worker] DEBUG com.github.dockerjava.zerodep.shaded.org.apache.hc.client5.http.headers - http-outgoing-0 << Content-Type: application/json
12:59:34.530 [Test worker] DEBUG com.github.dockerjava.zerodep.shaded.org.apache.hc.client5.http.headers - http-outgoing-0 << Date: Tue, 01 Feb 2022 18:59:34 GMT
12:59:34.530 [Test worker] DEBUG com.github.dockerjava.zerodep.shaded.org.apache.hc.client5.http.headers - http-outgoing-0 << Docker-Experimental: false
12:59:34.530 [Test worker] DEBUG com.github.dockerjava.zerodep.shaded.org.apache.hc.client5.http.headers - http-outgoing-0 << Ostype: linux
12:59:34.530 [Test worker] DEBUG com.github.dockerjava.zerodep.shaded.org.apache.hc.client5.http.headers - http-outgoing-0 << Server: Docker/20.10.8 (linux)
12:59:34.531 [Test worker] DEBUG com.github.dockerjava.zerodep.shaded.org.apache.hc.client5.http.headers - http-outgoing-0 << Transfer-Encoding: chunked
12:59:34.531 [Test worker] DEBUG com.github.dockerjava.zerodep.shaded.org.apache.hc.client5.http.impl.classic.MainClientExec - ex-00000004: connection can be kept alive for 3 MINUTES
12:59:34.531 [Test worker] DEBUG com.github.dockerjava.zerodep.shaded.org.apache.hc.client5.http.wire - http-outgoing-0 << "7ae[\r][\n]"
12:59:34.531 [Test worker] DEBUG com.github.dockerjava.zerodep.shaded.org.apache.hc.client5.http.wire - http-outgoing-0 << "{"Id":"sha256:64f4b02dc9864d9621d248e55835408a03b3cd8239b790e610c71c29ea45a3b9","RepoTags":["testcontainers/ryuk:0.3.3"],"RepoDigests":["testcontainers/ryuk@sha256:d50c04005142e165182b2e408d0c76f3cc38ca4db4af14125ce1b938820e5cef"],"Parent":"","Comment":"buildkit.dockerfile.v0","Created":"2021-10-14T08:34:37.190213163Z","Container":"","ContainerConfig":{"Hostname":"","Domainname":"","User":"","AttachStdin":false,"AttachStdout":false,"AttachStderr":false,"Tty":false,"OpenStdin":false,"StdinOnce":false,"Env":null,"Cmd":null,"Image":"","Volumes":null,"WorkingDir":"","Entrypoint":null,"OnBuild":null,"Labels":null},"DockerVersion":"","Author":"","Config":{"Hostname":"","Domainname":"","User":"","AttachStdin":false,"AttachStdout":false,"AttachStderr":false,"Tty":false,"OpenStdin":false,"StdinOnce":false,"Env":["PATH=/usr/local/sbin:/usr/local/bin:/usr/sbin:/usr/bin:/sbin:/bin"],"Cmd":["/app"],"ArgsEscaped":true,"Image":"","Volumes":null,"WorkingDir":"","Entrypoint":null,"OnBuild":null,"Labels":null},"Architecture":"amd64","Os":"linux","Size":11982543,"VirtualSize":11982543,"GraphDriver":{"Data":{"LowerDir":"/var/lib/docker/overlay2/0453cee84063123f437186fd2cf728e907d0c31a0853c0f52b3eff4f4ba0a7db/diff:/var/lib/docker/overlay2/c1d21f91ce655aaa4ad26cb5c057b08fbceeca6ff998fbdd11ba9dd84c153224/diff","MergedDir":"/var/lib/docker/overlay2/3dafd81fa50bd6897ec16466f8654a9093bbd06343b532c09b6420740541449c/merged","UpperDir":"/var/lib/docker/overlay2/3dafd81fa50bd6897ec16466f8654a9093bbd06343b532c09b6420740541449c/diff","WorkDir":"/var/lib/docker/overlay2/3dafd81fa50bd6897ec16466f8654a9093bbd06343b532c09b6420740541449c/work"},"Name":"overlay2"},"RootFS":{"Type":"layers","Layers":["sha256:f1dd685eb59e7d19dd353b02c4679d9fafd21ccffe1f51960e6c3645f3ceb0cd","sha256:b0d7b79bf2d669ae9417ca566db869fd39c56629970b9427bc9cd9f3e6a9fae7","sha256:9abd6e27dfe5c906b1dc8dd908d4b965e9ff56904699f6776badb0386920ad14"]},"Metadata":{"LastTagTime":"0001-01-01T00:00:00Z"}}[\n]"
12:59:34.531 [Test worker] DEBUG com.github.dockerjava.zerodep.shaded.org.apache.hc.client5.http.wire - http-outgoing-0 << "[\r][\n]"
12:59:34.531 [Test worker] DEBUG com.github.dockerjava.zerodep.shaded.org.apache.hc.client5.http.wire - http-outgoing-0 << "0[\r][\n]"
12:59:34.531 [Test worker] DEBUG com.github.dockerjava.zerodep.shaded.org.apache.hc.client5.http.wire - http-outgoing-0 << "[\r][\n]"
12:59:34.554 [Test worker] DEBUG com.github.dockerjava.zerodep.shaded.org.apache.hc.client5.http.impl.classic.InternalHttpClient - ep-00000003: releasing valid endpoint
12:59:34.554 [Test worker] DEBUG com.github.dockerjava.zerodep.shaded.org.apache.hc.client5.http.impl.io.PoolingHttpClientConnectionManager - ep-00000003: releasing endpoint
12:59:34.554 [Test worker] DEBUG com.github.dockerjava.zerodep.shaded.org.apache.hc.client5.http.impl.io.PoolingHttpClientConnectionManager - ep-00000003: connection http-outgoing-0 can be kept alive for 3 MINUTES
12:59:34.554 [Test worker] DEBUG com.github.dockerjava.zerodep.shaded.org.apache.hc.client5.http.impl.io.PoolingHttpClientConnectionManager - ep-00000003: connection released [route: {}->unix://localhost:2375][total available: 1; route allocated: 1 of 2147483647; total allocated: 1 of 2147483647]
12:59:34.568 [Test worker] DEBUG org.testcontainers.utility.RegistryAuthLocator - Looking up auth config for image: testcontainers/ryuk:0.3.3 at registry: index.docker.io
12:59:34.569 [Test worker] DEBUG org.testcontainers.utility.RegistryAuthLocator - RegistryAuthLocator has configFile: /Users/dilipbandlasundarraj/.docker/config.json (exists) and commandPathPrefix: 
12:59:34.569 [Test worker] DEBUG org.testcontainers.utility.RegistryAuthLocator - registryName [index.docker.io] for dockerImageName [testcontainers/ryuk:0.3.3]
12:59:34.569 [Test worker] DEBUG org.testcontainers.utility.RegistryAuthLocator - Executing docker credential provider: docker-credential-desktop to locate auth config for: index.docker.io
12:59:34.574 [Test worker] DEBUG org.testcontainers.shaded.org.zeroturnaround.exec.ProcessExecutor - Executing [docker-credential-desktop, get].
12:59:34.584 [Test worker] DEBUG org.testcontainers.shaded.org.zeroturnaround.exec.ProcessExecutor - Started Process[pid=43306, exitValue="not exited"]
12:59:34.715 [WaitForProcess-Process[pid=43306, exitValue="not exited"]] DEBUG org.testcontainers.shaded.org.zeroturnaround.exec.WaitForProcess - Process[pid=43306, exitValue=0] stopped with exit code 0
12:59:34.717 [Test worker] DEBUG org.testcontainers.utility.RegistryAuthLocator - Credential helper/store provided auth config for: index.docker.io
12:59:34.718 [Test worker] DEBUG org.testcontainers.utility.RegistryAuthLocator - found creds store auth config [AuthConfig{username=dilipthelip, password=hidden non-blank value, auth=blank, email=null, registryAddress=index.docker.io, registryToken=blank}]
12:59:34.718 [Test worker] DEBUG org.testcontainers.utility.RegistryAuthLocator - Cached auth found: [AuthConfig{username=dilipthelip, password=hidden non-blank value, auth=blank, email=null, registryAddress=index.docker.io, registryToken=blank}]
12:59:34.718 [Test worker] DEBUG org.testcontainers.dockerclient.AuthDelegatingDockerClientConfig - Effective auth config [AuthConfig{username=dilipthelip, password=hidden non-blank value, auth=blank, email=null, registryAddress=index.docker.io, registryToken=blank}]
12:59:34.722 [Test worker] DEBUG org.testcontainers.shaded.com.github.dockerjava.core.command.AbstrDockerCmd - Cmd: org.testcontainers.shaded.com.github.dockerjava.core.command.CreateContainerCmdImpl@687a762c[name=testcontainers-ryuk-adf05bec-ba78-423d-b8e6-1fe7046cf3a8,hostName=<null>,domainName=<null>,user=<null>,attachStdin=<null>,attachStdout=<null>,attachStderr=<null>,portSpecs=<null>,tty=<null>,stdinOpen=<null>,stdInOnce=<null>,env=<null>,cmd=<null>,healthcheck=<null>,argsEscaped=<null>,entrypoint=<null>,image=testcontainers/ryuk:0.3.3,volumes=Volumes(volumes=[]),workingDir=<null>,macAddress=<null>,onBuild=<null>,networkDisabled=<null>,exposedPorts=ExposedPorts(exposedPorts=[8080/tcp]),stopSignal=<null>,stopTimeout=<null>,hostConfig=HostConfig(binds=[/var/run/docker.sock:/var/run/docker.sock:rw], blkioWeight=null, blkioWeightDevice=null, blkioDeviceReadBps=null, blkioDeviceWriteBps=null, blkioDeviceReadIOps=null, blkioDeviceWriteIOps=null, memorySwappiness=null, nanoCPUs=null, capAdd=null, capDrop=null, containerIDFile=null, cpuPeriod=null, cpuRealtimePeriod=null, cpuRealtimeRuntime=null, cpuShares=null, cpuQuota=null, cpusetCpus=null, cpusetMems=null, devices=null, deviceCgroupRules=null, deviceRequests=null, diskQuota=null, dns=null, dnsOptions=null, dnsSearch=null, extraHosts=null, groupAdd=null, ipcMode=null, cgroup=null, links=[], logConfig=LogConfig(type=null, config=null), lxcConf=null, memory=null, memorySwap=null, memoryReservation=null, kernelMemory=null, networkMode=null, oomKillDisable=null, init=null, autoRemove=true, oomScoreAdj=null, portBindings={8080/tcp=[Lcom.github.dockerjava.api.model.Ports$Binding;@127e70c5}, privileged=false, publishAllPorts=null, readonlyRootfs=null, restartPolicy=null, ulimits=null, cpuCount=null, cpuPercent=null, ioMaximumIOps=null, ioMaximumBandwidth=null, volumesFrom=null, mounts=null, pidMode=null, isolation=null, securityOpts=null, storageOpt=null, cgroupParent=null, volumeDriver=null, shmSize=null, pidsLimit=null, runtime=null, tmpFs=null, utSMode=null, usernsMode=null, sysctls=null, consoleSize=null),labels={org.testcontainers=true},shell=<null>,networkingConfig=<null>,ipv4Address=<null>,ipv6Address=<null>,aliases=<null>,authConfig=AuthConfig(username=dilipthelip, email=null, registryAddress=index.docker.io, stackOrchestrator=null),platform=<null>]
12:59:34.787 [Test worker] DEBUG com.github.dockerjava.zerodep.shaded.org.apache.hc.client5.http.impl.classic.InternalHttpClient - ex-00000005: preparing request execution
12:59:34.787 [Test worker] DEBUG com.github.dockerjava.zerodep.shaded.org.apache.hc.client5.http.protocol.RequestAddCookies - Cookie spec selected: strict
12:59:34.787 [Test worker] DEBUG com.github.dockerjava.zerodep.shaded.org.apache.hc.client5.http.protocol.RequestAuthCache - Auth cache not set in the context
12:59:34.787 [Test worker] DEBUG com.github.dockerjava.zerodep.shaded.org.apache.hc.client5.http.impl.classic.ProtocolExec - ex-00000005: target auth state: UNCHALLENGED
12:59:34.787 [Test worker] DEBUG com.github.dockerjava.zerodep.shaded.org.apache.hc.client5.http.impl.classic.ProtocolExec - ex-00000005: proxy auth state: UNCHALLENGED
12:59:34.787 [Test worker] DEBUG com.github.dockerjava.zerodep.shaded.org.apache.hc.client5.http.impl.classic.ConnectExec - ex-00000005: acquiring connection with route {}->unix://localhost:2375
12:59:34.788 [Test worker] DEBUG com.github.dockerjava.zerodep.shaded.org.apache.hc.client5.http.impl.classic.InternalHttpClient - ex-00000005: acquiring endpoint (3 MINUTES)
12:59:34.788 [Test worker] DEBUG com.github.dockerjava.zerodep.shaded.org.apache.hc.client5.http.impl.io.PoolingHttpClientConnectionManager - ex-00000005: endpoint lease request (3 MINUTES) [route: {}->unix://localhost:2375][total available: 1; route allocated: 1 of 2147483647; total allocated: 1 of 2147483647]
12:59:34.788 [Test worker] DEBUG com.github.dockerjava.zerodep.shaded.org.apache.hc.client5.http.impl.io.PoolingHttpClientConnectionManager - ex-00000005: endpoint leased [route: {}->unix://localhost:2375][total available: 0; route allocated: 1 of 2147483647; total allocated: 1 of 2147483647]
12:59:34.788 [Test worker] DEBUG com.github.dockerjava.zerodep.shaded.org.apache.hc.client5.http.impl.io.PoolingHttpClientConnectionManager - ex-00000005: acquired ep-00000004
12:59:34.788 [Test worker] DEBUG com.github.dockerjava.zerodep.shaded.org.apache.hc.client5.http.impl.classic.InternalHttpClient - ex-00000005: acquired endpoint ep-00000004
12:59:34.788 [Test worker] DEBUG com.github.dockerjava.zerodep.shaded.org.apache.hc.client5.http.impl.classic.MainClientExec - ex-00000005: executing POST /v1.32/containers/create?name=testcontainers-ryuk-adf05bec-ba78-423d-b8e6-1fe7046cf3a8 HTTP/1.1
12:59:34.788 [Test worker] DEBUG com.github.dockerjava.zerodep.shaded.org.apache.hc.client5.http.impl.classic.InternalHttpClient - ep-00000004: start execution ex-00000005
12:59:34.788 [Test worker] DEBUG com.github.dockerjava.zerodep.shaded.org.apache.hc.client5.http.impl.io.PoolingHttpClientConnectionManager - ep-00000004: executing exchange ex-00000005 over http-outgoing-0
12:59:34.789 [Test worker] DEBUG com.github.dockerjava.zerodep.shaded.org.apache.hc.client5.http.headers - http-outgoing-0 >> POST /v1.32/containers/create?name=testcontainers-ryuk-adf05bec-ba78-423d-b8e6-1fe7046cf3a8 HTTP/1.1
12:59:34.789 [Test worker] DEBUG com.github.dockerjava.zerodep.shaded.org.apache.hc.client5.http.headers - http-outgoing-0 >> X-Registry-Auth: eyJ1c2VybmFtZSI6ImRpbGlwdGhlbGlwIiwicGFzc3dvcmQiOiJBaXNod2FyeWEwISIsImVtYWlsIjpudWxsLCJzZXJ2ZXJhZGRyZXNzIjoiaW5kZXguZG9ja2VyLmlvIiwiYXV0aCI6bnVsbCwicmVnaXN0cnl0b2tlbiI6bnVsbCwiaWRlbnRpdHl0b2tlbiI6bnVsbCwic3RhY2tPcmNoZXN0cmF0b3IiOm51bGx9
12:59:34.789 [Test worker] DEBUG com.github.dockerjava.zerodep.shaded.org.apache.hc.client5.http.headers - http-outgoing-0 >> accept: application/json
12:59:34.789 [Test worker] DEBUG com.github.dockerjava.zerodep.shaded.org.apache.hc.client5.http.headers - http-outgoing-0 >> content-type: application/json
12:59:34.789 [Test worker] DEBUG com.github.dockerjava.zerodep.shaded.org.apache.hc.client5.http.headers - http-outgoing-0 >> Accept-Encoding: gzip, x-gzip, deflate
12:59:34.789 [Test worker] DEBUG com.github.dockerjava.zerodep.shaded.org.apache.hc.client5.http.headers - http-outgoing-0 >> Content-Length: 2147
12:59:34.789 [Test worker] DEBUG com.github.dockerjava.zerodep.shaded.org.apache.hc.client5.http.headers - http-outgoing-0 >> Host: localhost:2375
12:59:34.789 [Test worker] DEBUG com.github.dockerjava.zerodep.shaded.org.apache.hc.client5.http.headers - http-outgoing-0 >> Connection: keep-alive
12:59:34.789 [Test worker] DEBUG com.github.dockerjava.zerodep.shaded.org.apache.hc.client5.http.headers - http-outgoing-0 >> User-Agent: Apache-HttpClient/5.0.3 (Java/17.0.1)
12:59:34.789 [Test worker] DEBUG com.github.dockerjava.zerodep.shaded.org.apache.hc.client5.http.wire - http-outgoing-0 >> "POST /v1.32/containers/create?name=testcontainers-ryuk-adf05bec-ba78-423d-b8e6-1fe7046cf3a8 HTTP/1.1[\r][\n]"
12:59:34.789 [Test worker] DEBUG com.github.dockerjava.zerodep.shaded.org.apache.hc.client5.http.wire - http-outgoing-0 >> "X-Registry-Auth: eyJ1c2VybmFtZSI6ImRpbGlwdGhlbGlwIiwicGFzc3dvcmQiOiJBaXNod2FyeWEwISIsImVtYWlsIjpudWxsLCJzZXJ2ZXJhZGRyZXNzIjoiaW5kZXguZG9ja2VyLmlvIiwiYXV0aCI6bnVsbCwicmVnaXN0cnl0b2tlbiI6bnVsbCwiaWRlbnRpdHl0b2tlbiI6bnVsbCwic3RhY2tPcmNoZXN0cmF0b3IiOm51bGx9[\r][\n]"
12:59:34.789 [Test worker] DEBUG com.github.dockerjava.zerodep.shaded.org.apache.hc.client5.http.wire - http-outgoing-0 >> "accept: application/json[\r][\n]"
12:59:34.790 [Test worker] DEBUG com.github.dockerjava.zerodep.shaded.org.apache.hc.client5.http.wire - http-outgoing-0 >> "content-type: application/json[\r][\n]"
12:59:34.790 [Test worker] DEBUG com.github.dockerjava.zerodep.shaded.org.apache.hc.client5.http.wire - http-outgoing-0 >> "Accept-Encoding: gzip, x-gzip, deflate[\r][\n]"
12:59:34.790 [Test worker] DEBUG com.github.dockerjava.zerodep.shaded.org.apache.hc.client5.http.wire - http-outgoing-0 >> "Content-Length: 2147[\r][\n]"
12:59:34.790 [Test worker] DEBUG com.github.dockerjava.zerodep.shaded.org.apache.hc.client5.http.wire - http-outgoing-0 >> "Host: localhost:2375[\r][\n]"
12:59:34.790 [Test worker] DEBUG com.github.dockerjava.zerodep.shaded.org.apache.hc.client5.http.wire - http-outgoing-0 >> "Connection: keep-alive[\r][\n]"
12:59:34.790 [Test worker] DEBUG com.github.dockerjava.zerodep.shaded.org.apache.hc.client5.http.wire - http-outgoing-0 >> "User-Agent: Apache-HttpClient/5.0.3 (Java/17.0.1)[\r][\n]"
12:59:34.790 [Test worker] DEBUG com.github.dockerjava.zerodep.shaded.org.apache.hc.client5.http.wire - http-outgoing-0 >> "[\r][\n]"
12:59:34.790 [Test worker] DEBUG com.github.dockerjava.zerodep.shaded.org.apache.hc.client5.http.wire - http-outgoing-0 >> "{"name":"testcontainers-ryuk-adf05bec-ba78-423d-b8e6-1fe7046cf3a8","authConfig":{"username":"dilipthelip","password":"Aishwarya0!","email":null,"serveraddress":"index.docker.io","auth":null,"registrytoken":null,"identitytoken":null,"stackOrchestrator":null},"platform":null,"Hostname":null,"Domainname":null,"User":null,"AttachStdin":null,"AttachStdout":null,"AttachStderr":null,"PortSpecs":null,"Tty":null,"OpenStdin":null,"StdinOnce":null,"Env":null,"Cmd":null,"Healthcheck":null,"ArgsEscaped":null,"Entrypoint":null,"Image":"testcontainers/ryuk:0.3.3","Volumes":{},"WorkingDir":null,"MacAddress":null,"OnBuild":null,"NetworkDisabled":null,"ExposedPorts":{"8080/tcp":{}},"StopSignal":null,"StopTimeout":null,"HostConfig":{"Binds":["/var/run/docker.sock:/var/run/docker.sock:rw"],"BlkioWeight":null,"BlkioWeightDevice":null,"BlkioDeviceReadBps":null,"BlkioDeviceWriteBps":null,"BlkioDeviceReadIOps":null,"BlkioDeviceWriteIOps":null,"MemorySwappiness":null,"NanoCpus":null,"CapAdd":null,"CapDrop":null,"ContainerIDFile":null,"CpuPeriod":null,"CpuRealtimePeriod":null,"CpuRealtimeRuntime":null,"CpuShares":null,"CpuQuota":null,"CpusetCpus":null,"CpusetMems":null,"Devices":null,"DeviceCgroupRules":null,"DeviceRequests":null,"DiskQuota":null,"Dns":null,"DnsOptions":null,"DnsSearch":null,"ExtraHosts":null,"GroupAdd":null,"IpcMode":null,"Cgroup":null,"Links":null,"LogConfig":null,"LxcConf":null,"Memory":null,"MemorySwap":null,"MemoryReservation":null,"KernelMemory":null,"NetworkMode":null,"OomKillDisable":null,"Init":null,"AutoRemove":true,"OomScoreAdj":null,"PortBindings":{"8080/tcp":[{"HostIp":"","HostPort":""}]},"Privileged":false,"PublishAllPorts":null,"ReadonlyRootfs":null,"RestartPolicy":null,"Ulimits":null,"CpuCount":null,"CpuPercent":null,"IOMaximumIOps":null,"IOMaximumBandwidth":null,"VolumesFrom":null,"Mounts":null,"PidMode":null,"Isolation":null,"SecurityOpt":null,"StorageOpt":null,"CgroupParent":null,"VolumeDriver":null,"ShmSize":null,"PidsLimit":null,"Runtime":null,"Tmpfs":null,"UTSMode":null,"UsernsMode":null,"Sysctls":null,"ConsoleSize":null},"Labels":{"org.testcontainers":"true"},"Shell":null,"NetworkingConfig":null}"
12:59:34.848 [Test worker] DEBUG com.github.dockerjava.zerodep.shaded.org.apache.hc.client5.http.wire - http-outgoing-0 << "HTTP/1.1 201 Created[\r][\n]"
12:59:34.848 [Test worker] DEBUG com.github.dockerjava.zerodep.shaded.org.apache.hc.client5.http.wire - http-outgoing-0 << "Api-Version: 1.41[\r][\n]"
12:59:34.848 [Test worker] DEBUG com.github.dockerjava.zerodep.shaded.org.apache.hc.client5.http.wire - http-outgoing-0 << "Content-Type: application/json[\r][\n]"
12:59:34.848 [Test worker] DEBUG com.github.dockerjava.zerodep.shaded.org.apache.hc.client5.http.wire - http-outgoing-0 << "Date: Tue, 01 Feb 2022 18:59:34 GMT[\r][\n]"
12:59:34.848 [Test worker] DEBUG com.github.dockerjava.zerodep.shaded.org.apache.hc.client5.http.wire - http-outgoing-0 << "Docker-Experimental: false[\r][\n]"
12:59:34.848 [Test worker] DEBUG com.github.dockerjava.zerodep.shaded.org.apache.hc.client5.http.wire - http-outgoing-0 << "Ostype: linux[\r][\n]"
12:59:34.848 [Test worker] DEBUG com.github.dockerjava.zerodep.shaded.org.apache.hc.client5.http.wire - http-outgoing-0 << "Server: Docker/20.10.8 (linux)[\r][\n]"
12:59:34.848 [Test worker] DEBUG com.github.dockerjava.zerodep.shaded.org.apache.hc.client5.http.wire - http-outgoing-0 << "Transfer-Encoding: chunked[\r][\n]"
12:59:34.848 [Test worker] DEBUG com.github.dockerjava.zerodep.shaded.org.apache.hc.client5.http.wire - http-outgoing-0 << "[\r][\n]"
12:59:34.848 [Test worker] DEBUG com.github.dockerjava.zerodep.shaded.org.apache.hc.client5.http.headers - http-outgoing-0 << HTTP/1.1 201 Created
12:59:34.849 [Test worker] DEBUG com.github.dockerjava.zerodep.shaded.org.apache.hc.client5.http.headers - http-outgoing-0 << Api-Version: 1.41
12:59:34.849 [Test worker] DEBUG com.github.dockerjava.zerodep.shaded.org.apache.hc.client5.http.headers - http-outgoing-0 << Content-Type: application/json
12:59:34.849 [Test worker] DEBUG com.github.dockerjava.zerodep.shaded.org.apache.hc.client5.http.headers - http-outgoing-0 << Date: Tue, 01 Feb 2022 18:59:34 GMT
12:59:34.849 [Test worker] DEBUG com.github.dockerjava.zerodep.shaded.org.apache.hc.client5.http.headers - http-outgoing-0 << Docker-Experimental: false
12:59:34.849 [Test worker] DEBUG com.github.dockerjava.zerodep.shaded.org.apache.hc.client5.http.headers - http-outgoing-0 << Ostype: linux
12:59:34.849 [Test worker] DEBUG com.github.dockerjava.zerodep.shaded.org.apache.hc.client5.http.headers - http-outgoing-0 << Server: Docker/20.10.8 (linux)
12:59:34.849 [Test worker] DEBUG com.github.dockerjava.zerodep.shaded.org.apache.hc.client5.http.headers - http-outgoing-0 << Transfer-Encoding: chunked
12:59:34.849 [Test worker] DEBUG com.github.dockerjava.zerodep.shaded.org.apache.hc.client5.http.impl.classic.MainClientExec - ex-00000005: connection can be kept alive for 3 MINUTES
12:59:34.849 [Test worker] DEBUG com.github.dockerjava.zerodep.shaded.org.apache.hc.client5.http.wire - http-outgoing-0 << "58[\r][\n]"
12:59:34.849 [Test worker] DEBUG com.github.dockerjava.zerodep.shaded.org.apache.hc.client5.http.wire - http-outgoing-0 << "{"Id":"29a44d727325c085d2b2ef546b92f071b009c4206e2ad4e1cd0a4e1106abe649","Warnings":[]}[\n]"
12:59:34.849 [Test worker] DEBUG com.github.dockerjava.zerodep.shaded.org.apache.hc.client5.http.wire - http-outgoing-0 << "[\r][\n]"
12:59:34.849 [Test worker] DEBUG com.github.dockerjava.zerodep.shaded.org.apache.hc.client5.http.wire - http-outgoing-0 << "0[\r][\n]"
12:59:34.849 [Test worker] DEBUG com.github.dockerjava.zerodep.shaded.org.apache.hc.client5.http.wire - http-outgoing-0 << "[\r][\n]"
12:59:34.851 [Test worker] DEBUG com.github.dockerjava.zerodep.shaded.org.apache.hc.client5.http.impl.classic.InternalHttpClient - ep-00000004: releasing valid endpoint
12:59:34.851 [Test worker] DEBUG com.github.dockerjava.zerodep.shaded.org.apache.hc.client5.http.impl.io.PoolingHttpClientConnectionManager - ep-00000004: releasing endpoint
12:59:34.851 [Test worker] DEBUG com.github.dockerjava.zerodep.shaded.org.apache.hc.client5.http.impl.io.PoolingHttpClientConnectionManager - ep-00000004: connection http-outgoing-0 can be kept alive for 3 MINUTES
12:59:34.852 [Test worker] DEBUG com.github.dockerjava.zerodep.shaded.org.apache.hc.client5.http.impl.io.PoolingHttpClientConnectionManager - ep-00000004: connection released [route: {}->unix://localhost:2375][total available: 1; route allocated: 1 of 2147483647; total allocated: 1 of 2147483647]
12:59:34.852 [Test worker] DEBUG org.testcontainers.shaded.com.github.dockerjava.core.command.AbstrDockerCmd - Cmd: 29a44d727325c085d2b2ef546b92f071b009c4206e2ad4e1cd0a4e1106abe649
12:59:34.853 [Test worker] DEBUG com.github.dockerjava.zerodep.shaded.org.apache.hc.client5.http.impl.classic.InternalHttpClient - ex-00000006: preparing request execution
12:59:34.853 [Test worker] DEBUG com.github.dockerjava.zerodep.shaded.org.apache.hc.client5.http.protocol.RequestAddCookies - Cookie spec selected: strict
12:59:34.853 [Test worker] DEBUG com.github.dockerjava.zerodep.shaded.org.apache.hc.client5.http.protocol.RequestAuthCache - Auth cache not set in the context
12:59:34.853 [Test worker] DEBUG com.github.dockerjava.zerodep.shaded.org.apache.hc.client5.http.impl.classic.ProtocolExec - ex-00000006: target auth state: UNCHALLENGED
12:59:34.853 [Test worker] DEBUG com.github.dockerjava.zerodep.shaded.org.apache.hc.client5.http.impl.classic.ProtocolExec - ex-00000006: proxy auth state: UNCHALLENGED
12:59:34.853 [Test worker] DEBUG com.github.dockerjava.zerodep.shaded.org.apache.hc.client5.http.impl.classic.ConnectExec - ex-00000006: acquiring connection with route {}->unix://localhost:2375
12:59:34.853 [Test worker] DEBUG com.github.dockerjava.zerodep.shaded.org.apache.hc.client5.http.impl.classic.InternalHttpClient - ex-00000006: acquiring endpoint (3 MINUTES)
12:59:34.854 [Test worker] DEBUG com.github.dockerjava.zerodep.shaded.org.apache.hc.client5.http.impl.io.PoolingHttpClientConnectionManager - ex-00000006: endpoint lease request (3 MINUTES) [route: {}->unix://localhost:2375][total available: 1; route allocated: 1 of 2147483647; total allocated: 1 of 2147483647]
12:59:34.854 [Test worker] DEBUG com.github.dockerjava.zerodep.shaded.org.apache.hc.client5.http.impl.io.PoolingHttpClientConnectionManager - ex-00000006: endpoint leased [route: {}->unix://localhost:2375][total available: 0; route allocated: 1 of 2147483647; total allocated: 1 of 2147483647]
12:59:34.854 [Test worker] DEBUG com.github.dockerjava.zerodep.shaded.org.apache.hc.client5.http.impl.io.PoolingHttpClientConnectionManager - ex-00000006: acquired ep-00000005
12:59:34.854 [Test worker] DEBUG com.github.dockerjava.zerodep.shaded.org.apache.hc.client5.http.impl.classic.InternalHttpClient - ex-00000006: acquired endpoint ep-00000005
12:59:34.854 [Test worker] DEBUG com.github.dockerjava.zerodep.shaded.org.apache.hc.client5.http.impl.classic.MainClientExec - ex-00000006: executing POST /v1.32/containers/29a44d727325c085d2b2ef546b92f071b009c4206e2ad4e1cd0a4e1106abe649/start HTTP/1.1
12:59:34.854 [Test worker] DEBUG com.github.dockerjava.zerodep.shaded.org.apache.hc.client5.http.impl.classic.InternalHttpClient - ep-00000005: start execution ex-00000006
12:59:34.854 [Test worker] DEBUG com.github.dockerjava.zerodep.shaded.org.apache.hc.client5.http.impl.io.PoolingHttpClientConnectionManager - ep-00000005: executing exchange ex-00000006 over http-outgoing-0
12:59:34.854 [Test worker] DEBUG com.github.dockerjava.zerodep.shaded.org.apache.hc.client5.http.headers - http-outgoing-0 >> POST /v1.32/containers/29a44d727325c085d2b2ef546b92f071b009c4206e2ad4e1cd0a4e1106abe649/start HTTP/1.1
12:59:34.854 [Test worker] DEBUG com.github.dockerjava.zerodep.shaded.org.apache.hc.client5.http.headers - http-outgoing-0 >> accept: application/json
12:59:34.855 [Test worker] DEBUG com.github.dockerjava.zerodep.shaded.org.apache.hc.client5.http.headers - http-outgoing-0 >> content-type: application/json
12:59:34.855 [Test worker] DEBUG com.github.dockerjava.zerodep.shaded.org.apache.hc.client5.http.headers - http-outgoing-0 >> Accept-Encoding: gzip, x-gzip, deflate
12:59:34.855 [Test worker] DEBUG com.github.dockerjava.zerodep.shaded.org.apache.hc.client5.http.headers - http-outgoing-0 >> Host: localhost:2375
12:59:34.855 [Test worker] DEBUG com.github.dockerjava.zerodep.shaded.org.apache.hc.client5.http.headers - http-outgoing-0 >> Connection: keep-alive
12:59:34.855 [Test worker] DEBUG com.github.dockerjava.zerodep.shaded.org.apache.hc.client5.http.headers - http-outgoing-0 >> User-Agent: Apache-HttpClient/5.0.3 (Java/17.0.1)
12:59:34.855 [Test worker] DEBUG com.github.dockerjava.zerodep.shaded.org.apache.hc.client5.http.wire - http-outgoing-0 >> "POST /v1.32/containers/29a44d727325c085d2b2ef546b92f071b009c4206e2ad4e1cd0a4e1106abe649/start HTTP/1.1[\r][\n]"
12:59:34.855 [Test worker] DEBUG com.github.dockerjava.zerodep.shaded.org.apache.hc.client5.http.wire - http-outgoing-0 >> "accept: application/json[\r][\n]"
12:59:34.855 [Test worker] DEBUG com.github.dockerjava.zerodep.shaded.org.apache.hc.client5.http.wire - http-outgoing-0 >> "content-type: application/json[\r][\n]"
12:59:34.855 [Test worker] DEBUG com.github.dockerjava.zerodep.shaded.org.apache.hc.client5.http.wire - http-outgoing-0 >> "Accept-Encoding: gzip, x-gzip, deflate[\r][\n]"
12:59:34.855 [Test worker] DEBUG com.github.dockerjava.zerodep.shaded.org.apache.hc.client5.http.wire - http-outgoing-0 >> "Host: localhost:2375[\r][\n]"
12:59:34.855 [Test worker] DEBUG com.github.dockerjava.zerodep.shaded.org.apache.hc.client5.http.wire - http-outgoing-0 >> "Connection: keep-alive[\r][\n]"
12:59:34.855 [Test worker] DEBUG com.github.dockerjava.zerodep.shaded.org.apache.hc.client5.http.wire - http-outgoing-0 >> "User-Agent: Apache-HttpClient/5.0.3 (Java/17.0.1)[\r][\n]"
12:59:34.855 [Test worker] DEBUG com.github.dockerjava.zerodep.shaded.org.apache.hc.client5.http.wire - http-outgoing-0 >> "[\r][\n]"
12:59:35.257 [Test worker] DEBUG com.github.dockerjava.zerodep.shaded.org.apache.hc.client5.http.wire - http-outgoing-0 << "HTTP/1.1 204 No Content[\r][\n]"
12:59:35.257 [Test worker] DEBUG com.github.dockerjava.zerodep.shaded.org.apache.hc.client5.http.wire - http-outgoing-0 << "Api-Version: 1.41[\r][\n]"
12:59:35.257 [Test worker] DEBUG com.github.dockerjava.zerodep.shaded.org.apache.hc.client5.http.wire - http-outgoing-0 << "Date: Tue, 01 Feb 2022 18:59:35 GMT[\r][\n]"
12:59:35.258 [Test worker] DEBUG com.github.dockerjava.zerodep.shaded.org.apache.hc.client5.http.wire - http-outgoing-0 << "Docker-Experimental: false[\r][\n]"
12:59:35.258 [Test worker] DEBUG com.github.dockerjava.zerodep.shaded.org.apache.hc.client5.http.wire - http-outgoing-0 << "Ostype: linux[\r][\n]"
12:59:35.258 [Test worker] DEBUG com.github.dockerjava.zerodep.shaded.org.apache.hc.client5.http.wire - http-outgoing-0 << "Server: Docker/20.10.8 (linux)[\r][\n]"
12:59:35.258 [Test worker] DEBUG com.github.dockerjava.zerodep.shaded.org.apache.hc.client5.http.wire - http-outgoing-0 << "[\r][\n]"
12:59:35.258 [Test worker] DEBUG com.github.dockerjava.zerodep.shaded.org.apache.hc.client5.http.headers - http-outgoing-0 << HTTP/1.1 204 No Content
12:59:35.258 [Test worker] DEBUG com.github.dockerjava.zerodep.shaded.org.apache.hc.client5.http.headers - http-outgoing-0 << Api-Version: 1.41
12:59:35.258 [Test worker] DEBUG com.github.dockerjava.zerodep.shaded.org.apache.hc.client5.http.headers - http-outgoing-0 << Date: Tue, 01 Feb 2022 18:59:35 GMT
12:59:35.258 [Test worker] DEBUG com.github.dockerjava.zerodep.shaded.org.apache.hc.client5.http.headers - http-outgoing-0 << Docker-Experimental: false
12:59:35.258 [Test worker] DEBUG com.github.dockerjava.zerodep.shaded.org.apache.hc.client5.http.headers - http-outgoing-0 << Ostype: linux
12:59:35.258 [Test worker] DEBUG com.github.dockerjava.zerodep.shaded.org.apache.hc.client5.http.headers - http-outgoing-0 << Server: Docker/20.10.8 (linux)
12:59:35.259 [Test worker] DEBUG com.github.dockerjava.zerodep.shaded.org.apache.hc.client5.http.impl.classic.MainClientExec - ex-00000006: connection can be kept alive for 3 MINUTES
12:59:35.259 [Test worker] DEBUG com.github.dockerjava.zerodep.shaded.org.apache.hc.client5.http.impl.classic.InternalHttpClient - ep-00000005: releasing valid endpoint
12:59:35.259 [Test worker] DEBUG com.github.dockerjava.zerodep.shaded.org.apache.hc.client5.http.impl.io.PoolingHttpClientConnectionManager - ep-00000005: releasing endpoint
12:59:35.259 [Test worker] DEBUG com.github.dockerjava.zerodep.shaded.org.apache.hc.client5.http.impl.io.PoolingHttpClientConnectionManager - ep-00000005: connection http-outgoing-0 can be kept alive for 3 MINUTES
12:59:35.259 [Test worker] DEBUG com.github.dockerjava.zerodep.shaded.org.apache.hc.client5.http.impl.io.PoolingHttpClientConnectionManager - ep-00000005: connection released [route: {}->unix://localhost:2375][total available: 1; route allocated: 1 of 2147483647; total allocated: 1 of 2147483647]
12:59:35.263 [docker-java-stream-550372274] DEBUG com.github.dockerjava.zerodep.shaded.org.apache.hc.client5.http.impl.classic.InternalHttpClient - ex-00000007: preparing request execution
12:59:35.264 [docker-java-stream-550372274] DEBUG com.github.dockerjava.zerodep.shaded.org.apache.hc.client5.http.protocol.RequestAddCookies - Cookie spec selected: strict
12:59:35.264 [docker-java-stream-550372274] DEBUG com.github.dockerjava.zerodep.shaded.org.apache.hc.client5.http.protocol.RequestAuthCache - Auth cache not set in the context
12:59:35.264 [docker-java-stream-550372274] DEBUG com.github.dockerjava.zerodep.shaded.org.apache.hc.client5.http.impl.classic.ProtocolExec - ex-00000007: target auth state: UNCHALLENGED
12:59:35.264 [docker-java-stream-550372274] DEBUG com.github.dockerjava.zerodep.shaded.org.apache.hc.client5.http.impl.classic.ProtocolExec - ex-00000007: proxy auth state: UNCHALLENGED
12:59:35.264 [docker-java-stream-550372274] DEBUG com.github.dockerjava.zerodep.shaded.org.apache.hc.client5.http.impl.classic.ConnectExec - ex-00000007: acquiring connection with route {}->unix://localhost:2375
12:59:35.264 [docker-java-stream-550372274] DEBUG com.github.dockerjava.zerodep.shaded.org.apache.hc.client5.http.impl.classic.InternalHttpClient - ex-00000007: acquiring endpoint (3 MINUTES)
12:59:35.264 [docker-java-stream-550372274] DEBUG com.github.dockerjava.zerodep.shaded.org.apache.hc.client5.http.impl.io.PoolingHttpClientConnectionManager - ex-00000007: endpoint lease request (3 MINUTES) [route: {}->unix://localhost:2375][total available: 1; route allocated: 1 of 2147483647; total allocated: 1 of 2147483647]
12:59:35.265 [docker-java-stream-550372274] DEBUG com.github.dockerjava.zerodep.shaded.org.apache.hc.client5.http.impl.io.PoolingHttpClientConnectionManager - ex-00000007: endpoint leased [route: {}->unix://localhost:2375][total available: 0; route allocated: 1 of 2147483647; total allocated: 1 of 2147483647]
12:59:35.265 [docker-java-stream-550372274] DEBUG com.github.dockerjava.zerodep.shaded.org.apache.hc.client5.http.impl.io.PoolingHttpClientConnectionManager - ex-00000007: acquired ep-00000006
12:59:35.265 [docker-java-stream-550372274] DEBUG com.github.dockerjava.zerodep.shaded.org.apache.hc.client5.http.impl.classic.InternalHttpClient - ex-00000007: acquired endpoint ep-00000006
12:59:35.265 [docker-java-stream-550372274] DEBUG com.github.dockerjava.zerodep.shaded.org.apache.hc.client5.http.impl.classic.MainClientExec - ex-00000007: executing GET /v1.32/containers/29a44d727325c085d2b2ef546b92f071b009c4206e2ad4e1cd0a4e1106abe649/logs?stdout=true&stderr=true&follow=true&since=0 HTTP/1.1
12:59:35.265 [docker-java-stream-550372274] DEBUG com.github.dockerjava.zerodep.shaded.org.apache.hc.client5.http.impl.classic.InternalHttpClient - ep-00000006: start execution ex-00000007
12:59:35.265 [docker-java-stream-550372274] DEBUG com.github.dockerjava.zerodep.shaded.org.apache.hc.client5.http.impl.io.PoolingHttpClientConnectionManager - ep-00000006: executing exchange ex-00000007 over http-outgoing-0
12:59:35.265 [docker-java-stream-550372274] DEBUG com.github.dockerjava.zerodep.shaded.org.apache.hc.client5.http.headers - http-outgoing-0 >> GET /v1.32/containers/29a44d727325c085d2b2ef546b92f071b009c4206e2ad4e1cd0a4e1106abe649/logs?stdout=true&stderr=true&follow=true&since=0 HTTP/1.1
12:59:35.265 [docker-java-stream-550372274] DEBUG com.github.dockerjava.zerodep.shaded.org.apache.hc.client5.http.headers - http-outgoing-0 >> Accept-Encoding: gzip, x-gzip, deflate
12:59:35.265 [docker-java-stream-550372274] DEBUG com.github.dockerjava.zerodep.shaded.org.apache.hc.client5.http.headers - http-outgoing-0 >> Host: localhost:2375
12:59:35.265 [docker-java-stream-550372274] DEBUG com.github.dockerjava.zerodep.shaded.org.apache.hc.client5.http.headers - http-outgoing-0 >> Connection: keep-alive
12:59:35.265 [docker-java-stream-550372274] DEBUG com.github.dockerjava.zerodep.shaded.org.apache.hc.client5.http.headers - http-outgoing-0 >> User-Agent: Apache-HttpClient/5.0.3 (Java/17.0.1)
12:59:35.266 [docker-java-stream-550372274] DEBUG com.github.dockerjava.zerodep.shaded.org.apache.hc.client5.http.wire - http-outgoing-0 >> "GET /v1.32/containers/29a44d727325c085d2b2ef546b92f071b009c4206e2ad4e1cd0a4e1106abe649/logs?stdout=true&stderr=true&follow=true&since=0 HTTP/1.1[\r][\n]"
12:59:35.266 [docker-java-stream-550372274] DEBUG com.github.dockerjava.zerodep.shaded.org.apache.hc.client5.http.wire - http-outgoing-0 >> "Accept-Encoding: gzip, x-gzip, deflate[\r][\n]"
12:59:35.266 [docker-java-stream-550372274] DEBUG com.github.dockerjava.zerodep.shaded.org.apache.hc.client5.http.wire - http-outgoing-0 >> "Host: localhost:2375[\r][\n]"
12:59:35.266 [docker-java-stream-550372274] DEBUG com.github.dockerjava.zerodep.shaded.org.apache.hc.client5.http.wire - http-outgoing-0 >> "Connection: keep-alive[\r][\n]"
12:59:35.266 [docker-java-stream-550372274] DEBUG com.github.dockerjava.zerodep.shaded.org.apache.hc.client5.http.wire - http-outgoing-0 >> "User-Agent: Apache-HttpClient/5.0.3 (Java/17.0.1)[\r][\n]"
12:59:35.266 [docker-java-stream-550372274] DEBUG com.github.dockerjava.zerodep.shaded.org.apache.hc.client5.http.wire - http-outgoing-0 >> "[\r][\n]"
12:59:35.269 [docker-java-stream-550372274] DEBUG com.github.dockerjava.zerodep.shaded.org.apache.hc.client5.http.wire - http-outgoing-0 << "HTTP/1.1 200 OK[\r][\n]"
12:59:35.270 [docker-java-stream-550372274] DEBUG com.github.dockerjava.zerodep.shaded.org.apache.hc.client5.http.wire - http-outgoing-0 << "Api-Version: 1.41[\r][\n]"
12:59:35.270 [docker-java-stream-550372274] DEBUG com.github.dockerjava.zerodep.shaded.org.apache.hc.client5.http.wire - http-outgoing-0 << "Date: Tue, 01 Feb 2022 18:59:35 GMT[\r][\n]"
12:59:35.270 [docker-java-stream-550372274] DEBUG com.github.dockerjava.zerodep.shaded.org.apache.hc.client5.http.wire - http-outgoing-0 << "Docker-Experimental: false[\r][\n]"
12:59:35.270 [docker-java-stream-550372274] DEBUG com.github.dockerjava.zerodep.shaded.org.apache.hc.client5.http.wire - http-outgoing-0 << "Ostype: linux[\r][\n]"
12:59:35.270 [docker-java-stream-550372274] DEBUG com.github.dockerjava.zerodep.shaded.org.apache.hc.client5.http.wire - http-outgoing-0 << "Server: Docker/20.10.8 (linux)[\r][\n]"
12:59:35.270 [docker-java-stream-550372274] DEBUG com.github.dockerjava.zerodep.shaded.org.apache.hc.client5.http.wire - http-outgoing-0 << "Transfer-Encoding: chunked[\r][\n]"
12:59:35.270 [docker-java-stream-550372274] DEBUG com.github.dockerjava.zerodep.shaded.org.apache.hc.client5.http.wire - http-outgoing-0 << "[\r][\n]"
12:59:35.270 [docker-java-stream-550372274] DEBUG com.github.dockerjava.zerodep.shaded.org.apache.hc.client5.http.headers - http-outgoing-0 << HTTP/1.1 200 OK
12:59:35.270 [docker-java-stream-550372274] DEBUG com.github.dockerjava.zerodep.shaded.org.apache.hc.client5.http.headers - http-outgoing-0 << Api-Version: 1.41
12:59:35.270 [docker-java-stream-550372274] DEBUG com.github.dockerjava.zerodep.shaded.org.apache.hc.client5.http.headers - http-outgoing-0 << Date: Tue, 01 Feb 2022 18:59:35 GMT
12:59:35.270 [docker-java-stream-550372274] DEBUG com.github.dockerjava.zerodep.shaded.org.apache.hc.client5.http.headers - http-outgoing-0 << Docker-Experimental: false
12:59:35.270 [docker-java-stream-550372274] DEBUG com.github.dockerjava.zerodep.shaded.org.apache.hc.client5.http.headers - http-outgoing-0 << Ostype: linux
12:59:35.270 [docker-java-stream-550372274] DEBUG com.github.dockerjava.zerodep.shaded.org.apache.hc.client5.http.headers - http-outgoing-0 << Server: Docker/20.10.8 (linux)
12:59:35.270 [docker-java-stream-550372274] DEBUG com.github.dockerjava.zerodep.shaded.org.apache.hc.client5.http.headers - http-outgoing-0 << Transfer-Encoding: chunked
12:59:35.271 [docker-java-stream-550372274] DEBUG com.github.dockerjava.zerodep.shaded.org.apache.hc.client5.http.impl.classic.MainClientExec - ex-00000007: connection can be kept alive for 3 MINUTES
12:59:35.271 [docker-java-stream-550372274] DEBUG com.github.dockerjava.zerodep.shaded.org.apache.hc.client5.http.wire - http-outgoing-0 << "c0[\r][\n]"
12:59:35.271 [docker-java-stream-550372274] DEBUG com.github.dockerjava.zerodep.shaded.org.apache.hc.client5.http.wire - http-outgoing-0 << "[0x2][0x0][0x0][0x0][0x0][0x0][0x0]&2022/02/01 18:59:35 Pinging Docker...[\n]"
12:59:35.271 [docker-java-stream-550372274] DEBUG com.github.dockerjava.zerodep.shaded.org.apache.hc.client5.http.wire - http-outgoing-0 << "[0x2][0x0][0x0][0x0][0x0][0x0][0x0]02022/02/01 18:59:35 Docker daemon is available![\n]"
12:59:35.271 [docker-java-stream-550372274] DEBUG com.github.dockerjava.zerodep.shaded.org.apache.hc.client5.http.wire - http-outgoing-0 << "[0x2][0x0][0x0][0x0][0x0][0x0][0x0]-2022/02/01 18:59:35 Starting on port 8080...[\n]"
12:59:35.272 [docker-java-stream-550372274] DEBUG com.github.dockerjava.zerodep.shaded.org.apache.hc.client5.http.wire - http-outgoing-0 << "[0x2][0x0][0x0][0x0][0x0][0x0][0x0][0x1d]2022/02/01 18:59:35 Started![\n]"
12:59:35.272 [docker-java-stream-550372274] DEBUG com.github.dockerjava.zerodep.shaded.org.apache.hc.client5.http.wire - http-outgoing-0 << "[\r][\n]"
12:59:35.277 [Test worker] DEBUG org.testcontainers.shaded.com.github.dockerjava.core.command.AbstrDockerCmd - Cmd: 29a44d727325c085d2b2ef546b92f071b009c4206e2ad4e1cd0a4e1106abe649,false
12:59:35.277 [Test worker] DEBUG org.testcontainers.shaded.com.github.dockerjava.core.exec.InspectContainerCmdExec - GET: DefaultWebTarget{path=[/containers/29a44d727325c085d2b2ef546b92f071b009c4206e2ad4e1cd0a4e1106abe649/json], queryParams={}}
12:59:35.278 [Test worker] DEBUG com.github.dockerjava.zerodep.shaded.org.apache.hc.client5.http.impl.classic.InternalHttpClient - ex-00000008: preparing request execution
12:59:35.278 [Test worker] DEBUG com.github.dockerjava.zerodep.shaded.org.apache.hc.client5.http.protocol.RequestAddCookies - Cookie spec selected: strict
12:59:35.278 [Test worker] DEBUG com.github.dockerjava.zerodep.shaded.org.apache.hc.client5.http.protocol.RequestAuthCache - Auth cache not set in the context
12:59:35.278 [Test worker] DEBUG com.github.dockerjava.zerodep.shaded.org.apache.hc.client5.http.impl.classic.ProtocolExec - ex-00000008: target auth state: UNCHALLENGED
12:59:35.278 [Test worker] DEBUG com.github.dockerjava.zerodep.shaded.org.apache.hc.client5.http.impl.classic.ProtocolExec - ex-00000008: proxy auth state: UNCHALLENGED
12:59:35.278 [Test worker] DEBUG com.github.dockerjava.zerodep.shaded.org.apache.hc.client5.http.impl.classic.ConnectExec - ex-00000008: acquiring connection with route {}->unix://localhost:2375
12:59:35.278 [Test worker] DEBUG com.github.dockerjava.zerodep.shaded.org.apache.hc.client5.http.impl.classic.InternalHttpClient - ex-00000008: acquiring endpoint (3 MINUTES)
12:59:35.278 [Test worker] DEBUG com.github.dockerjava.zerodep.shaded.org.apache.hc.client5.http.impl.io.PoolingHttpClientConnectionManager - ex-00000008: endpoint lease request (3 MINUTES) [route: {}->unix://localhost:2375][total available: 0; route allocated: 1 of 2147483647; total allocated: 1 of 2147483647]
12:59:35.278 [Test worker] DEBUG com.github.dockerjava.zerodep.shaded.org.apache.hc.client5.http.impl.io.PoolingHttpClientConnectionManager - ex-00000008: endpoint leased [route: {}->unix://localhost:2375][total available: 0; route allocated: 2 of 2147483647; total allocated: 2 of 2147483647]
12:59:35.279 [Test worker] DEBUG com.github.dockerjava.zerodep.shaded.org.apache.hc.client5.http.impl.io.PoolingHttpClientConnectionManager - ex-00000008: acquired ep-00000007
12:59:35.279 [Test worker] DEBUG com.github.dockerjava.zerodep.shaded.org.apache.hc.client5.http.impl.classic.InternalHttpClient - ex-00000008: acquired endpoint ep-00000007
12:59:35.279 [Test worker] DEBUG com.github.dockerjava.zerodep.shaded.org.apache.hc.client5.http.impl.classic.ConnectExec - ex-00000008: opening connection {}->unix://localhost:2375
12:59:35.279 [Test worker] DEBUG com.github.dockerjava.zerodep.shaded.org.apache.hc.client5.http.impl.classic.InternalHttpClient - ep-00000007: connecting endpoint (3 MINUTES)
12:59:35.279 [Test worker] DEBUG com.github.dockerjava.zerodep.shaded.org.apache.hc.client5.http.impl.io.PoolingHttpClientConnectionManager - ep-00000007: connecting endpoint to unix://localhost:2375 (3 MINUTES)
12:59:35.279 [Test worker] DEBUG com.github.dockerjava.zerodep.shaded.org.apache.hc.client5.http.impl.io.DefaultHttpClientConnectionOperator - http-outgoing-1: connecting to localhost/127.0.0.1:2375
12:59:35.279 [Test worker] DEBUG com.github.dockerjava.zerodep.shaded.org.apache.hc.client5.http.impl.io.DefaultHttpClientConnectionOperator - http-outgoing-1: connection established /var/run/docker.sock<->/var/run/docker.sock
12:59:35.279 [Test worker] DEBUG com.github.dockerjava.zerodep.shaded.org.apache.hc.client5.http.impl.io.PoolingHttpClientConnectionManager - ep-00000007: connected http-outgoing-1
12:59:35.279 [Test worker] DEBUG com.github.dockerjava.zerodep.shaded.org.apache.hc.client5.http.impl.classic.InternalHttpClient - ep-00000007: endpoint connected
12:59:35.279 [Test worker] DEBUG com.github.dockerjava.zerodep.shaded.org.apache.hc.client5.http.impl.classic.MainClientExec - ex-00000008: executing GET /v1.32/containers/29a44d727325c085d2b2ef546b92f071b009c4206e2ad4e1cd0a4e1106abe649/json HTTP/1.1
12:59:35.279 [Test worker] DEBUG com.github.dockerjava.zerodep.shaded.org.apache.hc.client5.http.impl.classic.InternalHttpClient - ep-00000007: start execution ex-00000008
12:59:35.279 [Test worker] DEBUG com.github.dockerjava.zerodep.shaded.org.apache.hc.client5.http.impl.io.PoolingHttpClientConnectionManager - ep-00000007: executing exchange ex-00000008 over http-outgoing-1
12:59:35.280 [Test worker] DEBUG com.github.dockerjava.zerodep.shaded.org.apache.hc.client5.http.headers - http-outgoing-1 >> GET /v1.32/containers/29a44d727325c085d2b2ef546b92f071b009c4206e2ad4e1cd0a4e1106abe649/json HTTP/1.1
12:59:35.280 [Test worker] DEBUG com.github.dockerjava.zerodep.shaded.org.apache.hc.client5.http.headers - http-outgoing-1 >> accept: application/json
12:59:35.280 [Test worker] DEBUG com.github.dockerjava.zerodep.shaded.org.apache.hc.client5.http.headers - http-outgoing-1 >> Accept-Encoding: gzip, x-gzip, deflate
12:59:35.280 [Test worker] DEBUG com.github.dockerjava.zerodep.shaded.org.apache.hc.client5.http.headers - http-outgoing-1 >> Host: localhost:2375
12:59:35.280 [Test worker] DEBUG com.github.dockerjava.zerodep.shaded.org.apache.hc.client5.http.headers - http-outgoing-1 >> Connection: keep-alive
12:59:35.280 [Test worker] DEBUG com.github.dockerjava.zerodep.shaded.org.apache.hc.client5.http.headers - http-outgoing-1 >> User-Agent: Apache-HttpClient/5.0.3 (Java/17.0.1)
12:59:35.280 [Test worker] DEBUG com.github.dockerjava.zerodep.shaded.org.apache.hc.client5.http.wire - http-outgoing-1 >> "GET /v1.32/containers/29a44d727325c085d2b2ef546b92f071b009c4206e2ad4e1cd0a4e1106abe649/json HTTP/1.1[\r][\n]"
12:59:35.280 [Test worker] DEBUG com.github.dockerjava.zerodep.shaded.org.apache.hc.client5.http.wire - http-outgoing-1 >> "accept: application/json[\r][\n]"
12:59:35.280 [Test worker] DEBUG com.github.dockerjava.zerodep.shaded.org.apache.hc.client5.http.wire - http-outgoing-1 >> "Accept-Encoding: gzip, x-gzip, deflate[\r][\n]"
12:59:35.280 [Test worker] DEBUG com.github.dockerjava.zerodep.shaded.org.apache.hc.client5.http.wire - http-outgoing-1 >> "Host: localhost:2375[\r][\n]"
12:59:35.280 [Test worker] DEBUG com.github.dockerjava.zerodep.shaded.org.apache.hc.client5.http.wire - http-outgoing-1 >> "Connection: keep-alive[\r][\n]"
12:59:35.280 [Test worker] DEBUG com.github.dockerjava.zerodep.shaded.org.apache.hc.client5.http.wire - http-outgoing-1 >> "User-Agent: Apache-HttpClient/5.0.3 (Java/17.0.1)[\r][\n]"
12:59:35.280 [Test worker] DEBUG com.github.dockerjava.zerodep.shaded.org.apache.hc.client5.http.wire - http-outgoing-1 >> "[\r][\n]"
12:59:35.282 [Test worker] DEBUG com.github.dockerjava.zerodep.shaded.org.apache.hc.client5.http.wire - http-outgoing-1 << "HTTP/1.1 200 OK[\r][\n]"
12:59:35.283 [Test worker] DEBUG com.github.dockerjava.zerodep.shaded.org.apache.hc.client5.http.wire - http-outgoing-1 << "Api-Version: 1.41[\r][\n]"
12:59:35.283 [Test worker] DEBUG com.github.dockerjava.zerodep.shaded.org.apache.hc.client5.http.wire - http-outgoing-1 << "Content-Type: application/json[\r][\n]"
12:59:35.283 [Test worker] DEBUG com.github.dockerjava.zerodep.shaded.org.apache.hc.client5.http.wire - http-outgoing-1 << "Date: Tue, 01 Feb 2022 18:59:35 GMT[\r][\n]"
12:59:35.283 [Test worker] DEBUG com.github.dockerjava.zerodep.shaded.org.apache.hc.client5.http.wire - http-outgoing-1 << "Docker-Experimental: false[\r][\n]"
12:59:35.283 [Test worker] DEBUG com.github.dockerjava.zerodep.shaded.org.apache.hc.client5.http.wire - http-outgoing-1 << "Ostype: linux[\r][\n]"
12:59:35.283 [Test worker] DEBUG com.github.dockerjava.zerodep.shaded.org.apache.hc.client5.http.wire - http-outgoing-1 << "Server: Docker/20.10.8 (linux)[\r][\n]"
12:59:35.283 [Test worker] DEBUG com.github.dockerjava.zerodep.shaded.org.apache.hc.client5.http.wire - http-outgoing-1 << "Transfer-Encoding: chunked[\r][\n]"
12:59:35.283 [Test worker] DEBUG com.github.dockerjava.zerodep.shaded.org.apache.hc.client5.http.wire - http-outgoing-1 << "[\r][\n]"
12:59:35.283 [Test worker] DEBUG com.github.dockerjava.zerodep.shaded.org.apache.hc.client5.http.headers - http-outgoing-1 << HTTP/1.1 200 OK
12:59:35.283 [Test worker] DEBUG com.github.dockerjava.zerodep.shaded.org.apache.hc.client5.http.headers - http-outgoing-1 << Api-Version: 1.41
12:59:35.283 [Test worker] DEBUG com.github.dockerjava.zerodep.shaded.org.apache.hc.client5.http.headers - http-outgoing-1 << Content-Type: application/json
12:59:35.283 [Test worker] DEBUG com.github.dockerjava.zerodep.shaded.org.apache.hc.client5.http.headers - http-outgoing-1 << Date: Tue, 01 Feb 2022 18:59:35 GMT
12:59:35.283 [Test worker] DEBUG com.github.dockerjava.zerodep.shaded.org.apache.hc.client5.http.headers - http-outgoing-1 << Docker-Experimental: false
12:59:35.283 [Test worker] DEBUG com.github.dockerjava.zerodep.shaded.org.apache.hc.client5.http.headers - http-outgoing-1 << Ostype: linux
12:59:35.283 [Test worker] DEBUG com.github.dockerjava.zerodep.shaded.org.apache.hc.client5.http.headers - http-outgoing-1 << Server: Docker/20.10.8 (linux)
12:59:35.283 [Test worker] DEBUG com.github.dockerjava.zerodep.shaded.org.apache.hc.client5.http.headers - http-outgoing-1 << Transfer-Encoding: chunked
12:59:35.284 [Test worker] DEBUG com.github.dockerjava.zerodep.shaded.org.apache.hc.client5.http.impl.classic.MainClientExec - ex-00000008: connection can be kept alive for 3 MINUTES
12:59:35.284 [Test worker] DEBUG com.github.dockerjava.zerodep.shaded.org.apache.hc.client5.http.wire - http-outgoing-1 << "13f0[\r][\n]"
12:59:35.284 [Test worker] DEBUG com.github.dockerjava.zerodep.shaded.org.apache.hc.client5.http.wire - http-outgoing-1 << "{"Id":"29a44d727325c085d2b2ef546b92f071b009c4206e2ad4e1cd0a4e1106abe649","Created":"2022-02-01T18:59:34.8175363Z","Path":"/app","Args":[],"State":{"Status":"running","Running":true,"Paused":false,"Restarting":false,"OOMKilled":false,"Dead":false,"Pid":18474,"ExitCode":0,"Error":"","StartedAt":"2022-02-01T18:59:35.252742Z","FinishedAt":"0001-01-01T00:00:00Z"},"Image":"sha256:64f4b02dc9864d9621d248e55835408a03b3cd8239b790e610c71c29ea45a3b9","ResolvConfPath":"/var/lib/docker/containers/29a44d727325c085d2b2ef546b92f071b009c4206e2ad4e1cd0a4e1106abe649/resolv.conf","HostnamePath":"/var/lib/docker/containers/29a44d727325c085d2b2ef546b92f071b009c4206e2ad4e1cd0a4e1106abe649/hostname","HostsPath":"/var/lib/docker/containers/29a44d727325c085d2b2ef546b92f071b009c4206e2ad4e1cd0a4e1106abe649/hosts","LogPath":"/var/lib/docker/containers/29a44d727325c085d2b2ef546b92f071b009c4206e2ad4e1cd0a4e1106abe649/29a44d727325c085d2b2ef546b92f071b009c4206e2ad4e1cd0a4e1106abe649-json.log","Name":"/testcontainers-ryuk-adf05bec-ba78-423d-b8e6-1fe7046cf3a8","RestartCount":0,"Driver":"overlay2","Platform":"linux","MountLabel":"","ProcessLabel":"","AppArmorProfile":"","ExecIDs":null,"HostConfig":{"Binds":["/var/run/docker.sock:/var/run/docker.sock:rw"],"ContainerIDFile":"","LogConfig":{"Type":"json-file","Config":{}},"NetworkMode":"default","PortBindings":{"8080/tcp":[{"HostIp":"0.0.0.0","HostPort":"0"}]},"RestartPolicy":{"Name":"","MaximumRetryCount":0},"AutoRemove":true,"VolumeDriver":"","VolumesFrom":null,"CapAdd":null,"CapDrop":null,"CgroupnsMode":"host","Dns":null,"DnsOptions":null,"DnsSearch":null,"ExtraHosts":null,"GroupAdd":null,"IpcMode":"shareable","Cgroup":"","Links":null,"OomScoreAdj":0,"PidMode":"","Privileged":false,"PublishAllPorts":false,"ReadonlyRootfs":false,"SecurityOpt":null,"UTSMode":"","UsernsMode":"","ShmSize":67108864,"Runtime":"runc","ConsoleSize":[0,0],"Isolation":"","CpuShares":0,"Memory":0,"NanoCpus":0,"CgroupParent":"","BlkioWeight":0,"BlkioWeightDevice":null,"BlkioDeviceReadBps":null,"BlkioDeviceWriteBps":null,"BlkioDeviceReadIOps":null,"BlkioDeviceWriteIOps":null,"CpuPeriod":0,"CpuQuota":0,"CpuRealtimePeriod":0,"CpuRealtimeRuntime":0,"CpusetCpus":"","CpusetMems":"","Devices":null,"DeviceCgroupRules":null,"DeviceRequests":null,"KernelMemory":0,"KernelMemoryTCP":0,"MemoryReservation":0,"MemorySwap":0,"MemorySwappiness":null,"OomKillDisable":false,"PidsLimit":null,"Ulimits":null,"CpuCount":0,"CpuPercent":0,"IOMaximumIOps":0,"IOMaximumBandwidth":0,"MaskedPaths":["/proc/asound","/proc/acpi","/proc/kcore","/proc/keys","/proc/latency_stats","/proc/timer_list","/proc/timer_stats","/proc/sched_debug","/proc/scsi","/sys/firmware"],"ReadonlyPaths":["/proc/bus","/proc/fs","/proc/irq","/proc/sys","/proc/sysrq-trigger"]},"GraphDriver":{"Data":{"LowerDir":"/var/lib/docker/overlay2/8c424b09ea4072996ac43cae2edf5033db9516e37c9813f76b09caf350473552-init/diff:/var/lib/docker/overlay2/3dafd81fa50bd6897ec16466f8654a9093bbd06343b532c09b6420740541449c/diff:/var/lib/docker/overlay2/0453cee84063123f437186fd2cf728e907d0c31a0853c0f52b3eff4f4ba0a7db/diff:/var/lib/docker/overlay2/c1d21f91ce655aaa4ad26cb5c057b08fbceeca6ff998fbdd11ba9dd84c153224/diff","MergedDir":"/var/lib/docker/overlay2/8c424b09ea4072996ac43cae2edf5033db9516e37c9813f76b09caf350473552/merged","UpperDir":"/var/lib/docker/overlay2/8c424b09ea4072996ac43cae2edf5033db9516e37c9813f76b09caf350473552/diff","WorkDir":"/var/lib/docker/overlay2/8c424b09ea4072996ac43cae2edf5033db9516e37c9813f76b09caf350473552/work"},"Name":"overlay2"},"Mounts":[{"Type":"bind","Source":"/var/run/docker.sock","Destination":"/var/run/docker.sock","Mode":"rw","RW":true,"Propagation":"rprivate"}],"Config":{"Hostname":"29a44d727325","Domainname":"","User":"","AttachStdin":false,"AttachStdout":false,"AttachStderr":false,"ExposedPorts":{"8080/tcp":{}},"Tty":false,"OpenStdin":false,"StdinOnce":false,"Env":["PATH=/usr/local/sbin:/usr/local/bin:/usr/sbin:/usr/bin:/sbin:/bin"],"Cmd":["/app"],"Image":"testcontainers/ryuk:0.3.3","Volumes":null,"WorkingDir":"","Entrypoint":null,"OnBuild":null,"Labels":{"org.testcontainers":"true"}},"NetworkSettings":{"Bridge":"","SandboxID":"10046c2f8b7875273821c5f022c78825495d5595018b7146486eb9ac9ac6e338","HairpinMode":false,"LinkLocalIPv6Address":"","LinkLocalIPv6PrefixLen":0,"Ports":{"8080/tcp":[{"HostIp":"0.0.0.0","HostPort":"55163"}]},"SandboxKey":"/var/run/docker/netns/10046c2f8b78","SecondaryIPAddresses":null,"SecondaryIPv6Addresses":null,"EndpointID":"831e17c6b257005ce99cdcf76fda1a82caa814a85a6c475040e3981254c1c7c2","Gateway":"172.17.0.1","GlobalIPv6Address":"","GlobalIPv6PrefixLen":0,"IPAddress":"172.17.0.2","IPPrefixLen":16,"IPv6Gateway":"","MacAddress":"02:42:ac:11:00:02","Networks":{"bridge":{"IPAMConfig":null,"Links":null,"Aliases":null,"NetworkID":"d2ad2fc95ea4c7e255eca7d2fadf49d3ae1de9a197598a638a33af102f859f3d","EndpointID":"831e17c6b257005ce99cdcf76fda1a82caa814a85a6c475040e3981254c1c7c2","Gateway":"172.17.0.1","IPAddress":"172.17.0.2","IPPrefixLen":16,"IPv6Gateway":"","GlobalIPv6Address":"","GlobalIPv6PrefixLen":0,"MacAddress":"02:42:ac:11:00:02","DriverOpts":null}}}}[\n]"
12:59:35.284 [Test worker] DEBUG com.github.dockerjava.zerodep.shaded.org.apache.hc.client5.http.wire - http-outgoing-1 << "[\r][\n]"
12:59:35.284 [Test worker] DEBUG com.github.dockerjava.zerodep.shaded.org.apache.hc.client5.http.wire - http-outgoing-1 << "0[\r][\n]"
12:59:35.284 [Test worker] DEBUG com.github.dockerjava.zerodep.shaded.org.apache.hc.client5.http.wire - http-outgoing-1 << "[\r][\n]"
12:59:35.360 [Test worker] DEBUG com.github.dockerjava.zerodep.shaded.org.apache.hc.client5.http.impl.classic.InternalHttpClient - ep-00000007: releasing valid endpoint
12:59:35.360 [Test worker] DEBUG com.github.dockerjava.zerodep.shaded.org.apache.hc.client5.http.impl.io.PoolingHttpClientConnectionManager - ep-00000007: releasing endpoint
12:59:35.360 [Test worker] DEBUG com.github.dockerjava.zerodep.shaded.org.apache.hc.client5.http.impl.io.PoolingHttpClientConnectionManager - ep-00000007: connection http-outgoing-1 can be kept alive for 3 MINUTES
12:59:35.361 [Test worker] DEBUG com.github.dockerjava.zerodep.shaded.org.apache.hc.client5.http.impl.io.PoolingHttpClientConnectionManager - ep-00000007: connection released [route: {}->unix://localhost:2375][total available: 1; route allocated: 2 of 2147483647; total allocated: 2 of 2147483647]
12:59:35.369 [testcontainers-ryuk] DEBUG org.testcontainers.utility.ResourceReaper - Sending 'label=org.testcontainers%3Dtrue&label=org.testcontainers.sessionId%3Dadf05bec-ba78-423d-b8e6-1fe7046cf3a8' to Ryuk
12:59:35.371 [docker-java-stream-550372274] DEBUG com.github.dockerjava.zerodep.shaded.org.apache.hc.client5.http.wire - http-outgoing-0 << "7d[\r][\n]"
12:59:35.371 [docker-java-stream-550372274] DEBUG com.github.dockerjava.zerodep.shaded.org.apache.hc.client5.http.wire - http-outgoing-0 << "[0x2][0x0][0x0][0x0][0x0][0x0][0x0];2022/02/01 18:59:35 New client connected: 172.17.0.1:55032[\n]"
12:59:35.371 [testcontainers-ryuk] DEBUG org.testcontainers.utility.ResourceReaper - Received 'ACK' from Ryuk
12:59:35.371 [docker-java-stream-550372274] DEBUG com.github.dockerjava.zerodep.shaded.org.apache.hc.client5.http.wire - http-outgoing-0 << "[0x2][0x0][0x0][0x0][0x0][0x0][0x0]22022/02/01 18:59:35 Received the first connection[\n]"
12:59:35.371 [docker-java-stream-550372274] DEBUG com.github.dockerjava.zerodep.shaded.org.apache.hc.client5.http.wire - http-outgoing-0 << "[\r][\n]"
12:59:35.371 [Test worker] DEBUG com.github.dockerjava.zerodep.shaded.org.apache.hc.client5.http.impl.classic.InternalHttpClient - ep-00000006: cancel
12:59:35.372 [docker-java-stream-550372274] DEBUG com.github.dockerjava.zerodep.shaded.org.apache.hc.client5.http.wire - http-outgoing-0 << "[read] I/O error: null"
12:59:35.372 [docker-java-stream-550372274] DEBUG com.github.dockerjava.zerodep.shaded.org.apache.hc.client5.http.wire - http-outgoing-0 << "[read] I/O error: null"
12:59:35.372 [Test worker] DEBUG com.github.dockerjava.zerodep.shaded.org.apache.hc.client5.http.impl.io.DefaultManagedHttpClientConnection - http-outgoing-0: close connection IMMEDIATE
12:59:35.373 [Test worker] DEBUG com.github.dockerjava.zerodep.shaded.org.apache.hc.client5.http.impl.classic.InternalHttpClient - ep-00000006: endpoint closed
12:59:35.373 [Test worker] DEBUG com.github.dockerjava.zerodep.shaded.org.apache.hc.client5.http.impl.classic.InternalHttpClient - ep-00000006: discarding endpoint
12:59:35.373 [Test worker] DEBUG com.github.dockerjava.zerodep.shaded.org.apache.hc.client5.http.impl.io.PoolingHttpClientConnectionManager - ep-00000006: releasing endpoint
12:59:35.373 [Test worker] DEBUG com.github.dockerjava.zerodep.shaded.org.apache.hc.client5.http.impl.io.PoolingHttpClientConnectionManager - ep-00000006: connection is not kept alive
12:59:35.373 [Test worker] DEBUG com.github.dockerjava.zerodep.shaded.org.apache.hc.client5.http.impl.io.PoolingHttpClientConnectionManager - ep-00000006: connection released [route: {}->unix://localhost:2375][total available: 1; route allocated: 1 of 2147483647; total allocated: 1 of 2147483647]
12:59:35.373 [Test worker] INFO org.testcontainers.DockerClientFactory - Ryuk started - will monitor and terminate Testcontainers containers on JVM exit
12:59:35.373 [Test worker] DEBUG org.testcontainers.DockerClientFactory - Checks are enabled
12:59:35.373 [Test worker] INFO org.testcontainers.DockerClientFactory - Checking the system...
12:59:35.374 [Test worker] INFO org.testcontainers.DockerClientFactory - ✔︎ Docker server version should be at least 1.6.0
12:59:35.375 [docker-java-stream-550372274] DEBUG com.github.dockerjava.zerodep.ApacheDockerHttpClientImpl$ApacheResponse - Failed to close the response
java.nio.channels.ClosedChannelException: null
	at java.base/sun.nio.ch.SocketChannelImpl.ensureOpenAndConnected(SocketChannelImpl.java:215)
	at java.base/sun.nio.ch.SocketChannelImpl.read(SocketChannelImpl.java:403)
	at java.base/sun.nio.ch.ChannelInputStream.read(ChannelInputStream.java:59)
	at java.base/sun.nio.ch.ChannelInputStream.read(ChannelInputStream.java:107)
	at java.base/sun.nio.ch.ChannelInputStream.read(ChannelInputStream.java:101)
	at com.github.dockerjava.zerodep.shaded.org.apache.hc.client5.http.impl.io.LoggingInputStream.read(LoggingInputStream.java:81)
	at com.github.dockerjava.zerodep.shaded.org.apache.hc.core5.http.impl.io.SessionInputBufferImpl.fillBuffer(SessionInputBufferImpl.java:149)
	at com.github.dockerjava.zerodep.shaded.org.apache.hc.core5.http.impl.io.SessionInputBufferImpl.readLine(SessionInputBufferImpl.java:280)
	at com.github.dockerjava.zerodep.shaded.org.apache.hc.core5.http.impl.io.ChunkedInputStream.getChunkSize(ChunkedInputStream.java:261)
	at com.github.dockerjava.zerodep.shaded.org.apache.hc.core5.http.impl.io.ChunkedInputStream.nextChunk(ChunkedInputStream.java:222)
	at com.github.dockerjava.zerodep.shaded.org.apache.hc.core5.http.impl.io.ChunkedInputStream.read(ChunkedInputStream.java:147)
	at com.github.dockerjava.zerodep.shaded.org.apache.hc.core5.http.impl.io.ChunkedInputStream.close(ChunkedInputStream.java:314)
	at com.github.dockerjava.zerodep.shaded.org.apache.hc.core5.io.Closer.close(Closer.java:48)
	at com.github.dockerjava.zerodep.shaded.org.apache.hc.core5.http.impl.io.IncomingHttpEntity.close(IncomingHttpEntity.java:111)
	at com.github.dockerjava.zerodep.shaded.org.apache.hc.core5.http.io.entity.HttpEntityWrapper.close(HttpEntityWrapper.java:120)
	at com.github.dockerjava.zerodep.shaded.org.apache.hc.core5.io.Closer.close(Closer.java:48)
	at com.github.dockerjava.zerodep.shaded.org.apache.hc.core5.http.message.BasicClassicHttpResponse.close(BasicClassicHttpResponse.java:93)
	at com.github.dockerjava.zerodep.shaded.org.apache.hc.client5.http.impl.classic.CloseableHttpResponse.close(CloseableHttpResponse.java:200)
	at com.github.dockerjava.zerodep.ApacheDockerHttpClientImpl$ApacheResponse.close(ApacheDockerHttpClientImpl.java:248)
	at org.testcontainers.shaded.com.github.dockerjava.core.DefaultInvocationBuilder.lambda$executeAndStream$1(DefaultInvocationBuilder.java:277)
	at java.base/java.lang.Thread.run(Thread.java:833)
12:59:35.377 [Test worker] DEBUG org.testcontainers.shaded.com.github.dockerjava.core.command.AbstrDockerCmd - Cmd: 29a44d727325c085d2b2ef546b92f071b009c4206e2ad4e1cd0a4e1106abe649,<null>,true,<null>,<null>,<null>,<null>,{df,-P},<null>,<null>
12:59:35.381 [Test worker] DEBUG com.github.dockerjava.zerodep.shaded.org.apache.hc.client5.http.impl.classic.InternalHttpClient - ex-00000009: preparing request execution
12:59:35.381 [Test worker] DEBUG com.github.dockerjava.zerodep.shaded.org.apache.hc.client5.http.protocol.RequestAddCookies - Cookie spec selected: strict
12:59:35.382 [Test worker] DEBUG com.github.dockerjava.zerodep.shaded.org.apache.hc.client5.http.protocol.RequestAuthCache - Auth cache not set in the context
12:59:35.382 [Test worker] DEBUG com.github.dockerjava.zerodep.shaded.org.apache.hc.client5.http.impl.classic.ProtocolExec - ex-00000009: target auth state: UNCHALLENGED
12:59:35.382 [Test worker] DEBUG com.github.dockerjava.zerodep.shaded.org.apache.hc.client5.http.impl.classic.ProtocolExec - ex-00000009: proxy auth state: UNCHALLENGED
12:59:35.382 [Test worker] DEBUG com.github.dockerjava.zerodep.shaded.org.apache.hc.client5.http.impl.classic.ConnectExec - ex-00000009: acquiring connection with route {}->unix://localhost:2375
12:59:35.382 [Test worker] DEBUG com.github.dockerjava.zerodep.shaded.org.apache.hc.client5.http.impl.classic.InternalHttpClient - ex-00000009: acquiring endpoint (3 MINUTES)
12:59:35.382 [Test worker] DEBUG com.github.dockerjava.zerodep.shaded.org.apache.hc.client5.http.impl.io.PoolingHttpClientConnectionManager - ex-00000009: endpoint lease request (3 MINUTES) [route: {}->unix://localhost:2375][total available: 1; route allocated: 1 of 2147483647; total allocated: 1 of 2147483647]
12:59:35.382 [Test worker] DEBUG com.github.dockerjava.zerodep.shaded.org.apache.hc.client5.http.impl.io.PoolingHttpClientConnectionManager - ex-00000009: endpoint leased [route: {}->unix://localhost:2375][total available: 0; route allocated: 1 of 2147483647; total allocated: 1 of 2147483647]
12:59:35.382 [Test worker] DEBUG com.github.dockerjava.zerodep.shaded.org.apache.hc.client5.http.impl.io.PoolingHttpClientConnectionManager - ex-00000009: acquired ep-00000008
12:59:35.383 [Test worker] DEBUG com.github.dockerjava.zerodep.shaded.org.apache.hc.client5.http.impl.classic.InternalHttpClient - ex-00000009: acquired endpoint ep-00000008
12:59:35.383 [Test worker] DEBUG com.github.dockerjava.zerodep.shaded.org.apache.hc.client5.http.impl.classic.MainClientExec - ex-00000009: executing POST /v1.32/containers/29a44d727325c085d2b2ef546b92f071b009c4206e2ad4e1cd0a4e1106abe649/exec HTTP/1.1
12:59:35.383 [Test worker] DEBUG com.github.dockerjava.zerodep.shaded.org.apache.hc.client5.http.impl.classic.InternalHttpClient - ep-00000008: start execution ex-00000009
12:59:35.383 [Test worker] DEBUG com.github.dockerjava.zerodep.shaded.org.apache.hc.client5.http.impl.io.PoolingHttpClientConnectionManager - ep-00000008: executing exchange ex-00000009 over http-outgoing-1
12:59:35.383 [Test worker] DEBUG com.github.dockerjava.zerodep.shaded.org.apache.hc.client5.http.headers - http-outgoing-1 >> POST /v1.32/containers/29a44d727325c085d2b2ef546b92f071b009c4206e2ad4e1cd0a4e1106abe649/exec HTTP/1.1
12:59:35.383 [Test worker] DEBUG com.github.dockerjava.zerodep.shaded.org.apache.hc.client5.http.headers - http-outgoing-1 >> accept: application/json
12:59:35.383 [Test worker] DEBUG com.github.dockerjava.zerodep.shaded.org.apache.hc.client5.http.headers - http-outgoing-1 >> content-type: application/json
12:59:35.383 [Test worker] DEBUG com.github.dockerjava.zerodep.shaded.org.apache.hc.client5.http.headers - http-outgoing-1 >> Accept-Encoding: gzip, x-gzip, deflate
12:59:35.383 [Test worker] DEBUG com.github.dockerjava.zerodep.shaded.org.apache.hc.client5.http.headers - http-outgoing-1 >> Content-Length: 229
12:59:35.383 [Test worker] DEBUG com.github.dockerjava.zerodep.shaded.org.apache.hc.client5.http.headers - http-outgoing-1 >> Host: localhost:2375
12:59:35.383 [Test worker] DEBUG com.github.dockerjava.zerodep.shaded.org.apache.hc.client5.http.headers - http-outgoing-1 >> Connection: keep-alive
12:59:35.383 [Test worker] DEBUG com.github.dockerjava.zerodep.shaded.org.apache.hc.client5.http.headers - http-outgoing-1 >> User-Agent: Apache-HttpClient/5.0.3 (Java/17.0.1)
12:59:35.384 [Test worker] DEBUG com.github.dockerjava.zerodep.shaded.org.apache.hc.client5.http.wire - http-outgoing-1 >> "POST /v1.32/containers/29a44d727325c085d2b2ef546b92f071b009c4206e2ad4e1cd0a4e1106abe649/exec HTTP/1.1[\r][\n]"
12:59:35.384 [Test worker] DEBUG com.github.dockerjava.zerodep.shaded.org.apache.hc.client5.http.wire - http-outgoing-1 >> "accept: application/json[\r][\n]"
12:59:35.384 [Test worker] DEBUG com.github.dockerjava.zerodep.shaded.org.apache.hc.client5.http.wire - http-outgoing-1 >> "content-type: application/json[\r][\n]"
12:59:35.384 [Test worker] DEBUG com.github.dockerjava.zerodep.shaded.org.apache.hc.client5.http.wire - http-outgoing-1 >> "Accept-Encoding: gzip, x-gzip, deflate[\r][\n]"
12:59:35.384 [Test worker] DEBUG com.github.dockerjava.zerodep.shaded.org.apache.hc.client5.http.wire - http-outgoing-1 >> "Content-Length: 229[\r][\n]"
12:59:35.384 [Test worker] DEBUG com.github.dockerjava.zerodep.shaded.org.apache.hc.client5.http.wire - http-outgoing-1 >> "Host: localhost:2375[\r][\n]"
12:59:35.384 [Test worker] DEBUG com.github.dockerjava.zerodep.shaded.org.apache.hc.client5.http.wire - http-outgoing-1 >> "Connection: keep-alive[\r][\n]"
12:59:35.384 [Test worker] DEBUG com.github.dockerjava.zerodep.shaded.org.apache.hc.client5.http.wire - http-outgoing-1 >> "User-Agent: Apache-HttpClient/5.0.3 (Java/17.0.1)[\r][\n]"
12:59:35.384 [Test worker] DEBUG com.github.dockerjava.zerodep.shaded.org.apache.hc.client5.http.wire - http-outgoing-1 >> "[\r][\n]"
12:59:35.384 [Test worker] DEBUG com.github.dockerjava.zerodep.shaded.org.apache.hc.client5.http.wire - http-outgoing-1 >> "{"containerId":"29a44d727325c085d2b2ef546b92f071b009c4206e2ad4e1cd0a4e1106abe649","AttachStdin":null,"AttachStdout":true,"AttachStderr":null,"Tty":null,"Privileged":null,"User":null,"Cmd":["df","-P"],"Env":null,"WorkingDir":null}"
12:59:35.408 [Test worker] DEBUG com.github.dockerjava.zerodep.shaded.org.apache.hc.client5.http.wire - http-outgoing-1 << "HTTP/1.1 201 Created[\r][\n]"
12:59:35.409 [Test worker] DEBUG com.github.dockerjava.zerodep.shaded.org.apache.hc.client5.http.wire - http-outgoing-1 << "Api-Version: 1.41[\r][\n]"
12:59:35.409 [Test worker] DEBUG com.github.dockerjava.zerodep.shaded.org.apache.hc.client5.http.wire - http-outgoing-1 << "Content-Type: application/json[\r][\n]"
12:59:35.409 [Test worker] DEBUG com.github.dockerjava.zerodep.shaded.org.apache.hc.client5.http.wire - http-outgoing-1 << "Date: Tue, 01 Feb 2022 18:59:35 GMT[\r][\n]"
12:59:35.409 [Test worker] DEBUG com.github.dockerjava.zerodep.shaded.org.apache.hc.client5.http.wire - http-outgoing-1 << "Docker-Experimental: false[\r][\n]"
12:59:35.409 [Test worker] DEBUG com.github.dockerjava.zerodep.shaded.org.apache.hc.client5.http.wire - http-outgoing-1 << "Ostype: linux[\r][\n]"
12:59:35.409 [Test worker] DEBUG com.github.dockerjava.zerodep.shaded.org.apache.hc.client5.http.wire - http-outgoing-1 << "Server: Docker/20.10.8 (linux)[\r][\n]"
12:59:35.409 [Test worker] DEBUG com.github.dockerjava.zerodep.shaded.org.apache.hc.client5.http.wire - http-outgoing-1 << "Transfer-Encoding: chunked[\r][\n]"
12:59:35.409 [Test worker] DEBUG com.github.dockerjava.zerodep.shaded.org.apache.hc.client5.http.wire - http-outgoing-1 << "[\r][\n]"
12:59:35.410 [Test worker] DEBUG com.github.dockerjava.zerodep.shaded.org.apache.hc.client5.http.headers - http-outgoing-1 << HTTP/1.1 201 Created
12:59:35.410 [Test worker] DEBUG com.github.dockerjava.zerodep.shaded.org.apache.hc.client5.http.headers - http-outgoing-1 << Api-Version: 1.41
12:59:35.410 [Test worker] DEBUG com.github.dockerjava.zerodep.shaded.org.apache.hc.client5.http.headers - http-outgoing-1 << Content-Type: application/json
12:59:35.410 [Test worker] DEBUG com.github.dockerjava.zerodep.shaded.org.apache.hc.client5.http.headers - http-outgoing-1 << Date: Tue, 01 Feb 2022 18:59:35 GMT
12:59:35.410 [Test worker] DEBUG com.github.dockerjava.zerodep.shaded.org.apache.hc.client5.http.headers - http-outgoing-1 << Docker-Experimental: false
12:59:35.410 [Test worker] DEBUG com.github.dockerjava.zerodep.shaded.org.apache.hc.client5.http.headers - http-outgoing-1 << Ostype: linux
12:59:35.410 [Test worker] DEBUG com.github.dockerjava.zerodep.shaded.org.apache.hc.client5.http.headers - http-outgoing-1 << Server: Docker/20.10.8 (linux)
12:59:35.410 [Test worker] DEBUG com.github.dockerjava.zerodep.shaded.org.apache.hc.client5.http.headers - http-outgoing-1 << Transfer-Encoding: chunked
12:59:35.410 [Test worker] DEBUG com.github.dockerjava.zerodep.shaded.org.apache.hc.client5.http.impl.classic.MainClientExec - ex-00000009: connection can be kept alive for 3 MINUTES
12:59:35.410 [Test worker] DEBUG com.github.dockerjava.zerodep.shaded.org.apache.hc.client5.http.wire - http-outgoing-1 << "4a[\r][\n]"
12:59:35.410 [Test worker] DEBUG com.github.dockerjava.zerodep.shaded.org.apache.hc.client5.http.wire - http-outgoing-1 << "{"Id":"aa5e0292be16cb701d3b15db280d2837121aa5e50a03d5ec136657b895b53fd3"}[\n]"
12:59:35.410 [Test worker] DEBUG com.github.dockerjava.zerodep.shaded.org.apache.hc.client5.http.wire - http-outgoing-1 << "[\r][\n]"
12:59:35.410 [Test worker] DEBUG com.github.dockerjava.zerodep.shaded.org.apache.hc.client5.http.wire - http-outgoing-1 << "0[\r][\n]"
12:59:35.410 [Test worker] DEBUG com.github.dockerjava.zerodep.shaded.org.apache.hc.client5.http.wire - http-outgoing-1 << "[\r][\n]"
12:59:35.411 [Test worker] DEBUG com.github.dockerjava.zerodep.shaded.org.apache.hc.client5.http.impl.classic.InternalHttpClient - ep-00000008: releasing valid endpoint
12:59:35.412 [Test worker] DEBUG com.github.dockerjava.zerodep.shaded.org.apache.hc.client5.http.impl.io.PoolingHttpClientConnectionManager - ep-00000008: releasing endpoint
12:59:35.412 [Test worker] DEBUG com.github.dockerjava.zerodep.shaded.org.apache.hc.client5.http.impl.io.PoolingHttpClientConnectionManager - ep-00000008: connection http-outgoing-1 can be kept alive for 3 MINUTES
12:59:35.412 [Test worker] DEBUG com.github.dockerjava.zerodep.shaded.org.apache.hc.client5.http.impl.io.PoolingHttpClientConnectionManager - ep-00000008: connection released [route: {}->unix://localhost:2375][total available: 1; route allocated: 1 of 2147483647; total allocated: 1 of 2147483647]
12:59:35.415 [docker-java-stream--1882676380] DEBUG com.github.dockerjava.zerodep.shaded.org.apache.hc.client5.http.impl.classic.InternalHttpClient - ex-0000000A: preparing request execution
12:59:35.415 [docker-java-stream--1882676380] DEBUG com.github.dockerjava.zerodep.shaded.org.apache.hc.client5.http.protocol.RequestAddCookies - Cookie spec selected: strict
12:59:35.415 [docker-java-stream--1882676380] DEBUG com.github.dockerjava.zerodep.shaded.org.apache.hc.client5.http.protocol.RequestAuthCache - Auth cache not set in the context
12:59:35.415 [docker-java-stream--1882676380] DEBUG com.github.dockerjava.zerodep.shaded.org.apache.hc.client5.http.impl.classic.ProtocolExec - ex-0000000A: target auth state: UNCHALLENGED
12:59:35.415 [docker-java-stream--1882676380] DEBUG com.github.dockerjava.zerodep.shaded.org.apache.hc.client5.http.impl.classic.ProtocolExec - ex-0000000A: proxy auth state: UNCHALLENGED
12:59:35.415 [docker-java-stream--1882676380] DEBUG com.github.dockerjava.zerodep.shaded.org.apache.hc.client5.http.impl.classic.ConnectExec - ex-0000000A: acquiring connection with route {}->unix://localhost:2375
12:59:35.415 [docker-java-stream--1882676380] DEBUG com.github.dockerjava.zerodep.shaded.org.apache.hc.client5.http.impl.classic.InternalHttpClient - ex-0000000A: acquiring endpoint (3 MINUTES)
12:59:35.416 [docker-java-stream--1882676380] DEBUG com.github.dockerjava.zerodep.shaded.org.apache.hc.client5.http.impl.io.PoolingHttpClientConnectionManager - ex-0000000A: endpoint lease request (3 MINUTES) [route: {}->unix://localhost:2375][total available: 1; route allocated: 1 of 2147483647; total allocated: 1 of 2147483647]
12:59:35.416 [docker-java-stream--1882676380] DEBUG com.github.dockerjava.zerodep.shaded.org.apache.hc.client5.http.impl.io.PoolingHttpClientConnectionManager - ex-0000000A: endpoint leased [route: {}->unix://localhost:2375][total available: 0; route allocated: 1 of 2147483647; total allocated: 1 of 2147483647]
12:59:35.416 [docker-java-stream--1882676380] DEBUG com.github.dockerjava.zerodep.shaded.org.apache.hc.client5.http.impl.io.PoolingHttpClientConnectionManager - ex-0000000A: acquired ep-00000009
12:59:35.416 [docker-java-stream--1882676380] DEBUG com.github.dockerjava.zerodep.shaded.org.apache.hc.client5.http.impl.classic.InternalHttpClient - ex-0000000A: acquired endpoint ep-00000009
12:59:35.416 [docker-java-stream--1882676380] DEBUG com.github.dockerjava.zerodep.shaded.org.apache.hc.client5.http.impl.classic.MainClientExec - ex-0000000A: executing POST /v1.32/exec/aa5e0292be16cb701d3b15db280d2837121aa5e50a03d5ec136657b895b53fd3/start HTTP/1.1
12:59:35.416 [docker-java-stream--1882676380] DEBUG com.github.dockerjava.zerodep.shaded.org.apache.hc.client5.http.impl.classic.InternalHttpClient - ep-00000009: start execution ex-0000000A
12:59:35.416 [docker-java-stream--1882676380] DEBUG com.github.dockerjava.zerodep.shaded.org.apache.hc.client5.http.impl.io.PoolingHttpClientConnectionManager - ep-00000009: executing exchange ex-0000000A over http-outgoing-1
12:59:35.416 [docker-java-stream--1882676380] DEBUG com.github.dockerjava.zerodep.shaded.org.apache.hc.client5.http.headers - http-outgoing-1 >> POST /v1.32/exec/aa5e0292be16cb701d3b15db280d2837121aa5e50a03d5ec136657b895b53fd3/start HTTP/1.1
12:59:35.416 [docker-java-stream--1882676380] DEBUG com.github.dockerjava.zerodep.shaded.org.apache.hc.client5.http.headers - http-outgoing-1 >> accept: application/json
12:59:35.416 [docker-java-stream--1882676380] DEBUG com.github.dockerjava.zerodep.shaded.org.apache.hc.client5.http.headers - http-outgoing-1 >> content-type: application/json
12:59:35.416 [docker-java-stream--1882676380] DEBUG com.github.dockerjava.zerodep.shaded.org.apache.hc.client5.http.headers - http-outgoing-1 >> Accept-Encoding: gzip, x-gzip, deflate
12:59:35.416 [docker-java-stream--1882676380] DEBUG com.github.dockerjava.zerodep.shaded.org.apache.hc.client5.http.headers - http-outgoing-1 >> Content-Length: 26
12:59:35.416 [docker-java-stream--1882676380] DEBUG com.github.dockerjava.zerodep.shaded.org.apache.hc.client5.http.headers - http-outgoing-1 >> Host: localhost:2375
12:59:35.416 [docker-java-stream--1882676380] DEBUG com.github.dockerjava.zerodep.shaded.org.apache.hc.client5.http.headers - http-outgoing-1 >> Connection: keep-alive
12:59:35.416 [docker-java-stream--1882676380] DEBUG com.github.dockerjava.zerodep.shaded.org.apache.hc.client5.http.headers - http-outgoing-1 >> User-Agent: Apache-HttpClient/5.0.3 (Java/17.0.1)
12:59:35.416 [docker-java-stream--1882676380] DEBUG com.github.dockerjava.zerodep.shaded.org.apache.hc.client5.http.wire - http-outgoing-1 >> "POST /v1.32/exec/aa5e0292be16cb701d3b15db280d2837121aa5e50a03d5ec136657b895b53fd3/start HTTP/1.1[\r][\n]"
12:59:35.416 [docker-java-stream--1882676380] DEBUG com.github.dockerjava.zerodep.shaded.org.apache.hc.client5.http.wire - http-outgoing-1 >> "accept: application/json[\r][\n]"
12:59:35.416 [docker-java-stream--1882676380] DEBUG com.github.dockerjava.zerodep.shaded.org.apache.hc.client5.http.wire - http-outgoing-1 >> "content-type: application/json[\r][\n]"
12:59:35.416 [docker-java-stream--1882676380] DEBUG com.github.dockerjava.zerodep.shaded.org.apache.hc.client5.http.wire - http-outgoing-1 >> "Accept-Encoding: gzip, x-gzip, deflate[\r][\n]"
12:59:35.416 [docker-java-stream--1882676380] DEBUG com.github.dockerjava.zerodep.shaded.org.apache.hc.client5.http.wire - http-outgoing-1 >> "Content-Length: 26[\r][\n]"
12:59:35.416 [docker-java-stream--1882676380] DEBUG com.github.dockerjava.zerodep.shaded.org.apache.hc.client5.http.wire - http-outgoing-1 >> "Host: localhost:2375[\r][\n]"
12:59:35.416 [docker-java-stream--1882676380] DEBUG com.github.dockerjava.zerodep.shaded.org.apache.hc.client5.http.wire - http-outgoing-1 >> "Connection: keep-alive[\r][\n]"
12:59:35.417 [docker-java-stream--1882676380] DEBUG com.github.dockerjava.zerodep.shaded.org.apache.hc.client5.http.wire - http-outgoing-1 >> "User-Agent: Apache-HttpClient/5.0.3 (Java/17.0.1)[\r][\n]"
12:59:35.417 [docker-java-stream--1882676380] DEBUG com.github.dockerjava.zerodep.shaded.org.apache.hc.client5.http.wire - http-outgoing-1 >> "[\r][\n]"
12:59:35.417 [docker-java-stream--1882676380] DEBUG com.github.dockerjava.zerodep.shaded.org.apache.hc.client5.http.wire - http-outgoing-1 >> "{"Detach":null,"Tty":null}"
12:59:35.437 [docker-java-stream--1882676380] DEBUG com.github.dockerjava.zerodep.shaded.org.apache.hc.client5.http.wire - http-outgoing-1 << "HTTP/1.1 200 OK[\r][\n]"
12:59:35.437 [docker-java-stream--1882676380] DEBUG com.github.dockerjava.zerodep.shaded.org.apache.hc.client5.http.wire - http-outgoing-1 << "Api-Version: 1.41[\r][\n]"
12:59:35.437 [docker-java-stream--1882676380] DEBUG com.github.dockerjava.zerodep.shaded.org.apache.hc.client5.http.wire - http-outgoing-1 << "Content-Type: application/vnd.docker.raw-stream[\r][\n]"
12:59:35.437 [docker-java-stream--1882676380] DEBUG com.github.dockerjava.zerodep.shaded.org.apache.hc.client5.http.wire - http-outgoing-1 << "Docker-Experimental: false[\r][\n]"
12:59:35.437 [docker-java-stream--1882676380] DEBUG com.github.dockerjava.zerodep.shaded.org.apache.hc.client5.http.wire - http-outgoing-1 << "Ostype: linux[\r][\n]"
12:59:35.437 [docker-java-stream--1882676380] DEBUG com.github.dockerjava.zerodep.shaded.org.apache.hc.client5.http.wire - http-outgoing-1 << "Server: Docker/20.10.8 (linux)[\r][\n]"
12:59:35.438 [docker-java-stream--1882676380] DEBUG com.github.dockerjava.zerodep.shaded.org.apache.hc.client5.http.wire - http-outgoing-1 << "[\r][\n]"
12:59:35.438 [docker-java-stream--1882676380] DEBUG com.github.dockerjava.zerodep.shaded.org.apache.hc.client5.http.headers - http-outgoing-1 << HTTP/1.1 200 OK
12:59:35.438 [docker-java-stream--1882676380] DEBUG com.github.dockerjava.zerodep.shaded.org.apache.hc.client5.http.headers - http-outgoing-1 << Api-Version: 1.41
12:59:35.438 [docker-java-stream--1882676380] DEBUG com.github.dockerjava.zerodep.shaded.org.apache.hc.client5.http.headers - http-outgoing-1 << Content-Type: application/vnd.docker.raw-stream
12:59:35.438 [docker-java-stream--1882676380] DEBUG com.github.dockerjava.zerodep.shaded.org.apache.hc.client5.http.headers - http-outgoing-1 << Docker-Experimental: false
12:59:35.438 [docker-java-stream--1882676380] DEBUG com.github.dockerjava.zerodep.shaded.org.apache.hc.client5.http.headers - http-outgoing-1 << Ostype: linux
12:59:35.438 [docker-java-stream--1882676380] DEBUG com.github.dockerjava.zerodep.shaded.org.apache.hc.client5.http.headers - http-outgoing-1 << Server: Docker/20.10.8 (linux)
12:59:35.540 [docker-java-stream--1882676380] DEBUG com.github.dockerjava.zerodep.shaded.org.apache.hc.client5.http.wire - http-outgoing-1 << "[0x1][0x0][0x0][0x0][0x0][0x0][0x4][0x4]Filesystem           1024-blocks    Used Available Capacity Mounted on[\n]"
12:59:35.540 [docker-java-stream--1882676380] DEBUG com.github.dockerjava.zerodep.shaded.org.apache.hc.client5.http.wire - http-outgoing-1 << "overlay               61255492   5091544  53022624   9% /[\n]"
12:59:35.540 [docker-java-stream--1882676380] DEBUG com.github.dockerjava.zerodep.shaded.org.apache.hc.client5.http.wire - http-outgoing-1 << "tmpfs                    65536         0     65536   0% /dev[\n]"
12:59:35.541 [docker-java-stream--1882676380] DEBUG com.github.dockerjava.zerodep.shaded.org.apache.hc.client5.http.wire - http-outgoing-1 << "tmpfs                  1016480         0   1016480   0% /sys/fs/cgroup[\n]"
12:59:35.541 [docker-java-stream--1882676380] DEBUG com.github.dockerjava.zerodep.shaded.org.apache.hc.client5.http.wire - http-outgoing-1 << "/dev/vda1             61255492   5091544  53022624   9% /etc/resolv.conf[\n]"
12:59:35.541 [docker-java-stream--1882676380] DEBUG com.github.dockerjava.zerodep.shaded.org.apache.hc.client5.http.wire - http-outgoing-1 << "/dev/vda1             61255492   5091544  53022624   9% /etc/hostname[\n]"
12:59:35.541 [docker-java-stream--1882676380] DEBUG com.github.dockerjava.zerodep.shaded.org.apache.hc.client5.http.wire - http-outgoing-1 << "/dev/vda1             61255492   5091544  53022624   9% /etc/hosts[\n]"
12:59:35.541 [docker-java-stream--1882676380] DEBUG com.github.dockerjava.zerodep.shaded.org.apache.hc.client5.http.wire - http-outgoing-1 << "shm                      65536         0     65536   0% /dev/shm[\n]"
12:59:35.541 [docker-java-stream--1882676380] DEBUG com.github.dockerjava.zerodep.shaded.org.apache.hc.client5.http.wire - http-outgoing-1 << "tmpfs                   203300       460    202840   0% /run/docker.sock[\n]"
12:59:35.541 [docker-java-stream--1882676380] DEBUG com.github.dockerjava.zerodep.shaded.org.apache.hc.client5.http.wire - http-outgoing-1 << "tmpfs                  1016480         0   1016480   0% /proc/acpi[\n]"
12:59:35.541 [docker-java-stream--1882676380] DEBUG com.github.dockerjava.zerodep.shaded.org.apache.hc.client5.http.wire - http-outgoing-1 << "tmpfs                    65536         0     65536   0% /proc/kcore[\n]"
12:59:35.541 [docker-java-stream--1882676380] DEBUG com.github.dockerjava.zerodep.shaded.org.apache.hc.client5.http.wire - http-outgoing-1 << "tmpfs                    65536         0     65536   0% /proc/keys[\n]"
12:59:35.541 [docker-java-stream--1882676380] DEBUG com.github.dockerjava.zerodep.shaded.org.apache.hc.client5.http.wire - http-outgoing-1 << "tmpfs                    65536         0     65536   0% /proc/timer_list[\n]"
12:59:35.541 [docker-java-stream--1882676380] DEBUG com.github.dockerjava.zerodep.shaded.org.apache.hc.client5.http.wire - http-outgoing-1 << "tmpfs                    65536         0     65536   0% /proc/sched_debug[\n]"
12:59:35.542 [docker-java-stream--1882676380] DEBUG com.github.dockerjava.zerodep.shaded.org.apache.hc.client5.http.wire - http-outgoing-1 << "tmpfs                  1016480         0   1016480   0% /sys/firmware[\n]"
12:59:35.543 [docker-java-stream--1882676380] DEBUG com.github.dockerjava.zerodep.shaded.org.apache.hc.client5.http.wire - http-outgoing-1 << "end of stream"
12:59:35.544 [docker-java-stream--1882676380] DEBUG com.github.dockerjava.zerodep.shaded.org.apache.hc.client5.http.impl.io.DefaultManagedHttpClientConnection - http-outgoing-1: close connection IMMEDIATE
12:59:35.544 [docker-java-stream--1882676380] DEBUG com.github.dockerjava.zerodep.shaded.org.apache.hc.client5.http.impl.classic.InternalHttpClient - ep-00000009: endpoint closed
12:59:35.544 [docker-java-stream--1882676380] DEBUG com.github.dockerjava.zerodep.shaded.org.apache.hc.client5.http.impl.classic.InternalHttpClient - ep-00000009: discarding endpoint
12:59:35.544 [docker-java-stream--1882676380] DEBUG com.github.dockerjava.zerodep.shaded.org.apache.hc.client5.http.impl.io.PoolingHttpClientConnectionManager - ep-00000009: releasing endpoint
12:59:35.544 [docker-java-stream--1882676380] DEBUG com.github.dockerjava.zerodep.shaded.org.apache.hc.client5.http.impl.io.PoolingHttpClientConnectionManager - ep-00000009: connection is not kept alive
12:59:35.544 [docker-java-stream--1882676380] DEBUG com.github.dockerjava.zerodep.shaded.org.apache.hc.client5.http.impl.io.PoolingHttpClientConnectionManager - ep-00000009: connection released [route: {}->unix://localhost:2375][total available: 0; route allocated: 0 of 2147483647; total allocated: 0 of 2147483647]
12:59:35.546 [Test worker] INFO org.testcontainers.DockerClientFactory - ✔︎ Docker environment should have more than 2GB free disk space
12:59:35.547 [Test worker] DEBUG org.testcontainers.utility.PrefixingImageNameSubstitutor - No prefix is configured
12:59:35.547 [Test worker] DEBUG org.testcontainers.utility.ImageNameSubstitutor - Did not find a substitute image for postgres:13-alpine (using image substitutor: DefaultImageNameSubstitutor (composite of 'ConfigurationFileImageNameSubstitutor' and 'PrefixingImageNameSubstitutor'))
12:59:35.550 [Test worker] DEBUG org.testcontainers.shaded.com.github.dockerjava.core.command.AbstrDockerCmd - Cmd: ListImagesCmdImpl[imageNameFilter=<null>,showAll=false,filters=org.testcontainers.shaded.com.github.dockerjava.core.util.FiltersBuilder@0]
12:59:35.557 [Test worker] DEBUG com.github.dockerjava.zerodep.shaded.org.apache.hc.client5.http.impl.classic.InternalHttpClient - ex-0000000B: preparing request execution
12:59:35.557 [Test worker] DEBUG com.github.dockerjava.zerodep.shaded.org.apache.hc.client5.http.protocol.RequestAddCookies - Cookie spec selected: strict
12:59:35.557 [Test worker] DEBUG com.github.dockerjava.zerodep.shaded.org.apache.hc.client5.http.protocol.RequestAuthCache - Auth cache not set in the context
12:59:35.557 [Test worker] DEBUG com.github.dockerjava.zerodep.shaded.org.apache.hc.client5.http.impl.classic.ProtocolExec - ex-0000000B: target auth state: UNCHALLENGED
12:59:35.557 [Test worker] DEBUG com.github.dockerjava.zerodep.shaded.org.apache.hc.client5.http.impl.classic.ProtocolExec - ex-0000000B: proxy auth state: UNCHALLENGED
12:59:35.557 [Test worker] DEBUG com.github.dockerjava.zerodep.shaded.org.apache.hc.client5.http.impl.classic.ConnectExec - ex-0000000B: acquiring connection with route {}->unix://localhost:2375
12:59:35.557 [Test worker] DEBUG com.github.dockerjava.zerodep.shaded.org.apache.hc.client5.http.impl.classic.InternalHttpClient - ex-0000000B: acquiring endpoint (3 MINUTES)
12:59:35.558 [Test worker] DEBUG com.github.dockerjava.zerodep.shaded.org.apache.hc.client5.http.impl.io.PoolingHttpClientConnectionManager - ex-0000000B: endpoint lease request (3 MINUTES) [route: {}->unix://localhost:2375][total available: 0; route allocated: 0 of 2147483647; total allocated: 0 of 2147483647]
12:59:35.558 [Test worker] DEBUG com.github.dockerjava.zerodep.shaded.org.apache.hc.client5.http.impl.io.PoolingHttpClientConnectionManager - ex-0000000B: endpoint leased [route: {}->unix://localhost:2375][total available: 0; route allocated: 1 of 2147483647; total allocated: 1 of 2147483647]
12:59:35.558 [Test worker] DEBUG com.github.dockerjava.zerodep.shaded.org.apache.hc.client5.http.impl.io.PoolingHttpClientConnectionManager - ex-0000000B: acquired ep-0000000A
12:59:35.558 [Test worker] DEBUG com.github.dockerjava.zerodep.shaded.org.apache.hc.client5.http.impl.classic.InternalHttpClient - ex-0000000B: acquired endpoint ep-0000000A
12:59:35.558 [Test worker] DEBUG com.github.dockerjava.zerodep.shaded.org.apache.hc.client5.http.impl.classic.ConnectExec - ex-0000000B: opening connection {}->unix://localhost:2375
12:59:35.558 [Test worker] DEBUG com.github.dockerjava.zerodep.shaded.org.apache.hc.client5.http.impl.classic.InternalHttpClient - ep-0000000A: connecting endpoint (3 MINUTES)
12:59:35.558 [Test worker] DEBUG com.github.dockerjava.zerodep.shaded.org.apache.hc.client5.http.impl.io.PoolingHttpClientConnectionManager - ep-0000000A: connecting endpoint to unix://localhost:2375 (3 MINUTES)
12:59:35.558 [Test worker] DEBUG com.github.dockerjava.zerodep.shaded.org.apache.hc.client5.http.impl.io.DefaultHttpClientConnectionOperator - http-outgoing-2: connecting to localhost/127.0.0.1:2375
12:59:35.558 [Test worker] DEBUG com.github.dockerjava.zerodep.shaded.org.apache.hc.client5.http.impl.io.DefaultHttpClientConnectionOperator - http-outgoing-2: connection established /var/run/docker.sock<->/var/run/docker.sock
12:59:35.559 [Test worker] DEBUG com.github.dockerjava.zerodep.shaded.org.apache.hc.client5.http.impl.io.PoolingHttpClientConnectionManager - ep-0000000A: connected http-outgoing-2
12:59:35.559 [Test worker] DEBUG com.github.dockerjava.zerodep.shaded.org.apache.hc.client5.http.impl.classic.InternalHttpClient - ep-0000000A: endpoint connected
12:59:35.559 [Test worker] DEBUG com.github.dockerjava.zerodep.shaded.org.apache.hc.client5.http.impl.classic.MainClientExec - ex-0000000B: executing GET /v1.32/images/json HTTP/1.1
12:59:35.559 [Test worker] DEBUG com.github.dockerjava.zerodep.shaded.org.apache.hc.client5.http.impl.classic.InternalHttpClient - ep-0000000A: start execution ex-0000000B
12:59:35.559 [Test worker] DEBUG com.github.dockerjava.zerodep.shaded.org.apache.hc.client5.http.impl.io.PoolingHttpClientConnectionManager - ep-0000000A: executing exchange ex-0000000B over http-outgoing-2
12:59:35.559 [Test worker] DEBUG com.github.dockerjava.zerodep.shaded.org.apache.hc.client5.http.headers - http-outgoing-2 >> GET /v1.32/images/json HTTP/1.1
12:59:35.559 [Test worker] DEBUG com.github.dockerjava.zerodep.shaded.org.apache.hc.client5.http.headers - http-outgoing-2 >> accept: application/json
12:59:35.559 [Test worker] DEBUG com.github.dockerjava.zerodep.shaded.org.apache.hc.client5.http.headers - http-outgoing-2 >> Accept-Encoding: gzip, x-gzip, deflate
12:59:35.559 [Test worker] DEBUG com.github.dockerjava.zerodep.shaded.org.apache.hc.client5.http.headers - http-outgoing-2 >> Host: localhost:2375
12:59:35.559 [Test worker] DEBUG com.github.dockerjava.zerodep.shaded.org.apache.hc.client5.http.headers - http-outgoing-2 >> Connection: keep-alive
12:59:35.559 [Test worker] DEBUG com.github.dockerjava.zerodep.shaded.org.apache.hc.client5.http.headers - http-outgoing-2 >> User-Agent: Apache-HttpClient/5.0.3 (Java/17.0.1)
12:59:35.559 [Test worker] DEBUG com.github.dockerjava.zerodep.shaded.org.apache.hc.client5.http.wire - http-outgoing-2 >> "GET /v1.32/images/json HTTP/1.1[\r][\n]"
12:59:35.559 [Test worker] DEBUG com.github.dockerjava.zerodep.shaded.org.apache.hc.client5.http.wire - http-outgoing-2 >> "accept: application/json[\r][\n]"
12:59:35.559 [Test worker] DEBUG com.github.dockerjava.zerodep.shaded.org.apache.hc.client5.http.wire - http-outgoing-2 >> "Accept-Encoding: gzip, x-gzip, deflate[\r][\n]"
12:59:35.559 [Test worker] DEBUG com.github.dockerjava.zerodep.shaded.org.apache.hc.client5.http.wire - http-outgoing-2 >> "Host: localhost:2375[\r][\n]"
12:59:35.559 [Test worker] DEBUG com.github.dockerjava.zerodep.shaded.org.apache.hc.client5.http.wire - http-outgoing-2 >> "Connection: keep-alive[\r][\n]"
12:59:35.559 [Test worker] DEBUG com.github.dockerjava.zerodep.shaded.org.apache.hc.client5.http.wire - http-outgoing-2 >> "User-Agent: Apache-HttpClient/5.0.3 (Java/17.0.1)[\r][\n]"
12:59:35.559 [Test worker] DEBUG com.github.dockerjava.zerodep.shaded.org.apache.hc.client5.http.wire - http-outgoing-2 >> "[\r][\n]"
12:59:35.574 [Test worker] DEBUG com.github.dockerjava.zerodep.shaded.org.apache.hc.client5.http.wire - http-outgoing-2 << "HTTP/1.1 200 OK[\r][\n]"
12:59:35.575 [Test worker] DEBUG com.github.dockerjava.zerodep.shaded.org.apache.hc.client5.http.wire - http-outgoing-2 << "Api-Version: 1.41[\r][\n]"
12:59:35.575 [Test worker] DEBUG com.github.dockerjava.zerodep.shaded.org.apache.hc.client5.http.wire - http-outgoing-2 << "Content-Type: application/json[\r][\n]"
12:59:35.575 [Test worker] DEBUG com.github.dockerjava.zerodep.shaded.org.apache.hc.client5.http.wire - http-outgoing-2 << "Date: Tue, 01 Feb 2022 18:59:35 GMT[\r][\n]"
12:59:35.575 [Test worker] DEBUG com.github.dockerjava.zerodep.shaded.org.apache.hc.client5.http.wire - http-outgoing-2 << "Docker-Experimental: false[\r][\n]"
12:59:35.575 [Test worker] DEBUG com.github.dockerjava.zerodep.shaded.org.apache.hc.client5.http.wire - http-outgoing-2 << "Ostype: linux[\r][\n]"
12:59:35.575 [Test worker] DEBUG com.github.dockerjava.zerodep.shaded.org.apache.hc.client5.http.wire - http-outgoing-2 << "Server: Docker/20.10.8 (linux)[\r][\n]"
12:59:35.575 [Test worker] DEBUG com.github.dockerjava.zerodep.shaded.org.apache.hc.client5.http.wire - http-outgoing-2 << "Transfer-Encoding: chunked[\r][\n]"
12:59:35.575 [Test worker] DEBUG com.github.dockerjava.zerodep.shaded.org.apache.hc.client5.http.wire - http-outgoing-2 << "[\r][\n]"
12:59:35.575 [Test worker] DEBUG com.github.dockerjava.zerodep.shaded.org.apache.hc.client5.http.headers - http-outgoing-2 << HTTP/1.1 200 OK
12:59:35.575 [Test worker] DEBUG com.github.dockerjava.zerodep.shaded.org.apache.hc.client5.http.headers - http-outgoing-2 << Api-Version: 1.41
12:59:35.575 [Test worker] DEBUG com.github.dockerjava.zerodep.shaded.org.apache.hc.client5.http.headers - http-outgoing-2 << Content-Type: application/json
12:59:35.576 [Test worker] DEBUG com.github.dockerjava.zerodep.shaded.org.apache.hc.client5.http.headers - http-outgoing-2 << Date: Tue, 01 Feb 2022 18:59:35 GMT
12:59:35.576 [Test worker] DEBUG com.github.dockerjava.zerodep.shaded.org.apache.hc.client5.http.headers - http-outgoing-2 << Docker-Experimental: false
12:59:35.576 [Test worker] DEBUG com.github.dockerjava.zerodep.shaded.org.apache.hc.client5.http.headers - http-outgoing-2 << Ostype: linux
12:59:35.576 [Test worker] DEBUG com.github.dockerjava.zerodep.shaded.org.apache.hc.client5.http.headers - http-outgoing-2 << Server: Docker/20.10.8 (linux)
12:59:35.576 [Test worker] DEBUG com.github.dockerjava.zerodep.shaded.org.apache.hc.client5.http.headers - http-outgoing-2 << Transfer-Encoding: chunked
12:59:35.576 [Test worker] DEBUG com.github.dockerjava.zerodep.shaded.org.apache.hc.client5.http.impl.classic.MainClientExec - ex-0000000B: connection can be kept alive for 3 MINUTES
12:59:35.576 [Test worker] DEBUG com.github.dockerjava.zerodep.shaded.org.apache.hc.client5.http.wire - http-outgoing-2 << "8000[\r][\n]"
12:59:35.577 [Test worker] DEBUG com.github.dockerjava.zerodep.shaded.org.apache.hc.client5.http.wire - http-outgoing-2 << "[{"Containers":-1,"Created":1643245809,"Id":"sha256:da2cb49d7a8d1416cfc2ec6fb47b60112b3a2f276bcf7439ef18e7c505b83fc6","Labels":null,"ParentId":"","RepoDigests":["postgres@sha256:3162a6ead070474b27289f09eac4c865e75f93847a2d7098f718ee5a721637c4"],"RepoTags":["postgres:14.1"],"SharedSize":-1,"Size":374037906,"VirtualSize":374037906},{"Containers":-1,"Created":1641259210,"Id":"sha256:2846754c5b09c3b6265244b8511f6078476a75c588488451cf09d75f30142294","Labels":null,"ParentId":"","RepoDigests":["postgres@sha256:8048dd080d627956cc6d9f49eae706b1e71efadcca33f7b16f7a2357d9ff96ef"],"RepoTags":["postgres:13-alpine"],"SharedSize":-1,"Size":205156002,"VirtualSize":205156002},{"Containers":-1,"Created":1635525407,"Id":"sha256:e82a8ed1c3fc7a98e755175ed59bd6103f5c756efe1213b8639003f464340d8e","Labels":{"maintainer":"Dilip Sundarraj <dilip.bandlasundarraj@gmail.com>"},"ParentId":"","RepoDigests":null,"RepoTags":["explore-spring-boot/licensing-service:latest"],"SharedSize":-1,"Size":449632505,"VirtualSize":449632505},{"Containers":-1,"Created":1635182035,"Id":"sha256:f711165f28b902b7a1e0a657c99ebce880dac65e69492a27bb1b76579bc632de","Labels":{"io.buildpacks.stack.description":"ubuntu:bionic + openssl + CA certs","io.buildpacks.stack.distro.name":"Ubuntu","io.buildpacks.stack.distro.version":"18.04","io.buildpacks.stack.homepage":"https://github.com/paketo-buildpacks/stacks","io.buildpacks.stack.id":"io.buildpacks.stacks.bionic","io.buildpacks.stack.maintainer":"Paketo Buildpacks","io.buildpacks.stack.metadata":"{\"base-image\": \"paketobuildpacks/run@sha256:98396f9054dba59aa13299e91453dca47fe816a91288858043d9bd6daba80ddb\"}","io.buildpacks.stack.mixins":"[\"adduser\",\"apt\",\"base-files\",\"base-passwd\",\"bash\",\"bsdutils\",\"bzip2\",\"ca-certificates\",\"coreutils\",\"dash\",\"debconf\",\"debianutils\",\"diffutils\",\"dpkg\",\"e2fsprogs\",\"fdisk\",\"findutils\",\"gcc-8-base\",\"gpgv\",\"grep\",\"gzip\",\"hostname\",\"init-system-helpers\",\"libacl1\",\"libapt-pkg5.0\",\"libattr1\",\"libaudit-common\",\"libaudit1\",\"libblkid1\",\"libbz2-1.0\",\"libc-bin\",\"libc6\",\"libcap-ng0\",\"libcom-err2\",\"libdb5.3\",\"libdebconfclient0\",\"libext2fs2\",\"libfdisk1\",\"libffi6\",\"libgcc1\",\"libgcrypt20\",\"libgmp10\",\"libgnutls30\",\"libgpg-error0\",\"libhogweed4\",\"libidn2-0\",\"liblz4-1\",\"liblzma5\",\"libmount1\",\"libncurses5\",\"libncursesw5\",\"libnettle6\",\"libp11-kit0\",\"libpam-modules\",\"libpam-modules-bin\",\"libpam-runtime\",\"libpam0g\",\"libpcre3\",\"libprocps6\",\"libseccomp2\",\"libselinux1\",\"libsemanage-common\",\"libsemanage1\",\"libsepol1\",\"libsmartcols1\",\"libss2\",\"libssl1.1\",\"libstdc++6\",\"libsystemd0\",\"libtasn1-6\",\"libtinfo5\",\"libudev1\",\"libunistring2\",\"libuuid1\",\"libyaml-0-2\",\"libzstd1\",\"locales\",\"login\",\"lsb-base\",\"mawk\",\"mount\",\"ncurses-base\",\"ncurses-bin\",\"netbase\",\"openssl\",\"passwd\",\"perl-base\",\"procps\",\"sed\",\"sensible-utils\",\"sysvinit-utils\",\"tar\",\"tzdata\",\"ubuntu-keyring\",\"util-linux\",\"zlib1g\"]","io.buildpacks.stack.released":"2021-10-25T17:08:08Z","io.paketo.stack.packages":"[{\"name\":\"adduser\",\"version\":\"3.116ubuntu1\",\"arch\":\"all\",\"source\":{\"name\":\"adduser\",\"version\":\"3.116ubuntu1\",\"upstreamVersion\":\"3.116ubuntu1\"},\"summary\":\"add and remove users and groups\"},{\"name\":\"apt\",\"version\":\"1.6.14\",\"arch\":\"amd64\",\"source\":{\"name\":\"apt\",\"version\":\"1.6.14\",\"upstreamVersion\":\"1.6.14\"},\"summary\":\"commandline package manager\"},{\"name\":\"base-files\",\"version\":\"10.1ubuntu2.11\",\"arch\":\"amd64\",\"source\":{\"name\":\"base-files\",\"version\":\"10.1ubuntu2.11\",\"upstreamVersion\":\"10.1ubuntu2.11\"},\"summary\":\"Debian base system miscellaneous files\"},{\"name\":\"base-passwd\",\"version\":\"3.5.44\",\"arch\":\"amd64\",\"source\":{\"name\":\"base-passwd\",\"version\":\"3.5.44\",\"upstreamVersion\":\"3.5.44\"},\"summary\":\"Debian base system master password and group files\"},{\"name\":\"bash\",\"version\":\"4.4.18-2ubuntu1.2\",\"arch\":\"amd64\",\"source\":{\"name\":\"bash\",\"version\":\"4.4.18-2ubuntu1.2\",\"upstreamVersion\":\"4.4.18\"},\"summary\":\"GNU Bourne Again SHell\"},{\"name\":\"bsdutils\",\"version\":\"1:2.31.1-0.4ubuntu3.7\",\"arch\":\"amd64\",\"source\":{\"name\":\"util-linux\",\"version\":\"2.31.1-0.4ubuntu3.7\",\"upstreamVersion\":\"2.31.1\"},\"summary\":\"basic utilities from 4.4BSD-Lite\"},{\"name\":\"bzip2\",\"version\":\"1.0.6-8.1ubuntu0.2\",\"arch\":\"amd64\",\"source\":{\"name\":\"bzip2\",\"version\":\"1.0.6-8.1ubuntu0.2\",\"upstreamVersion\":\"1.0.6\"},\"summary\":\"high-quality block-sorting file compressor - utilities\"},{\"name\":\"ca-certificates\",\"version\":\"20210119~18.04.2\",\"arch\":\"all\",\"source\":{\"name\":\"ca-certificates\",\"version\":\"20210119~18.04.2\",\"upstreamVersion\":\"20210119~18.04.2\"},\"summary\":\"Common CA certificates\"},{\"name\":\"coreutils\",\"version\":\"8.28-1ubuntu1\",\"arch\":\"amd64\",\"source\":{\"name\":\"coreutils\",\"version\":\"8.28-1ubuntu1\",\"upstreamVersion\":\"8.28\"},\"summary\":\"GNU core utilities\"},{\"name\":\"dash\",\"version\":\"0.5.8-2.10\",\"arch\":\"amd64\",\"source\":{\"name\":\"dash\",\"version\":\"0.5.8-2.10\",\"upstreamVersion\":\"0.5.8\"},\"summary\":\"POSIX-compliant shell\"},{\"name\":\"debconf\",\"version\":\"1.5.66ubuntu1\",\"arch\":\"all\",\"source\":{\"name\":\"debconf\",\"version\":\"1.5.66ubuntu1\",\"upstreamVersion\":\"1.5.66ubuntu1\"},\"summary\":\"Debian configuration management system\"},{\"name\":\"debianutils\",\"version\":\"4.8.4\",\"arch\":\"amd64\",\"source\":{\"name\":\"debianutils\",\"version\":\"4.8.4\",\"upstreamVersion\":\"4.8.4\"},\"summary\":\"Miscellaneous utilities specific to Debian\"},{\"name\":\"diffutils\",\"version\":\"1:3.6-1\",\"arch\":\"amd64\",\"source\":{\"name\":\"diffutils\",\"version\":\"1:3.6-1\",\"upstreamVersion\":\"3.6\"},\"summary\":\"File comparison utilities\"},{\"name\":\"dpkg\",\"version\":\"1.19.0.5ubuntu2.3\",\"arch\":\"amd64\",\"source\":{\"name\":\"dpkg\",\"version\":\"1.19.0.5ubuntu2.3\",\"upstreamVersion\":\"1.19.0.5ubuntu2.3\"},\"summary\":\"Debian package management system\"},{\"name\":\"e2fsprogs\",\"version\":\"1.44.1-1ubuntu1.3\",\"arch\":\"amd64\",\"source\":{\"name\":\"e2fsprogs\",\"version\":\"1.44.1-1ubuntu1.3\",\"upstreamVersion\":\"1.44.1\"},\"summary\":\"ext2/ext3/ext4 file system utilities\"},{\"name\":\"fdisk\",\"version\":\"2.31.1-0.4ubuntu3.7\",\"arch\":\"amd64\",\"source\":{\"name\":\"util-linux\",\"version\":\"2.31.1-0.4ubuntu3.7\",\"upstreamVersion\":\"2.31.1\"},\"summary\":\"collection of partitioning utilities\"},{\"name\":\"findutils\",\"version\":\"4.6.0+git+20170828-2\",\"arch\":\"amd64\",\"source\":{\"name\":\"findutils\",\"version\":\"4.6.0+git+20170828-2\",\"upstreamVersion\":\"4.6.0+git+20170828\"},\"summary\":\"utilities for finding files--find, xargs\"},{\"name\":\"gcc-8-base:amd64\",\"version\":\"8.4.0-1ubuntu1~18.04\",\"arch\":\"amd64\",\"source\":{\"name\":\"gcc-8\",\"version\":\"8.4.0-1ubuntu1~18.04\",\"upstreamVersion\":\"8.4.0\"},\"summary\":\"GCC, the GNU Compiler Collection (base package)\"},{\"name\":\"gpgv\",\"version\":\"2.2.4-1ubuntu1.4\",\"arch\":\"amd64\",\"source\":{\"name\":\"gnupg2\",\"version\":\"2.2.4-1ubuntu1.4\",\"upstreamVersion\":\"2.2.4\"},\"summary\":\"GNU privacy guard - signature verification tool\"},{\"name\":\"grep\",\"version\":\"3.1-2build1\",\"arch\":\"amd64\",\"source\":{\"name\":\"grep\",\"version\":\"3.1-2build1\",\"upstreamVersion\":\"3.1\"},\"summary\":\"GNU grep, egrep and fgrep\"},{\"name\":\"gzip\",\"version\":\"1.6-5ubuntu1.1\",\"arch\":\"amd64\",\"source\":{\"name\":\"gzip\",\"version\":\"1.6-5ubuntu1.1\",\"upstreamVersion\":\"1.6\"},\"summary\":\"GNU compression utilities\"},{\"name\":\"hostname\",\"version\":\"3.20\",\"arch\":\"amd64\",\"source\":{\"name\":\"hostname\",\"version\":\"3.20\",\"upstreamVersion\":\"3.20\"},\"summary\":\"utility to set/show the host name or domain name\"},{\"name\":\"init-system-helpers\",\"version\":\"1.51\",\"arch\":\"all\",\"source\":{\"name\":\"init-system-helpers\",\"version\":\"1.51\",\"upstreamVersion\":\"1.51\"},\"summary\":\"helper tools for all in"
12:59:35.581 [Test worker] DEBUG com.github.dockerjava.zerodep.shaded.org.apache.hc.client5.http.wire - http-outgoing-2 << "it systems\"},{\"name\":\"libacl1:amd64\",\"version\":\"2.2.52-3build1\",\"arch\":\"amd64\",\"source\":{\"name\":\"acl\",\"version\":\"2.2.52-3build1\",\"upstreamVersion\":\"2.2.52\"},\"summary\":\"Access control list shared library\"},{\"name\":\"libapt-pkg5.0:amd64\",\"version\":\"1.6.14\",\"arch\":\"amd64\",\"source\":{\"name\":\"apt\",\"version\":\"1.6.14\",\"upstreamVersion\":\"1.6.14\"},\"summary\":\"package management runtime library\"},{\"name\":\"libattr1:amd64\",\"version\":\"1:2.4.47-2build1\",\"arch\":\"amd64\",\"source\":{\"name\":\"attr\",\"version\":\"1:2.4.47-2build1\",\"upstreamVersion\":\"2.4.47\"},\"summary\":\"Extended attribute shared library\"},{\"name\":\"libaudit-common\",\"version\":\"1:2.8.2-1ubuntu1.1\",\"arch\":\"all\",\"source\":{\"name\":\"audit\",\"version\":\"1:2.8.2-1ubuntu1.1\",\"upstreamVersion\":\"2.8.2\"},\"summary\":\"Dynamic library for security auditing - common files\"},{\"name\":\"libaudit1:amd64\",\"version\":\"1:2.8.2-1ubuntu1.1\",\"arch\":\"amd64\",\"source\":{\"name\":\"audit\",\"version\":\"1:2.8.2-1ubuntu1.1\",\"upstreamVersion\":\"2.8.2\"},\"summary\":\"Dynamic library for security auditing\"},{\"name\":\"libblkid1:amd64\",\"version\":\"2.31.1-0.4ubuntu3.7\",\"arch\":\"amd64\",\"source\":{\"name\":\"util-linux\",\"version\":\"2.31.1-0.4ubuntu3.7\",\"upstreamVersion\":\"2.31.1\"},\"summary\":\"block device ID library\"},{\"name\":\"libbz2-1.0:amd64\",\"version\":\"1.0.6-8.1ubuntu0.2\",\"arch\":\"amd64\",\"source\":{\"name\":\"bzip2\",\"version\":\"1.0.6-8.1ubuntu0.2\",\"upstreamVersion\":\"1.0.6\"},\"summary\":\"high-quality block-sorting file compressor library - runtime\"},{\"name\":\"libc-bin\",\"version\":\"2.27-3ubuntu1.4\",\"arch\":\"amd64\",\"source\":{\"name\":\"glibc\",\"version\":\"2.27-3ubuntu1.4\",\"upstreamVersion\":\"2.27\"},\"summary\":\"GNU C Library: Binaries\"},{\"name\":\"libc6:amd64\",\"version\":\"2.27-3ubuntu1.4\",\"arch\":\"amd64\",\"source\":{\"name\":\"glibc\",\"version\":\"2.27-3ubuntu1.4\",\"upstreamVersion\":\"2.27\"},\"summary\":\"GNU C Library: Shared libraries\"},{\"name\":\"libcap-ng0:amd64\",\"version\":\"0.7.7-3.1\",\"arch\":\"amd64\",\"source\":{\"name\":\"libcap-ng\",\"version\":\"0.7.7-3.1\",\"upstreamVersion\":\"0.7.7\"},\"summary\":\"An alternate POSIX capabilities library\"},{\"name\":\"libcom-err2:amd64\",\"version\":\"1.44.1-1ubuntu1.3\",\"arch\":\"amd64\",\"source\":{\"name\":\"e2fsprogs\",\"version\":\"1.44.1-1ubuntu1.3\",\"upstreamVersion\":\"1.44.1\"},\"summary\":\"common error description library\"},{\"name\":\"libdb5.3:amd64\",\"version\":\"5.3.28-13.1ubuntu1.1\",\"arch\":\"amd64\",\"source\":{\"name\":\"db5.3\",\"version\":\"5.3.28-13.1ubuntu1.1\",\"upstreamVersion\":\"5.3.28\"},\"summary\":\"Berkeley v5.3 Database Libraries [runtime]\"},{\"name\":\"libdebconfclient0:amd64\",\"version\":\"0.213ubuntu1\",\"arch\":\"amd64\",\"source\":{\"name\":\"cdebconf\",\"version\":\"0.213ubuntu1\",\"upstreamVersion\":\"0.213ubuntu1\"},\"summary\":\"Debian Configuration Management System (C-implementation library)\"},{\"name\":\"libext2fs2:amd64\",\"version\":\"1.44.1-1ubuntu1.3\",\"arch\":\"amd64\",\"source\":{\"name\":\"e2fsprogs\",\"version\":\"1.44.1-1ubuntu1.3\",\"upstreamVersion\":\"1.44.1\"},\"summary\":\"ext2/ext3/ext4 file system libraries\"},{\"name\":\"libfdisk1:amd64\",\"version\":\"2.31.1-0.4ubuntu3.7\",\"arch\":\"amd64\",\"source\":{\"name\":\"util-linux\",\"version\":\"2.31.1-0.4ubuntu3.7\",\"upstreamVersion\":\"2.31.1\"},\"summary\":\"fdisk partitioning library\"},{\"name\":\"libffi6:amd64\",\"version\":\"3.2.1-8\",\"arch\":\"amd64\",\"source\":{\"name\":\"libffi\",\"version\":\"3.2.1-8\",\"upstreamVersion\":\"3.2.1\"},\"summary\":\"Foreign Function Interface library runtime\"},{\"name\":\"libgcc1:amd64\",\"version\":\"1:8.4.0-1ubuntu1~18.04\",\"arch\":\"amd64\",\"source\":{\"name\":\"gcc-8\",\"version\":\"8.4.0-1ubuntu1~18.04\",\"upstreamVersion\":\"8.4.0\"},\"summary\":\"GCC support library\"},{\"name\":\"libgcrypt20:amd64\",\"version\":\"1.8.1-4ubuntu1.3\",\"arch\":\"amd64\",\"source\":{\"name\":\"libgcrypt20\",\"version\":\"1.8.1-4ubuntu1.3\",\"upstreamVersion\":\"1.8.1\"},\"summary\":\"LGPL Crypto library - runtime library\"},{\"name\":\"libgmp10:amd64\",\"version\":\"2:6.1.2+dfsg-2\",\"arch\":\"amd64\",\"source\":{\"name\":\"gmp\",\"version\":\"2:6.1.2+dfsg-2\",\"upstreamVersion\":\"6.1.2+dfsg\"},\"summary\":\"Multiprecision arithmetic library\"},{\"name\":\"libgnutls30:amd64\",\"version\":\"3.5.18-1ubuntu1.5\",\"arch\":\"amd64\",\"source\":{\"name\":\"gnutls28\",\"version\":\"3.5.18-1ubuntu1.5\",\"upstreamVersion\":\"3.5.18\"},\"summary\":\"GNU TLS library - main runtime library\"},{\"name\":\"libgpg-error0:amd64\",\"version\":\"1.27-6\",\"arch\":\"amd64\",\"source\":{\"name\":\"libgpg-error\",\"version\":\"1.27-6\",\"upstreamVersion\":\"1.27\"},\"summary\":\"library for common error values and messages in GnuPG components\"},{\"name\":\"libhogweed4:amd64\",\"version\":\"3.4.1-0ubuntu0.18.04.1\",\"arch\":\"amd64\",\"source\":{\"name\":\"nettle\",\"version\":\"3.4.1-0ubuntu0.18.04.1\",\"upstreamVersion\":\"3.4.1\"},\"summary\":\"low level cryptographic library (public-key cryptos)\"},{\"name\":\"libidn2-0:amd64\",\"version\":\"2.0.4-1.1ubuntu0.2\",\"arch\":\"amd64\",\"source\":{\"name\":\"libidn2\",\"version\":\"2.0.4-1.1ubuntu0.2\",\"upstreamVersion\":\"2.0.4\"},\"summary\":\"Internationalized domain names (IDNA2008/TR46) library\"},{\"name\":\"liblz4-1:amd64\",\"version\":\"0.0~r131-2ubuntu3.1\",\"arch\":\"amd64\",\"source\":{\"name\":\"lz4\",\"version\":\"0.0~r131-2ubuntu3.1\",\"upstreamVersion\":\"0.0~r131\"},\"summary\":\"Fast LZ compression algorithm library - runtime\"},{\"name\":\"liblzma5:amd64\",\"version\":\"5.2.2-1.3\",\"arch\":\"amd64\",\"source\":{\"name\":\"xz-utils\",\"version\":\"5.2.2-1.3\",\"upstreamVersion\":\"5.2.2\"},\"summary\":\"XZ-format compression library\"},{\"name\":\"libmount1:amd64\",\"version\":\"2.31.1-0.4ubuntu3.7\",\"arch\":\"amd64\",\"source\":{\"name\":\"util-linux\",\"version\":\"2.31.1-0.4ubuntu3.7\",\"upstreamVersion\":\"2.31.1\"},\"summary\":\"device mounting library\"},{\"name\":\"libncurses5:amd64\",\"version\":\"6.1-1ubuntu1.18.04\",\"arch\":\"amd64\",\"source\":{\"name\":\"ncurses\",\"version\":\"6.1-1ubuntu1.18.04\",\"upstreamVersion\":\"6.1\"},\"summary\":\"shared libraries for terminal handling\"},{\"name\":\"libncursesw5:amd64\",\"version\":\"6.1-1ubuntu1.18.04\",\"arch\":\"amd64\",\"source\":{\"name\":\"ncurses\",\"version\":\"6.1-1ubuntu1.18.04\",\"upstreamVersion\":\"6.1\"},\"summary\":\"shared libraries for terminal handling (wide character support)\"},{\"name\":\"libnettle6:amd64\",\"version\":\"3.4.1-0ubuntu0.18.04.1\",\"arch\":\"amd64\",\"source\":{\"name\":\"nettle\",\"version\":\"3.4.1-0ubuntu0.18.04.1\",\"upstreamVersion\":\"3.4.1\"},\"summary\":\"low level cryptographic library (symmetric and one-way cryptos)\"},{\"name\":\"libp11-kit0:amd64\",\"version\":\"0.23.9-2ubuntu0.1\",\"arch\":\"amd64\",\"source\":{\"name\":\"p11-kit\",\"version\":\"0.23.9-2ubuntu0.1\",\"upstreamVersion\":\"0.23.9\"},\"summary\":\"library for loading and coordinating access to PKCS#11 modules - runtime\"},{\"name\":\"libpam-modules:amd64\",\"version\":\"1.1.8-3.6ubuntu2.18.04.3\",\"arch\":\"amd64\",\"source\":{\"name\":\"pam\",\"version\":\"1.1.8-3.6ubuntu2.18.04.3\",\"upstreamVersion\":\"1.1.8\"},\"summary\":\"Pluggable Authentication Modules for PAM\"},{\"name\":\"libpam-modules-bin\",\"version\":\"1.1.8-3.6ubuntu2.18.04.3\",\"arch\":\"amd64\",\"source\":{\"name\":\"pam\",\"version\":\"1.1.8-3.6ubuntu2.18.04.3\",\"upstreamVersion\":\"1.1.8\"},\"summary\":\"Pluggable Authentication Modules for PAM - helper binaries\"},{\"name\":\"libpam-runtime\",\"version\":\"1.1.8-3.6ubuntu2.18.04.3\",\"arch\":\"all\",\"source\":{\"name\":\"pam\",\"version\":\"1.1.8-3.6ubuntu2.18.04.3\",\"upstreamVersion\":\"1.1.8\"},\"summary\":\"Runtime support for the PAM library\"},{\"name\":\"libpam0g:amd64\",\"version\":\"1.1.8-3.6ubunt"
12:59:35.583 [Test worker] DEBUG com.github.dockerjava.zerodep.shaded.org.apache.hc.client5.http.wire - http-outgoing-2 << "u2.18.04.3\",\"arch\":\"amd64\",\"source\":{\"name\":\"pam\",\"version\":\"1.1.8-3.6ubuntu2.18.04.3\",\"upstreamVersion\":\"1.1.8\"},\"summary\":\"Pluggable Authentication Modules library\"},{\"name\":\"libpcre3:amd64\",\"version\":\"2:8.39-9\",\"arch\":\"amd64\",\"source\":{\"name\":\"pcre3\",\"version\":\"2:8.39-9\",\"upstreamVersion\":\"8.39\"},\"summary\":\"Old Perl 5 Compatible Regular Expression Library - runtime files\"},{\"name\":\"libprocps6:amd64\",\"version\":\"2:3.3.12-3ubuntu1.2\",\"arch\":\"amd64\",\"source\":{\"name\":\"procps\",\"version\":\"2:3.3.12-3ubuntu1.2\",\"upstreamVersion\":\"3.3.12\"},\"summary\":\"library for accessing process information from /proc\"},{\"name\":\"libseccomp2:amd64\",\"version\":\"2.5.1-1ubuntu1~18.04.1\",\"arch\":\"amd64\",\"source\":{\"name\":\"libseccomp\",\"version\":\"2.5.1-1ubuntu1~18.04.1\",\"upstreamVersion\":\"2.5.1\"},\"summary\":\"high level interface to Linux seccomp filter\"},{\"name\":\"libselinux1:amd64\",\"version\":\"2.7-2build2\",\"arch\":\"amd64\",\"source\":{\"name\":\"libselinux\",\"version\":\"2.7-2build2\",\"upstreamVersion\":\"2.7\"},\"summary\":\"SELinux runtime shared libraries\"},{\"name\":\"libsemanage-common\",\"version\":\"2.7-2build2\",\"arch\":\"all\",\"source\":{\"name\":\"libsemanage\",\"version\":\"2.7-2build2\",\"upstreamVersion\":\"2.7\"},\"summary\":\"Common files for SELinux policy management libraries\"},{\"name\":\"libsemanage1:amd64\",\"version\":\"2.7-2build2\",\"arch\":\"amd64\",\"source\":{\"name\":\"libsemanage\",\"version\":\"2.7-2build2\",\"upstreamVersion\":\"2.7\"},\"summary\":\"SELinux policy management library\"},{\"name\":\"libsepol1:amd64\",\"version\":\"2.7-1\",\"arch\":\"amd64\",\"source\":{\"name\":\"libsepol\",\"version\":\"2.7-1\",\"upstreamVersion\":\"2.7\"},\"summary\":\"SELinux library for manipulating binary security policies\"},{\"name\":\"libsmartcols1:amd64\",\"version\":\"2.31.1-0.4ubuntu3.7\",\"arch\":\"amd64\",\"source\":{\"name\":\"util-linux\",\"version\":\"2.31.1-0.4ubuntu3.7\",\"upstreamVersion\":\"2.31.1\"},\"summary\":\"smart column output alignment library\"},{\"name\":\"libss2:amd64\",\"version\":\"1.44.1-1ubuntu1.3\",\"arch\":\"amd64\",\"source\":{\"name\":\"e2fsprogs\",\"version\":\"1.44.1-1ubuntu1.3\",\"upstreamVersion\":\"1.44.1\"},\"summary\":\"command-line interface parsing library\"},{\"name\":\"libssl1.1:amd64\",\"version\":\"1.1.1-1ubuntu2.1~18.04.13\",\"arch\":\"amd64\",\"source\":{\"name\":\"openssl\",\"version\":\"1.1.1-1ubuntu2.1~18.04.13\",\"upstreamVersion\":\"1.1.1\"},\"summary\":\"Secure Sockets Layer toolkit - shared libraries\"},{\"name\":\"libstdc++6:amd64\",\"version\":\"8.4.0-1ubuntu1~18.04\",\"arch\":\"amd64\",\"source\":{\"name\":\"gcc-8\",\"version\":\"8.4.0-1ubuntu1~18.04\",\"upstreamVersion\":\"8.4.0\"},\"summary\":\"GNU Standard C++ Library v3\"},{\"name\":\"libsystemd0:amd64\",\"version\":\"237-3ubuntu10.52\",\"arch\":\"amd64\",\"source\":{\"name\":\"systemd\",\"version\":\"237-3ubuntu10.52\",\"upstreamVersion\":\"237\"},\"summary\":\"systemd utility library\"},{\"name\":\"libtasn1-6:amd64\",\"version\":\"4.13-2\",\"arch\":\"amd64\",\"source\":{\"name\":\"libtasn1-6\",\"version\":\"4.13-2\",\"upstreamVersion\":\"4.13\"},\"summary\":\"Manage ASN.1 structures (runtime)\"},{\"name\":\"libtinfo5:amd64\",\"version\":\"6.1-1ubuntu1.18.04\",\"arch\":\"amd64\",\"source\":{\"name\":\"ncurses\",\"version\":\"6.1-1ubuntu1.18.04\",\"upstreamVersion\":\"6.1\"},\"summary\":\"shared low-level terminfo library for terminal handling\"},{\"name\":\"libudev1:amd64\",\"version\":\"237-3ubuntu10.52\",\"arch\":\"amd64\",\"source\":{\"name\":\"systemd\",\"version\":\"237-3ubuntu10.52\",\"upstreamVersion\":\"237\"},\"summary\":\"libudev shared library\"},{\"name\":\"libunistring2:amd64\",\"version\":\"0.9.9-0ubuntu2\",\"arch\":\"amd64\",\"source\":{\"name\":\"libunistring\",\"version\":\"0.9.9-0ubuntu2\",\"upstreamVersion\":\"0.9.9\"},\"summary\":\"Unicode string library for C\"},{\"name\":\"libuuid1:amd64\",\"version\":\"2.31.1-0.4ubuntu3.7\",\"arch\":\"amd64\",\"source\":{\"name\":\"util-linux\",\"version\":\"2.31.1-0.4ubuntu3.7\",\"upstreamVersion\":\"2.31.1\"},\"summary\":\"Universally Unique ID library\"},{\"name\":\"libyaml-0-2:amd64\",\"version\":\"0.1.7-2ubuntu3\",\"arch\":\"amd64\",\"source\":{\"name\":\"libyaml\",\"version\":\"0.1.7-2ubuntu3\",\"upstreamVersion\":\"0.1.7\"},\"summary\":\"Fast YAML 1.1 parser and emitter library\"},{\"name\":\"libzstd1:amd64\",\"version\":\"1.3.3+dfsg-2ubuntu1.2\",\"arch\":\"amd64\",\"source\":{\"name\":\"libzstd\",\"version\":\"1.3.3+dfsg-2ubuntu1.2\",\"upstreamVersion\":\"1.3.3+dfsg\"},\"summary\":\"fast lossless compression algorithm\"},{\"name\":\"locales\",\"version\":\"2.27-3ubuntu1.4\",\"arch\":\"all\",\"source\":{\"name\":\"glibc\",\"version\":\"2.27-3ubuntu1.4\",\"upstreamVersion\":\"2.27\"},\"summary\":\"GNU C Library: National Language (locale) data [support]\"},{\"name\":\"login\",\"version\":\"1:4.5-1ubuntu2\",\"arch\":\"amd64\",\"source\":{\"name\":\"shadow\",\"version\":\"1:4.5-1ubuntu2\",\"upstreamVersion\":\"4.5\"},\"summary\":\"system login tools\"},{\"name\":\"lsb-base\",\"version\":\"9.20170808ubuntu1\",\"arch\":\"all\",\"source\":{\"name\":\"lsb\",\"version\":\"9.20170808ubuntu1\",\"upstreamVersion\":\"9.20170808ubuntu1\"},\"summary\":\"Linux Standard Base init script functionality\"},{\"name\":\"mawk\",\"version\":\"1.3.3-17ubuntu3\",\"arch\":\"amd64\",\"source\":{\"name\":\"mawk\",\"version\":\"1.3.3-17ubuntu3\",\"upstreamVersion\":\"1.3.3\"},\"summary\":\"a pattern scanning and text processing language\"},{\"name\":\"mount\",\"version\":\"2.31.1-0.4ubuntu3.7\",\"arch\":\"amd64\",\"source\":{\"name\":\"util-linux\",\"version\":\"2.31.1-0.4ubuntu3.7\",\"upstreamVersion\":\"2.31.1\"},\"summary\":\"tools for mounting and manipulating filesystems\"},{\"name\":\"ncurses-base\",\"version\":\"6.1-1ubuntu1.18.04\",\"arch\":\"all\",\"source\":{\"name\":\"ncurses\",\"version\":\"6.1-1ubuntu1.18.04\",\"upstreamVersion\":\"6.1\"},\"summary\":\"basic terminal type definitions\"},{\"name\":\"ncurses-bin\",\"version\":\"6.1-1ubuntu1.18.04\",\"arch\":\"amd64\",\"source\":{\"name\":\"ncurses\",\"version\":\"6.1-1ubuntu1.18.04\",\"upstreamVersion\":\"6.1\"},\"summary\":\"terminal-related programs and man pages\"},{\"name\":\"netbase\",\"version\":\"5.4\",\"arch\":\"all\",\"source\":{\"name\":\"netbase\",\"version\":\"5.4\",\"upstreamVersion\":\"5.4\"},\"summary\":\"Basic TCP/IP networking system\"},{\"name\":\"openssl\",\"version\":\"1.1.1-1ubuntu2.1~18.04.13\",\"arch\":\"amd64\",\"source\":{\"name\":\"openssl\",\"version\":\"1.1.1-1ubuntu2.1~18.04.13\",\"upstreamVersion\":\"1.1.1\"},\"summary\":\"Secure Sockets Layer toolkit - cryptographic utility\"},{\"name\":\"passwd\",\"version\":\"1:4.5-1ubuntu2\",\"arch\":\"amd64\",\"source\":{\"name\":\"shadow\",\"version\":\"1:4.5-1ubuntu2\",\"upstreamVersion\":\"4.5\"},\"summary\":\"change and administer password and group data\"},{\"name\":\"perl-base\",\"version\":\"5.26.1-6ubuntu0.5\",\"arch\":\"amd64\",\"source\":{\"name\":\"perl\",\"version\":\"5.26.1-6ubuntu0.5\",\"upstreamVersion\":\"5.26.1\"},\"summary\":\"minimal Perl system\"},{\"name\":\"procps\",\"version\":\"2:3.3.12-3ubuntu1.2\",\"arch\":\"amd64\",\"source\":{\"name\":\"procps\",\"version\":\"2:3.3.12-3ubuntu1.2\",\"upstreamVersion\":\"3.3.12\"},\"summary\":\"/proc file system utilities\"},{\"name\":\"sed\",\"version\":\"4.4-2\",\"arch\":\"amd64\",\"source\":{\"name\":\"sed\",\"version\":\"4.4-2\",\"upstreamVersion\":\"4.4\"},\"summary\":\"GNU stream editor for filtering/transforming text\"},{\"name\":\"sensible-utils\",\"version\":\"0.0.12\",\"arch\":\"all\",\"source\":{\"name\":\"sensible-utils\",\"version\":\"0.0.12\",\"upstreamVersion\":\"0.0.12\"},\"summary\":\"Utilities for sensible alternative selection\"},{\"name\":\"sysvinit-utils\",\"version\":\"2.88dsf-59.10ubuntu1\",\"arch\":\"amd64\",\"source\":{\"name\":\"sysvinit\",\"version\":\"2.88dsf-59.10ubuntu1\",\"up"
12:59:35.584 [Test worker] DEBUG com.github.dockerjava.zerodep.shaded.org.apache.hc.client5.http.wire - http-outgoing-2 << "streamVersion\":\"2.88dsf\"},\"summary\":\"System-V-like utilities\"},{\"name\":\"tar\",\"version\":\"1.29b-2ubuntu0.2\",\"arch\":\"amd64\",\"source\":{\"name\":\"tar\",\"version\":\"1.29b-2ubuntu0.2\",\"upstreamVersion\":\"1.29b\"},\"summary\":\"GNU version of the tar archiving utility\"},{\"name\":\"tzdata\",\"version\":\"2021a-2ubuntu0.18.04\",\"arch\":\"all\",\"source\":{\"name\":\"tzdata\",\"version\":\"2021a-2ubuntu0.18.04\",\"upstreamVersion\":\"2021a\"},\"summary\":\"time zone and daylight-saving time data\"},{\"name\":\"ubuntu-keyring\",\"version\":\"2018.09.18.1~18.04.2\",\"arch\":\"all\",\"source\":{\"name\":\"ubuntu-keyring\",\"version\":\"2018.09.18.1~18.04.2\",\"upstreamVersion\":\"2018.09.18.1~18.04.2\"},\"summary\":\"GnuPG keys of the Ubuntu archive\"},{\"name\":\"util-linux\",\"version\":\"2.31.1-0.4ubuntu3.7\",\"arch\":\"amd64\",\"source\":{\"name\":\"util-linux\",\"version\":\"2.31.1-0.4ubuntu3.7\",\"upstreamVersion\":\"2.31.1\"},\"summary\":\"miscellaneous system utilities\"},{\"name\":\"zlib1g:amd64\",\"version\":\"1:1.2.11.dfsg-0ubuntu2\",\"arch\":\"amd64\",\"source\":{\"name\":\"zlib\",\"version\":\"1:1.2.11.dfsg-0ubuntu2\",\"upstreamVersion\":\"1.2.11.dfsg\"},\"summary\":\"compression library - runtime\"}]"},"ParentId":"","RepoDigests":["paketobuildpacks/run@sha256:7af224f4e2d435f53ee0316e10d40547620c7acd367d75c232cb66e9a15bf2f8"],"RepoTags":["paketobuildpacks/run:base-cnb"],"SharedSize":-1,"Size":87099899,"VirtualSize":87099899},{"Containers":-1,"Created":1634200477,"Id":"sha256:64f4b02dc9864d9621d248e55835408a03b3cd8239b790e610c71c29ea45a3b9","Labels":null,"ParentId":"","RepoDigests":["testcontainers/ryuk@sha256:d50c04005142e165182b2e408d0c76f3cc38ca4db4af14125ce1b938820e5cef"],"RepoTags":["testcontainers/ryuk:0.3.3"],"SharedSize":-1,"Size":11982543,"VirtualSize":11982543},{"Containers":-1,"Created":1620830104,"Id":"sha256:82b8b88e26bcfa205a3fd81c9f0a1d84e1a6a8f5f2499f54668c17de94262148","Labels":null,"ParentId":"","RepoDigests":["postgres@sha256:0eee5caa50478ef50b89062903a5b901eb818dfd577d2be6800a4735af75e53f"],"RepoTags":["postgres:13.2"],"SharedSize":-1,"Size":314330985,"VirtualSize":314330985},{"Containers":-1,"Created":1539906279,"Id":"sha256:3fce051f5a48aed47979bdb0ed4b3d0d205f32bc577c758f0158871c761a639b","Labels":null,"ParentId":"","RepoDigests":["postgres@sha256:e19acdab213d6318565a6da5fb824ca5161e99fe63dbc37036557aacb35fae51"],"RepoTags":["postgres:10.5"],"SharedSize":-1,"Size":228425402,"VirtualSize":228425402},{"Containers":-1,"Created":315532801,"Id":"sha256:ba55062225830e3e16998a558664b944d972cff6de4f5377bb2b7823b3237aca","Labels":{"io.buildpacks.build.metadata":"{\"bom\":[{\"name\":\"helper\",\"metadata\":{\"layer\":\"helper\",\"names\":[\"ca-certificates-helper\"],\"version\":\"2.4.2\"},\"buildpack\":{\"id\":\"paketo-buildpacks/ca-certificates\",\"version\":\"2.4.2\"}},{\"name\":\"jre\",\"metadata\":{\"layer\":\"jre\",\"licenses\":[{\"type\":\"GPL-2.0 WITH Classpath-exception-2.0\",\"uri\":\"https://openjdk.java.net/legal/gplv2+ce.html\"}],\"name\":\"BellSoft Liberica JRE\",\"sha256\":\"8bad208be75e67204bcc90cafc35d73506a0ec7cfc384674595003db69241965\",\"stacks\":[\"io.buildpacks.stacks.bionic\",\"io.paketo.stacks.tiny\",\"*\"],\"uri\":\"https://github.com/bell-sw/Liberica/releases/download/11.0.13+8/bellsoft-jre11.0.13+8-linux-amd64.tar.gz\",\"version\":\"11.0.13\"},\"buildpack\":{\"id\":\"paketo-buildpacks/bellsoft-liberica\",\"version\":\"8.9.0\"}},{\"name\":\"helper\",\"metadata\":{\"layer\":\"helper\",\"names\":[\"active-processor-count\",\"java-opts\",\"jvm-heap\",\"link-local-dns\",\"memory-calculator\",\"openssl-certificate-loader\",\"security-providers-configurer\",\"jmx\",\"jfr\",\"nmt\",\"security-providers-classpath-9\",\"debug-9\"],\"version\":\"8.9.0\"},\"buildpack\":{\"id\":\"paketo-buildpacks/bellsoft-liberica\",\"version\":\"8.9.0\"}},{\"name\":\"dependencies\",\"metadata\":{\"dependencies\":[{\"name\":\"HdrHistogram\",\"sha256\":\"9b47fbae444feaac4b7e04f0ea294569e4bc282bc69d8c2ce2ac3f23577281e2\",\"version\":\"2.1.12\"},{\"name\":\"LatencyUtils\",\"sha256\":\"a32a9ffa06b2f4e01c5360f8f9df7bc5d9454a5d373cd8f361347fa5a57165ec\",\"version\":\"2.0.3\"},{\"name\":\"accessors-smart\",\"sha256\":\"ef5103429f101f7e3ff62f3a182342720439eaea43d2eed3119bba770bb202a9\",\"version\":\"2.4.7\"},{\"name\":\"asm\",\"sha256\":\"cda4de455fab48ff0bcb7c48b4639447d4de859a7afc30a094a986f0936beba2\",\"version\":\"9.1\"},{\"name\":\"jackson-annotations\",\"sha256\":\"517926d9fe04cadd55120790d0b5355e4f656ffe2969e4d480a0e7f95a983e9e\",\"version\":\"2.12.5\"},{\"name\":\"jackson-core\",\"sha256\":\"0c9860b8fb6f24f59e083e0b92a17c515c45312951fc272d093e4709faed6356\",\"version\":\"2.12.5\"},{\"name\":\"jackson-databind\",\"sha256\":\"d49cdfd82443fa5869d75fe53680012cef2dd74621b69d37da69087c40f1575a\",\"version\":\"2.12.5\"},{\"name\":\"jackson-datatype-jdk8\",\"sha256\":\"8a622d3ee65bf02b41bce57aa5b5eadfbf093b99446ec7d4566026a7800262a1\",\"version\":\"2.12.5\"},{\"name\":\"jackson-datatype-jsr310\",\"sha256\":\"fc8af8cae7520f324b68506d74cb6df1513299040469a331c0f38b6f5bc31ceb\",\"version\":\"2.12.5\"},{\"name\":\"jackson-module-parameter-names\",\"sha256\":\"220b1b72a4f56d896c3a427a7ff4e690434fc2e28ef3ceff24dc3a656b1ac315\",\"version\":\"2.12.5\"},{\"name\":\"jakarta.annotation-api\",\"sha256\":\"85fb03fc054cdf4efca8efd9b6712bbb418e1ab98241c4539c8585bbc23e1b8a\",\"version\":\"1.3.5\"},{\"name\":\"json-path\",\"sha256\":\"4ed3c4c2d4e477cb2a349c0ebb8c22f0584702221ddbaafd166fddcd2101029b\",\"version\":\"2.5.0\"},{\"name\":\"json-smart\",\"sha256\":\"28c17ed16ac22e6845743fd1e84321edf5d7735fc216e44ee269d106bf3d8146\",\"version\":\"2.4.7\"},{\"name\":\"jul-to-slf4j\",\"sha256\":\"6dee8d85ad6943aff0600f14897c469e64bae0413ee33a15c448af00432c0642\",\"version\":\"1.7.32\"},{\"name\":\"log4j-api\",\"sha256\":\"8caf58db006c609949a0068110395a33067a2bad707c3da35e959c0473f9a916\",\"version\":\"2.14.1\"},{\"name\":\"log4j-to-slf4j\",\"sha256\":\"8ba1d1b1c8313731ee053368371b9606c1d71436ac010b0bf91b4c7fc643a1bf\",\"version\":\"2.14.1\"},{\"name\":\"logback-classic\",\"sha256\":\"5c4b268dee383be9e2ca639ef57f5547ab8f26120ee945e9fa2029aec1194758\",\"version\":\"1.2.6\"},{\"name\":\"logback-core\",\"sha256\":\"bd230183f6bd7d023076d8e91571b04651504fab905d52885c4b6e867962377e\",\"version\":\"1.2.6\"},{\"name\":\"micrometer-core\",\"sha256\":\"d01220a71202893dddc87bfb0d6b0597f2a14db75a875a6bc231b9d4ac0234e6\",\"version\":\"1.7.5\"},{\"name\":\"slf4j-api\",\"sha256\":\"3624f8474c1af46d75f98bc097d7864a323c81b3808aa43689a6e1c601c027be\",\"version\":\"1.7.32\"},{\"name\":\"snakeyaml\",\"sha256\":\"35446a1421435d45e4c6ac0de3b5378527d5cc2446c07183e24447730ce1fffa\",\"version\":\"1.28\"},{\"name\":\"spring-aop\",\"sha256\":\"7353fa4b7f27dbd85cf2a1cd87562466331825ae69c64b4840607b3fc6a66b0c\",\"version\":\"5.3.12\"},{\"name\":\"spring-beans\",\"sha256\":\"a88c010991f572723109ebd4d9c38974ddb78f4477f97cf48e9d364ec35f3432\",\"version\":\"5.3.12\"},{\"name\":\"spring-boot\",\"sha256\":\"26c625d41e8009308b9a7c6564a80e32264316c8d12b830ae2ef12bfd62d7756\",\"version\":\"2.5.6\"},{\"name\":\"spring-boot-actuator\",\"sha256\":\"53511c4c61f76fb35a3a7cfca3e7793cf64454be5f3cffcdd002e2ba235ffbaf\",\"version\":\"2.5.6\"},{\"name\":\"spring-boot-actuator-autoconfigure\",\"sha256\":\"d9b8f57265d504b5145743ebec2a096c5fea5392345b7c9bc711bc544bf30db1\",\"version\":\"2.5.6\"},{\"name\":\"spring-boot-autoconfigure\",\"sha256\":\"02fb184c2a9b1d913cea04e5517d45387eafdfc328925a6f26345933ce6276d4\",\"version\":\"2.5.6\"},{\"name\":\"spring-boot-jarmode-layertools\",\"sha256\":\"12264a621a442f3bf8def8bd7aeb7357188c40710b302ddb0f5f425a4bda73aa\",\"version\":\"2.5.6\"},{\"name\":\"spring-context\",\"sha256\":\"719997d09349d26ae2189a7b89958f2c2918bda952da71ef272c8c7a34d412b8\",\"version\":\"5.3.12\"},{\"name\":\"spring-core\",\"sha256\":\"d8442313d1c028a179915a9fcc1c0814f4afe1cca6adf85776ce25636afb5416\",\"version\":\"5.3.12\"},{\"name\":\"spring-expression\",\"sha256\":\"a173fb51e241be"
12:59:35.586 [Test worker] DEBUG com.github.dockerjava.zerodep.shaded.org.apache.hc.client5.http.wire - http-outgoing-2 << "bbcf07e23ae575b892cba478552ced848a7ad706f616ef0fe1\",\"version\":\"5.3.12\"},{\"name\":\"spring-hateoas\",\"sha256\":\"14ba3d086e93a9c0602e9af77e5bc87171c57a84abdcee1d46973852194a27b9\",\"version\":\"1.3.5\"},{\"name\":\"spring-jcl\",\"sha256\":\"d638106092147f89d157d002addc7f9ce2dc0350440915176ed30f6047a9ff53\",\"version\":\"5.3.12\"},{\"name\":\"spring-plugin-core\",\"sha256\":\"6e6d026d6b572495533692173a264c6959f48d5ef7f3d6faf4555a577d4a38d2\",\"version\":\"2.0.0.RELEASE\"},{\"name\":\"spring-web\",\"sha256\":\"0eb6a5643098a163dcb6e33b690d8441cee5a2d9e908e6723c860a11fdf5d1"
12:59:35.586 [Test worker] DEBUG com.github.dockerjava.zerodep.shaded.org.apache.hc.client5.http.wire - http-outgoing-2 << "[\r][\n]"
12:59:35.586 [Test worker] DEBUG com.github.dockerjava.zerodep.shaded.org.apache.hc.client5.http.wire - http-outgoing-2 << "8000[\r][\n]"
12:59:35.587 [Test worker] DEBUG com.github.dockerjava.zerodep.shaded.org.apache.hc.client5.http.wire - http-outgoing-2 << "25\",\"version\":\"5.3.12\"},{\"name\":\"spring-webmvc\",\"sha256\":\"d6c6567c04ebfcc9605dfe105817427eda3d8583b98c32b6a4eed802da843836\",\"version\":\"5.3.12\"},{\"name\":\"tomcat-embed-core\",\"sha256\":\"287f5b91c434df0eef104389c52c480ab4b66f80b494c16607fd82ae9217f8e3\",\"version\":\"9.0.54\"},{\"name\":\"tomcat-embed-el\",\"sha256\":\"7b8f4c699d4969d96c2c9502c234a2d95081910bde4e01acbf9773a2672f4c20\",\"version\":\"9.0.54\"},{\"name\":\"tomcat-embed-websocket\",\"sha256\":\"6397e08ab013c0283b7294c78600399dafa86e46df37cff59bbca88928a33464\",\"version\":\"9.0.54\"}],\"layer\":\"application\"},\"buildpack\":{\"id\":\"paketo-buildpacks/spring-boot\",\"version\":\"4.7.0\"}},{\"name\":\"helper\",\"metadata\":{\"layer\":\"helper\",\"names\":[\"spring-cloud-bindings\"],\"version\":\"4.7.0\"},\"buildpack\":{\"id\":\"paketo-buildpacks/spring-boot\",\"version\":\"4.7.0\"}},{\"name\":\"spring-cloud-bindings\",\"metadata\":{\"layer\":\"spring-cloud-bindings\",\"licenses\":[{\"type\":\"Apache-2.0\",\"uri\":\"https://github.com/spring-cloud/spring-cloud-bindings/blob/main/LICENSE\"}],\"name\":\"Spring Cloud Bindings\",\"sha256\":\"c75ef3152817c28c7049d7e0052dfba3ed461a7151984e594b656c0be927888e\",\"stacks\":[\"io.buildpacks.stacks.bionic\",\"io.paketo.stacks.tiny\",\"*\"],\"uri\":\"https://repo.spring.io/release/org/springframework/cloud/spring-cloud-bindings/1.8.0/spring-cloud-bindings-1.8.0.jar\",\"version\":\"1.8.0\"},\"buildpack\":{\"id\":\"paketo-buildpacks/spring-boot\",\"version\":\"4.7.0\"}}],\"buildpacks\":[{\"homepage\":\"https://github.com/paketo-buildpacks/ca-certificates\",\"id\":\"paketo-buildpacks/ca-certificates\",\"version\":\"2.4.2\"},{\"homepage\":\"https://github.com/paketo-buildpacks/bellsoft-liberica\",\"id\":\"paketo-buildpacks/bellsoft-liberica\",\"version\":\"8.9.0\"},{\"homepage\":\"https://github.com/paketo-buildpacks/executable-jar\",\"id\":\"paketo-buildpacks/executable-jar\",\"version\":\"5.3.1\"},{\"homepage\":\"https://github.com/paketo-buildpacks/dist-zip\",\"id\":\"paketo-buildpacks/dist-zip\",\"version\":\"4.3.0\"},{\"homepage\":\"https://github.com/paketo-buildpacks/spring-boot\",\"id\":\"paketo-buildpacks/spring-boot\",\"version\":\"4.7.0\"}],\"launcher\":{\"version\":\"0.12.0\",\"source\":{\"git\":{\"repository\":\"github.com/buildpacks/lifecycle\",\"commit\":\"e391f0f0\"}}},\"processes\":[{\"type\":\"executable-jar\",\"command\":\"java\",\"args\":[\"org.springframework.boot.loader.JarLauncher\"],\"direct\":true,\"buildpackID\":\"paketo-buildpacks/executable-jar\"},{\"type\":\"task\",\"command\":\"java\",\"args\":[\"org.springframework.boot.loader.JarLauncher\"],\"direct\":true,\"buildpackID\":\"paketo-buildpacks/executable-jar\"},{\"type\":\"web\",\"command\":\"java\",\"args\":[\"org.springframework.boot.loader.JarLauncher\"],\"direct\":true,\"buildpackID\":\"paketo-buildpacks/executable-jar\"}],\"buildpack-default-process-type\":\"web\"}","io.buildpacks.lifecycle.metadata":"{\"app\":[{\"sha\":\"sha256:c644a9e3c75a6928d12bb2dcdb1e66588831929907f946c69feeefea80a58bfe\"},{\"sha\":\"sha256:b32f5a546cd9cc789dc3f23aa5084681966778a9d8538b8f0a7373101239e72d\"},{\"sha\":\"sha256:5f70bf18a086007016e948b04aed3b82103a36bea41755b6cddfaf10ace3c6ef\"},{\"sha\":\"sha256:c3ca670fddde29151b650a50d4d6512b6acd4fe428dbe52d8e9cbde37fb17c92\"},{\"sha\":\"sha256:5f70bf18a086007016e948b04aed3b82103a36bea41755b6cddfaf10ace3c6ef\"}],\"buildpacks\":[{\"key\":\"paketo-buildpacks/ca-certificates\",\"version\":\"2.4.2\",\"layers\":{\"helper\":{\"sha\":\"sha256:b8b66188eb71cdc5a61bbdb80a394d2267147b5559d8ba7e89374fa83984eff2\",\"data\":{\"clear-env\":false,\"description\":\"A Cloud Native Buildpack that adds custom CA certificates to a build and a created image\",\"homepage\":\"https://github.com/paketo-buildpacks/ca-certificates\",\"id\":\"paketo-buildpacks/ca-certificates\",\"keywords\":[\"ca-certificates\",\"trust\",\"certificates\"],\"licenses\":[{\"type\":\"Apache-2.0\",\"uri\":\"https://github.com/paketo-buildpacks/ca-certificates/blob/main/LICENSE\"}],\"name\":\"Paketo CA Certificates Buildpack\",\"version\":\"2.4.2\"},\"build\":false,\"launch\":true,\"cache\":false}}},{\"key\":\"paketo-buildpacks/bellsoft-liberica\",\"version\":\"8.9.0\",\"layers\":{\"helper\":{\"sha\":\"sha256:f16841400cf6a65d32da3f00e4fdf9f123d618f8528988fbc977c4f932fc26f9\",\"data\":{\"clear-env\":false,\"description\":\"A Cloud Native Buildpack that provides the Bellsoft Liberica implementations of JREs and JDKs\",\"homepage\":\"https://github.com/paketo-buildpacks/bellsoft-liberica\",\"id\":\"paketo-buildpacks/bellsoft-liberica\",\"keywords\":[\"java\",\"jvm\",\"jre\",\"jdk\"],\"licenses\":[{\"type\":\"Apache-2.0\",\"uri\":\"https://github.com/paketo-buildpacks/bellsoft-liberica/blob/main/LICENSE\"}],\"name\":\"Paketo BellSoft Liberica Buildpack\",\"version\":\"8.9.0\"},\"build\":false,\"launch\":true,\"cache\":false},\"java-security-properties\":{\"sha\":\"sha256:ec0381c8f32136ad9564b114b2271d1181e0c181957acb6707e6ff4713a7a89d\",\"data\":{\"clear-env\":false,\"description\":\"A Cloud Native Buildpack that provides the Bellsoft Liberica implementations of JREs and JDKs\",\"homepage\":\"https://github.com/paketo-buildpacks/bellsoft-liberica\",\"id\":\"paketo-buildpacks/bellsoft-liberica\",\"keywords\":[\"java\",\"jvm\",\"jre\",\"jdk\"],\"licenses\":[{\"type\":\"Apache-2.0\",\"uri\":\"https://github.com/paketo-buildpacks/bellsoft-liberica/blob/main/LICENSE\"}],\"name\":\"Paketo BellSoft Liberica Buildpack\",\"version\":\"8.9.0\"},\"build\":false,\"launch\":true,\"cache\":false},\"jre\":{\"sha\":\"sha256:318d4c9505d84ed07c3b75cb0edbd034e6deeac1e5cdf03712b3a648c221e1bc\",\"data\":{\"cert-file\":\"b1cd670e1f6326d4613d81a1543fe3944e6f140f4f60b70f7390c5ff70cd8f22\",\"dependency\":{\"id\":\"jre\",\"licenses\":[{\"type\":\"GPL-2.0 WITH Classpath-exception-2.0\",\"uri\":\"https://openjdk.java.net/legal/gplv2+ce.html\"}],\"name\":\"BellSoft Liberica JRE\",\"sha256\":\"8bad208be75e67204bcc90cafc35d73506a0ec7cfc384674595003db69241965\",\"stacks\":[\"io.buildpacks.stacks.bionic\",\"io.paketo.stacks.tiny\",\"*\"],\"uri\":\"https://github.com/bell-sw/Liberica/releases/download/11.0.13+8/bellsoft-jre11.0.13+8-linux-amd64.tar.gz\",\"version\":\"11.0.13\"}},\"build\":false,\"launch\":true,\"cache\":false}}},{\"key\":\"paketo-buildpacks/executable-jar\",\"version\":\"5.3.1\",\"layers\":{\"classpath\":{\"sha\":\"sha256:7fbc97c38fad01ae2b8189c8d9a0a0149932192accc4ad253b0f8186d0793e9a\",\"data\":{\"classpath\":[\"/workspace\"],\"launch\":true},\"build\":true,\"launch\":true,\"cache\":false}}},{\"key\":\"paketo-buildpacks/dist-zip\",\"version\":\"4.3.0\",\"layers\":{}},{\"key\":\"paketo-buildpacks/spring-boot\",\"version\":\"4.7.0\",\"layers\":{\"helper\":{\"sha\":\"sha256:e940ec3e71f1dc0f0435f3a9dadbe89162b666d7b7b8a9aa41877ac2a4621484\",\"data\":{\"clear-env\":false,\"description\":\"A Cloud Native Buildpack that contributes Spring Boot dependency information and slices an application into multiple layers\",\"homepage\":\"https://github.com/paketo-buildpacks/spring-boot\",\"id\":\"paketo-buildpacks/spring-boot\",\"keywords\":[\"java\",\"spring\",\"spring-boot\"],\"licenses\":[{\"type\":\"Apache-2.0\",\"uri\":\"https://github.com/paketo-buildpacks/spring-boot/blob/main/LICENSE\"}],\"name\":\"Paketo Spring Boot Buildpack\",\"version\":\"4.7.0\"},\"build\":false,\"launch\":true,\"cache\":false},\"spring-cloud-bindings\":{\"sha\":\"sha256:6182ede4914f7f528e5044b2ee03e11dfc61661ebada00f0abd117bb58684eea\",\"data\":{\"id\":\"spring-cloud-bindings\",\"licenses\":[{\"type\":\"Apache-2.0\",\"uri\":\"https://github"
12:59:35.588 [Test worker] DEBUG com.github.dockerjava.zerodep.shaded.org.apache.hc.client5.http.wire - http-outgoing-2 << ".com/spring-cloud/spring-cloud-bindings/blob/main/LICENSE\"}],\"name\":\"Spring Cloud Bindings\",\"sha256\":\"c75ef3152817c28c7049d7e0052dfba3ed461a7151984e594b656c0be927888e\",\"stacks\":[\"io.buildpacks.stacks.bionic\",\"io.paketo.stacks.tiny\",\"*\"],\"uri\":\"https://repo.spring.io/release/org/springframework/cloud/spring-cloud-bindings/1.8.0/spring-cloud-bindings-1.8.0.jar\",\"version\":\"1.8.0\"},\"build\":false,\"launch\":true,\"cache\":false},\"web-application-type\":{\"sha\":\"sha256:6763b99e37924a36f5ebbaa60cceda209369919ee2ff6b0623381f10222a4dfd\",\"data\":{\"files\":\"ecc4f543fbea56394ccff06ac9e0a3e7af2e6ebcbecb0bd46c687096a9c5e706\"},\"build\":false,\"launch\":true,\"cache\":false}}}],\"config\":{\"sha\":\"sha256:137cd3f1f76417892adc25cc75532af719669d96c40d83262e4532713466e4a7\"},\"launcher\":{\"sha\":\"sha256:e35d2b93fcfa8ed7df3107e3bc8fdba872d6fbbb57d9e5f92db1be84f53e160c\"},\"process-types\":{\"sha\":\"sha256:1dc94a70dbaa2171fb086500a5d27797f779219b126b0a1eebb9180c2792e80e\"},\"runImage\":{\"topLayer\":\"sha256:b03b31f55fd25f2d4d68097bf7a58f22729e1e286bac52bcba7150ad3f1df8e2\",\"reference\":\"f711165f28b902b7a1e0a657c99ebce880dac65e69492a27bb1b76579bc632de\"},\"stack\":{\"runImage\":{\"image\":\"index.docker.io/paketobuildpacks/run:base-cnb\",\"mirrors\":[\"gcr.io/paketo-buildpacks/run:base-cnb\"]}}}","io.buildpacks.project.metadata":"{}","io.buildpacks.stack.description":"ubuntu:bionic + openssl + CA certs","io.buildpacks.stack.distro.name":"Ubuntu","io.buildpacks.stack.distro.version":"18.04","io.buildpacks.stack.homepage":"https://github.com/paketo-buildpacks/stacks","io.buildpacks.stack.id":"io.buildpacks.stacks.bionic","io.buildpacks.stack.maintainer":"Paketo Buildpacks","io.buildpacks.stack.metadata":"{\"base-image\": \"paketobuildpacks/run@sha256:98396f9054dba59aa13299e91453dca47fe816a91288858043d9bd6daba80ddb\"}","io.buildpacks.stack.mixins":"[\"adduser\",\"apt\",\"base-files\",\"base-passwd\",\"bash\",\"bsdutils\",\"bzip2\",\"ca-certificates\",\"coreutils\",\"dash\",\"debconf\",\"debianutils\",\"diffutils\",\"dpkg\",\"e2fsprogs\",\"fdisk\",\"findutils\",\"gcc-8-base\",\"gpgv\",\"grep\",\"gzip\",\"hostname\",\"init-system-helpers\",\"libacl1\",\"libapt-pkg5.0\",\"libattr1\",\"libaudit-common\",\"libaudit1\",\"libblkid1\",\"libbz2-1.0\",\"libc-bin\",\"libc6\",\"libcap-ng0\",\"libcom-err2\",\"libdb5.3\",\"libdebconfclient0\",\"libext2fs2\",\"libfdisk1\",\"libffi6\",\"libgcc1\",\"libgcrypt20\",\"libgmp10\",\"libgnutls30\",\"libgpg-error0\",\"libhogweed4\",\"libidn2-0\",\"liblz4-1\",\"liblzma5\",\"libmount1\",\"libncurses5\",\"libncursesw5\",\"libnettle6\",\"libp11-kit0\",\"libpam-modules\",\"libpam-modules-bin\",\"libpam-runtime\",\"libpam0g\",\"libpcre3\",\"libprocps6\",\"libseccomp2\",\"libselinux1\",\"libsemanage-common\",\"libsemanage1\",\"libsepol1\",\"libsmartcols1\",\"libss2\",\"libssl1.1\",\"libstdc++6\",\"libsystemd0\",\"libtasn1-6\",\"libtinfo5\",\"libudev1\",\"libunistring2\",\"libuuid1\",\"libyaml-0-2\",\"libzstd1\",\"locales\",\"login\",\"lsb-base\",\"mawk\",\"mount\",\"ncurses-base\",\"ncurses-bin\",\"netbase\",\"openssl\",\"passwd\",\"perl-base\",\"procps\",\"sed\",\"sensible-utils\",\"sysvinit-utils\",\"tar\",\"tzdata\",\"ubuntu-keyring\",\"util-linux\",\"zlib1g\"]","io.buildpacks.stack.released":"2021-10-25T17:08:08Z","io.paketo.stack.packages":"[{\"name\":\"adduser\",\"version\":\"3.116ubuntu1\",\"arch\":\"all\",\"source\":{\"name\":\"adduser\",\"version\":\"3.116ubuntu1\",\"upstreamVersion\":\"3.116ubuntu1\"},\"summary\":\"add and remove users and groups\"},{\"name\":\"apt\",\"version\":\"1.6.14\",\"arch\":\"amd64\",\"source\":{\"name\":\"apt\",\"version\":\"1.6.14\",\"upstreamVersion\":\"1.6.14\"},\"summary\":\"commandline package manager\"},{\"name\":\"base-files\",\"version\":\"10.1ubuntu2.11\",\"arch\":\"amd64\",\"source\":{\"name\":\"base-files\",\"version\":\"10.1ubuntu2.11\",\"upstreamVersion\":\"10.1ubuntu2.11\"},\"summary\":\"Debian base system miscellaneous files\"},{\"name\":\"base-passwd\",\"version\":\"3.5.44\",\"arch\":\"amd64\",\"source\":{\"name\":\"base-passwd\",\"version\":\"3.5.44\",\"upstreamVersion\":\"3.5.44\"},\"summary\":\"Debian base system master password and group files\"},{\"name\":\"bash\",\"version\":\"4.4.18-2ubuntu1.2\",\"arch\":\"amd64\",\"source\":{\"name\":\"bash\",\"version\":\"4.4.18-2ubuntu1.2\",\"upstreamVersion\":\"4.4.18\"},\"summary\":\"GNU Bourne Again SHell\"},{\"name\":\"bsdutils\",\"version\":\"1:2.31.1-0.4ubuntu3.7\",\"arch\":\"amd64\",\"source\":{\"name\":\"util-linux\",\"version\":\"2.31.1-0.4ubuntu3.7\",\"upstreamVersion\":\"2.31.1\"},\"summary\":\"basic utilities from 4.4BSD-Lite\"},{\"name\":\"bzip2\",\"version\":\"1.0.6-8.1ubuntu0.2\",\"arch\":\"amd64\",\"source\":{\"name\":\"bzip2\",\"version\":\"1.0.6-8.1ubuntu0.2\",\"upstreamVersion\":\"1.0.6\"},\"summary\":\"high-quality block-sorting file compressor - utilities\"},{\"name\":\"ca-certificates\",\"version\":\"20210119~18.04.2\",\"arch\":\"all\",\"source\":{\"name\":\"ca-certificates\",\"version\":\"20210119~18.04.2\",\"upstreamVersion\":\"20210119~18.04.2\"},\"summary\":\"Common CA certificates\"},{\"name\":\"coreutils\",\"version\":\"8.28-1ubuntu1\",\"arch\":\"amd64\",\"source\":{\"name\":\"coreutils\",\"version\":\"8.28-1ubuntu1\",\"upstreamVersion\":\"8.28\"},\"summary\":\"GNU core utilities\"},{\"name\":\"dash\",\"version\":\"0.5.8-2.10\",\"arch\":\"amd64\",\"source\":{\"name\":\"dash\",\"version\":\"0.5.8-2.10\",\"upstreamVersion\":\"0.5.8\"},\"summary\":\"POSIX-compliant shell\"},{\"name\":\"debconf\",\"version\":\"1.5.66ubuntu1\",\"arch\":\"all\",\"source\":{\"name\":\"debconf\",\"version\":\"1.5.66ubuntu1\",\"upstreamVersion\":\"1.5.66ubuntu1\"},\"summary\":\"Debian configuration management system\"},{\"name\":\"debianutils\",\"version\":\"4.8.4\",\"arch\":\"amd64\",\"source\":{\"name\":\"debianutils\",\"version\":\"4.8.4\",\"upstreamVersion\":\"4.8.4\"},\"summary\":\"Miscellaneous utilities specific to Debian\"},{\"name\":\"diffutils\",\"version\":\"1:3.6-1\",\"arch\":\"amd64\",\"source\":{\"name\":\"diffutils\",\"version\":\"1:3.6-1\",\"upstreamVersion\":\"3.6\"},\"summary\":\"File comparison utilities\"},{\"name\":\"dpkg\",\"version\":\"1.19.0.5ubuntu2.3\",\"arch\":\"amd64\",\"source\":{\"name\":\"dpkg\",\"version\":\"1.19.0.5ubuntu2.3\",\"upstreamVersion\":\"1.19.0.5ubuntu2.3\"},\"summary\":\"Debian package management system\"},{\"name\":\"e2fsprogs\",\"version\":\"1.44.1-1ubuntu1.3\",\"arch\":\"amd64\",\"source\":{\"name\":\"e2fsprogs\",\"version\":\"1.44.1-1ubuntu1.3\",\"upstreamVersion\":\"1.44.1\"},\"summary\":\"ext2/ext3/ext4 file system utilities\"},{\"name\":\"fdisk\",\"version\":\"2.31.1-0.4ubuntu3.7\",\"arch\":\"amd64\",\"source\":{\"name\":\"util-linux\",\"version\":\"2.31.1-0.4ubuntu3.7\",\"upstreamVersion\":\"2.31.1\"},\"summary\":\"collection of partitioning utilities\"},{\"name\":\"findutils\",\"version\":\"4.6.0+git+20170828-2\",\"arch\":\"amd64\",\"source\":{\"name\":\"findutils\",\"version\":\"4.6.0+git+20170828-2\",\"upstreamVersion\":\"4.6.0+git+20170828\"},\"summary\":\"utilities for finding files--find, xargs\"},{\"name\":\"gcc-8-base:amd64\",\"version\":\"8.4.0-1ubuntu1~18.04\",\"arch\":\"amd64\",\"source\":{\"name\":\"gcc-8\",\"version\":\"8.4.0-1ubuntu1~18.04\",\"upstreamVersion\":\"8.4.0\"},\"summary\":\"GCC, the GNU Compiler Collection (base package)\"},{\"name\":\"gpgv\",\"version\":\"2.2.4-1ubuntu1.4\",\"arch\":\"amd64\",\"source\":{\"name\":\"gnupg2\",\"version\":\"2.2.4-1ubuntu1.4\",\"upstreamVersion\":\"2.2.4\"},\"summary\":\"GNU privacy guard - signature verification tool\"},{\"name\":\"grep\",\"version\":\"3.1-2build1\",\"arch\":\"amd64\",\"source\":{\"name\":\"grep\",\"version\":\"3.1-2build1\",\"upstreamVersion\":\"3.1\"},\"summary\":\"GNU grep, egrep and fgrep\"},{\"name\":\"gzip\",\"version\":\"1.6-5ubuntu1.1\",\"arch\":\"amd64\",\"source\":{\"name\":\"gzip\",\"version\":\"1.6-5ubuntu1.1\",\"upstreamVersion\":\"1.6\"},\"summary\":\"GNU compression utilitie"
12:59:35.589 [Test worker] DEBUG com.github.dockerjava.zerodep.shaded.org.apache.hc.client5.http.wire - http-outgoing-2 << "s\"},{\"name\":\"hostname\",\"version\":\"3.20\",\"arch\":\"amd64\",\"source\":{\"name\":\"hostname\",\"version\":\"3.20\",\"upstreamVersion\":\"3.20\"},\"summary\":\"utility to set/show the host name or domain name\"},{\"name\":\"init-system-helpers\",\"version\":\"1.51\",\"arch\":\"all\",\"source\":{\"name\":\"init-system-helpers\",\"version\":\"1.51\",\"upstreamVersion\":\"1.51\"},\"summary\":\"helper tools for all init systems\"},{\"name\":\"libacl1:amd64\",\"version\":\"2.2.52-3build1\",\"arch\":\"amd64\",\"source\":{\"name\":\"acl\",\"version\":\"2.2.52-3build1\",\"upstreamVersion\":\"2.2.52\"},\"summary\":\"Access control list shared library\"},{\"name\":\"libapt-pkg5.0:amd64\",\"version\":\"1.6.14\",\"arch\":\"amd64\",\"source\":{\"name\":\"apt\",\"version\":\"1.6.14\",\"upstreamVersion\":\"1.6.14\"},\"summary\":\"package management runtime library\"},{\"name\":\"libattr1:amd64\",\"version\":\"1:2.4.47-2build1\",\"arch\":\"amd64\",\"source\":{\"name\":\"attr\",\"version\":\"1:2.4.47-2build1\",\"upstreamVersion\":\"2.4.47\"},\"summary\":\"Extended attribute shared library\"},{\"name\":\"libaudit-common\",\"version\":\"1:2.8.2-1ubuntu1.1\",\"arch\":\"all\",\"source\":{\"name\":\"audit\",\"version\":\"1:2.8.2-1ubuntu1.1\",\"upstreamVersion\":\"2.8.2\"},\"summary\":\"Dynamic library for security auditing - common files\"},{\"name\":\"libaudit1:amd64\",\"version\":\"1:2.8.2-1ubuntu1.1\",\"arch\":\"amd64\",\"source\":{\"name\":\"audit\",\"version\":\"1:2.8.2-1ubuntu1.1\",\"upstreamVersion\":\"2.8.2\"},\"summary\":\"Dynamic library for security auditing\"},{\"name\":\"libblkid1:amd64\",\"version\":\"2.31.1-0.4ubuntu3.7\",\"arch\":\"amd64\",\"source\":{\"name\":\"util-linux\",\"version\":\"2.31.1-0.4ubuntu3.7\",\"upstreamVersion\":\"2.31.1\"},\"summary\":\"block device ID library\"},{\"name\":\"libbz2-1.0:amd64\",\"version\":\"1.0.6-8.1ubuntu0.2\",\"arch\":\"amd64\",\"source\":{\"name\":\"bzip2\",\"version\":\"1.0.6-8.1ubuntu0.2\",\"upstreamVersion\":\"1.0.6\"},\"summary\":\"high-quality block-sorting file compressor library - runtime\"},{\"name\":\"libc-bin\",\"version\":\"2.27-3ubuntu1.4\",\"arch\":\"amd64\",\"source\":{\"name\":\"glibc\",\"version\":\"2.27-3ubuntu1.4\",\"upstreamVersion\":\"2.27\"},\"summary\":\"GNU C Library: Binaries\"},{\"name\":\"libc6:amd64\",\"version\":\"2.27-3ubuntu1.4\",\"arch\":\"amd64\",\"source\":{\"name\":\"glibc\",\"version\":\"2.27-3ubuntu1.4\",\"upstreamVersion\":\"2.27\"},\"summary\":\"GNU C Library: Shared libraries\"},{\"name\":\"libcap-ng0:amd64\",\"version\":\"0.7.7-3.1\",\"arch\":\"amd64\",\"source\":{\"name\":\"libcap-ng\",\"version\":\"0.7.7-3.1\",\"upstreamVersion\":\"0.7.7\"},\"summary\":\"An alternate POSIX capabilities library\"},{\"name\":\"libcom-err2:amd64\",\"version\":\"1.44.1-1ubuntu1.3\",\"arch\":\"amd64\",\"source\":{\"name\":\"e2fsprogs\",\"version\":\"1.44.1-1ubuntu1.3\",\"upstreamVersion\":\"1.44.1\"},\"summary\":\"common error description library\"},{\"name\":\"libdb5.3:amd64\",\"version\":\"5.3.28-13.1ubuntu1.1\",\"arch\":\"amd64\",\"source\":{\"name\":\"db5.3\",\"version\":\"5.3.28-13.1ubuntu1.1\",\"upstreamVersion\":\"5.3.28\"},\"summary\":\"Berkeley v5.3 Database Libraries [runtime]\"},{\"name\":\"libdebconfclient0:amd64\",\"version\":\"0.213ubuntu1\",\"arch\":\"amd64\",\"source\":{\"name\":\"cdebconf\",\"version\":\"0.213ubuntu1\",\"upstreamVersion\":\"0.213ubuntu1\"},\"summary\":\"Debian Configuration Management System (C-implementation library)\"},{\"name\":\"libext2fs2:amd64\",\"version\":\"1.44.1-1ubuntu1.3\",\"arch\":\"amd64\",\"source\":{\"name\":\"e2fsprogs\",\"version\":\"1.44.1-1ubuntu1.3\",\"upstreamVersion\":\"1.44.1\"},\"summary\":\"ext2/ext3/ext4 file system libraries\"},{\"name\":\"libfdisk1:amd64\",\"version\":\"2.31.1-0.4ubuntu3.7\",\"arch\":\"amd64\",\"source\":{\"name\":\"util-linux\",\"version\":\"2.31.1-0.4ubuntu3.7\",\"upstreamVersion\":\"2.31.1\"},\"summary\":\"fdisk partitioning library\"},{\"name\":\"libffi6:amd64\",\"version\":\"3.2.1-8\",\"arch\":\"amd64\",\"source\":{\"name\":\"libffi\",\"version\":\"3.2.1-8\",\"upstreamVersion\":\"3.2.1\"},\"summary\":\"Foreign Function Interface library runtime\"},{\"name\":\"libgcc1:amd64\",\"version\":\"1:8.4.0-1ubuntu1~18.04\",\"arch\":\"amd64\",\"source\":{\"name\":\"gcc-8\",\"version\":\"8.4.0-1ubuntu1~18.04\",\"upstreamVersion\":\"8.4.0\"},\"summary\":\"GCC support library\"},{\"name\":\"libgcrypt20:amd64\",\"version\":\"1.8.1-4ubuntu1.3\",\"arch\":\"amd64\",\"source\":{\"name\":\"libgcrypt20\",\"version\":\"1.8.1-4ubuntu1.3\",\"upstreamVersion\":\"1.8.1\"},\"summary\":\"LGPL Crypto library - runtime library\"},{\"name\":\"libgmp10:amd64\",\"version\":\"2:6.1.2+dfsg-2\",\"arch\":\"amd64\",\"source\":{\"name\":\"gmp\",\"version\":\"2:6.1.2+dfsg-2\",\"upstreamVersion\":\"6.1.2+dfsg\"},\"summary\":\"Multiprecision arithmetic library\"},{\"name\":\"libgnutls30:amd64\",\"version\":\"3.5.18-1ubuntu1.5\",\"arch\":\"amd64\",\"source\":{\"name\":\"gnutls28\",\"version\":\"3.5.18-1ubuntu1.5\",\"upstreamVersion\":\"3.5.18\"},\"summary\":\"GNU TLS library - main runtime library\"},{\"name\":\"libgpg-error0:amd64\",\"version\":\"1.27-6\",\"arch\":\"amd64\",\"source\":{\"name\":\"libgpg-error\",\"version\":\"1.27-6\",\"upstreamVersion\":\"1.27\"},\"summary\":\"library for common error values and messages in GnuPG components\"},{\"name\":\"libhogweed4:amd64\",\"version\":\"3.4.1-0ubuntu0.18.04.1\",\"arch\":\"amd64\",\"source\":{\"name\":\"nettle\",\"version\":\"3.4.1-0ubuntu0.18.04.1\",\"upstreamVersion\":\"3.4.1\"},\"summary\":\"low level cryptographic library (public-key cryptos)\"},{\"name\":\"libidn2-0:amd64\",\"version\":\"2.0.4-1.1ubuntu0.2\",\"arch\":\"amd64\",\"source\":{\"name\":\"libidn2\",\"version\":\"2.0.4-1.1ubuntu0.2\",\"upstreamVersion\":\"2.0.4\"},\"summary\":\"Internationalized domain names (IDNA2008/TR46) library\"},{\"name\":\"liblz4-1:amd64\",\"version\":\"0.0~r131-2ubuntu3.1\",\"arch\":\"amd64\",\"source\":{\"name\":\"lz4\",\"version\":\"0.0~r131-2ubuntu3.1\",\"upstreamVersion\":\"0.0~r131\"},\"summary\":\"Fast LZ compression algorithm library - runtime\"},{\"name\":\"liblzma5:amd64\",\"version\":\"5.2.2-1.3\",\"arch\":\"amd64\",\"source\":{\"name\":\"xz-utils\",\"version\":\"5.2.2-1.3\",\"upstreamVersion\":\"5.2.2\"},\"summary\":\"XZ-format compression library\"},{\"name\":\"libmount1:amd64\",\"version\":\"2.31.1-0.4ubuntu3.7\",\"arch\":\"amd64\",\"source\":{\"name\":\"util-linux\",\"version\":\"2.31.1-0.4ubuntu3.7\",\"upstreamVersion\":\"2.31.1\"},\"summary\":\"device mounting library\"},{\"name\":\"libncurses5:amd64\",\"version\":\"6.1-1ubuntu1.18.04\",\"arch\":\"amd64\",\"source\":{\"name\":\"ncurses\",\"version\":\"6.1-1ubuntu1.18.04\",\"upstreamVersion\":\"6.1\"},\"summary\":\"shared libraries for terminal handling\"},{\"name\":\"libncursesw5:amd64\",\"version\":\"6.1-1ubuntu1.18.04\",\"arch\":\"amd64\",\"source\":{\"name\":\"ncurses\",\"version\":\"6.1-1ubuntu1.18.04\",\"upstreamVersion\":\"6.1\"},\"summary\":\"shared libraries for terminal handling (wide character support)\"},{\"name\":\"libnettle6:amd64\",\"version\":\"3.4.1-0ubuntu0.18.04.1\",\"arch\":\"amd64\",\"source\":{\"name\":\"nettle\",\"version\":\"3.4.1-0ubuntu0.18.04.1\",\"upstreamVersion\":\"3.4.1\"},\"summary\":\"low level cryptographic library (symmetric and one-way cryptos)\"},{\"name\":\"libp11-kit0:amd64\",\"version\":\"0.23.9-2ubuntu0.1\",\"arch\":\"amd64\",\"source\":{\"name\":\"p11-kit\",\"version\":\"0.23.9-2ubuntu0.1\",\"upstreamVersion\":\"0.23.9\"},\"summary\":\"library for loading and coordinating access to PKCS#11 modules - runtime\"},{\"name\":\"libpam-modules:amd64\",\"version\":\"1.1.8-3.6ubuntu2.18.04.3\",\"arch\":\"amd64\",\"source\":{\"name\":\"pam\",\"version\":\"1.1.8-3.6ubuntu2.18.04.3\",\"upstreamVersion\":\"1.1.8\"},\"summary\":\"Pluggable Authentication Modules for PAM\"},{\"name\":\"libpam-modules-bin\",\"version\":\"1.1.8-3.6ubuntu2.18.04.3\",\"arch\":\"amd64\",\"source\":{\"name\":\"pam\",\"version\":\"1.1.8-3."
12:59:35.589 [Test worker] DEBUG com.github.dockerjava.zerodep.shaded.org.apache.hc.client5.http.wire - http-outgoing-2 << "6ubuntu2.18.04.3\",\"upstreamVersion\":\"1.1.8\"},\"summary\":\"Pluggable Authentication Modules for PAM - helper binaries\"},{\"name\":\"libpam-runtime\",\"version\":\"1.1.8-3.6ubuntu2.18.04.3\",\"arch\":\"all\",\"source\":{\"name\":\"pam\",\"version\":\"1.1.8-3.6ubuntu2.18.04.3\",\"upstreamVersion\":\"1.1.8\"},\"summary\":\"Runtime support for the PAM library\"},{\"name\":\"libpam0g:amd64\",\"version\":\"1.1.8-3.6ubuntu2.18.04.3\",\"arch\":\"amd64\",\"source\":{\"name\":\"pam\",\"version\":\"1.1.8-3.6ubuntu2.18.04.3\",\"upstreamVersion\":\"1.1.8\"},\"summary\":\"Pluggable Authentication Modules library\"},{\"name\":\"libpcre3:amd64\",\"version\":\"2:8.39-9\",\"arch\":\"amd64\",\"source\":{\"name\":\"pcre3\",\"version\":\"2:8.39-9\",\"upstreamVersion\":\"8.39\"},\"summary\":\"Old Perl 5 Compatible Regular Expression Library - runtime files\"},{\"name\":\"libprocps6:amd64\",\"version\":\"2:3.3.12-3ubuntu1.2\",\"arch\":\"amd64\",\"source\":{\"name\":\"procps\",\"version\":\"2:3.3.12-3ubuntu1.2\",\"upstreamVersion\":\"3.3.12\"},\"summary\":\"library for accessing process information from /proc\"},{\"name\":\"libseccomp2:amd64\",\"version\":\"2.5.1-1ubuntu1~18.04.1\",\"arch\":\"amd64\",\"source\":{\"name\":\"libseccomp\",\"version\":\"2.5.1-1ubuntu1~18.04.1\",\"upstreamVersion\":\"2.5.1\"},\"summary\":\"high level interface to Linux seccomp filter\"},{\"name\":\"libselinux1:amd64\",\"version\":\"2.7-2build2\",\"arch\":\"amd64\",\"source\":{\"name\":\"libselinux\",\"version\":\"2.7-2build2\",\"upstreamVersion\":\"2.7\"},\"summary\":\"SELinux runtime shared libraries\"},{\"name\":\"libsemanage-common\",\"version\":\"2.7-2build2\",\"arch\":\"all\",\"source\":{\"name\":\"libsemanage\",\"version\":\"2.7-2build2\",\"upstreamVersion\":\"2.7\"},\"summary\":\"Common files for SELinux policy management libraries\"},{\"name\":\"libsemanage1:amd64\",\"version\":\"2.7-2build2\",\"arch\":\"amd64\",\"source\":{\"name\":\"libsemanage\",\"version\":\"2.7-2build2\",\"upstreamVersion\":\"2.7\"},\"summary\":\"SELinux policy management library\"},{\"name\":\"libsepol1:amd64\",\"version\":\"2.7-1\",\"arch\":\"amd64\",\"source\":{\"name\":\"libsepol\",\"version\":\"2.7-1\",\"upstreamVersion\":\"2.7\"},\"summary\":\"SELinux library for manipulating binary security policies\"},{\"name\":\"libsmartcols1:amd64\",\"version\":\"2.31.1-0.4ubuntu3.7\",\"arch\":\"amd64\",\"source\":{\"name\":\"util-linux\",\"version\":\"2.31.1-0.4ubuntu3.7\",\"upstreamVersion\":\"2.31.1\"},\"summary\":\"smart column output alignment library\"},{\"name\":\"libss2:amd64\",\"version\":\"1.44.1-1ubuntu1.3\",\"arch\":\"amd64\",\"source\":{\"name\":\"e2fsprogs\",\"version\":\"1.44.1-1ubuntu1.3\",\"upstreamVersion\":\"1.44.1\"},\"summary\":\"command-line interface parsing library\"},{\"name\":\"libssl1.1:amd64\",\"version\":\"1.1.1-1ubuntu2.1~18.04.13\",\"arch\":\"amd64\",\"source\":{\"name\":\"openssl\",\"version\":\"1.1.1-1ubuntu2.1~18.04.13\",\"upstreamVersion\":\"1.1.1\"},\"summary\":\"Secure Sockets Layer toolkit - shared libraries\"},{\"name\":\"libstdc++6:amd64\",\"version\":\"8.4.0-1ubuntu1~18.04\",\"arch\":\"amd64\",\"source\":{\"name\":\"gcc-8\",\"version\":\"8.4.0-1ubuntu1~18.04\",\"upstreamVersion\":\"8.4.0\"},\"summary\":\"GNU Standard C++ Library v3\"},{\"name\":\"libsystemd0:amd64\",\"version\":\"237-3ubuntu10.52\",\"arch\":\"amd64\",\"source\":{\"name\":\"systemd\",\"version\":\"237-3ubuntu10.52\",\"upstreamVersion\":\"237\"},\"summary\":\"systemd utility library\"},{\"name\":\"libtasn1-6:amd64\",\"version\":\"4.13-2\",\"arch\":\"amd64\",\"source\":{\"name\":\"libtasn1-6\",\"version\":\"4.13-2\",\"upstreamVersion\":\"4.13\"},\"summary\":\"Manage ASN.1 structures (runtime)\"},{\"name\":\"libtinfo5:amd64\",\"version\":\"6.1-1ubuntu1.18.04\",\"arch\":\"amd64\",\"source\":{\"name\":\"ncurses\",\"version\":\"6.1-1ubuntu1.18.04\",\"upstreamVersion\":\"6.1\"},\"summary\":\"shared low-level terminfo library for terminal handling\"},{\"name\":\"libudev1:amd64\",\"version\":\"237-3ubuntu10.52\",\"arch\":\"amd64\",\"source\":{\"name\":\"systemd\",\"version\":\"237-3ubuntu10.52\",\"upstreamVersion\":\"237\"},\"summary\":\"libudev shared library\"},{\"name\":\"libunistring2:amd64\",\"version\":\"0.9.9-0ubuntu2\",\"arch\":\"amd64\",\"source\":{\"name\":\"libunistring\",\"version\":\"0.9.9-0ubuntu2\",\"upstreamVersion\":\"0.9.9\"},\"summary\":\"Unicode string library for C\"},{\"name\":\"libuuid1:amd64\",\"version\":\"2.31.1-0.4ubuntu3.7\",\"arch\":\"amd64\",\"source\":{\"name\":\"util-linux\",\"version\":\"2.31.1-0.4ubuntu3.7\",\"upstreamVersion\":\"2.31.1\"},\"summary\":\"Universally Unique ID library\"},{\"name\":\"libyaml-0-2:amd64\",\"version\":\"0.1.7-2ubuntu3\",\"arch\":\"amd64\",\"source\":{\"name\":\"libyaml\",\"version\":\"0.1.7-2ubuntu3\",\"upstreamVersion\":\"0.1.7\"},\"summary\":\"Fast YAML 1.1 parser and emitter library\"},{\"name\":\"libzstd1:amd64\",\"version\":\"1.3.3+dfsg-2ubuntu1.2\",\"arch\":\"amd64\",\"source\":{\"name\":\"libzstd\",\"version\":\"1.3.3+dfsg-2ubuntu1.2\",\"upstreamVersion\":\"1.3.3+dfsg\"},\"summary\":\"fast lossless compression algorithm\"},{\"name\":\"locales\",\"version\":\"2.27-3ubuntu1.4\",\"arch\":\"all\",\"source\":{\"name\":\"glibc\",\"version\":\"2.27-3ubuntu1.4\",\"upstreamVersion\":\"2.27\"},\"summary\":\"GNU C Library: National Language (locale) data [support]\"},{\"name\":\"login\",\"version\":\"1:4.5-1ubuntu2\",\"arch\":\"amd64\",\"source\":{\"name\":\"shadow\",\"version\":\"1:4.5-1ubuntu2\",\"upstreamVersion\":\"4.5\"},\"summary\":\"system login tools\"},{\"name\":\"lsb-base\",\"version\":\"9.20170808ubuntu1\",\"arch\":\"all\",\"source\":{\"name\":\"lsb\",\"version\":\"9.20170808ubuntu1\",\"upstreamVersion\":\"9.20170808ubuntu1\"},\"summary\":\"Linux Standard Base init script functionality\"},{\"name\":\"mawk\",\"version\":\"1.3.3-17ubuntu3\",\"arch\":\"amd64\",\"source\":{\"name\":\"mawk\",\"version\":\"1.3.3-17ubuntu3\",\"upstreamVersion\":\"1.3.3\"},\"summary\":\"a pattern scanning and text processing language\"},{\"name\":\"mount\",\"version\":\"2.31.1-0.4ubuntu3.7\",\"arch\":\"amd64\",\"source\":{\"name\":\"util-linux\",\"version\":\"2.31.1-0.4ubuntu3.7\",\"upstreamVersion\":\"2.31.1\"},\"summary\":\"tools for mounting and manipulating filesystems\"},{\"name\":\"ncurses-base\",\"version\":\"6.1-1ubuntu1.18.04\",\"arch\":\"all\",\"source\":{\"name\":\"ncurses\",\"version\":\"6.1-1ubuntu1.18.04\",\"upstreamVersion\":\"6.1\"},\"summary\":\"basic terminal type definitions\"},{\"name\":\"ncurses-bin\",\"version\":\"6.1-1ubuntu1.18.04\",\"arch\":\"amd64\",\"source\":{\"name\":\"ncurses\",\"version\":\"6.1-1ubuntu1.18.04\",\"upstreamVersion\":\"6.1\"},\"summary\":\"terminal-related programs and man pages\"},{\"name\":\"netbase\",\"version\":\"5.4\",\"arch\":\"all\",\"source\":{\"name\":\"netbase\",\"version\":\"5.4\",\"upstreamVersion\":\"5.4\"},\"summary\":\"Basic TCP/IP networking system\"},{\"name\":\"openssl\",\"version\":\"1.1.1-1ubuntu2.1~18.04.13\",\"arch\":\"amd64\",\"source\":{\"name\":\"openssl\",\"version\":\"1.1.1-1ubuntu2.1~18.04.13\",\"upstreamVersion\":\"1.1.1\"},\"summary\":\"Secure Sockets Layer toolkit - cryptographic utility\"},{\"name\":\"passwd\",\"version\":\"1:4.5-1ubuntu2\",\"arch\":\"amd64\",\"source\":{\"name\":\"shadow\",\"version\":\"1:4.5-1ubuntu2\",\"upstreamVersion\":\"4.5\"},\"summary\":\"change and administer password and group data\"},{\"name\":\"perl-base\",\"version\":\"5.26.1-6ubuntu0.5\",\"arch\":\"amd64\",\"source\":{\"name\":\"perl\",\"version\":\"5.26.1-6ubuntu0.5\",\"upstreamVersion\":\"5.26.1\"},\"summary\":\"minimal Perl system\"},{\"name\":\"procps\",\"version\":\"2:3.3.12-3ubuntu1.2\",\"arch\":\"amd64\",\"source\":{\"name\":\"procps\",\"version\":\"2:3.3.12-3ubuntu1.2\",\"upstreamVersion\":\"3.3.12\"},\"summary\":\"/proc file system utilities\"},{\"name\":\"sed\",\"version\":\"4.4-2\",\"arch\":\"amd64\",\"source\":{\"name\":\"sed\",\"version\":\"4.4-2\",\"upstreamVersion\":\"4.4\"},\"summary\":\"GNU stream edit"
12:59:35.591 [Test worker] DEBUG com.github.dockerjava.zerodep.shaded.org.apache.hc.client5.http.wire - http-outgoing-2 << "or for filtering/transforming text\"},{\"name\":\"sensible-utils\",\"version\":\"0.0.12\",\"arch\":\"all\",\"source\":{\"name\":\"sensible-utils\",\"version\":\"0.0.12\",\"upstreamVersion\":\"0.0.12\"},\"summary\":\"Utilities for sensible alternative selection\"},{\"name\":\"sysvinit-utils\",\"version\":\"2.88dsf-59.10ubuntu1\",\"arch\":\"amd64\",\"source\":{\"name\":\"sysvinit\",\"version\":\"2.88dsf-59.10ubuntu1\",\"upstreamVersion\":\"2.88dsf\"},\"summary\":\"System-V-like utilities\"},{\"name\":\"tar\",\"version\":\"1.29b-2ubuntu0.2\",\"arch\":\"amd64\",\"source\":{\"name\":\"tar\",\"version\":\"1.29b-2ubuntu0.2\",\"upstreamVersion\":\"1.29b\"},\"summary\":\"GNU version of the tar archiving utility\"},{\"name\":\"tzdata\",\"version\":\"2021a-2ubuntu0.18.04\",\"arch\":\"all\",\"source\":{\"name\":\"tzdata\",\"version\":\"2021a-2ubuntu0.18.04\",\"upstreamVersion\":\"2021a\"},\"summary\":\"time zone and daylight-saving time data\"},{\"name\":\"ubuntu-keyring\",\"version\":\"2018.09.18.1~18.04.2\",\"arch\":\"all\",\"source\":{\"name\":\"ubuntu-keyring\",\"version\":\"2018.09.18.1~18.04.2\",\"upstreamVersion\":\"2018.09.18.1~18.04.2\"},\"summary\":\"
12:59:35.591 [Test worker] DEBUG com.github.dockerjava.zerodep.shaded.org.apache.hc.client5.http.wire - http-outgoing-2 << "[\r][\n]"
12:59:35.591 [Test worker] DEBUG com.github.dockerjava.zerodep.shaded.org.apache.hc.client5.http.wire - http-outgoing-2 << "8000[\r][\n]"
12:59:35.591 [Test worker] DEBUG com.github.dockerjava.zerodep.shaded.org.apache.hc.client5.http.wire - http-outgoing-2 << ""GnuPG keys of the Ubuntu archive\"},{\"name\":\"util-linux\",\"version\":\"2.31.1-0.4ubuntu3.7\",\"arch\":\"amd64\",\"source\":{\"name\":\"util-linux\",\"version\":\"2.31.1-0.4ubuntu3.7\",\"upstreamVersion\":\"2.31.1\"},\"summary\":\"miscellaneous system utilities\"},{\"name\":\"zlib1g:amd64\",\"version\":\"1:1.2.11.dfsg-0ubuntu2\",\"arch\":\"amd64\",\"source\":{\"name\":\"zlib\",\"version\":\"1:1.2.11.dfsg-0ubuntu2\",\"upstreamVersion\":\"1.2.11.dfsg\"},\"summary\":\"compression library - runtime\"}]","org.springframework.boot.version":"2.5.6"},"ParentId":"","RepoDigests":["<none>@<none>"],"RepoTags":["<none>:<none>"],"SharedSize":-1,"Size":263702216,"VirtualSize":263702216},{"Containers":-1,"Created":315532801,"Id":"sha256:c9e8a7ee64d252ffd2ea4fb2c9aae104e22136efb7e5682b560b84669a5817fa","Labels":{"io.buildpacks.build.metadata":"{\"bom\":[{\"name\":\"helper\",\"metadata\":{\"layer\":\"helper\",\"names\":[\"ca-certificates-helper\"],\"version\":\"2.4.2\"},\"buildpack\":{\"id\":\"paketo-buildpacks/ca-certificates\",\"version\":\"2.4.2\"}},{\"name\":\"jre\",\"metadata\":{\"layer\":\"jre\",\"licenses\":[{\"type\":\"GPL-2.0 WITH Classpath-exception-2.0\",\"uri\":\"https://openjdk.java.net/legal/gplv2+ce.html\"}],\"name\":\"BellSoft Liberica JRE\",\"sha256\":\"8bad208be75e67204bcc90cafc35d73506a0ec7cfc384674595003db69241965\",\"stacks\":[\"io.buildpacks.stacks.bionic\",\"io.paketo.stacks.tiny\",\"*\"],\"uri\":\"https://github.com/bell-sw/Liberica/releases/download/11.0.13+8/bellsoft-jre11.0.13+8-linux-amd64.tar.gz\",\"version\":\"11.0.13\"},\"buildpack\":{\"id\":\"paketo-buildpacks/bellsoft-liberica\",\"version\":\"8.9.0\"}},{\"name\":\"helper\",\"metadata\":{\"layer\":\"helper\",\"names\":[\"active-processor-count\",\"java-opts\",\"jvm-heap\",\"link-local-dns\",\"memory-calculator\",\"openssl-certificate-loader\",\"security-providers-configurer\",\"jmx\",\"jfr\",\"nmt\",\"security-providers-classpath-9\",\"debug-9\"],\"version\":\"8.9.0\"},\"buildpack\":{\"id\":\"paketo-buildpacks/bellsoft-liberica\",\"version\":\"8.9.0\"}},{\"name\":\"dependencies\",\"metadata\":{\"dependencies\":[{\"name\":\"HdrHistogram\",\"sha256\":\"9b47fbae444feaac4b7e04f0ea294569e4bc282bc69d8c2ce2ac3f23577281e2\",\"version\":\"2.1.12\"},{\"name\":\"LatencyUtils\",\"sha256\":\"a32a9ffa06b2f4e01c5360f8f9df7bc5d9454a5d373cd8f361347fa5a57165ec\",\"version\":\"2.0.3\"},{\"name\":\"accessors-smart\",\"sha256\":\"ef5103429f101f7e3ff62f3a182342720439eaea43d2eed3119bba770bb202a9\",\"version\":\"2.4.7\"},{\"name\":\"asm\",\"sha256\":\"cda4de455fab48ff0bcb7c48b4639447d4de859a7afc30a094a986f0936beba2\",\"version\":\"9.1\"},{\"name\":\"jackson-annotations\",\"sha256\":\"517926d9fe04cadd55120790d0b5355e4f656ffe2969e4d480a0e7f95a983e9e\",\"version\":\"2.12.5\"},{\"name\":\"jackson-core\",\"sha256\":\"0c9860b8fb6f24f59e083e0b92a17c515c45312951fc272d093e4709faed6356\",\"version\":\"2.12.5\"},{\"name\":\"jackson-databind\",\"sha256\":\"d49cdfd82443fa5869d75fe53680012cef2dd74621b69d37da69087c40f1575a\",\"version\":\"2.12.5\"},{\"name\":\"jackson-datatype-jdk8\",\"sha256\":\"8a622d3ee65bf02b41bce57aa5b5eadfbf093b99446ec7d4566026a7800262a1\",\"version\":\"2.12.5\"},{\"name\":\"jackson-datatype-jsr310\",\"sha256\":\"fc8af8cae7520f324b68506d74cb6df1513299040469a331c0f38b6f5bc31ceb\",\"version\":\"2.12.5\"},{\"name\":\"jackson-module-parameter-names\",\"sha256\":\"220b1b72a4f56d896c3a427a7ff4e690434fc2e28ef3ceff24dc3a656b1ac315\",\"version\":\"2.12.5\"},{\"name\":\"jakarta.annotation-api\",\"sha256\":\"85fb03fc054cdf4efca8efd9b6712bbb418e1ab98241c4539c8585bbc23e1b8a\",\"version\":\"1.3.5\"},{\"name\":\"json-path\",\"sha256\":\"4ed3c4c2d4e477cb2a349c0ebb8c22f0584702221ddbaafd166fddcd2101029b\",\"version\":\"2.5.0\"},{\"name\":\"json-smart\",\"sha256\":\"28c17ed16ac22e6845743fd1e84321edf5d7735fc216e44ee269d106bf3d8146\",\"version\":\"2.4.7\"},{\"name\":\"jul-to-slf4j\",\"sha256\":\"6dee8d85ad6943aff0600f14897c469e64bae0413ee33a15c448af00432c0642\",\"version\":\"1.7.32\"},{\"name\":\"log4j-api\",\"sha256\":\"8caf58db006c609949a0068110395a33067a2bad707c3da35e959c0473f9a916\",\"version\":\"2.14.1\"},{\"name\":\"log4j-to-slf4j\",\"sha256\":\"8ba1d1b1c8313731ee053368371b9606c1d71436ac010b0bf91b4c7fc643a1bf\",\"version\":\"2.14.1\"},{\"name\":\"logback-classic\",\"sha256\":\"5c4b268dee383be9e2ca639ef57f5547ab8f26120ee945e9fa2029aec1194758\",\"version\":\"1.2.6\"},{\"name\":\"logback-core\",\"sha256\":\"bd230183f6bd7d023076d8e91571b04651504fab905d52885c4b6e867962377e\",\"version\":\"1.2.6\"},{\"name\":\"micrometer-core\",\"sha256\":\"d01220a71202893dddc87bfb0d6b0597f2a14db75a875a6bc231b9d4ac0234e6\",\"version\":\"1.7.5\"},{\"name\":\"slf4j-api\",\"sha256\":\"3624f8474c1af46d75f98bc097d7864a323c81b3808aa43689a6e1c601c027be\",\"version\":\"1.7.32\"},{\"name\":\"snakeyaml\",\"sha256\":\"35446a1421435d45e4c6ac0de3b5378527d5cc2446c07183e24447730ce1fffa\",\"version\":\"1.28\"},{\"name\":\"spring-aop\",\"sha256\":\"7353fa4b7f27dbd85cf2a1cd87562466331825ae69c64b4840607b3fc6a66b0c\",\"version\":\"5.3.12\"},{\"name\":\"spring-beans\",\"sha256\":\"a88c010991f572723109ebd4d9c38974ddb78f4477f97cf48e9d364ec35f3432\",\"version\":\"5.3.12\"},{\"name\":\"spring-boot\",\"sha256\":\"26c625d41e8009308b9a7c6564a80e32264316c8d12b830ae2ef12bfd62d7756\",\"version\":\"2.5.6\"},{\"name\":\"spring-boot-actuator\",\"sha256\":\"53511c4c61f76fb35a3a7cfca3e7793cf64454be5f3cffcdd002e2ba235ffbaf\",\"version\":\"2.5.6\"},{\"name\":\"spring-boot-actuator-autoconfigure\",\"sha256\":\"d9b8f57265d504b5145743ebec2a096c5fea5392345b7c9bc711bc544bf30db1\",\"version\":\"2.5.6\"},{\"name\":\"spring-boot-autoconfigure\",\"sha256\":\"02fb184c2a9b1d913cea04e5517d45387eafdfc328925a6f26345933ce6276d4\",\"version\":\"2.5.6\"},{\"name\":\"spring-boot-jarmode-layertools\",\"sha256\":\"12264a621a442f3bf8def8bd7aeb7357188c40710b302ddb0f5f425a4bda73aa\",\"version\":\"2.5.6\"},{\"name\":\"spring-context\",\"sha256\":\"719997d09349d26ae2189a7b89958f2c2918bda952da71ef272c8c7a34d412b8\",\"version\":\"5.3.12\"},{\"name\":\"spring-core\",\"sha256\":\"d8442313d1c028a179915a9fcc1c0814f4afe1cca6adf85776ce25636afb5416\",\"version\":\"5.3.12\"},{\"name\":\"spring-expression\",\"sha256\":\"a173fb51e241bebbcf07e23ae575b892cba478552ced848a7ad706f616ef0fe1\",\"version\":\"5.3.12\"},{\"name\":\"spring-hateoas\",\"sha256\":\"14ba3d086e93a9c0602e9af77e5bc87171c57a84abdcee1d46973852194a27b9\",\"version\":\"1.3.5\"},{\"name\":\"spring-jcl\",\"sha256\":\"d638106092147f89d157d002addc7f9ce2dc0350440915176ed30f6047a9ff53\",\"version\":\"5.3.12\"},{\"name\":\"spring-plugin-core\",\"sha256\":\"6e6d026d6b572495533692173a264c6959f48d5ef7f3d6faf4555a577d4a38d2\",\"version\":\"2.0.0.RELEASE\"},{\"name\":\"spring-web\",\"sha256\":\"0eb6a5643098a163dcb6e33b690d8441cee5a2d9e908e6723c860a11fdf5d125\",\"version\":\"5.3.12\"},{\"name\":\"spring-webmvc\",\"sha256\":\"d6c6567c04ebfcc9605dfe105817427eda3d8583b98c32b6a4eed802da843836\",\"version\":\"5.3.12\"},{\"name\":\"tomcat-embed-core\",\"sha256\":\"287f5b91c434df0eef104389c52c480ab4b6"
12:59:35.593 [Test worker] DEBUG com.github.dockerjava.zerodep.shaded.org.apache.hc.client5.http.wire - http-outgoing-2 << "6f80b494c16607fd82ae9217f8e3\",\"version\":\"9.0.54\"},{\"name\":\"tomcat-embed-el\",\"sha256\":\"7b8f4c699d4969d96c2c9502c234a2d95081910bde4e01acbf9773a2672f4c20\",\"version\":\"9.0.54\"},{\"name\":\"tomcat-embed-websocket\",\"sha256\":\"6397e08ab013c0283b7294c78600399dafa86e46df37cff59bbca88928a33464\",\"version\":\"9.0.54\"}],\"layer\":\"application\"},\"buildpack\":{\"id\":\"paketo-buildpacks/spring-boot\",\"version\":\"4.7.0\"}},{\"name\":\"helper\",\"metadata\":{\"layer\":\"helper\",\"names\":[\"spring-cloud-bindings\"],\"version\":\"4.7.0\"},\"buildpack\":{\"id\":\"paketo-buildpacks/spring-boot\",\"version\":\"4.7.0\"}},{\"name\":\"spring-cloud-bindings\",\"metadata\":{\"layer\":\"spring-cloud-bindings\",\"licenses\":[{\"type\":\"Apache-2.0\",\"uri\":\"https://github.com/spring-cloud/spring-cloud-bindings/blob/main/LICENSE\"}],\"name\":\"Spring Cloud Bindings\",\"sha256\":\"c75ef3152817c28c7049d7e0052dfba3ed461a7151984e594b656c0be927888e\",\"stacks\":[\"io.buildpacks.stacks.bionic\",\"io.paketo.stacks.tiny\",\"*\"],\"uri\":\"https://repo.spring.io/release/org/springframework/cloud/spring-cloud-bindings/1.8.0/spring-cloud-bindings-1.8.0.jar\",\"version\":\"1.8.0\"},\"buildpack\":{\"id\":\"paketo-buildpacks/spring-boot\",\"version\":\"4.7.0\"}}],\"buildpacks\":[{\"homepage\":\"https://github.com/paketo-buildpacks/ca-certificates\",\"id\":\"paketo-buildpacks/ca-certificates\",\"version\":\"2.4.2\"},{\"homepage\":\"https://github.com/paketo-buildpacks/bellsoft-liberica\",\"id\":\"paketo-buildpacks/bellsoft-liberica\",\"version\":\"8.9.0\"},{\"homepage\":\"https://github.com/paketo-buildpacks/executable-jar\",\"id\":\"paketo-buildpacks/executable-jar\",\"version\":\"5.3.1\"},{\"homepage\":\"https://github.com/paketo-buildpacks/dist-zip\",\"id\":\"paketo-buildpacks/dist-zip\",\"version\":\"4.3.0\"},{\"homepage\":\"https://github.com/paketo-buildpacks/spring-boot\",\"id\":\"paketo-buildpacks/spring-boot\",\"version\":\"4.7.0\"}],\"launcher\":{\"version\":\"0.12.0\",\"source\":{\"git\":{\"repository\":\"github.com/buildpacks/lifecycle\",\"commit\":\"e391f0f0\"}}},\"processes\":[{\"type\":\"executable-jar\",\"command\":\"java\",\"args\":[\"org.springframework.boot.loader.JarLauncher\"],\"direct\":true,\"buildpackID\":\"paketo-buildpacks/executable-jar\"},{\"type\":\"task\",\"command\":\"java\",\"args\":[\"org.springframework.boot.loader.JarLauncher\"],\"direct\":true,\"buildpackID\":\"paketo-buildpacks/executable-jar\"},{\"type\":\"web\",\"command\":\"java\",\"args\":[\"org.springframework.boot.loader.JarLauncher\"],\"direct\":true,\"buildpackID\":\"paketo-buildpacks/executable-jar\"}],\"buildpack-default-process-type\":\"web\"}","io.buildpacks.lifecycle.metadata":"{\"app\":[{\"sha\":\"sha256:c644a9e3c75a6928d12bb2dcdb1e66588831929907f946c69feeefea80a58bfe\"},{\"sha\":\"sha256:b32f5a546cd9cc789dc3f23aa5084681966778a9d8538b8f0a7373101239e72d\"},{\"sha\":\"sha256:5f70bf18a086007016e948b04aed3b82103a36bea41755b6cddfaf10ace3c6ef\"},{\"sha\":\"sha256:e6d8ace1161268d7f75f88bf16ab89e4c26ad2b0bebb73df70bd9ed02d5a47f9\"},{\"sha\":\"sha256:5f70bf18a086007016e948b04aed3b82103a36bea41755b6cddfaf10ace3c6ef\"}],\"buildpacks\":[{\"key\":\"paketo-buildpacks/ca-certificates\",\"version\":\"2.4.2\",\"layers\":{\"helper\":{\"sha\":\"sha256:b8b66188eb71cdc5a61bbdb80a394d2267147b5559d8ba7e89374fa83984eff2\",\"data\":{\"clear-env\":false,\"description\":\"A Cloud Native Buildpack that adds custom CA certificates to a build and a created image\",\"homepage\":\"https://github.com/paketo-buildpacks/ca-certificates\",\"id\":\"paketo-buildpacks/ca-certificates\",\"keywords\":[\"ca-certificates\",\"trust\",\"certificates\"],\"licenses\":[{\"type\":\"Apache-2.0\",\"uri\":\"https://github.com/paketo-buildpacks/ca-certificates/blob/main/LICENSE\"}],\"name\":\"Paketo CA Certificates Buildpack\",\"version\":\"2.4.2\"},\"build\":false,\"launch\":true,\"cache\":false}}},{\"key\":\"paketo-buildpacks/bellsoft-liberica\",\"version\":\"8.9.0\",\"layers\":{\"helper\":{\"sha\":\"sha256:f16841400cf6a65d32da3f00e4fdf9f123d618f8528988fbc977c4f932fc26f9\",\"data\":{\"clear-env\":false,\"description\":\"A Cloud Native Buildpack that provides the Bellsoft Liberica implementations of JREs and JDKs\",\"homepage\":\"https://github.com/paketo-buildpacks/bellsoft-liberica\",\"id\":\"paketo-buildpacks/bellsoft-liberica\",\"keywords\":[\"java\",\"jvm\",\"jre\",\"jdk\"],\"licenses\":[{\"type\":\"Apache-2.0\",\"uri\":\"https://github.com/paketo-buildpacks/bellsoft-liberica/blob/main/LICENSE\"}],\"name\":\"Paketo BellSoft Liberica Buildpack\",\"version\":\"8.9.0\"},\"build\":false,\"launch\":true,\"cache\":false},\"java-security-properties\":{\"sha\":\"sha256:ec0381c8f32136ad9564b114b2271d1181e0c181957acb6707e6ff4713a7a89d\",\"data\":{\"clear-env\":false,\"description\":\"A Cloud Native Buildpack that provides the Bellsoft Liberica implementations of JREs and JDKs\",\"homepage\":\"https://github.com/paketo-buildpacks/bellsoft-liberica\",\"id\":\"paketo-buildpacks/bellsoft-liberica\",\"keywords\":[\"java\",\"jvm\",\"jre\",\"jdk\"],\"licenses\":[{\"type\":\"Apache-2.0\",\"uri\":\"https://github.com/paketo-buildpacks/bellsoft-liberica/blob/main/LICENSE\"}],\"name\":\"Paketo BellSoft Liberica Buildpack\",\"version\":\"8.9.0\"},\"build\":false,\"launch\":true,\"cache\":false},\"jre\":{\"sha\":\"sha256:318d4c9505d84ed07c3b75cb0edbd034e6deeac1e5cdf03712b3a648c221e1bc\",\"data\":{\"cert-file\":\"b1cd670e1f6326d4613d81a1543fe3944e6f140f4f60b70f7390c5ff70cd8f22\",\"dependency\":{\"id\":\"jre\",\"licenses\":[{\"type\":\"GPL-2.0 WITH Classpath-exception-2.0\",\"uri\":\"https://openjdk.java.net/legal/gplv2+ce.html\"}],\"name\":\"BellSoft Liberica JRE\",\"sha256\":\"8bad208be75e67204bcc90cafc35d73506a0ec7cfc384674595003db69241965\",\"stacks\":[\"io.buildpacks.stacks.bionic\",\"io.paketo.stacks.tiny\",\"*\"],\"uri\":\"https://github.com/bell-sw/Liberica/releases/download/11.0.13+8/bellsoft-jre11.0.13+8-linux-amd64.tar.gz\",\"version\":\"11.0.13\"}},\"build\":false,\"launch\":true,\"cache\":false}}},{\"key\":\"paketo-buildpacks/executable-jar\",\"version\":\"5.3.1\",\"layers\":{\"classpath\":{\"sha\":\"sha256:7fbc97c38fad01ae2b8189c8d9a0a0149932192accc4ad253b0f8186d0793e9a\",\"data\":{\"classpath\":[\"/workspace\"],\"launch\":true},\"build\":true,\"launch\":true,\"cache\":false}}},{\"key\":\"paketo-buildpacks/dist-zip\",\"version\":\"4.3.0\",\"layers\":{}},{\"key\":\"paketo-buildpacks/spring-boot\",\"version\":\"4.7.0\",\"layers\":{\"helper\":{\"sha\":\"sha256:e940ec3e71f1dc0f0435f3a9dadbe89162b666d7b7b8a9aa41877ac2a4621484\",\"data\":{\"clear-env\":false,\"description\":\"A Cloud Native Buildpack that contributes Spring Boot dependency information and slices an application into multiple layers\",\"homepage\":\"https://github.com/paketo-buildpacks/spring-boot\",\"id\":\"paketo-buildpacks/spring-boot\",\"keywords\":[\"java\",\"spring\",\"spring-boot\"],\"licenses\":[{\"type\":\"Apache-2.0\",\"uri\":\"https://github.com/paketo-buildpacks/spring-boot/blob/main/LICENSE\"}],\"name\":\"Paketo Spring Boot Buildpack\",\"version\":\"4.7.0\"},\"build\":false,\"launch\":true,\"cache\":false},\"spring-cloud-bindings\":{\"sha\":\"sha256:6182ede4914f7f528e5044b2ee03e11dfc61661ebada00f0abd117bb58684eea\",\"data\":{\"id\":\"spring-cloud-bindings\",\"licenses\":[{\"type\":\"Apache-2.0\",\"uri\":\"https://github.com/spring-cloud/spring-cloud-bindings/blob/main/LICENSE\"}],\"name\":\"Spring Cloud Bindings\",\"sha256\":\"c75ef3152817c28c7049d7e0052dfba3ed461a7151984e594b656c0be927888e\",\"stacks\":[\"io.buildpacks.stacks.bionic\",\"io.paketo.stacks.tiny\",\"*\"],\"uri\":\"https://repo.spring.io/release/org/springframework/cloud/spring-cloud-bindings/1.8.0/spring-cloud-bindings-1.8.0.jar\",\"version\":\"1.8.0\"},\"build\":false,\"launch\":true,\"cache\":false},\"web-application-type\":{\"sha\":\"sha256:6763b99e37924a36f5ebbaa60cceda209369919ee2ff6b0623381f10222a4dfd\",\"data\":{\"files\":\"9e0bfef8f0b43f1956e4624a0d8585b2fe4754b7115a1134a2eca"
12:59:35.594 [Test worker] DEBUG com.github.dockerjava.zerodep.shaded.org.apache.hc.client5.http.wire - http-outgoing-2 << "cf31b734cba\"},\"build\":false,\"launch\":true,\"cache\":false}}}],\"config\":{\"sha\":\"sha256:137cd3f1f76417892adc25cc75532af719669d96c40d83262e4532713466e4a7\"},\"launcher\":{\"sha\":\"sha256:e35d2b93fcfa8ed7df3107e3bc8fdba872d6fbbb57d9e5f92db1be84f53e160c\"},\"process-types\":{\"sha\":\"sha256:1dc94a70dbaa2171fb086500a5d27797f779219b126b0a1eebb9180c2792e80e\"},\"runImage\":{\"topLayer\":\"sha256:b03b31f55fd25f2d4d68097bf7a58f22729e1e286bac52bcba7150ad3f1df8e2\",\"reference\":\"f711165f28b902b7a1e0a657c99ebce880dac65e69492a27bb1b76579bc632de\"},\"stack\":{\"runImage\":{\"image\":\"index.docker.io/paketobuildpacks/run:base-cnb\",\"mirrors\":[\"gcr.io/paketo-buildpacks/run:base-cnb\"]}}}","io.buildpacks.project.metadata":"{}","io.buildpacks.stack.description":"ubuntu:bionic + openssl + CA certs","io.buildpacks.stack.distro.name":"Ubuntu","io.buildpacks.stack.distro.version":"18.04","io.buildpacks.stack.homepage":"https://github.com/paketo-buildpacks/stacks","io.buildpacks.stack.id":"io.buildpacks.stacks.bionic","io.buildpacks.stack.maintainer":"Paketo Buildpacks","io.buildpacks.stack.metadata":"{\"base-image\": \"paketobuildpacks/run@sha256:98396f9054dba59aa13299e91453dca47fe816a91288858043d9bd6daba80ddb\"}","io.buildpacks.stack.mixins":"[\"adduser\",\"apt\",\"base-files\",\"base-passwd\",\"bash\",\"bsdutils\",\"bzip2\",\"ca-certificates\",\"coreutils\",\"dash\",\"debconf\",\"debianutils\",\"diffutils\",\"dpkg\",\"e2fsprogs\",\"fdisk\",\"findutils\",\"gcc-8-base\",\"gpgv\",\"grep\",\"gzip\",\"hostname\",\"init-system-helpers\",\"libacl1\",\"libapt-pkg5.0\",\"libattr1\",\"libaudit-common\",\"libaudit1\",\"libblkid1\",\"libbz2-1.0\",\"libc-bin\",\"libc6\",\"libcap-ng0\",\"libcom-err2\",\"libdb5.3\",\"libdebconfclient0\",\"libext2fs2\",\"libfdisk1\",\"libffi6\",\"libgcc1\",\"libgcrypt20\",\"libgmp10\",\"libgnutls30\",\"libgpg-error0\",\"libhogweed4\",\"libidn2-0\",\"liblz4-1\",\"liblzma5\",\"libmount1\",\"libncurses5\",\"libncursesw5\",\"libnettle6\",\"libp11-kit0\",\"libpam-modules\",\"libpam-modules-bin\",\"libpam-runtime\",\"libpam0g\",\"libpcre3\",\"libprocps6\",\"libseccomp2\",\"libselinux1\",\"libsemanage-common\",\"libsemanage1\",\"libsepol1\",\"libsmartcols1\",\"libss2\",\"libssl1.1\",\"libstdc++6\",\"libsystemd0\",\"libtasn1-6\",\"libtinfo5\",\"libudev1\",\"libunistring2\",\"libuuid1\",\"libyaml-0-2\",\"libzstd1\",\"locales\",\"login\",\"lsb-base\",\"mawk\",\"mount\",\"ncurses-base\",\"ncurses-bin\",\"netbase\",\"openssl\",\"passwd\",\"perl-base\",\"procps\",\"sed\",\"sensible-utils\",\"sysvinit-utils\",\"tar\",\"tzdata\",\"ubuntu-keyring\",\"util-linux\",\"zlib1g\"]","io.buildpacks.stack.released":"2021-10-25T17:08:08Z","io.paketo.stack.packages":"[{\"name\":\"adduser\",\"version\":\"3.116ubuntu1\",\"arch\":\"all\",\"source\":{\"name\":\"adduser\",\"version\":\"3.116ubuntu1\",\"upstreamVersion\":\"3.116ubuntu1\"},\"summary\":\"add and remove users and groups\"},{\"name\":\"apt\",\"version\":\"1.6.14\",\"arch\":\"amd64\",\"source\":{\"name\":\"apt\",\"version\":\"1.6.14\",\"upstreamVersion\":\"1.6.14\"},\"summary\":\"commandline package manager\"},{\"name\":\"base-files\",\"version\":\"10.1ubuntu2.11\",\"arch\":\"amd64\",\"source\":{\"name\":\"base-files\",\"version\":\"10.1ubuntu2.11\",\"upstreamVersion\":\"10.1ubuntu2.11\"},\"summary\":\"Debian base system miscellaneous files\"},{\"name\":\"base-passwd\",\"version\":\"3.5.44\",\"arch\":\"amd64\",\"source\":{\"name\":\"base-passwd\",\"version\":\"3.5.44\",\"upstreamVersion\":\"3.5.44\"},\"summary\":\"Debian base system master password and group files\"},{\"name\":\"bash\",\"version\":\"4.4.18-2ubuntu1.2\",\"arch\":\"amd64\",\"source\":{\"name\":\"bash\",\"version\":\"4.4.18-2ubuntu1.2\",\"upstreamVersion\":\"4.4.18\"},\"summary\":\"GNU Bourne Again SHell\"},{\"name\":\"bsdutils\",\"version\":\"1:2.31.1-0.4ubuntu3.7\",\"arch\":\"amd64\",\"source\":{\"name\":\"util-linux\",\"version\":\"2.31.1-0.4ubuntu3.7\",\"upstreamVersion\":\"2.31.1\"},\"summary\":\"basic utilities from 4.4BSD-Lite\"},{\"name\":\"bzip2\",\"version\":\"1.0.6-8.1ubuntu0.2\",\"arch\":\"amd64\",\"source\":{\"name\":\"bzip2\",\"version\":\"1.0.6-8.1ubuntu0.2\",\"upstreamVersion\":\"1.0.6\"},\"summary\":\"high-quality block-sorting file compressor - utilities\"},{\"name\":\"ca-certificates\",\"version\":\"20210119~18.04.2\",\"arch\":\"all\",\"source\":{\"name\":\"ca-certificates\",\"version\":\"20210119~18.04.2\",\"upstreamVersion\":\"20210119~18.04.2\"},\"summary\":\"Common CA certificates\"},{\"name\":\"coreutils\",\"version\":\"8.28-1ubuntu1\",\"arch\":\"amd64\",\"source\":{\"name\":\"coreutils\",\"version\":\"8.28-1ubuntu1\",\"upstreamVersion\":\"8.28\"},\"summary\":\"GNU core utilities\"},{\"name\":\"dash\",\"version\":\"0.5.8-2.10\",\"arch\":\"amd64\",\"source\":{\"name\":\"dash\",\"version\":\"0.5.8-2.10\",\"upstreamVersion\":\"0.5.8\"},\"summary\":\"POSIX-compliant shell\"},{\"name\":\"debconf\",\"version\":\"1.5.66ubuntu1\",\"arch\":\"all\",\"source\":{\"name\":\"debconf\",\"version\":\"1.5.66ubuntu1\",\"upstreamVersion\":\"1.5.66ubuntu1\"},\"summary\":\"Debian configuration management system\"},{\"name\":\"debianutils\",\"version\":\"4.8.4\",\"arch\":\"amd64\",\"source\":{\"name\":\"debianutils\",\"version\":\"4.8.4\",\"upstreamVersion\":\"4.8.4\"},\"summary\":\"Miscellaneous utilities specific to Debian\"},{\"name\":\"diffutils\",\"version\":\"1:3.6-1\",\"arch\":\"amd64\",\"source\":{\"name\":\"diffutils\",\"version\":\"1:3.6-1\",\"upstreamVersion\":\"3.6\"},\"summary\":\"File comparison utilities\"},{\"name\":\"dpkg\",\"version\":\"1.19.0.5ubuntu2.3\",\"arch\":\"amd64\",\"source\":{\"name\":\"dpkg\",\"version\":\"1.19.0.5ubuntu2.3\",\"upstreamVersion\":\"1.19.0.5ubuntu2.3\"},\"summary\":\"Debian package management system\"},{\"name\":\"e2fsprogs\",\"version\":\"1.44.1-1ubuntu1.3\",\"arch\":\"amd64\",\"source\":{\"name\":\"e2fsprogs\",\"version\":\"1.44.1-1ubuntu1.3\",\"upstreamVersion\":\"1.44.1\"},\"summary\":\"ext2/ext3/ext4 file system utilities\"},{\"name\":\"fdisk\",\"version\":\"2.31.1-0.4ubuntu3.7\",\"arch\":\"amd64\",\"source\":{\"name\":\"util-linux\",\"version\":\"2.31.1-0.4ubuntu3.7\",\"upstreamVersion\":\"2.31.1\"},\"summary\":\"collection of partitioning utilities\"},{\"name\":\"findutils\",\"version\":\"4.6.0+git+20170828-2\",\"arch\":\"amd64\",\"source\":{\"name\":\"findutils\",\"version\":\"4.6.0+git+20170828-2\",\"upstreamVersion\":\"4.6.0+git+20170828\"},\"summary\":\"utilities for finding files--find, xargs\"},{\"name\":\"gcc-8-base:amd64\",\"version\":\"8.4.0-1ubuntu1~18.04\",\"arch\":\"amd64\",\"source\":{\"name\":\"gcc-8\",\"version\":\"8.4.0-1ubuntu1~18.04\",\"upstreamVersion\":\"8.4.0\"},\"summary\":\"GCC, the GNU Compiler Collection (base package)\"},{\"name\":\"gpgv\",\"version\":\"2.2.4-1ubuntu1.4\",\"arch\":\"amd64\",\"source\":{\"name\":\"gnupg2\",\"version\":\"2.2.4-1ubuntu1.4\",\"upstreamVersion\":\"2.2.4\"},\"summary\":\"GNU privacy guard - signature verification tool\"},{\"name\":\"grep\",\"version\":\"3.1-2build1\",\"arch\":\"amd64\",\"source\":{\"name\":\"grep\",\"version\":\"3.1-2build1\",\"upstreamVersion\":\"3.1\"},\"summary\":\"GNU grep, egrep and fgrep\"},{\"name\":\"gzip\",\"version\":\"1.6-5ubuntu1.1\",\"arch\":\"amd64\",\"source\":{\"name\":\"gzip\",\"version\":\"1.6-5ubuntu1.1\",\"upstreamVersion\":\"1.6\"},\"summary\":\"GNU compression utilities\"},{\"name\":\"hostname\",\"version\":\"3.20\",\"arch\":\"amd64\",\"source\":{\"name\":\"hostname\",\"version\":\"3.20\",\"upstreamVersion\":\"3.20\"},\"summary\":\"utility to set/show the host name or domain name\"},{\"name\":\"init-system-helpers\",\"version\":\"1.51\",\"arch\":\"all\",\"source\":{\"name\":\"init-system-helpers\",\"version\":\"1.51\",\"upstreamVersion\":\"1.51\"},\"summary\":\"helper tools for all init systems\"},{\"name\":\"libacl1:amd64\",\"version\":\"2.2.52-3build1\",\"arch\":\"amd64\",\"source\":{\"name\":\"acl\",\"version\":\"2.2.52-3build1\",\"upstreamVersion\":\"2.2.52\"},\"summary\":\"Access control lis"
12:59:35.595 [Test worker] DEBUG com.github.dockerjava.zerodep.shaded.org.apache.hc.client5.http.wire - http-outgoing-2 << "t shared library\"},{\"name\":\"libapt-pkg5.0:amd64\",\"version\":\"1.6.14\",\"arch\":\"amd64\",\"source\":{\"name\":\"apt\",\"version\":\"1.6.14\",\"upstreamVersion\":\"1.6.14\"},\"summary\":\"package management runtime library\"},{\"name\":\"libattr1:amd64\",\"version\":\"1:2.4.47-2build1\",\"arch\":\"amd64\",\"source\":{\"name\":\"attr\",\"version\":\"1:2.4.47-2build1\",\"upstreamVersion\":\"2.4.47\"},\"summary\":\"Extended attribute shared library\"},{\"name\":\"libaudit-common\",\"version\":\"1:2.8.2-1ubuntu1.1\",\"arch\":\"all\",\"source\":{\"name\":\"audit\",\"version\":\"1:2.8.2-1ubuntu1.1\",\"upstreamVersion\":\"2.8.2\"},\"summary\":\"Dynamic library for security auditing - common files\"},{\"name\":\"libaudit1:amd64\",\"version\":\"1:2.8.2-1ubuntu1.1\",\"arch\":\"amd64\",\"source\":{\"name\":\"audit\",\"version\":\"1:2.8.2-1ubuntu1.1\",\"upstreamVersion\":\"2.8.2\"},\"summary\":\"Dynamic library for security auditing\"},{\"name\":\"libblkid1:amd64\",\"version\":\"2.31.1-0.4ubuntu3.7\",\"arch\":\"amd64\",\"source\":{\"name\":\"util-linux\",\"version\":\"2.31.1-0.4ubuntu3.7\",\"upstreamVersion\":\"2.31.1\"},\"summary\":\"block device ID library\"},{\"name\":\"libbz2-1.0:amd64\",\"version\":\"1.0.6-8.1ubuntu0.2\",\"arch\":\"amd64\",\"source\":{\"name\":\"bzip2\",\"version\":\"1.0.6-8.1ubuntu0.2\",\"upstreamVersion\":\"1.0.6\"},\"summary\":\"high-quality block-sorting file compressor library - runtime\"},{\"name\":\"libc-bin\",\"version\":\"2.27-3ubuntu1.4\",\"arch\":\"amd64\",\"source\":{\"name\":\"glibc\",\"version\":\"2.27-3ubuntu1.4\",\"upstreamVersion\":\"2.27\"},\"summary\":\"GNU C Library: Binaries\"},{\"name\":\"libc6:amd64\",\"version\":\"2.27-3ubuntu1.4\",\"arch\":\"amd64\",\"source\":{\"name\":\"glibc\",\"version\":\"2.27-3ubuntu1.4\",\"upstreamVersion\":\"2.27\"},\"summary\":\"GNU C Library: Shared libraries\"},{\"name\":\"libcap-ng0:amd64\",\"version\":\"0.7.7-3.1\",\"arch\":\"amd64\",\"source\":{\"name\":\"libcap-ng\",\"version\":\"0.7.7-3.1\",\"upstreamVersion\":\"0.7.7\"},\"summary\":\"An alternate POSIX capabilities library\"},{\"name\":\"libcom-err2:amd64\",\"version\":\"1.44.1-1ubuntu1.3\",\"arch\":\"amd64\",\"source\":{\"name\":\"e2fsprogs\",\"version\":\"1.44.1-1ubuntu1.3\",\"upstreamVersion\":\"1.44.1\"},\"summary\":\"common error description library\"},{\"name\":\"libdb5.3:amd64\",\"version\":\"5.3.28-13.1ubuntu1.1\",\"arch\":\"amd64\",\"source\":{\"name\":\"db5.3\",\"version\":\"5.3.28-13.1ubuntu1.1\",\"upstreamVersion\":\"5.3.28\"},\"summary\":\"Berkeley v5.3 Database Libraries [runtime]\"},{\"name\":\"libdebconfclient0:amd64\",\"version\":\"0.213ubuntu1\",\"arch\":\"amd64\",\"source\":{\"name\":\"cdebconf\",\"version\":\"0.213ubuntu1\",\"upstreamVersion\":\"0.213ubuntu1\"},\"summary\":\"Debian Configuration Management System (C-implementation library)\"},{\"name\":\"libext2fs2:amd64\",\"version\":\"1.44.1-1ubuntu1.3\",\"arch\":\"amd64\",\"source\":{\"name\":\"e2fsprogs\",\"version\":\"1.44.1-1ubuntu1.3\",\"upstreamVersion\":\"1.44.1\"},\"summary\":\"ext2/ext3/ext4 file system libraries\"},{\"name\":\"libfdisk1:amd64\",\"version\":\"2.31.1-0.4ubuntu3.7\",\"arch\":\"amd64\",\"source\":{\"name\":\"util-linux\",\"version\":\"2.31.1-0.4ubuntu3.7\",\"upstreamVersion\":\"2.31.1\"},\"summary\":\"fdisk partitioning library\"},{\"name\":\"libffi6:amd64\",\"version\":\"3.2.1-8\",\"arch\":\"amd64\",\"source\":{\"name\":\"libffi\",\"version\":\"3.2.1-8\",\"upstreamVersion\":\"3.2.1\"},\"summary\":\"Foreign Function Interface library runtime\"},{\"name\":\"libgcc1:amd64\",\"version\":\"1:8.4.0-1ubuntu1~18.04\",\"arch\":\"amd64\",\"source\":{\"name\":\"gcc-8\",\"version\":\"8.4.0-1ubuntu1~18.04\",\"upstreamVersion\":\"8.4.0\"},\"summary\":\"GCC support library\"},{\"name\":\"libgcrypt20:amd64\",\"version\":\"1.8.1-4ubuntu1.3\",\"arch\":\"amd64\",\"source\":{\"name\":\"libgcrypt20\",\"version\":\"1.8.1-4ubuntu1.3\",\"upstreamVersion\":\"1.8.1\"},\"summary\":\"LGPL Crypto library - runtime library\"},{\"name\":\"libgmp10:amd64\",\"version\":\"2:6.1.2+dfsg-2\",\"arch\":\"amd64\",\"source\":{\"name\":\"gmp\",\"version\":\"2:6.1.2+dfsg-2\",\"upstreamVersion\":\"6.1.2+dfsg\"},\"summary\":\"Multiprecision arithmetic library\"},{\"name\":\"libgnutls30:amd64\",\"version\":\"3.5.18-1ubuntu1.5\",\"arch\":\"amd64\",\"source\":{\"name\":\"gnutls28\",\"version\":\"3.5.18-1ubuntu1.5\",\"upstreamVersion\":\"3.5.18\"},\"summary\":\"GNU TLS library - main runtime library\"},{\"name\":\"libgpg-error0:amd64\",\"version\":\"1.27-6\",\"arch\":\"amd64\",\"source\":{\"name\":\"libgpg-error\",\"version\":\"1.27-6\",\"upstreamVersion\":\"1.27\"},\"summary\":\"library for common error values and messages in GnuPG components\"},{\"name\":\"libhogweed4:amd64\",\"version\":\"3.4.1-0ubuntu0.18.04.1\",\"arch\":\"amd64\",\"source\":{\"name\":\"nettle\",\"version\":\"3.4.1-0ubuntu0.18.04.1\",\"upstreamVersion\":\"3.4.1\"},\"summary\":\"low level cryptographic library (public-key cryptos)\"},{\"name\":\"libidn2-0:amd64\",\"version\":\"2.0.4-1.1ubuntu0.2\",\"arch\":\"amd64\",\"source\":{\"name\":\"libidn2\",\"version\":\"2.0.4-1.1ubuntu0.2\",\"upstreamVersion\":\"2.0.4\"},\"summary\":\"Internationalized domain names (IDNA2008/TR46) library\"},{\"name\":\"liblz4-1:amd64\",\"version\":\"0.0~r131-2ubuntu3.1\",\"arch\":\"amd64\",\"source\":{\"name\":\"lz4\",\"version\":\"0.0~r131-2ubuntu3.1\",\"upstreamVersion\":\"0.0~r131\"},\"summary\":\"Fast LZ compression algorithm library - runtime\"},{\"name\":\"liblzma5:amd64\",\"version\":\"5.2.2-1.3\",\"arch\":\"amd64\",\"source\":{\"name\":\"xz-utils\",\"version\":\"5.2.2-1.3\",\"upstreamVersion\":\"5.2.2\"},\"summary\":\"XZ-format compression library\"},{\"name\":\"libmount1:amd64\",\"version\":\"2.31.1-0.4ubuntu3.7\",\"arch\":\"amd64\",\"source\":{\"name\":\"util-linux\",\"version\":\"2.31.1-0.4ubuntu3.7\",\"upstreamVersion\":\"2.31.1\"},\"summary\":\"device mounting library\"},{\"name\":\"libncurses5:amd64\",\"version\":\"6.1-1ubuntu1.18.04\",\"arch\":\"amd64\",\"source\":{\"name\":\"ncurses\",\"version\":\"6.1-1ubuntu1.18.04\",\"upstreamVersion\":\"6.1\"},\"summary\":\"shared libraries for terminal handling\"},{\"name\":\"libncursesw5:amd64\",\"version\":\"6.1-1ubuntu1.18.04\",\"arch\":\"amd64\",\"source\":{\"name\":\"ncurses\",\"version\":\"6.1-1ubuntu1.18.04\",\"upstreamVersion\":\"6.1\"},\"summary\":\"shared libraries for terminal handling (wide character support)\"},{\"name\":\"libnettle6:amd64\",\"version\":\"3.4.1-0ubuntu0.18.04.1\",\"arch\":\"amd64\",\"source\":{\"name\":\"nettle\",\"version\":\"3.4.1-0ubuntu0.18.04.1\",\"upstreamVersion\":\"3.4.1\"},\"summary\":\"low level cryptographic library (symmetric and one-way cryptos)\"},{\"name\":\"libp11-kit0:amd64\",\"version\":\"0.23.9-2ubuntu0.1\",\"arch\":\"amd64\",\"source\":{\"name\":\"p11-kit\",\"version\":\"0.23.9-2ubuntu0.1\",\"upstreamVersion\":\"0.23.9\"},\"summary\":\"library for loading and coordinating access to PKCS#11 modules - runtime\"},{\"name\":\"libpam-modules:amd64\",\"version\":\"1.1.8-3.6ubuntu2.18.04.3\",\"arch\":\"amd64\",\"source\":{\"name\":\"pam\",\"version\":\"1.1.8-3.6ubuntu2.18.04.3\",\"upstreamVersion\":\"1.1.8\"},\"summary\":\"Pluggable Authentication Modules for PAM\"},{\"name\":\"libpam-modules-bin\",\"version\":\"1.1.8-3.6ubuntu2.18.04.3\",\"arch\":\"amd64\",\"source\":{\"name\":\"pam\",\"version\":\"1.1.8-3.6ubuntu2.18.04.3\",\"upstreamVersion\":\"1.1.8\"},\"summary\":\"Pluggable Authentication Modules for PAM - helper binaries\"},{\"name\":\"libpam-runtime\",\"version\":\"1.1.8-3.6ubuntu2.18.04.3\",\"arch\":\"all\",\"source\":{\"name\":\"pam\",\"version\":\"1.1.8-3.6ubuntu2.18.04.3\",\"upstreamVersion\":\"1.1.8\"},\"summary\":\"Runtime support for the PAM library\"},{\"name\":\"libpam0g:amd64\",\"version\":\"1.1.8-3.6ubuntu2.18.04.3\",\"arch\":\"amd64\",\"source\":{\"name\":\"pam\",\"version\":\"1.1.8-3.6ubuntu2.18.04.3\",\"upstreamVersion\":\"1.1.8\"},\"summary\":\"Pluggable Authentication Modules library\"},{\"name\":\"libpcre3:amd6"
12:59:35.595 [Test worker] DEBUG com.github.dockerjava.zerodep.shaded.org.apache.hc.client5.http.wire - http-outgoing-2 << "4\",\"version\":\"2:8.39-9\",\"arch\":\"amd64\",\"source\":{\"name\":\"pcre3\",\"version\":\"2:8.39-9\",\"upstreamVersion\":\"8.39\"},\"summary\":\"Old Perl 5 Compatible Regular Expression Library - runtime files\"},{\"name\":\"libprocps6:amd64\",\"version\":\"2:3.3.12-3ubuntu1.2\",\"arch\":\"amd64\",\"source\":{\"name\":\"procps\",\"version\":\"2:3.3.12-3ubuntu1.2\",\"upstreamVersion\":\"3.3.12\"},\"summary\":\"library for accessing process information from /proc\"},{\"name\":\"libseccomp2:amd64\",\"version\":\"2.5.1-1ubuntu1~18.04.1\",\"arch\":\"amd64\",\"source\":{\"name\":\"libseccomp\",\"version\":\"2.5.1-1ubuntu1~18.04.1\",\"upstreamVersion\":\"2.5.1\"},\"summary\":\"high level interface to Linux seccomp filter\"},{\"name\":\"libselinux1:amd64\",\"version\":\"2.7-2build2\",\"arch\":\"amd64\",\"source\":{\"name\":\"libselinux\",\"version\":\"2.7-2build2\",\"upstreamVersion\":\"2.7\"},\"summary\":\"SELinux runtime shared libraries\"},{\"name\":\"libsemanage-common\",\"version\":\"2.7-2build2\",\"arch\":\"all\",\"source\":{\"name\":\"libsemanage\",\"version\":\"2.7-2build2\",\"upstreamVersion\":\"2.7\"},\"summary\":\"Common files for SELinux policy management libraries\"},{\"name\":\"libsemanage1:amd64\",\"version\":\"2.7-2build2\",\"arch\":\"amd64\",\"source\":{\"name\":\"libsemanage\",\"version\":\"2.7-2build2\",\"upstreamVersion\":\"2.7\"},\"summary\":\"SELinux policy management library\"},{\"name\":\"libsepol1:amd64\",\"version\":\"2.7-1\",\"arch\":\"amd64\",\"source\":{\"name\":\"libsepol\",\"version\":\"2.7-1\",\"upstreamVersion\":\"2.7\"},\"summary\":\"SELinux library for manipulating binary security policies\"},{\"name\":\"libsmartcols1:amd64\",\"version\":\"2.31.1-0.4ubuntu3.7\",\"arch\":\"amd64\",\"source\":"
12:59:35.595 [Test worker] DEBUG com.github.dockerjava.zerodep.shaded.org.apache.hc.client5.http.wire - http-outgoing-2 << "[\r][\n]"
12:59:35.596 [Test worker] DEBUG com.github.dockerjava.zerodep.shaded.org.apache.hc.client5.http.wire - http-outgoing-2 << "8000[\r][\n]"
12:59:35.596 [Test worker] DEBUG com.github.dockerjava.zerodep.shaded.org.apache.hc.client5.http.wire - http-outgoing-2 << "{\"name\":\"util-linux\",\"version\":\"2.31.1-0.4ubuntu3.7\",\"upstreamVersion\":\"2.31.1\"},\"summary\":\"smart column output alignment library\"},{\"name\":\"libss2:amd64\",\"version\":\"1.44.1-1ubuntu1.3\",\"arch\":\"amd64\",\"source\":{\"name\":\"e2fsprogs\",\"version\":\"1.44.1-1ubuntu1.3\",\"upstreamVersion\":\"1.44.1\"},\"summary\":\"command-line interface parsing library\"},{\"name\":\"libssl1.1:amd64\",\"version\":\"1.1.1-1ubuntu2.1~18.04.13\",\"arch\":\"amd64\",\"source\":{\"name\":\"openssl\",\"version\":\"1.1.1-1ubuntu2.1~18.04.13\",\"upstreamVersion\":\"1.1.1\"},\"summary\":\"Secure Sockets Layer toolkit - shared libraries\"},{\"name\":\"libstdc++6:amd64\",\"version\":\"8.4.0-1ubuntu1~18.04\",\"arch\":\"amd64\",\"source\":{\"name\":\"gcc-8\",\"version\":\"8.4.0-1ubuntu1~18.04\",\"upstreamVersion\":\"8.4.0\"},\"summary\":\"GNU Standard C++ Library v3\"},{\"name\":\"libsystemd0:amd64\",\"version\":\"237-3ubuntu10.52\",\"arch\":\"amd64\",\"source\":{\"name\":\"systemd\",\"version\":\"237-3ubuntu10.52\",\"upstreamVersion\":\"237\"},\"summary\":\"systemd utility library\"},{\"name\":\"libtasn1-6:amd64\",\"version\":\"4.13-2\",\"arch\":\"amd64\",\"source\":{\"name\":\"libtasn1-6\",\"version\":\"4.13-2\",\"upstreamVersion\":\"4.13\"},\"summary\":\"Manage ASN.1 structures (runtime)\"},{\"name\":\"libtinfo5:amd64\",\"version\":\"6.1-1ubuntu1.18.04\",\"arch\":\"amd64\",\"source\":{\"name\":\"ncurses\",\"version\":\"6.1-1ubuntu1.18.04\",\"upstreamVersion\":\"6.1\"},\"summary\":\"shared low-level terminfo library for terminal handling\"},{\"name\":\"libudev1:amd64\",\"version\":\"237-3ubuntu10.52\",\"arch\":\"amd64\",\"source\":{\"name\":\"systemd\",\"version\":\"237-3ubuntu10.52\",\"upstreamVersion\":\"237\"},\"summary\":\"libudev shared library\"},{\"name\":\"libunistring2:amd64\",\"version\":\"0.9.9-0ubuntu2\",\"arch\":\"amd64\",\"source\":{\"name\":\"libunistring\",\"version\":\"0.9.9-0ubuntu2\",\"upstreamVersion\":\"0.9.9\"},\"summary\":\"Unicode string library for C\"},{\"name\":\"libuuid1:amd64\",\"version\":\"2.31.1-0.4ubuntu3.7\",\"arch\":\"amd64\",\"source\":{\"name\":\"util-linux\",\"version\":\"2.31.1-0.4ubuntu3.7\",\"upstreamVersion\":\"2.31.1\"},\"summary\":\"Universally Unique ID library\"},{\"name\":\"libyaml-0-2:amd64\",\"version\":\"0.1.7-2ubuntu3\",\"arch\":\"amd64\",\"source\":{\"name\":\"libyaml\",\"version\":\"0.1.7-2ubuntu3\",\"upstreamVersion\":\"0.1.7\"},\"summary\":\"Fast YAML 1.1 parser and emitter library\"},{\"name\":\"libzstd1:amd64\",\"version\":\"1.3.3+dfsg-2ubuntu1.2\",\"arch\":\"amd64\",\"source\":{\"name\":\"libzstd\",\"version\":\"1.3.3+dfsg-2ubuntu1.2\",\"upstreamVersion\":\"1.3.3+dfsg\"},\"summary\":\"fast lossless compression algorithm\"},{\"name\":\"locales\",\"version\":\"2.27-3ubuntu1.4\",\"arch\":\"all\",\"source\":{\"name\":\"glibc\",\"version\":\"2.27-3ubuntu1.4\",\"upstreamVersion\":\"2.27\"},\"summary\":\"GNU C Library: National Language (locale) data [support]\"},{\"name\":\"login\",\"version\":\"1:4.5-1ubuntu2\",\"arch\":\"amd64\",\"source\":{\"name\":\"shadow\",\"version\":\"1:4.5-1ubuntu2\",\"upstreamVersion\":\"4.5\"},\"summary\":\"system login tools\"},{\"name\":\"lsb-base\",\"version\":\"9.20170808ubuntu1\",\"arch\":\"all\",\"source\":{\"name\":\"lsb\",\"version\":\"9.20170808ubuntu1\",\"upstreamVersion\":\"9.20170808ubuntu1\"},\"summary\":\"Linux Standard Base init script functionality\"},{\"name\":\"mawk\",\"version\":\"1.3.3-17ubuntu3\",\"arch\":\"amd64\",\"source\":{\"name\":\"mawk\",\"version\":\"1.3.3-17ubuntu3\",\"upstreamVersion\":\"1.3.3\"},\"summary\":\"a pattern scanning and text processing language\"},{\"name\":\"mount\",\"version\":\"2.31.1-0.4ubuntu3.7\",\"arch\":\"amd64\",\"source\":{\"name\":\"util-linux\",\"version\":\"2.31.1-0.4ubuntu3.7\",\"upstreamVersion\":\"2.31.1\"},\"summary\":\"tools for mounting and manipulating filesystems\"},{\"name\":\"ncurses-base\",\"version\":\"6.1-1ubuntu1.18.04\",\"arch\":\"all\",\"source\":{\"name\":\"ncurses\",\"version\":\"6.1-1ubuntu1.18.04\",\"upstreamVersion\":\"6.1\"},\"summary\":\"basic terminal type definitions\"},{\"name\":\"ncurses-bin\",\"version\":\"6.1-1ubuntu1.18.04\",\"arch\":\"amd64\",\"source\":{\"name\":\"ncurses\",\"version\":\"6.1-1ubuntu1.18.04\",\"upstreamVersion\":\"6.1\"},\"summary\":\"terminal-related programs and man pages\"},{\"name\":\"netbase\",\"version\":\"5.4\",\"arch\":\"all\",\"source\":{\"name\":\"netbase\",\"version\":\"5.4\",\"upstreamVersion\":\"5.4\"},\"summary\":\"Basic TCP/IP networking system\"},{\"name\":\"openssl\",\"version\":\"1.1.1-1ubuntu2.1~18.04.13\",\"arch\":\"amd64\",\"source\":{\"name\":\"openssl\",\"version\":\"1.1.1-1ubuntu2.1~18.04.13\",\"upstreamVersion\":\"1.1.1\"},\"summary\":\"Secure Sockets Layer toolkit - cryptographic utility\"},{\"name\":\"passwd\",\"version\":\"1:4.5-1ubuntu2\",\"arch\":\"amd64\",\"source\":{\"name\":\"shadow\",\"version\":\"1:4.5-1ubuntu2\",\"upstreamVersion\":\"4.5\"},\"summary\":\"change and administer password and group data\"},{\"name\":\"perl-base\",\"version\":\"5.26.1-6ubuntu0.5\",\"arch\":\"amd64\",\"source\":{\"name\":\"perl\",\"version\":\"5.26.1-6ubuntu0.5\",\"upstreamVersion\":\"5.26.1\"},\"summary\":\"minimal Perl system\"},{\"name\":\"procps\",\"version\":\"2:3.3.12-3ubuntu1.2\",\"arch\":\"amd64\",\"source\":{\"name\":\"procps\",\"version\":\"2:3.3.12-3ubuntu1.2\",\"upstreamVersion\":\"3.3.12\"},\"summary\":\"/proc file system utilities\"},{\"name\":\"sed\",\"version\":\"4.4-2\",\"arch\":\"amd64\",\"source\":{\"name\":\"sed\",\"version\":\"4.4-2\",\"upstreamVersion\":\"4.4\"},\"summary\":\"GNU stream editor for filtering/transforming text\"},{\"name\":\"sensible-utils\",\"version\":\"0.0.12\",\"arch\":\"all\",\"source\":{\"name\":\"sensible-utils\",\"version\":\"0.0.12\",\"upstreamVersion\":\"0.0.12\"},\"summary\":\"Utilities for sensible alternative selection\"},{\"name\":\"sysvinit-utils\",\"version\":\"2.88dsf-59.10ubuntu1\",\"arch\":\"amd64\",\"source\":{\"name\":\"sysvinit\",\"version\":\"2.88dsf-59.10ubuntu1\",\"upstreamVersion\":\"2.88dsf\"},\"summary\":\"System-V-like utilities\"},{\"name\":\"tar\",\"version\":\"1.29b-2ubuntu0.2\",\"arch\":\"amd64\",\"source\":{\"name\":\"tar\",\"version\":\"1.29b-2ubuntu0.2\",\"upstreamVersion\":\"1.29b\"},\"summary\":\"GNU version of the tar archiving utility\"},{\"name\":\"tzdata\",\"version\":\"2021a-2ubuntu0.18.04\",\"arch\":\"all\",\"source\":{\"name\":\"tzdata\",\""
12:59:35.596 [Test worker] DEBUG com.github.dockerjava.zerodep.shaded.org.apache.hc.client5.http.wire - http-outgoing-2 << "version\":\"2021a-2ubuntu0.18.04\",\"upstreamVersion\":\"2021a\"},\"summary\":\"time zone and daylight-saving time data\"},{\"name\":\"ubuntu-keyring\",\"version\":\"2018.09.18.1~18.04.2\",\"arch\":\"all\",\"source\":{\"name\":\"ubuntu-keyring\",\"version\":\"2018.09.18.1~18.04.2\",\"upstreamVersion\":\"2018.09.18.1~18.04.2\"},\"summary\":\"GnuPG keys of the Ubuntu archive\"},{\"name\":\"util-linux\",\"version\":\"2.31.1-0.4ubuntu3.7\",\"arch\":\"amd64\",\"source\":{\"name\":\"util-linux\",\"version\":\"2.31.1-0.4ubuntu3.7\",\"upstreamVersion\":\"2.31.1\"},\"summary\":\"miscellaneous system utilities\"},{\"name\":\"zlib1g:amd64\",\"version\":\"1:1.2.11.dfsg-0ubuntu2\",\"arch\":\"amd64\",\"source\":{\"name\":\"zlib\",\"version\":\"1:1.2.11.dfsg-0ubuntu2\",\"upstreamVersion\":\"1.2.11.dfsg\"},\"summary\":\"compression library - runtime\"}]","org.springframework.boot.version":"2.5.6"},"ParentId":"","RepoDigests":["<none>@<none>"],"RepoTags":["<none>:<none>"],"SharedSize":-1,"Size":263701922,"VirtualSize":263701922},{"Containers":-1,"Created":315532801,"Id":"sha256:d7e8b33d0e14c6393fe69e20d21d339878c4fb185fb8fed1612ec4aae7813d68","Labels":{"io.buildpacks.builder.metadata":"{\"description\":\"Ubuntu bionic base image with buildpacks for Java, .NET Core, NodeJS, Go, Python, Ruby, NGINX and Procfile\",\"buildpacks\":[{\"id\":\"paketo-buildpacks/dotnet-core\",\"name\":\"Paketo .NET Core Buildpack\",\"version\":\"0.8.1\",\"homepage\":\"https://github.com/paketo-buildpacks/dotnet-core\"},{\"id\":\"paketo-buildpacks/dotnet-core-sdk\",\"name\":\"Paketo .NET Core SDK Buildpack\",\"version\":\"0.2.1\",\"homepage\":\"https://github.com/paketo-buildpacks/dotnet-core-sdk\"},{\"id\":\"paketo-buildpacks/dotnet-publish\",\"name\":\"Paketo .NET Publish Buildpack\",\"version\":\"0.3.1\",\"homepage\":\"https://github.com/paketo-buildpacks/dotnet-publish\"},{\"id\":\"paketo-buildpacks/environment-variables\",\"name\":\"Paketo Environment Variables Buildpack\",\"version\":\"3.2.2\",\"homepage\":\"https://github.com/paketo-buildpacks/environment-variables\"},{\"id\":\"paketo-buildpacks/icu\",\"version\":\"0.0.102\",\"homepage\":\"https://github.com/paketo-buildpacks/icu\"},{\"id\":\"paketo-buildpacks/image-labels\",\"name\":\"Paketo Image Labels Buildpack\",\"version\":\"3.2.2\",\"homepage\":\"https://github.com/paketo-buildpacks/image-labels\"},{\"id\":\"paketo-buildpacks/ca-certificates\",\"name\":\"Paketo CA Certificates Buildpack\",\"version\":\"2.4.2\",\"homepage\":\"https://github.com/paketo-buildpacks/ca-certificates\"},{\"id\":\"paketo-buildpacks/dotnet-core-aspnet\",\"name\":\"Paketo ASP.NET Core Buildpack\",\"version\":\"0.2.2\",\"homepage\":\"https://github.com/paketo-buildpacks/dotnet-core-aspnet\"},{\"id\":\"paketo-buildpacks/procfile\",\"name\":\"Paketo Procfile Buildpack\",\"version\":\"4.4.1\",\"homepage\":\"https://github.com/paketo-buildpacks/procfile\"},{\"id\":\"paketo-buildpacks/watchexec\",\"name\":\"Paketo Watchexec Buildpack\",\"version\":\"1.2.0\",\"homepage\":\"https://github.com/paketo-buildpacks/watchexec\"},{\"id\":\"paketo-buildpacks/dotnet-core-runtime\",\"name\":\"Paketo .NET Core Runtime Buildpack\",\"version\":\"0.2.2\",\"homepage\":\"https://github.com/paketo-buildpacks/dotnet-core-runtime\"},{\"id\":\"paketo-buildpacks/dotnet-execute\",\"name\":\"Paketo .NET Execute Buildpack\",\"version\":\"0.5.1\",\"homepage\":\"https://github.com/paketo-buildpacks/dotnet-execute\"},{\"id\":\"paketo-buildpacks/node-engine\",\"name\":\"Paketo Node Engine Buildpack\",\"version\":\"0.9.0\",\"homepage\":\"https://github.com/paketo-buildpacks/node-engine\"},{\"id\":\"paketo-buildpacks/go\",\"name\":\"Paketo Go Buildpack\",\"version\":\"0.12.0\",\"homepage\":\"https://github.com/paketo-buildpacks/go\"},{\"id\":\"paketo-buildpacks/environment-variables\",\"name\":\"Paketo Environment Variables Buildpack\",\"version\":\"3.2.2\",\"homepage\":\"https://github.com/paketo-buildpacks/environment-variables\"},{\"id\":\"paketo-buildpacks/go-dist\",\"name\":\"Paketo Go Distribution Buildpack\",\"version\":\"0.7.0\",\"homepage\":\"https://github.com/paketo-buildpacks/go-dist\"},{\"id\":\"paketo-buildpacks/go-mod-vendor\",\"name\":\"Paketo Go Mod Vendor Buildpack\",\"version\":\"0.3.1\",\"homepage\":\"https://github.com/paketo-buildpacks/go-mod-vendor\"},{\"id\":\"paketo-buildpacks/image-labels\",\"name\":\"Paketo Image Labels Buildpack\",\"version\":\"3.2.3\",\"homepage\":\"https://github.com/paketo-buildpacks/image-labels\"},{\"id\":\"paketo-buildpacks/watchexec\",\"name\":\"Paketo Watchexec Buildpack\",\"version\":\"1.2.0\",\"homepage\":\"https://github.com/paketo-buildpacks/watchexec\"},{\"id\":\"paketo-buildpacks/dep\",\"name\":\"Paketo Dep Buildpack\",\"version\":\"0.1.1\",\"homepage\":\"https://github.com/paketo-buildpacks/dep\"},{\"id\":\"paketo-buildpacks/dep-ensure\",\"name\":\"Paketo Dep Ensure Buildpack\",\"version\":\"0.1.1\",\"homepage\":\"https://github.com/paketo-buildpacks/dep-ensure\"},{\"id\":\"paketo-buildpacks/procfile\",\"name\":\"Paketo Procfile Buildpack\",\"version\":\"4.4.1\",\"homepage\":\"https://github.com/paketo-buildpacks/procfile\"},{\"id\":\"paketo-buildpacks/ca-certificates\",\"name\":\"Paketo CA Certificates Buildpack\",\"version\":\"2.4.2\",\"homepage\":\"https://github.com/paketo-buildpacks/ca-certificates\"},{\"id\":\"paketo-buildpacks/go-build\",\"name\":\"Paketo Go Build Buildpack\",\"version\":\"0.5.0\",\"homepage\":\"https://github.com/paketo-buildpacks/go-build\"},{\"id\":\"paketo-buildpacks/java-native-image\",\"name\":\"Paketo Java Native Image Buildpack\",\"version\":\"5.12.0\",\"homepage\":\"https://github.com/paketo-buildpacks/java-native-image\"},{\"id\":\"paketo-buildpacks/ca-certificates\",\"version\":\"2.4.2\",\"homepage\":\"https://github.com/paketo-buildpacks/ca-certificates\"},{\"id\":\"paketo-buildpacks/environment-variables\",\"version\":\"3.2.2\",\"homepage\":\"https://github.com/paketo-buildpacks/environment-variables\"},{\"id\":\"paketo-buildpacks/image-labels\",\"version\":\"3.2.3\",\"homepage\":\"https://github.com/paketo-buildpacks/image-labels\"},{\"id\":\"paketo-buildpacks/native-image\",\"version\":\"4.3.2\",\"homepage\":\"https://github.com/paketo-buildpacks/native-image\"},{\"id\":\"paketo-buildpacks/spring-boot\",\"version\":\"4.7.0\",\"homepage\":\"https://github.com/paketo-buildpacks/spring-boot\"},{\"id\":\"paketo-buildpacks/executable-jar\",\"version\":\"5.3.1\",\"homepage\":\"https://github.com/paketo-buildpacks/executable-jar\"},{\"id\":\"paketo-buildpacks/maven\",\"version\":\"5.7.0\",\"homepage\":\"https://github.com/paketo-buildpacks/maven\"},{\"id\":\"paketo-buildpacks/procfile\",\"version\":\"4.4.1\",\"homepage\":\"https://github.com/paketo-buildpacks/procfile\"},{\"id\":\"paketo-buildpacks/upx\",\"version\":\"1.1.2\",\"homepage\":\"https://github.com/paketo-buildpacks/upx\"},{\"id\":\"paketo-buildpacks/graalvm\",\"version\":\"6.7.0\",\"homepage\":\"https://github.com/paketo-buildpacks/graalvm\"},{\"id\":\"paketo-buildpacks/gradle\",\"version\":\"5.7.0\",\"homepage\":\"https://github.com/paketo-buildpacks/gradle\"},{\"id\":\"paketo-buildpacks/leiningen\",\"version\":\"3.5.0\",\"homepage\":\"https://github.com/paketo-buildpacks/leiningen\"},{\"id\":\"paketo-buildpacks/sbt\",\"version\":\"5.6.0\",\"homepage\":\"https://github.com/paketo-buildpacks/sbt\"},{\"id\":\"paketo-buildpacks/java\",\"name\":\"Paketo Java Buildpack\",\"version\":\"5.20.0\",\"homepage\":\"https://github.com/paketo-buildpacks/java\"},{\"id\":\"paketo-buildpacks/azure-application-insights\",\"version\":\"4.9.0\",\"homepage\":\"https://github.com/paketo-buildpacks/azure-application-insights\"},{\"id\":\"paketo-buildpacks/encrypt-at-rest\",\"version\":\"3.2.2\",\"homepage\":\"https://github.com/paketo-buildpacks/encrypt-at-rest\"},{\"id\":\"paketo-buildpacks/executable-jar\",\"version\":\"5.3.1\",\"homepage\":\"https://github.com/paketo-buildpacks/executable-jar\"},{\"id\":\"paketo-buildpacks/maven\",\"version\":\"5.7.0\",\"ho"
12:59:35.598 [Test worker] DEBUG com.github.dockerjava.zerodep.shaded.org.apache.hc.client5.http.wire - http-outgoing-2 << "mepage\":\"https://github.com/paketo-buildpacks/maven\"},{\"id\":\"paketo-buildpacks/clojure-tools\",\"version\":\"1.1.0\",\"homepage\":\"https://github.com/paketo-buildpacks/clojure-tools\"},{\"id\":\"paketo-buildpacks/gradle\",\"version\":\"5.7.0\",\"homepage\":\"https://github.com/paketo-buildpacks/gradle\"},{\"id\":\"paketo-buildpacks/image-labels\",\"version\":\"3.2.3\",\"homepage\":\"https://github.com/paketo-buildpacks/image-labels\"},{\"id\":\"paketo-buildpacks/leiningen\",\"version\":\"3.5.0\",\"homepage\":\"https://github.com/paketo-buildpacks/leiningen\"},{\"id\":\"paketo-buildpacks/environment-variables\",\"version\":\"3.2.2\",\"homepage\":\"https://github.com/paketo-buildpacks/environment-variables\"},{\"id\":\"paketo-buildpacks/google-stackdriver\",\"version\":\"3.16.0\",\"homepage\":\"https://github.com/paketo-buildpacks/google-stackdriver\"},{\"id\":\"paketo-buildpacks/procfile\",\"version\":\"4.4.1\",\"homepage\":\"https://github.com/paketo-buildpacks/procfile\"},{\"id\":\"paketo-buildpacks/apache-tomcat\",\"version\":\"6.4.0\",\"homepage\":\"https://github.com/paketo-buildpacks/apache-tomcat\"},{\"id\":\"paketo-buildpacks/bellsoft-liberica\",\"version\":\"8.9.0\",\"homepage\":\"https://github.com/paketo-buildpacks/bellsoft-liberica\"},{\"id\":\"paketo-buildpacks/ca-certificates\",\"version\":\"2.4.2\",\"homepage\":\"https://github.com/paketo-buildpacks/ca-certificates\"},{\"id\":\"paketo-buildpacks/dist-zip\",\"version\":\"4.3.0\",\"homepage\":\"https://github.com/paketo-buildpacks/dist-zip\"},{\"id\":\"paketo-buildpacks/sbt\",\"version\":\"5.6.0\",\"homepage\":\"https://github.com/paketo-buildpacks/sbt\"},{\"id\":\"paketo-buildpacks/spring-boot\",\"version\":\"4.7.0\",\"homepage\":\"https://github.com/paketo-buildpacks/spring-boot\"},{\"id\":\"paketo-buildpacks/watchexec\",\"version\":\"1.2.0\",\"homepage\":\"https://github.com/paketo-buildpacks/watchexec\"},{\"id\":\"paketo-buildpacks/nginx\",\"name\":\"Paketo Nginx Server Buildpack\",\"version\":\"0.4.0\",\"homepage\":\"https://github.com/paketo-buildpacks/nginx\"},{\"id\":\"paketo-buildpacks/nodejs\",\"name\":\"Paketo Node.js Buildpack\",\"version\":\"0.9.0\",\"homepage\":\"https://github.com/paketo-buildpacks/nodejs\"},{\"id\":\"paketo-buildpacks/yarn\",\"name\":\"Paketo Yarn Buildpack\",\"version\":\"0.4.1\",\"homepage\":\"https://github.com/paketo-buildpacks/yarn\"},{\"id\":\"paketo-buildpacks/ca-certificates\",\"name\":\"Paketo CA Certificates Buildpack\",\"version\":\"2.4.1\",\"homepage\":\"https://github.com/paketo-buildpacks/ca-certificates\"},{\"id\":\"paketo-buildpacks/node-module-bom\",\"name\":\"Paketo Node Module Bill of Materials Generator Buildpack\",\"version\":\"0.1.2\",\"homepage\":\"https://github.com/paketo-buildpacks/node-module-bom\"},{\"id\":\"paketo-buildpacks/node-start\",\"name\":\"Paketo Node Start Buildpack\",\"version\":\"0.3.0\",\"homepage\":\"https://github.com/paketo-buildpacks/node-start\"},{\"id\":\"paketo-buildpacks/npm-install\",\"name\":\"Paketo NPM Install Buildpack\",\"version\":\"0.4.0\",\"homepage\":\"https://github.com/paketo-buildpacks/npm-install\"},{\"id\":\"paketo-buildpacks/procfile\",\"name\":\"Paketo Procfile Buildpack\",\"version\":\"4.3.1\",\"homepage\":\"https://github.com/paketo-buildpacks/procfile\"},{\"id\":\"paketo-buildpacks/image-labels\",\"name\":\"Paketo Image Labels Buildpack\",\"version\":\"3.2.1\",\"homepage\":\"https://github.com/paketo-buildpacks/image-labels\"},{\"id\":\"paketo-buildpacks/yarn-start\",\"name\":\"Paketo Yarn Start Buildpack\",\"version\":\"0.3.0\",\"homepage\":\"https://github.com/paketo-buildpacks/yarn-start\"},{\"id\":\"paketo-buildpacks/node-engine\",\"name\":\"Paketo Node Engine Buildpack\",\"version\":\"0.8.0\",\"homepage\":\"https://github.com/paketo-buildpacks/node-engine\"},{\"id\":\"paketo-buildpacks/environment-variables\",\"name\":\"Paketo Environment Variables Buildpack\",\"version\":\"3.2.1\",\"homepage\":\"https://github.com/paketo-buildpacks/environment-variables\"},{\"id\":\"paketo-buildpacks/node-run-script\",\"name\":\"Paketo Node Run Script Buildpack\",\"version\":\"0.1.0\",\"homepage\":\"https://github.com/paketo-buildpacks/node-run-script\"},{\"id\":\"paketo-buildpacks/npm-start\",\"name\":\"Paketo NPM Start Buildpack\",\"version\":\"0.4.0\",\"homepage\":\"https://github.com/paketo-buildpacks/npm-start\"},{\"id\":\"paketo-buildpacks/yarn-install\",\"name\":\"Paketo Yarn Install Buildpack\",\"version\":\"0.4.0\",\"homepage\":\"https://github.com/paketo-buildpacks/yarn-install\"},{\"id\":\"paketo-buildpacks/procfile\",\"name\":\"Paketo Procfile Buildpack\",\"version\":\"4.4.1\",\"homepage\":\"https://github.com/paketo-buildpacks/procfile\"},{\"id\":\"paketo-buildpacks/python\",\"name\":\"Paketo Python Buildpack\",\"version\":\"0.8.1\"},{\"id\":\"paketo-buildpacks/ca-certificates\",\"version\":\"2.4.1\",\"homepage\":\"https://github.com/paketo-buildpacks/ca-certificates\"},{\"id\":\"paketo-buildpacks/cpython\",\"version\":\"0.7.3\"},{\"id\":\"paketo-buildpacks/pipenv\",\"version\":\"0.2.1\"},{\"id\":\"paketo-buildpacks/pipenv-install\",\"version\":\"0.2.3\"},{\"id\":\"paketo-buildpacks/python-start\",\"version\":\"0.6.2\",\"homepage\":\"https://github.com/paketo-buildpacks/python-start\"},{\"id\":\"paketo-buildpacks/pip-install\",\"version\":\"0.2.0\"},{\"id\":\"paketo-buildpacks/procfile\",\"version\":\"4.3.1\",\"homepage\":\"https://github.com/paketo-buildpacks/procfile\"},{\"id\":\"paketo-buildpacks/conda-env-update\",\"version\":\"0.2.2\",\"homepage\":\"https://github.com/paketo-buildpacks/conda-env-update\"},{\"id\":\"paketo-buildpacks/environment-variables\",\"version\":\"3.2.1\",\"homepage\":\"https://github.com/paketo-buildpacks/environment-variables\"},{\"id\":\"paketo-buildpacks/image-labels\",\"version\":\"3.2.1\",\"homepage\":\"https://github.com/paketo-buildpacks/image-labels\"},{\"id\":\"paketo-buildpacks/miniconda\",\"version\":\"0.2.1\"},{\"id\":\"paketo-buildpacks/pip\",\"version\":\"0.5.1\"},{\"id\":\"paketo-buildpacks/ruby\",\"name\":\"Paketo Ruby Buildpack\",\"version\":\"0.9.1\",\"homepage\":\"https://github.com/paketo-buildpacks/ruby\"},{\"id\":\"paketo-buildpacks/rackup\",\"name\":\"Paketo Rackup Buildpack\",\"version\":\"0.0.59\",\"homepage\":\"https://github.com/paketo-buildpacks/rackup\"},{\"id\":\"paketo-buildpacks/rake\",\"name\":\"Paketo Rake Buildpack\",\"version\":\"0.0.14\",\"homepage\":\"https://github.com/paketo-buildpacks/rake\"},{\"id\":\"paketo-buildpacks/yarn\",\"name\":\"Paketo Yarn Buildpack\",\"version\":\"0.4.2\",\"homepage\":\"https://github.com/paketo-buildpacks/yarn\"},{\"id\":\"paketo-buildpacks/bundle-install\",\"name\":\"Paketo Bundle Install Buildpack\",\"version\":\"0.2.4\",\"homepage\":\"https://github.com/paketo-buildpacks/bundle-install\"},{\"id\":\"paketo-buildpacks/ca-certificates\",\"name\":\"Paketo CA Certificates Buildpack\",\"version\":\"2.4.2\",\"homepage\":\"https://github.com/paketo-buildpacks/ca-certificates\"},{\"id\":\"paketo-buildpacks/mri\",\"name\":\"Paketo MRI Buildpack\",\"version\":\"0.2.5\",\"homepage\":\"https://github.com/paketo-buildpacks/mri\"},{\"id\":\"paketo-buildpacks/unicorn\",\"name\":\"Paketo Unicorn Buildpack\",\"version\":\"0.0.52\",\"homepage\":\"https://github.com/paketo-buildpacks/unicorn\"},{\"id\":\"paketo-buildpacks/bundler\",\"name\":\"Paketo Bundler Buildpack\",\"version\":\"0.1.9\",\"homepage\":\"https://github.com/paketo-buildpacks/bundler\"},{\"id\":\"paketo-buildpacks/image-labels\",\"name\":\"Paketo Image Labels Buildpack\",\"version\":\"3.2.2\",\"homepage\":\"https://github.com/paketo-buildpacks/image-labels\"},{\"id\":\"paketo-buildpacks/node-engine\",\"name\":\"Paketo Node Engine Buildpack\",\"version\":\"0.9.0\",\"homepage\":\"https://github.com/paketo-buildpacks/node-engine\"},{\"id\":\"paketo-buildpacks/puma\",\"name\":\"Paketo Puma Buildpack\",\"version\":\"0.0.61\",\"homepage\":\"https://github.com/paketo-buildpacks/puma\"},{\"id\":\"paketo-buildpacks/rails-assets\",\"name\":"
12:59:35.599 [Test worker] DEBUG com.github.dockerjava.zerodep.shaded.org.apache.hc.client5.http.wire - http-outgoing-2 << "\"Paketo Rails Assets Buildpack\",\"version\":\"0.2.4\",\"homepage\":\"https://github.com/paketo-buildpacks/rails-assets\"},{\"id\":\"paketo-buildpacks/yarn-install\",\"name\":\"Paketo Yarn Install Buildpack\",\"version\":\"0.4.0\",\"homepage\":\"https://github.com/paketo-buildpacks/yarn-install\"},{\"id\":\"paketo-buildpacks/environment-variables\",\"name\":\"Paketo Environment Variables Buildpack\",\"version\":\"3.2.2\",\"homepage\":\"https://github.com/paketo-buildpacks/environment-variables\"},{\"id\":\"paketo-buildpacks/procfile\",\"name\":\"Paketo Procfile Buildpack\",\"version\":\"4.4.1\",\"homepage\":\"https://github.com/paketo-buildpacks/procfile\"},{\"id\":\"paketo-buildpacks/thin\",\"name\":\"Paketo Thin Buildpack\",\"version\":\"0.0.54\",\"homepage\":\"https://github.com/paketo-buildpacks/thin\"},{\"id\":\"paketo-buildpacks/passenger\",\"name\":\"Paketo Passenger Buildpack\",\"version\":\"0.1.2\",\"homepage\":\"https://github.com/paketo-buildpacks/passenger\"}],\"stack\":{\"runImage\":{\"image\":\"index.docker.io/paketobuildpacks/run:base-cnb\",\"mirrors\":[\"gcr.io/paketo-buildpacks/run:base-cnb\"]}},\"lifecycle\":{\"version\":\"0.12.0\",\"api\":{\"buildpack\":\"0.2\",\"platform\":\"0.3\"},\"apis\":{\"buildpack\":{\"deprecated\":[],\"supported\":[\"0.2\",\"0.3\",\"0.4\",\"0.5\",\"0.6\"]},\"platform\":{\"deprecated\":[],\"supported\":[\"0.3\",\"0.4\",\"0.5\",\"0.6\",\"0.7\"]}}},\"createdBy\":{\"name\":\"Pack CLI\",\"version\":\"0.21.1+git-e09e397.build-2823\"}}","io.buildpacks.buildpack.layers":"{\"paketo-buildpacks/apache-tomcat\":{\"6.4.0\":{\"api\":\"0.6\",\"stacks\":[{\"id\":\"io.buildpacks.stacks.bionic\"},{\"id\":\"io.paketo.stacks.tiny\"},{\"id\":\"*\"}],\"layerDiffID\":\"sha256:5a9f2d95a1fd7c35f1bf3c9308e1955b14d7899770b42b0701edef984542d042\",\"homepage\":\"https://github.com/paketo-buildpacks/apache-tomcat\"}},\"paketo-buildpacks/azure-application-insights\":{\"4.9.0\":{\"api\":\"0.6\",\"stacks\":[{\"id\":\"io.buildpacks.stacks.bionic\"},{\"id\":\"io.paketo.stacks.tiny\"},{\"id\":\"*\"}],\"layerDiffID\":\"sha256:e5d09e82f67b2f52107d06a6e1d5d7ecd8260710e1723c2983a6f1d7f140a272\",\"homepage\":\"https://github.com/paketo-buildpacks/azure-application-insights\"}},\"paketo-buildpacks/bellsoft-liberica\":{\"8.9.0\":{\"api\":\"0.6\",\"stacks\":[{\"id\":\"io.paketo.stacks.tiny\"},{\"id\":\"io.buildpacks.stacks.bionic\"},{\"id\":\"*\"}],\"layerDiffID\":\"sha256:9da718454a09ee19499cecaf9014823d54900aa3dab560c9ce26254ef4eabe1c\",\"homepage\":\"https://github.com/paketo-buildpacks/bellsoft-liberica\"}},\"paketo-buildpacks/bundle-install\":{\"0.2.4\":{\"api\":\"0.5\",\"stacks\":[{\"id\":\"org.cloudfoundry.stacks.cflinuxfs3\"},{\"id\":\"io.buildpacks.stacks.bionic\"}],\"layerDiffID\":\"sha256:61d4872bf1e345e4f804a73729cb060812349276acba8c4460b119e1bb4f4f3d\",\"homepage\":\"https://github.com/paketo-buildpacks/bundle-install\",\"name\":\"Paketo Bundle Install Buildpack\"}},\"paketo-buildpacks/bundler\":{\"0.1.9\":{\"api\":\"0.2\",\"stacks\":[{\"id\":\"io.buildpacks.stacks.bionic\"},{\"id\":\"org.cloudfoundry.stacks.cflinuxfs3\"}],\"layerDiffID\":\"sha256:95ca759278d1648512673aad96a712140c143a3c8bfcb747be62e2fd0f2431e4\",\"homepage\":\"https://github.com/paketo-buildpacks/bundler\",\"name\":\"Paketo Bundler Buildpack\"}},\"paketo-buildpacks/ca-certificates\":{\"2.4.1\":{\"api\":\"0.6\",\"stacks\":[{\"id\":\"io.buildpacks.stacks.bionic\"},{\"id\":\"io.paketo.stacks.tiny\"},{\"id\":\"*\"}],\"layerDiffID\":\"sha256:5a9c7b7b2c8850867d09c818229e9239c360526346fc143a8db139dec05af154\",\"homepage\":\"https://github.com/paketo-buildpacks/ca-certificates\",\"name\":\"Paketo CA Certificates Buildpack\"},\"2.4.2\":{\"api\":\"0.6\",\"stacks\":[{\"id\":\"io.buildpacks.stacks.bionic\"},{\"id\":\"io.paketo.stacks.tiny\"},{\"id\":\"*\"}],\"layerDiffID\":\"sha256:c4395112e9f3ca5eaa35970fb9b4168c6ee2e354c565a5de2213c00d50555a95\",\"homepage\":\"https://github.com/paketo-buildpacks/ca-certificates\",\"name\":\"Paketo CA Certificates Buildpack\"}},\"paketo-buildpacks/clojure-tools\":{\"1.1.0\":{\"api\":\"0.6\",\"stacks\":[{\"id\":\"io.buildpacks.stacks.bionic\"},{\"id\":\"io.paketo.stacks.tiny\"},{\"id\":\"*\"}],\"layerDiffID\":\"sha256:005ff6376757116431f564f7f5fe427c8bf892f3c97f11a24fb677cb150d49cd\",\"homepage\":\"https://github.com/paketo-buildpacks/clojure-tools\"}},\"paketo-buildpacks/conda-env-update\":{\"0.2.2\":{\"api\":\"0.5\",\"stacks\":[{\"id\":\"io.buildpacks.stacks.bionic\"},{\"id\":\"org.cloudfoundry.stacks.cflinuxfs3\"}],\"layerDiffID\":\"sha256:5429c3199f56ec852ef29e1b2cac0a62ea711f3a31086b8c560aaae90f391317\",\"homepage\":\"https://github.com/paketo-buildpacks/conda-env-update\"}},\"paketo-buildpacks/cpython\":{\"0.7.3\":{\"api\":\"0.5\",\"stacks\":[{\"id\":\"io.buildpacks.stacks.bionic\"},{\"id\":\"org.cloudfoundry.stacks.cflinuxfs3\"}],\"layerDiffID\":\"sha256:f7926591a62ba9cc934bc7cdb6780cef6750862386dddd46fd015378043a9780\"}},\"paketo-buildpacks/dep\":{\"0.1.1\":{\"api\":\"0.5\",\"stacks\":[{\"id\":\"io.buildpacks.stacks.bionic\"},{\"id\":\"org.cloudfoundry.stacks.cflinuxfs3\"},{\"id\":\"io.paketo.stacks.tiny\"}],\"layerDiffID\":\"sha256:e5bce5d189a8bf1fbaf69c4cf9737e02a6ce7c1453d8fb135d35e86c00b624cb\",\"homepage\":\"https://github.com/paketo-buildpacks/dep\",\"name\":\"Paketo Dep Buildpack\"}},\"paketo-buildpacks/dep-ensure\":{\"0.1.1\":{\"api\":\"0.5\",\"stacks\":[{\"id\":\"io.buildpacks.stacks.bionic\"},{\"id\":\"io.paketo.stacks.tiny\"},{\"id\":\"org.cloudfoundry.stacks.cflinuxfs3\"}],\"layerDiffID\":\"sha256:57c4c4d2e01f26bb97e72083507442a27312977c9ca7a2efa75d5b41d55a86c7\",\"homepage\":\"https://github.com/paketo-buildpacks/dep-ensure\",\"name\":\"Paketo Dep Ensure Buildpack\"}},\"paketo-buildpacks/dist-zip\":{\"4.3.0\":{\"api\":\"0.6\",\"stacks\":[{\"id\":\"io.buildpacks.stacks.bionic\"},{\"id\":\"io.paketo.stacks.tiny\"},{\"id\":\"*\"}],\"layerDiffID\":\"sha256:d3928bfaabfd31117149d596ef3eb322d970762804ac2b48030da7724f880ab1\",\"homepage\":\"https://github.com/paketo-buildpacks/dist-zip\"}},\"paketo-buildpacks/dotnet-core\":{\"0.8.1\":{\"api\":\"0.2\",\"order\":[{\"group\":[{\"id\":\"paketo-buildpacks/ca-certificates\",\"version\":\"2.4.2\",\"optional\":true},{\"id\":\"paketo-buildpacks/watchexec\",\"version\":\"1.2.0\",\"optional\":true},{\"id\":\"paketo-buildpacks/dotnet-core-runtime\",\"version\":\"0.2.2\"},{\"id\":\"paketo-buildpacks/dotnet-core-aspnet\",\"version\":\"0.2.2\",\"optional\":true},{\"id\":\"paketo-buildpacks/dotnet-core-sdk\",\"version\":\"0.2.1\"},{\"id\":\"paketo-buildpacks/icu\",\"version\":\"0.0.102\",\"optional\":true},{\"id\":\"paketo-buildpacks/node-engine\",\"version\":\"0.9.0\",\"optional\":true},{\"id\":\"paketo-buildpacks/dotnet-publish\",\"version\":\"0.3.1\"},{\"id\":\"paketo-buildpacks/dotnet-execute\",\"version\":\"0.5.1\"},{\"id\":\"paketo-buildpacks/procfile\",\"version\":\"4.4.1\",\"optional\":true},{\"id\":\"paketo-buildpacks/environment-variables\",\"version\":\"3.2.2\",\"optional\":true},{\"id\":\"paketo-buildpacks/image-labels\",\"version\":\"3.2.2\",\"optional\":true}]},{\"group\":[{\"id\":\"paketo-buildpacks/ca-certificates\",\"version\":\"2.4.2\",\"optional\":true},{\"id\":\"paketo-buildpacks/watchexec\",\"version\":\"1.2.0\",\"optional\":true},{\"id\":\"paketo-buildpacks/dotnet-core-runtime\",\"version\":\"0.2.2\"},{\"id\":\"paketo-buildpacks/dotnet-core-aspnet\",\"version\":\"0.2.2\",\"optional\":true},{\"id\":\"paketo-buildpacks/dotnet-core-sdk\",\"version\":\"0.2.1\",\"optional\":true},{\"id\":\"paketo-buildpacks/icu\",\"version\":\"0.0.102\",\"optional\":true},{\"id\":\"paketo-buildpacks/node-engine\",\"version\":\"0.9.0\",\"optional\":true},{\"id\":\"paketo-buildpacks/dotnet-execute\",\"version\":\"0.5.1\"},{\"id\":\"paketo-buildpacks/procfile\",\"version\":\"4.4.1\",\"optional\":true},{\"id\":\"paketo-buildpacks/environment-variables\",\"version\":\"3.2.2\",\"optional\":true},{\"id\":\"paketo-buildpacks/image-labels\",\"version\":\"3.2.2\",\"optional\":true}]},{\"group\":[{\"id\":\"p"
12:59:35.600 [Test worker] DEBUG com.github.dockerjava.zerodep.shaded.org.apache.hc.client5.http.wire - http-outgoing-2 << "aketo-buildpacks/ca-certificates\",\"version\":\"2.4.2\",\"optional\":true},{\"id\":\"paketo-buildpacks/watchexec\",\"version\":\"1.2.0\",\"optional\":true},{\"id\":\"paketo-buildpacks/icu\",\"version\":\"0.0.102\",\"optional\":true},{\"id\":\"paketo-buildpacks/node-engine\",\"version\":\"0.9.0\",\"optional\":true},{\"id\":\"paketo-buildpacks/dotnet-execute\",\"version\":\"0.5.1\"},{\"id\":\"paketo-buildpacks/procfile\",\"version\":\"4.4.1\",\"optional\":true},{\"id\":\"paketo-buildpacks/environment-variables\",\"version\":\"3.2.2\",\"optional\":true},{\"id\":\"paketo-buildpacks/image-labels\",\"version\":\"3.2.2\",\"optional\":true}]}],\"layerDiffID\":\"sha256:b7a50211ca8d4433dd67674c0a353209566265988955dad3f7db59606465c1bc\",\"homepage\":\"https://github.com/paketo-buildpacks/dotnet-core\",\"name\":\"Paketo .NET Core Buildpack\"}},\"paketo-buildpacks/dotnet-core-aspnet\":{\"0.2.2\":{\"api\":\"0.2\",\"stacks\":[{\"id\":\"io.buildpacks.stacks.bionic\"},{\"id\":\"org.cloudfoundry.stacks.cflinuxfs3\"}],\"layerDiffID\":\"sha256:aa3ec10e63e56676eb0e254f4b24da5ed2204385f4143b3f8000249578ec5e62\",\"homepage\":\"https://github.com/paketo-buildpacks/dotnet-core-aspnet\",\"name\":\"Paketo ASP.NET Core Buildpack\"}},\"paketo-buildpacks/dotnet-core-runtime\":{\"0.2.2\":{\"api\":\"0.2\",\"stacks\":[{\"id\":\"io.buildpacks.stacks.bionic\"},{\"id\":\"org.cloudfoundry.stacks.cflinuxfs3\"}],\"layerDiffID\":\"sha256:109d175768762c55c1c6256f624092ffb0166c505d05da9b180d45d9dbfe3ddd\",\"homepage\":\"https://github.com/paketo-buildpacks/dotnet-core-runtime\",\"name\":\"Paketo .NET Core Runtime Buildpack\"}},\"paketo-buildpacks/dotnet-core-sdk\":{\"0.2.1\":{\"api\":\"0.2\",\"stacks\":[{\"id\":\"io.buildpacks.stacks.bionic\"},{\"id\":\"org.cloudfoundry.stacks.cflinuxfs3\"}],\"layerDiffID\":\"sha256:ad1180c0204f5f2318d1d9ef4c11f139ae39b042a51b5aad3ad447bd6eb09f1e\",\"homepage\":\"https://github.com/paketo-buildpacks/dotnet-core-sdk\",\"name\":\"Paketo .NET Core SDK Buildpack\"}},\"paketo-buildpacks/dotnet-execute\":{\"0.5.1\":{\"api\":\"0.5\",\"stacks\":[{\"id\":\"org.cloudfoundry.stacks.cflinuxfs3\"},{\"id\":\"io.buildpacks.stacks.bionic\"}],\"layerDiffID\":\"sha256:a544657e810b1fc48cc024f6fd990639be0b2550a7dc36ad21667b7ea611ff61\",\"homepage\":\"https://github.com/paketo-buildpacks/dotnet-execute\",\"name\":\"Paket"
12:59:35.600 [Test worker] DEBUG com.github.dockerjava.zerodep.shaded.org.apache.hc.client5.http.wire - http-outgoing-2 << "[\r][\n]"
12:59:35.600 [Test worker] DEBUG com.github.dockerjava.zerodep.shaded.org.apache.hc.client5.http.wire - http-outgoing-2 << "8000[\r][\n]"
12:59:35.600 [Test worker] DEBUG com.github.dockerjava.zerodep.shaded.org.apache.hc.client5.http.wire - http-outgoing-2 << "o .NET Execute Buildpack\"}},\"paketo-buildpacks/dotnet-publish\":{\"0.3.1\":{\"api\":\"0.5\",\"stacks\":[{\"id\":\"org.cloudfoundry.stacks.cflinuxfs3\"},{\"id\":\"io.buildpacks.stacks.bionic\"}],\"layerDiffID\":\"sha256:47f3a55b9dd7b4496c230b48fc1a3bae2ca84a85e139ef49ea65860d162e8ec3\",\"homepage\":\"https://github.com/paketo-buildpacks/dotnet-publish\",\"name\":\"Paketo .NET Publish Buildpack\"}},\"paketo-buildpacks/encrypt-at-rest\":{\"3.2.2\":{\"api\":\"0.6\",\"stacks\":[{\"id\":\"io.buildpacks.stacks.bionic\"},{\"id\":\"io.paketo.stacks.tiny\"},{\"id\":\"*\"}],\"layerDiffID\":\"sha256:b605728b7afacd0cef1314702c15b44892f4c9697a87fed9f716241e2e269681\",\"homepage\":\"https://github.com/paketo-buildpacks/encrypt-at-rest\"}},\"paketo-buildpacks/environment-variables\":{\"3.2.1\":{\"api\":\"0.6\",\"stacks\":[{\"id\":\"io.buildpacks.stacks.bionic\"},{\"id\":\"io.paketo.stacks.tiny\"},{\"id\":\"*\"}],\"layerDiffID\":\"sha256:26a325e2d983f732ec7744b38dd924a931afc39ecb727869a66f9eaab24ca34e\",\"homepage\":\"https://github.com/paketo-buildpacks/environment-variables\",\"name\":\"Paketo Environment Variables Buildpack\"},\"3.2.2\":{\"api\":\"0.6\",\"stacks\":[{\"id\":\"io.buildpacks.stacks.bionic\"},{\"id\":\"io.paketo.stacks.tiny\"},{\"id\":\"*\"}],\"layerDiffID\":\"sha256:11f39a162aea4167b069163895640f8dac829f3caedfec40d923b48055b17317\",\"homepage\":\"https://github.com/paketo-buildpacks/environment-variables\",\"name\":\"Paketo Environment Variables Buildpack\"}},\"paketo-buildpacks/executable-jar\":{\"5.3.1\":{\"api\":\"0.6\",\"stacks\":[{\"id\":\"io.buildpacks.stacks.bionic\"},{\"id\":\"io.paketo.stacks.tiny\"},{\"id\":\"*\"}],\"layerDiffID\":\"sha256:74d7bb2f6707d773e411308a5055c5753d7598f8ef6f1c644ad2becda75dfc8c\",\"homepage\":\"https://github.com/paketo-buildpacks/executable-jar\"}},\"paketo-buildpacks/go\":{\"0.12.0\":{\"api\":\"0.4\",\"order\":[{\"group\":[{\"id\":\"paketo-buildpacks/ca-certificates\",\"version\":\"2.4.2\",\"optional\":true},{\"id\":\"paketo-buildpacks/watchexec\",\"version\":\"1.2.0\",\"optional\":true},{\"id\":\"paketo-buildpacks/go-dist\",\"version\":\"0.7.0\"},{\"id\":\"paketo-buildpacks/go-mod-vendor\",\"version\":\"0.3.1\"},{\"id\":\"paketo-buildpacks/go-build\",\"version\":\"0.5.0\"},{\"id\":\"paketo-buildpacks/procfile\",\"version\":\"4.4.1\",\"optional\":true},{\"id\":\"paketo-buildpacks/environment-variables\",\"version\":\"3.2.2\",\"optional\":true},{\"id\":\"paketo-buildpacks/image-labels\",\"version\":\"3.2.3\",\"optional\":true}]},{\"group\":[{\"id\":\"paketo-buildpacks/ca-certificates\",\"version\":\"2.4.2\",\"optional\":true},{\"id\":\"paketo-buildpacks/watchexec\",\"version\":\"1.2.0\",\"optional\":true},{\"id\":\"paketo-buildpacks/go-dist\",\"version\":\"0.7.0\"},{\"id\":\"paketo-buildpacks/dep\",\"version\":\"0.1.1\"},{\"id\":\"paketo-buildpacks/dep-ensure\",\"version\":\"0.1.1\"},{\"id\":\"paketo-buildpacks/go-build\",\"version\":\"0.5.0\"},{\"id\":\"paketo-buildpacks/procfile\",\"version\":\"4.4.1\",\"optional\":true},{\"id\":\"paketo-buildpacks/environment-variables\",\"version\":\"3.2.2\",\"optional\":true},{\"id\":\"paketo-buildpacks/image-labels\",\"version\":\"3.2.3\",\"optional\":true}]},{\"group\":[{\"id\":\"paketo-buildpacks/ca-certificates\",\"version\":\"2.4.2\",\"optional\":true},{\"id\":\"paketo-buildpacks/watchexec\",\"version\":\"1.2.0\",\"optional\":true},{\"id\":\"paketo-buildpacks/go-dist\",\"version\":\"0.7.0\"},{\"id\":\"paketo-buildpacks/go-build\",\"version\":\"0.5.0\"},{\"id\":\"paketo-buildpacks/procfile\",\"version\":\"4.4.1\",\"optional\":true},{\"id\":\"paketo-buildpacks/environment-variables\",\"version\":\"3.2.2\",\"optional\":true},{\"id\":\"paketo-buildpacks/image-labels\",\"version\":\"3.2.3\",\"optional\":true}]}],\"layerDiffID\":\"sha256:6ea06d9c8e1481ff981d2de1596890576115b03d2e8c7b6471d052d9bd747cfb\",\"homepage\":\"https://github.com/paketo-buildpacks/go\",\"name\":\"Paketo Go Buildpack\"}},\"paketo-buildpacks/go-build\":{\"0.5.0\":{\"api\":\"0.5\",\"stacks\":[{\"id\":\"io.buildpacks.stacks.bionic\"},{\"id\":\"io.paketo.stacks.tiny\"}],\"layerDiffID\":\"sha256:e49a2c5aaf5c661087a1d19c185a9f1d58ffaa51350bc4fd53749fef43b3077a\",\"homepage\":\"https://github.com/paketo-buildpacks/go-build\",\"name\":\"Paketo Go Build Buildpack\"}},\"paketo-buildpacks/go-dist\":{\"0.7.0\":{\"api\":\"0.5\",\"stacks\":[{\"id\":\"io.buildpacks.stacks.bionic\"},{\"id\":\"io.paketo.stacks.tiny\"},{\"id\":\"org.cloudfoundry.stacks.cflinuxfs3\"}],\"layerDiffID\":\"sha256:23b683191c3b6344e85dc12833043886fb5b73d206c89469cd06d42063e3c6ab\",\"homepage\":\"https://github.com/paketo-buildpacks/go-dist\",\"name\":\"Paketo Go Distribution Buildpack\"}},\"paketo-buildpacks/go-mod-vendor\":{\"0.3.1\":{\"api\":\"0.5\",\"stacks\":[{\"id\":\"org.cloudfoundry.stacks.cflinuxfs3\"},{\"id\":\"io.buildpacks.stacks.bionic\"},{\"id\":\"io.paketo.stacks.tiny\"}],\"layerDiffID\":\"sha256:2682462eba82feab0261819fa963aab46e767846125c1c745cd3872eeaf452e8\",\"homepage\":\"https://github.com/paketo-buildpacks/go-mod-vendor\",\"name\":\"Paketo Go Mod Vendor Buildpack\"}},\"paketo-buildpacks/google-stackdriver\":{\"3.16.0\":{\"api\":\"0.6\",\"stacks\":[{\"id\":\"io.buildpacks.stacks.bionic\"},{\"id\":\"io.paketo.stacks.tiny\"},{\"id\":\"*\"}],\"layerDiffID\":\"sha256:717d673d61208bc81e087cdb17f89b0a4a16cbe16b77487edcc87e6991e91c33\",\"homepage\":\"https://github.com/paketo-buildpacks/google-stackdriver\"}},\"paketo-buildpacks/graalvm\":{\"6.7.0\":{\"api\":\"0.6\",\"stacks\":[{\"id\":\"io.buildpacks.stacks.bionic\"},{\"id\":\"io.paketo.stacks.tiny\"},{\"id\":\"*\"}],\"layerDiffID\":\"sha256:083621b9172a16d6b8d87c5344e33d6983763c375fa889355e7a2377136c4dc6\",\"homepage\":\"https://github.com/paketo-buildpacks/graalvm\"}},\"paketo-buildpacks/gradle\":{\"5.7.0\":{\"api\":\"0.6\",\"stacks\":[{\"id\":\"io.buildpacks.stacks.bionic\"},{\"id\":\"io.paketo.stacks.tiny\"},{\"id\":\"*\"}],\"layerDiffID\":\"sha256:e5080c4b1ea32d3c5ead47f299c92b296e803578f7cd7f11ef9aa6af268eee6c\",\"homepage\":\"https://github.com/paketo-buildpacks/gradle\"}},\"paketo-buildpacks/icu\":{\"0.0.102\":{\"api\":\"0.2\",\"stacks\":[{\"id\":\"io.buildpacks.stacks.bionic\"},{\"id\":\"org.cloudfoundry.stacks.cflinuxfs3\"}],\"layerDiffID\":\"sha256:fe6839b4ebfcbcfad8025e04072c344e1fee9fd9963ef2ceb69bf41f7ff525f2\",\"homepage\":\"https://github.com/paketo-buildpacks/icu\"}},\"paketo-buildpacks/image-labels\":{\"3.2.1\":{\"api\":\"0.6\",\"stacks\":[{\"id\":\"io.buildpacks.stacks.bionic\"},{\"id\":\"io.paketo.stacks.tiny\"},{\"id\":\"*\"}],\"layerDiffID\":\"sha256:3c5b48bf81218454baafefcc302103f192d0ca2c9b6680a1fb5cb9650968984e\",\"homepage\":\"https://github.com/paketo-buildpacks/image-labels\",\"name\":\"Paketo Image Labels Buildpack\"},\"3.2.2\":{\"api\":\"0.6\",\"stacks\":[{\"id\":\"io.buildpacks.stacks.bionic\"},{\"id\":\"io.paketo.stacks.tiny\"},{\"id\":\"*\"}],\"layerDiffID\":\"sha256:763da2ca3002a4267b0ad5d6ccd78e0f00df162b55796c09485447851f4b28b6\",\"homepage\":\"https://github.com/paketo-buildpacks/image-labels\",\"name\":\"Paketo Image Labels Buildpack\"},\"3.2.3\":{\"api\":\"0.6\",\"stacks\":[{\"id\":\"io.buildpacks.stacks.bionic\"},{\"id\":\"io.paketo.stacks.tiny\"},{\"id\":\"*\"}],\"layerDiffID\":\"sha256:7342ae8a53e7a368fea0812509c20d6b53c3116873a7f47700e4061a50d0c73f\",\"homepage\":\"https://github.com/paketo-buildpacks/image-labels\",\"name\":\"Paketo Image Labels Buildpack\"}},\"paketo-buildpacks/java\":{\"5.20.0\":{\"api\":\"0.6\",\"order\":[{\"group\":[{\"id\":\"paketo-buildpacks/ca-certificates\",\"version\":\"2.4.2\",\"optional\":true},{\"id\":\"paketo-buildpacks/bellsoft-liberica\",\"version\":\"8.9.0\"},{\"id\":\"paketo-buildpacks/leiningen\",\"version\":\"3.5.0\",\"optional\":true},{\"id\":\"paketo-buildpacks/clojure-tools\",\"version\":\"1.1.0\",\"optional\":true},{\"id\":\"paketo-buildpacks/gradle\",\"version\":\"5.7.0\",\"optional\":true},{\"id\":\"paketo-buildpacks/maven\",\"version\":\"5.7.0\",\"optional\":true},{\"id\":\"paketo-buildpacks/sbt\",\"version\":\"5.6.0\",\"optional\":true},{\"id\":\"paketo-buildpacks/watchexec\",\"version\":\"1.2.0\",\"optional\":true},{\"id\":\"paketo-buildpacks/executable-jar\",\"version\""
12:59:35.601 [Test worker] DEBUG com.github.dockerjava.zerodep.shaded.org.apache.hc.client5.http.wire - http-outgoing-2 << ":\"5.3.1\",\"optional\":true},{\"id\":\"paketo-buildpacks/apache-tomcat\",\"version\":\"6.4.0\",\"optional\":true},{\"id\":\"paketo-buildpacks/dist-zip\",\"version\":\"4.3.0\",\"optional\":true},{\"id\":\"paketo-buildpacks/spring-boot\",\"version\":\"4.7.0\",\"optional\":true},{\"id\":\"paketo-buildpacks/procfile\",\"version\":\"4.4.1\",\"optional\":true},{\"id\":\"paketo-buildpacks/azure-application-insights\",\"version\":\"4.9.0\",\"optional\":true},{\"id\":\"paketo-buildpacks/google-stackdriver\",\"version\":\"3.16.0\",\"optional\":true},{\"id\":\"paketo-buildpacks/encrypt-at-rest\",\"version\":\"3.2.2\",\"optional\":true},{\"id\":\"paketo-buildpacks/environment-variables\",\"version\":\"3.2.2\",\"optional\":true},{\"id\":\"paketo-buildpacks/image-labels\",\"version\":\"3.2.3\",\"optional\":true}]}],\"layerDiffID\":\"sha256:9a232d6e9d496fa71d7980331f3b422db51d6298a97152c9edae21de870b4dfe\",\"homepage\":\"https://github.com/paketo-buildpacks/java\",\"name\":\"Paketo Java Buildpack\"}},\"paketo-buildpacks/java-native-image\":{\"5.12.0\":{\"api\":\"0.6\",\"order\":[{\"group\":[{\"id\":\"paketo-buildpacks/ca-certificates\",\"version\":\"2.4.2\",\"optional\":true},{\"id\":\"paketo-buildpacks/upx\",\"version\":\"1.1.2\",\"optional\":true},{\"id\":\"paketo-buildpacks/graalvm\",\"version\":\"6.7.0\"},{\"id\":\"paketo-buildpacks/leiningen\",\"version\":\"3.5.0\",\"optional\":true},{\"id\":\"paketo-buildpacks/gradle\",\"version\":\"5.7.0\",\"optional\":true},{\"id\":\"paketo-buildpacks/maven\",\"version\":\"5.7.0\",\"optional\":true},{\"id\":\"paketo-buildpacks/sbt\",\"version\":\"5.6.0\",\"optional\":true},{\"id\":\"paketo-buildpacks/executable-jar\",\"version\":\"5.3.1\",\"optional\":true},{\"id\":\"paketo-buildpacks/spring-boot\",\"version\":\"4.7.0\",\"optional\":true},{\"id\":\"paketo-buildpacks/native-image\",\"version\":\"4.3.2\"},{\"id\":\"paketo-buildpacks/procfile\",\"version\":\"4.4.1\",\"optional\":true},{\"id\":\"paketo-buildpacks/environment-variables\",\"version\":\"3.2.2\",\"optional\":true},{\"id\":\"paketo-buildpacks/image-labels\",\"version\":\"3.2.3\",\"optional\":true}]}],\"layerDiffID\":\"sha256:8f4bb578c63b0cd07545025278014358a9b75d98648094d9a83fe1493ce2c357\",\"homepage\":\"https://github.com/paketo-buildpacks/java-native-image\",\"name\":\"Paketo Java Native Image Buildpack\"}},\"paketo-buildpacks/leiningen\":{\"3.5.0\":{\"api\":\"0.6\",\"stacks\":[{\"id\":\"io.buildpacks.stacks.bionic\"},{\"id\":\"io.paketo.stacks.tiny\"},{\"id\":\"*\"}],\"layerDiffID\":\"sha256:9f2519682e904daa93460a8cf5f87ca17a369b21acb1cc83174bb4fdf4f8e197\",\"homepage\":\"https://github.com/paketo-buildpacks/leiningen\"}},\"paketo-buildpacks/maven\":{\"5.7.0\":{\"api\":\"0.6\",\"stacks\":[{\"id\":\"io.buildpacks.stacks.bionic\"},{\"id\":\"io.paketo.stacks.tiny\"},{\"id\":\"*\"}],\"layerDiffID\":\"sha256:73fda23388b60298012a7bcae95a467a631e41c3efb60031dd1b3a7dc7e92cef\",\"homepage\":\"https://github.com/paketo-buildpacks/maven\"}},\"paketo-buildpacks/miniconda\":{\"0.2.1\":{\"api\":\"0.5\",\"stacks\":[{\"id\":\"org.cloudfoundry.stacks.cflinuxfs3\"},{\"id\":\"io.buildpacks.stacks.bionic\"}],\"layerDiffID\":\"sha256:05caf6091c8b5371d690e6a6d5ae02fe25ab6f2391947e606b5e107531d04b11\"}},\"paketo-buildpacks/mri\":{\"0.2.5\":{\"api\":\"0.2\",\"stacks\":[{\"id\":\"io.buildpacks.stacks.bionic\"},{\"id\":\"org.cloudfoundry.stacks.cflinuxfs3\"}],\"layerDiffID\":\"sha256:c0006cfbf5ccaafa1c62a8b4656c6f939c82d3add502a35753793ec28b7893ca\",\"homepage\":\"https://github.com/paketo-buildpacks/mri\",\"name\":\"Paketo MRI Buildpack\"}},\"paketo-buildpacks/native-image\":{\"4.3.2\":{\"api\":\"0.6\",\"stacks\":[{\"id\":\"io.buildpacks.stacks.bionic\"},{\"id\":\"io.paketo.stacks.tiny\"},{\"id\":\"*\"}],\"layerDiffID\":\"sha256:83e10f83a49e7ac2cd2d20357ae8072ef9f0f4fe1a7793a6c3c0b6cee97db4a8\",\"homepage\":\"https://github.com/paketo-buildpacks/native-image\"}},\"paketo-buildpacks/nginx\":{\"0.4.0\":{\"api\":\"0.5\",\"stacks\":[{\"id\":\"io.buildpacks.stacks.bionic\"}],\"layerDiffID\":\"sha256:91bd237a3abad3834f0a29e4f6f6c48648cf6c7450304d3443b3964956c171e8\",\"homepage\":\"https://github.com/paketo-buildpacks/nginx\",\"name\":\"Paketo Nginx Server Buildpack\"}},\"paketo-buildpacks/node-engine\":{\"0.8.0\":{\"api\":\"0.5\",\"stacks\":[{\"id\":\"io.buildpacks.stacks.bionic\"}],\"layerDiffID\":\"sha256:5aa1141ae3707668ab3b927051e01f88aebda81dda754daa0f6caea22b734f9d\",\"homepage\":\"https://github.com/paketo-buildpacks/node-engine\",\"name\":\"Paketo Node Engine Buildpack\"},\"0.9.0\":{\"api\":\"0.5\",\"stacks\":[{\"id\":\"io.buildpacks.stacks.bionic\"}],\"layerDiffID\":\"sha256:e17a92af08fee5967ff9472cc7ef6f815e9c4e2627ddef08a257692e02d69f07\",\"homepage\":\"https://github.com/paketo-buildpacks/node-engine\",\"name\":\"Paketo Node Engine Buildpack\"}},\"paketo-buildpacks/node-module-bom\":{\"0.1.2\":{\"api\":\"0.5\",\"stacks\":[{\"id\":\"io.buildpacks.stacks.bionic\"}],\"layerDiffID\":\"sha256:155953ba65fd30345db669e018a706000927d1f62e52438528b55dbd8721d59c\",\"homepage\":\"https://github.com/paketo-buildpacks/node-module-bom\",\"name\":\"Paketo Node Module Bill of Materials Generator Buildpack\"}},\"paketo-buildpacks/node-run-script\":{\"0.1.0\":{\"api\":\"0.4\",\"stacks\":[{\"id\":\"io.buildpacks.stacks.bionic\"}],\"layerDiffID\":\"sha256:5074c69d9b74a40b414498e840e165275c82b7aedd8d1cab570261e00ba68d92\",\"homepage\":\"https://github.com/paketo-buildpacks/node-run-script\",\"name\":\"Paketo Node Run Script Buildpack\"}},\"paketo-buildpacks/node-start\":{\"0.3.0\":{\"api\":\"0.4\",\"stacks\":[{\"id\":\"io.buildpacks.stacks.bionic\"}],\"layerDiffID\":\"sha256:d41f60351ee911129ffb0ca37160c93c371bc3e7d7304d4566fb7bc33725f78f\",\"homepage\":\"https://github.com/paketo-buildpacks/node-start\",\"name\":\"Paketo Node Start Buildpack\"}},\"paketo-buildpacks/nodejs\":{\"0.9.0\":{\"api\":\"0.4\",\"order\":[{\"group\":[{\"id\":\"paketo-buildpacks/ca-certificates\",\"version\":\"2.4.1\",\"optional\":true},{\"id\":\"paketo-buildpacks/node-engine\",\"version\":\"0.8.0\"},{\"id\":\"paketo-buildpacks/yarn\",\"version\":\"0.4.1\"},{\"id\":\"paketo-buildpacks/yarn-install\",\"version\":\"0.4.0\"},{\"id\":\"paketo-buildpacks/node-module-bom\",\"version\":\"0.1.2\",\"optional\":true},{\"id\":\"paketo-buildpacks/node-run-script\",\"version\":\"0.1.0\",\"optional\":true},{\"id\":\"paketo-buildpacks/yarn-start\",\"version\":\"0.3.0\"},{\"id\":\"paketo-buildpacks/procfile\",\"version\":\"4.3.1\",\"optional\":true},{\"id\":\"paketo-buildpacks/environment-variables\",\"version\":\"3.2.1\",\"optional\":true},{\"id\":\"paketo-buildpacks/image-labels\",\"version\":\"3.2.1\",\"optional\":true}]},{\"group\":[{\"id\":\"paketo-buildpacks/ca-certificates\",\"version\":\"2.4.1\",\"optional\":true},{\"id\":\"paketo-buildpacks/node-engine\",\"version\":\"0.8.0\"},{\"id\":\"paketo-buildpacks/npm-install\",\"version\":\"0.4.0\"},{\"id\":\"paketo-buildpacks/node-module-bom\",\"version\":\"0.1.2\",\"optional\":true},{\"id\":\"paketo-buildpacks/node-run-script\",\"version\":\"0.1.0\",\"optional\":true},{\"id\":\"paketo-buildpacks/npm-start\",\"version\":\"0.4.0\"},{\"id\":\"paketo-buildpacks/procfile\",\"version\":\"4.3.1\",\"optional\":true},{\"id\":\"paketo-buildpacks/environment-variables\",\"version\":\"3.2.1\",\"optional\":true},{\"id\":\"paketo-buildpacks/image-labels\",\"version\":\"3.2.1\",\"optional\":true}]},{\"group\":[{\"id\":\"paketo-buildpacks/ca-certificates\",\"version\":\"2.4.1\",\"optional\":true},{\"id\":\"paketo-buildpacks/node-engine\",\"version\":\"0.8.0\"},{\"id\":\"paketo-buildpacks/node-module-bom\",\"version\":\"0.1.2\",\"optional\":true},{\"id\":\"paketo-buildpacks/node-start\",\"version\":\"0.3.0\"},{\"id\":\"paketo-buildpacks/procfile\",\"version\":\"4.3.1\",\"optional\":true},{\"id\":\"paketo-buildpacks/environment-variables\",\"version\":\"3.2.1\",\"optional\":true},{\"id\":\"paketo-buildpacks/image-labels\",\"version\":\"3.2.1\",\"optional\":true}]}],\"layerDiffID\":\"sha256:04fe1973a33c94179"
12:59:35.602 [Test worker] DEBUG com.github.dockerjava.zerodep.shaded.org.apache.hc.client5.http.wire - http-outgoing-2 << "aec46f0eb3dd392d945d84c8742de72d9c40c606fd0a312\",\"homepage\":\"https://github.com/paketo-buildpacks/nodejs\",\"name\":\"Paketo Node.js Buildpack\"}},\"paketo-buildpacks/npm-install\":{\"0.4.0\":{\"api\":\"0.4\",\"stacks\":[{\"id\":\"io.buildpacks.stacks.bionic\"}],\"layerDiffID\":\"sha256:a70cde94268550a33c46ef950fb81abac64af3bf8cc93f7450bf48ee17c4113e\",\"homepage\":\"https://github.com/paketo-buildpacks/npm-install\",\"name\":\"Paketo NPM Install Buildpack\"}},\"paketo-buildpacks/npm-start\":{\"0.4.0\":{\"api\":\"0.4\",\"stacks\":[{\"id\":\"io.buildpacks.stacks.bionic\"}],\"layerDiffID\":\"sha256:49adb0e1c66deee38a0112ccdf26eea36ca445e56ce952281c30fd643e3046a2\",\"homepage\":\"https://github.com/paketo-buildpacks/npm-start\",\"name\":\"Paketo NPM Start Buildpack\"}},\"paketo-buildpacks/passenger\":{\"0.1.2\":{\"api\":\"0.2\",\"stacks\":[{\"id\":\"io.buildpacks.stacks.bionic\"}],\"layerDiffID\":\"sha256:588abe6e2c069ecb5489e7fbb00978d986882903a05559b09099a6983e4355a4\",\"homepage\":\"https://github.com/paketo-buildpacks/passenger\",\"name\":\"Paketo Passenger Buildpack\"}},\"paketo-buildpacks/pip\":{\"0.5.1\":{\"api\":\"0.5\",\"stacks\":[{\"id\":\"io.buildpacks.stacks.bionic\"},{\"id\":\"org.cloudfoundry.stacks.cflinuxfs3\"}],\"layerDiffID\":\"sha256:4893dab799a3a3014e75c45bcf76e6daa638f5b3a178f728e4de7a9170b366b1\"}},\"paketo-buildpacks/pip-install\":{\"0.2.0\":{\"api\":\"0.5\",\"stacks\":[{\"id\":\"io.buildpacks.stacks.bionic\"},{\"id\":\"org.cloudfoundry.stacks.cflinuxfs3\"}],\"layerDiffID\":\"sha256:f9979f467722663f1b3adfa3d287e0011fc299cb43a8e4583e4ec76531979fde\"}},\"paketo-buildpacks/pipenv\":{\"0.2.1\":{\"api\":\"0.5\",\"stacks\":[{\"id\":\"io.buildpacks.stacks.bionic\"},{\"id\":\"org.cloudfoundry.stacks.cflinuxfs3\"}],\"layerDiffID\":\"sha256:e0cb2f8e149d502dbf7440bd0319c5124dd7a49a133ccfb0f038ee1ee893e1da\"}},\"paketo-buildpacks/pipenv-install\":{\"0.2.3\":{\"api\":\"0.5\",\"stacks\":[{\"id\":\"io.buildpacks.stacks.bionic\"},{\"id\":\"org.cloudfoundry.stacks.cflinuxfs3\"}],\"layerDiffID\":\"sha256:4eb557379dc45e137301d8f31aad53a7901810851551ef4f7ce65776abe94f38\"}},\"paketo-buildpacks/procfile\":{\"4.3.1\":{\"api\":\"0.6\",\"stacks\":[{\"id\":\"io.buildpacks.stacks.bionic\"},{\"id\":\"io.paketo.stacks.tiny\"},{\"id\":\"*\"},{\"id\":\"io.buildpacks.stacks.windows.servercore\"}],\"layerDiffID\":\"sha256:75a85f1a642654b6c8886ab0aa8271f5223af86da21281e9a45ca1413f43bd0a\",\"homepage\":\"https://github.com/paketo-buildpacks/procfile\",\"name\":\"Paketo Procfile Buildpack\"},\"4.4.1\":{\"api\":\"0.6\",\"stacks\":[{\"id\":\"io.buildpacks.stacks.bionic\"},{\"id\":\"io.paketo.stacks.tiny\"},{\"id\":\"*\"},{\"id\":\"io.buildpacks.stacks.windows.servercore\"}],\"layerDiffID\":\"sha256:76742d35859f8d58890d555c0470eecdb9526d770b78e30be6cbeb1333df0766\",\"homepage\":\"https://github.com/paketo-buildpacks/procfile\",\"name\":\"Paketo Procfile Buildpack\"}},\"paketo-buildpacks/puma\":{\"0.0.61\":{\"api\":\"0.2\",\"stacks\":[{\"id\":\"org.cloudfoundry.stacks.cflinuxfs3\"},{\"id\":\"io.buildpacks.stacks.bionic\"}],\"layerDiffID\":\"sha256:50d9da063a5b0e0598b91472f270545831d3caff2446500012b2c205ec157b51\",\"homepage\":\"https://github.com/paketo-buildpacks/puma\",\"name\":\"Paketo Puma Buildpack\"}},\"paketo-buildpacks/python\":{\"0.8.1\":{\"api\":\"0.5\",\"order\":[{\"group\":[{\"id\":\"paketo-buildpacks/ca-certificates\",\"version\":\"2.4.1\",\"optional\":true},{\"id\":\"paketo-buildpacks/cpython\",\"version\":\"0.7.3\"},{\"id\":\"paketo-buildpacks/pip\",\"version\":\"0.5.1\"},{\"id\":\"paketo-buildpacks/pipenv\",\"version\":\"0.2.1\"},{\"id\":\"paketo-buildpacks/pipenv-install\",\"version\":\"0.2.3\"},{\"id\":\"paketo-buildpacks/python-start\",\"version\":\"0.6.2\"},{\"id\":\"paketo-buildpacks/procfile\",\"version\":\"4.3.1\",\"optional\":true},{\"id\":\"paketo-buildpacks/environment-variables\",\"version\":\"3.2.1\",\"optional\":true},{\"id\":\"paketo-buildpacks/image-labels\",\"version\":\"3.2.1\",\"optional\":true}]},{\"group\":[{\"id\":\"paketo-buildpacks/ca-certificates\",\"version\":\"2.4.1\",\"optional\":true},{\"id\":\"paketo-buildpacks/cpython\",\"version\":\"0.7.3\"},{\"id\":\"paketo-buildpacks/pip\",\"version\":\"0.5.1\"},{\"id\":\"paketo-buildpacks/pip-install\",\"version\":\"0.2.0\"},{\"id\":\"paketo-buildpacks/python-start\",\"version\":\"0.6.2\"},{\"id\":\"paketo-buildpacks/procfile\",\"version\":\"4.3.1\",\"optional\":true},{\"id\":\"paketo-buildpacks/environment-variables\",\"version\":\"3.2.1\",\"optional\":true},{\"id\":\"paketo-buildpacks/image-labels\",\"version\":\"3.2.1\",\"optional\":true}]},{\"group\":[{\"id\":\"paketo-buildpacks/ca-certificates\",\"version\":\"2.4.1\",\"optional\":true},{\"id\":\"paketo-buildpacks/miniconda\",\"version\":\"0.2.1\"},{\"id\":\"paketo-buildpacks/conda-env-update\",\"version\":\"0.2.2\"},{\"id\":\"paketo-buildpacks/python-start\",\"version\":\"0.6.2\"},{\"id\":\"paketo-buildpacks/procfile\",\"version\":\"4.3.1\",\"optional\":true},{\"id\":\"paketo-buildpacks/environment-variables\",\"version\":\"3.2.1\",\"optional\":true},{\"id\":\"paketo-buildpacks/image-labels\",\"version\":\"3.2.1\",\"optional\":true}]},{\"group\":[{\"id\":\"paketo-buildpacks/ca-certificates\",\"version\":\"2.4.1\",\"optional\":true},{\"id\":\"paketo-buildpacks/cpython\",\"version\":\"0.7.3\"},{\"id\":\"paketo-buildpacks/python-start\",\"version\":\"0.6.2\"},{\"id\":\"paketo-buildpacks/procfile\",\"version\":\"4.3.1\",\"optional\":true},{\"id\":\"paketo-buildpacks/environment-variables\",\"version\":\"3.2.1\",\"optional\":true},{\"id\":\"paketo-buildpacks/image-labels\",\"version\":\"3.2.1\",\"optional\":true}]}],\"layerDiffID\":\"sha256:9d579387b004cf81211339188dc108ad8d19ee2181f3c5664c8d0fd31c0dc9d5\",\"name\":\"Paketo Python Buildpack\"}},\"paketo-buildpacks/python-start\":{\"0.6.2\":{\"api\":\"0.5\",\"stacks\":[{\"id\":\"io.buildpacks.stacks.bionic\"},{\"id\":\"org.cloudfoundry.stacks.cflinuxfs3\"}],\"layerDiffID\":\"sha256:5ddccd23cff91f11e42761ee23648545d664628c83c3cf0fecbdd72192a34dba\",\"homepage\":\"https://github.com/paketo-buildpacks/python-start\"}},\"paketo-buildpacks/rackup\":{\"0.0.59\":{\"api\":\"0.2\",\"stacks\":[{\"id\":\"io.buildpacks.stacks.bionic\"},{\"id\":\"org.cloudfoundry.stacks.cflinuxfs3\"}],\"layerDiffID\":\"sha256:6c7cfb4ff066b7ef6434fa343ebf89c8d64adf692da7da4b6bc2d9d513104a1a\",\"homepage\":\"https://github.com/paketo-buildpacks/rackup\",\"name\":\"Paketo Rackup Buildpack\"}},\"paketo-buildpacks/rails-assets\":{\"0.2.4\":{\"api\":\"0.4\",\"stacks\":[{\"id\":\"io.buildpacks.stacks.bionic\"}],\"layerDiffID\":\"sha256:7381a62914581e56285a0f199fa2d4d17d01e57353fb721486418c29cd653651\",\"homepage\":\"https://github.com/paketo-buildpacks/rails-assets\",\"name\":\"Paketo Rails Assets Buildpack\"}},\"paketo-buildpacks/rake\":{\"0.0.14\":{\"api\":\"0.2\",\"stacks\":[{\"id\":\"io.buildpacks.stacks.bionic\"},{\"id\":\"org.cloudfoundry.stacks.cflinuxfs3\"}],\"layerDiffID\":\"sha256:6b721e3de9822ee9dd0f1caa005af286c11e9f8cc23ba1b649621c29421869c6\",\"homepage\":\"https://github.com/paketo-buildpacks/rake\",\"name\":\"Paketo Rake Buildpack\"}},\"paketo-buildpacks/ruby\":{\"0.9.1\":{\"api\":\"0.2\",\"order\":[{\"group\":[{\"id\":\"paketo-buildpacks/ca-certificates\",\"version\":\"2.4.2\",\"optional\":true},{\"id\":\"paketo-buildpacks/mri\",\"version\":\"0.2.5\"},{\"id\":\"paketo-buildpacks/bundler\",\"version\":\"0.1.9\"},{\"id\":\"paketo-buildpacks/bundle-install\",\"version\":\"0.2.4\"},{\"id\":\"paketo-buildpacks/node-engine\",\"version\":\"0.9.0\",\"optional\":true},{\"id\":\"paketo-buildpacks/yarn\",\"version\":\"0.4.2\",\"optional\":true},{\"id\":\"paketo-buildpacks/yarn-install\",\"version\":\"0.4.0\",\"optional\":true},{\"id\":\"paketo-buildpacks/rails-assets\",\"version\":\"0.2.4\",\"optional\":true},{\"id\":\"paketo-buildpacks/puma\",\"version\":\"0.0.61\"},{\"id\":\"paketo-buildpacks/procfile\",\"version\":\"4.4.1\",\"optional\":true},{\"id\":\"paketo-buildpacks/environment-variables\",\"version\":\"3"
12:59:35.603 [Test worker] DEBUG com.github.dockerjava.zerodep.shaded.org.apache.hc.client5.http.wire - http-outgoing-2 << ".2.2\",\"optional\":true},{\"id\":\"paketo-buildpacks/image-labels\",\"version\":\"3.2.2\",\"optional\":true}]},{\"group\":[{\"id\":\"paketo-buildpacks/ca-certificates\",\"version\":\"2.4.2\",\"optional\":true},{\"id\":\"paketo-buildpacks/mri\",\"version\":\"0.2.5\"},{\"id\":\"paketo-buildpacks/bundler\",\"version\":\"0.1.9\"},{\"id\":\"paketo-buildpacks/bundle-install\",\"version\":\"0.2.4\"},{\"id\":\"paketo-buildpacks/node-engine\",\"version\":\"0.9.0\",\"optional\":true},{\"id\":\"paketo-buildpacks/yarn\",\"version\":\"0.4.2\",\"optional\":true},{\"id\":\"paketo-buildpacks/yarn-install\",\"version\":\"0.4.0\",\"optional\":true},{\"id\":\"paketo-buildpacks/rails-assets\",\"version\":\"0.2.4\",\"optional\":true},{\"id\":\"paketo-buildpacks/thin\",\"version\":\"0.0.54\"},{\"id\":\"paketo-buildpacks/procfile\",\"version\":\"4.4.1\",\"optional\":true},{\"id\":\"paketo-buildpacks/environment-variables\",\"version\":\"3.2.2\",\"optional\":true},{\"id\":\"paketo-buildpacks/image-labels\",\"version\":\"3.2.2\",\"optional\":true}]},{\"group\":[{\"id\":\"paketo-buildpacks/ca-certificates\",\"version\":\"2.4.2\",\"optional\":true},{\"id\":\"paketo-buildpacks/mri\",\"version\":\"0.2.5\"},{\"id\":\"paketo-buildpacks/bundler\",\"version\":\"0.1.9\"},{\"id\":\"paketo-buildpacks/bundle-install\",\"version\":\"0.2.4\"},{\"id\":\"paketo-buildpacks/node-engine\",\"version\":\"0.9.0\",\"optional\":true},{\"id\":\"paketo-buildpacks/yarn\",\"version\":\"0.4.2\",\"optional\":true},{\"id\":\"paketo-buildpacks/yarn-install\",\"version\":\"0.4.0\",\"optional\":true},{\"id\":\"paketo-buildpacks/rails-assets\",\"version\":\"0.2.4\",\"optional\":true},{\"id\":\"paketo-buildpacks/unicorn\",\"version\":\"0.0.52\"},{\"id\":\"paketo-buildpacks/procfile\",\"version\":\"4.4.1\",\"optional\":true},{\"id\":\"paketo-buildpacks/environment-variables\",\"version\":\"3.2.2\",\"optional\":true},{\"id\":\"paketo-buildpacks/image-labels\",\"version\":\"3.2.2\",\"optional\":true}]},{\"group\":[{\"id\":\"paketo-buildpacks/ca-certificates\",\"version\":\"2.4.2\",\"optional\":true},{\"id\":\"paketo-buildpacks/mri\",\"version\":\"0.2.5\"},{\"id\":\"paketo-buildpacks/bundler\",\"version\":\"0.1.9\"},{\"id\":\"paketo-buildpacks/bundle-install\",\"version\":\"0.2.4\"},{\"id\":\"paketo-buildpacks/node-engine\",\"version\":\"0.9.0\",\"optional\":true},{\"id\":\"paketo-buildpacks/yarn\",\"version\":\"0.4.2\",\"optional\":true},{\"id\":\"paketo-buildpacks/yarn-install\",\"version\":\"0.4.0\",\"optional\":true},{\"id\":\"paketo-buildpacks/rails-assets\",\"version\":\"0.2.4\",\"optional\":true},{\"id\":\"paketo-buildpacks/passenger\",\"version\":\"0.1.2\"},{\"id\":\"paketo-buildpacks/procfile\",\"version\":\"4.4.1\",\"optional\":true},{\"id\":\"paketo-buildpacks/environment-variables\",\"version\":\"3.2.2\",\"optional\":true},{\"id\":\"paketo-buildpacks/image-labels\",\"version\":\"3.2.2\",\"optional\":true}]},{\"group\":[{\"id\":\"paketo-buildpacks/ca-certificates\",\"version\":\"2.4.2\",\"optional\":true},{\"id\":\"paketo-buildpacks/mri\",\"version\":\"0.2.5\"},{\"id\":\"paketo-buildpacks/bundler\",\"version\":\"0.1.9\"},{\"id\":\"paketo-buildpacks/bundle-install\",\"version\":\"0.2.4\"},{\"id\":\"paketo-buildpacks/node-engine\",\"version\":\"0.9.0\",\"optional\":true},{\"id\":\"paketo-buildpacks/yarn\",\"version\":\"0.4.2\",\"optional\":true},{\"id\":\"paketo-buildpacks/yarn-install\",\"version\":\"0.4.0\",\"optional\":true},{\"id\":\"paketo-buildpacks/rails-assets\",\"version\":\"0.2.4\",\"optional\":true},{\"id\":\"paketo-buildpacks/rackup\",\"version\":\"0.0.59\"},{\"id\":\"paketo-buildpacks/procfile\",\"version\":\"4.4.1\",\"optional\":true},{\"id\":\"paketo-buildpacks/environment-variables\",\"version\":\"3.2.2\",\"optional\":true},{\"id\":\"paketo-buildpacks/image-labels\",\"version\":\"3.2.2\",\"optional\":true}]},{\"group\":[{\"id\":\"paketo-buildpacks/ca-certificates\",\"version\":\"2.4.2\",\"optional\":true},{\"id\":\"paketo-buildpacks/mri\",\"version\":\"0.2.5\"},{\"id\":\"paketo-buildpacks/bundler\",\"version\":\"0.1.9\",\"optional\":true},{\"id\":\"paketo-buildpacks/bundle-install\",\"version\":\"0.2.4\",\"optional\":true},{\"id\":\"paketo-buildpacks/rake\",\"version\":\"0.0.14\"},{\"id\":\"paketo-buildpacks/procfile\",\"version\":\"4.4.1\",\"optional\":true},{\"id\":\"paketo-buildpacks/environment-variables\",\"version\":\"3.2.2\",\"optional\":true},{\"id\":\"paketo-buildpacks/image-labels\",\"version\":\"3.2.2\",\"optional\":true}]}],\"layerDiffID\":\"sha256:fba0876f6fb717e471f9ab086848779efb36250fe8d8a26409e3cc659b92e61a\",\"homepage\":\"https://github.com/paketo-buildpacks/ruby\",\"name\":\"Paketo Ruby Buildpack\"}},\"paketo-buildpacks/sbt\":{\"5.6.0\":{\"api\":\"0.6\",\"stacks\":[{\"id\":\"io.buildpacks.stacks.bionic\"},{\"id\":\"io.paketo.stacks.tiny\"},{\"id\":\"*\"}],\"layerDiffID\":\"sha256:5d1dfdec0335215ef449bf5a3bbc096791f8a276f48cb687f3873e062c68434c\",\"homepage\":\"https://github.com/paketo-buildpacks/sbt\"}},\"paketo-buildpacks/spring-boot\":{\"4.7.0\":{\"api\":\"0.6\",\"stacks\":[{\"id\":\"io.buildpacks.stacks.bionic\"},{\"id\":\"io.paketo.stacks.tiny\"},{\"id\":\"*\"}],\"layerDiffID\":\"sha256:52509e113dc25becb9db9ca5721f075908df2abdf3d5f3e0410e56e8b3bfa1bd\",\"homepage\":\"https://github.com/paketo-buildpacks/spring-boot\"}},\"paketo-buildpacks/thin\":{\"0.0.54\":{\"api\":\"0.2\",\"stacks\":[{\"id\":\"io.buildpacks.stacks.bionic\"},{\"id\":\"org.cloudfoundry.stacks.cflinuxfs3\"}],\"layerDiffID\":\"sha256:dff995cf8e33f83e71ed69cbf68142789be4333c7d06d5958e4b78635b86f1dd\",\"homepage\":\"https://github.com/paketo-buildpacks/thin\",\"name\":\"Paketo Thin Buildpack\"}},\"paketo-buildpacks/unicorn\":{\"0.0.52\":{\"api\":\"0.2\",\"stacks\":[{\"id\":\"io.buildpacks.stacks.bionic\"},{\"id\":\"org.cloudfoundry.stacks.cflinuxfs3\"}],\"layerDiffID\":\"sha256:37d55c393c17801e849a866c639682be3cbb120e9c53dfa794668e5236815ac9\",\"homepage\":\"https://github.com/paketo-buildpacks/unicorn\",\"name\":\"Paketo Unicorn Buildpack\"}},\"paketo-buildpacks/upx\":{\"1.1.2\":{\"api\":\"0.6\",\"stacks\":[{\"id\":\"io.buildpacks.stacks.bionic\"},{\"id\":\"io.paketo.stacks.tiny\"},{\"id\":\"*\"}],\"layerDiffID\":\"sha256:827c9c040c59c0debeed28f746c370202865b6a3a247f99b5e516c7989f64fd4\",\"homepage\":\"https://github.com/paketo-buildpacks/upx\"}},\"paketo-buildpacks/watchexec\":{\"1.2.0\":{\"api\":\"0.6\",\"stacks\":[{\"id\":\"io.buildpacks.stacks.bionic\"},{\"id\":\"io.paketo.stacks.tiny\"},{\"id\":\"*\"}],\"layerDiffID\":\"sha256:0fdae7739c1cce456938ee64945bb0c32373065052e1dc456d23b69bdb3a3547\",\"homepage\":\"https://github.com/paketo-buildpacks/watchexec\",\"name\":\"Paketo Watchexec Buildpack\"}},\"paketo-buildpacks/yarn\":{\"0.4.1\":{\"api\":\"0.5\",\"stacks\":[{\"id\":\"io.buildpacks.stacks.bionic\"}],\"layerDiffID\":\"sha256:04fa2a5f57f992b186c35196cbef52a5b4cbd945ded9fee529766ae93a523df5\",\"homepage\":\"https://github.com/paketo-buildpacks/yarn\",\"name\":\"Paketo Yarn Buildpack\"},\"0.4.2\":{\"api\":\"0.5\",\"stacks\":[{\"id\":\"io.buildpacks.stacks.bionic\"}],\"layerDiffID\":\"sha256:baf520b7e9ab11d0e2b3902d58c994bccec5bfbedbd24852cd82f06dc917c7d1\",\"homepage\":\"https://github.com/paketo-buildpacks/yarn\",\"name\":\"Paketo Yarn Buildpack\"}},\"paketo-buildpacks/yarn-install\":{\"0.4.0\":{\"api\":\"0.4\",\"stacks\":[{\"id\":\"io.buildpacks.stacks.bionic\"}],\"layerDiffID\":\"sha256:5cd8fdb18dc80701372f5db5fcfe72b6aa936b1ab26f0a24d76313fbddf28cc8\",\"homepage\":\"https://github.com/paketo-buildpacks/yarn-install\",\"name\":\"Paketo Yarn Install Buildpack\"}},\"paketo-buildpacks/yarn-start\":{\"0.3.0\":{\"api\":\"0.4\",\"stacks\":[{\"id\":\"io.buildpacks.stacks.bionic\"}],\"layerDiffID\":\"sha256:18cfbacfaf1e0897d6894b57abead08a9a062ea4246857d5ef32bf8bd93e1c91\",\"homepage\":\"https://github.com/paketo-buildpacks/yarn-start\",\"name\":\"Paketo Yarn Start Buildpack\"}}}","io.buildpacks.buildpack.order":"[{\"group\":[{\"id\":\"paketo-buildpacks/ruby\",\"version\":\"0.9.1\"}]},{\"group\":[{"
12:59:35.604 [Test worker] DEBUG com.github.dockerjava.zerodep.shaded.org.apache.hc.client5.http.wire - http-outgoing-2 << "\"id\":\"paketo-buildpacks/dotnet-core\",\"version\":\"0.8.1\"}]},{\"group\":[{\"id\":\"paketo-buildpacks/nodejs\",\"version\":\"0.9.0\"}]},{\"group\":[{\"id\":\"paketo-buildpacks/go\",\"version\":\"0.12.0\"}]},{\"group\":[{\"id\":\"paketo-buildpacks/python\",\"version\":\"0.8.1\"}]},{\"group\":[{\"id\":\"paketo-buildpacks/nginx\",\"version\":\"0.4.0\"}]},{\"group\":[{\"id\":\"paketo-buildpacks/java-native-image\",\"version\":\"5.12.0\"}]},{\"group\":[{\"id\":\"paketo-buildpacks/java\",\"version\":\"5.20.0\"}]},{\"group\":[{\"id\":\"paketo-buildpacks/procfile\",\"version\":\"4."
12:59:35.605 [Test worker] DEBUG com.github.dockerjava.zerodep.shaded.org.apache.hc.client5.http.wire - http-outgoing-2 << "[\r][\n]"
12:59:35.605 [Test worker] DEBUG com.github.dockerjava.zerodep.shaded.org.apache.hc.client5.http.wire - http-outgoing-2 << "8000[\r][\n]"
12:59:35.605 [Test worker] DEBUG com.github.dockerjava.zerodep.shaded.org.apache.hc.client5.http.wire - http-outgoing-2 << "4.1\"}]}]","io.buildpacks.stack.description":"ubuntu:bionic + openssl + CA certs + compilers + shell utilities","io.buildpacks.stack.distro.name":"Ubuntu","io.buildpacks.stack.distro.version":"18.04","io.buildpacks.stack.homepage":"https://github.com/paketo-buildpacks/stacks","io.buildpacks.stack.id":"io.buildpacks.stacks.bionic","io.buildpacks.stack.maintainer":"Paketo Buildpacks","io.buildpacks.stack.metadata":"{\"base-image\": \"paketobuildpacks/build@sha256:e4662db0cedb9a5ff802bf6cd3050973b4d4672cb10ed7210b7c3a7d8f013880\"}","io.buildpacks.stack.mixins":"[\"adduser\",\"apt\",\"base-files\",\"base-passwd\",\"bash\",\"bsdutils\",\"bzip2\",\"ca-certificates\",\"coreutils\",\"dash\",\"debconf\",\"debianutils\",\"diffutils\",\"dpkg\",\"e2fsprogs\",\"fdisk\",\"findutils\",\"gcc-8-base\",\"gpgv\",\"grep\",\"gzip\",\"hostname\",\"init-system-helpers\",\"libacl1\",\"libapt-pkg5.0\",\"libattr1\",\"libaudit-common\",\"libaudit1\",\"libblkid1\",\"libbz2-1.0\",\"libc-bin\",\"libc6\",\"libcap-ng0\",\"libcom-err2\",\"libdb5.3\",\"libdebconfclient0\",\"libext2fs2\",\"libfdisk1\",\"libffi6\",\"libgcc1\",\"libgcrypt20\",\"libgmp10\",\"libgnutls30\",\"libgpg-error0\",\"libhogweed4\",\"libidn2-0\",\"liblz4-1\",\"liblzma5\",\"libmount1\",\"libncurses5\",\"libncursesw5\",\"libnettle6\",\"libp11-kit0\",\"libpam-modules\",\"libpam-modules-bin\",\"libpam-runtime\",\"libpam0g\",\"libpcre3\",\"libprocps6\",\"libseccomp2\",\"libselinux1\",\"libsemanage-common\",\"libsemanage1\",\"libsepol1\",\"libsmartcols1\",\"libss2\",\"libssl1.1\",\"libstdc++6\",\"libsystemd0\",\"libtasn1-6\",\"libtinfo5\",\"libudev1\",\"libunistring2\",\"libuuid1\",\"libyaml-0-2\",\"libzstd1\",\"locales\",\"login\",\"lsb-base\",\"mawk\",\"mount\",\"ncurses-base\",\"ncurses-bin\",\"netbase\",\"openssl\",\"passwd\",\"perl-base\",\"procps\",\"sed\",\"sensible-utils\",\"sysvinit-utils\",\"tar\",\"tzdata\",\"ubuntu-keyring\",\"util-linux\",\"zlib1g\",\"build:binutils\",\"build:binutils-common\",\"build:binutils-x86-64-linux-gnu\",\"build:build-essential\",\"build:cpp\",\"build:cpp-7\",\"build:curl\",\"build:dpkg-dev\",\"build:g++\",\"build:g++-7\",\"build:gcc\",\"build:gcc-7\",\"build:gcc-7-base\",\"build:git\",\"build:git-man\",\"build:jq\",\"build:libasan4\",\"build:libasn1-8-heimdal\",\"build:libatomic1\",\"build:libbinutils\",\"build:libc-dev-bin\",\"build:libc6-dev\",\"build:libcc1-0\",\"build:libcilkrts5\",\"build:libcurl3-gnutls\",\"build:libcurl4\",\"build:libdpkg-perl\",\"build:liberror-perl\",\"build:libexpat1\",\"build:libgcc-7-dev\",\"build:libgdbm-compat4\",\"build:libgdbm5\",\"build:libgmp-dev\",\"build:libgmpxx4ldbl\",\"build:libgomp1\",\"build:libgssapi-krb5-2\",\"build:libgssapi3-heimdal\",\"build:libhcrypto4-heimdal\",\"build:libheimbase1-heimdal\",\"build:libheimntlm0-heimdal\",\"build:libhx509-5-heimdal\",\"build:libisl19\",\"build:libitm1\",\"build:libjq1\",\"build:libk5crypto3\",\"build:libkeyutils1\",\"build:libkrb5-26-heimdal\",\"build:libkrb5-3\",\"build:libkrb5support0\",\"build:libldap-2.4-2\",\"build:libldap-common\",\"build:liblsan0\",\"build:libmpc3\",\"build:libmpfr6\",\"build:libmpx2\",\"build:libnghttp2-14\",\"build:libonig4\",\"build:libperl5.26\",\"build:libpsl5\",\"build:libquadmath0\",\"build:libroken18-heimdal\",\"build:librtmp1\",\"build:libsasl2-2\",\"build:libsasl2-modules-db\",\"build:libsqlite3-0\",\"build:libstdc++-7-dev\",\"build:libtsan0\",\"build:libubsan0\",\"build:libwind0-heimdal\",\"build:linux-libc-dev\",\"build:make\",\"build:patch\",\"build:perl\",\"build:perl-modules-5.26\",\"build:xz-utils\",\"build:zlib1g-dev\"]","io.buildpacks.stack.released":"2021-10-25T17:08:08Z","io.paketo.stack.packages":"[{\"name\":\"adduser\",\"version\":\"3.116ubuntu1\",\"arch\":\"all\",\"source\":{\"name\":\"adduser\",\"version\":\"3.116ubuntu1\",\"upstreamVersion\":\"3.116ubuntu1\"},\"summary\":\"add and remove users and groups\"},{\"name\":\"apt\",\"version\":\"1.6.14\",\"arch\":\"amd64\",\"source\":{\"name\":\"apt\",\"version\":\"1.6.14\",\"upstreamVersion\":\"1.6.14\"},\"summary\":\"commandline package manager\"},{\"name\":\"base-files\",\"version\":\"10.1ubuntu2.11\",\"arch\":\"amd64\",\"source\":{\"name\":\"base-files\",\"version\":\"10.1ubuntu2.11\",\"upstreamVersion\":\"10.1ubuntu2.11\"},\"summary\":\"Debian base system miscellaneous files\"},{\"name\":\"base-passwd\",\"version\":\"3.5.44\",\"arch\":\"amd64\",\"source\":{\"name\":\"base-passwd\",\"version\":\"3.5.44\",\"upstreamVersion\":\"3.5.44\"},\"summary\":\"Debian base system master password and group files\"},{\"name\":\"bash\",\"version\":\"4.4.18-2ubuntu1.2\",\"arch\":\"amd64\",\"source\":{\"name\":\"bash\",\"version\":\"4.4.18-2ubuntu1.2\",\"upstreamVersion\":\"4.4.18\"},\"summary\":\"GNU Bourne Again SHell\"},{\"name\":\"binutils\",\"version\":\"2.30-21ubuntu1~18.04.7\",\"arch\":\"amd64\",\"source\":{\"name\":\"binutils\",\"version\":\"2.30-21ubuntu1~18.04.7\",\"upstreamVersion\":\"2.30\"},\"summary\":\"GNU assembler, linker and binary utilities\"},{\"name\":\"binutils-common:amd64\",\"version\":\"2.30-21ubuntu1~18.04.7\",\"arch\":\"amd64\",\"source\":{\"name\":\"binutils\",\"version\":\"2.30-21ubuntu1~18.04.7\",\"upstreamVersion\":\"2.30\"},\"summary\":\"Common files for the GNU assembler, linker and binary utilities\"},{\"name\":\"binutils-x86-64-linux-gnu\",\"version\":\"2.30-21ubuntu1~18.04.7\",\"arch\":\"amd64\",\"source\":{\"name\":\"binutils\",\"version\":\"2.30-21ubuntu1~18.04.7\",\"upstreamVersion\":\"2.30\"},\"summary\":\"GNU binary utilities, for x86-64-linux-gnu target\"},{\"name\":\"bsdutils\",\"version\":\"1:2.31.1-0.4ubuntu3.7\",\"arch\":\"amd64\",\"source\":{\"name\":\"util-linux\",\"version\":\"2.31.1-0.4ubuntu3.7\",\"upstreamVersion\":\"2.31.1\"},\"summary\":\"basic utilities from 4.4BSD-Lite\"},{\"name\":\"build-essential\",\"version\":\"12.4ubuntu1\",\"arch\":\"amd64\",\"source\":{\"name\":\"build-essential\",\"version\":\"12.4ubuntu1\",\"upstreamVersion\":\"12.4ubuntu1\"},\"summary\":\"Informational list of build-essential packages\"},{\"name\":\"bzip2\",\"version\":\"1.0.6-8.1ubuntu0.2\",\"arch\":\"amd64\",\"source\":{\"name\":\"bzip2\",\"version\":\"1.0.6-8.1ubuntu0.2\",\"upstreamVersion\":\"1.0.6\"},\"summary\":\"high-quality block-sorting file compressor - utilities\"},{\"name\":\"ca-certificates\",\"version\":\"20210119~18.04.2\",\"arch\":\"all\",\"source\":{\"name\":\"ca-certificates\",\"version\":\"20210119~18.04.2\",\"upstreamVersion\":\"20210119~18.04.2\"},\"summary\":\"Common CA certificates\"},{\"name\":\"coreutils\",\"version\":\"8.28-1ubuntu1\",\"arch\":\"amd64\",\"source\":{\"name\":\"coreutils\",\"version\":\"8.28-1ubuntu1\",\"upstreamVersion\":\"8.28\"},\"summary\":\"GNU core utilities\"},{\"name\":\"cpp\",\"version\":\"4:7.4.0-1ubuntu2.3\",\"arch\":\"amd64\",\"source\":{\"name\":\"gcc-defaults\",\"version\":\"1.176ubuntu2.3\",\"upstreamVersion\":\"1.176ubuntu2.3\"},\"summary\":\"GNU C preprocessor (cpp)\"},{\"name\":\"cpp-7\",\"version\":\"7.5.0-3ubuntu1~18.04\",\"arch\":\"amd64\",\"source\":{\"name\":\"gcc-7\",\"version\":\"7.5.0-3ubuntu1~18.04\",\"upstreamVersion\":\"7.5.0\"},\"summary\":\"GNU C preprocessor\"},{\"name\":\"curl\",\"version\":\"7.58.0-2ubuntu3.16\",\"arch\":\"amd64\",\"source\":{\"name\":\"curl\",\"version\":\"7.58.0-2ubuntu3.16\",\"upstreamVersion\":\"7.58.0\"},\"summary\":\"command line tool for transferring data with URL syntax\"},{\"name\":\"dash\",\"version\":\"0.5.8-2.10\",\"arch\":\"amd64\",\"source\":{\"name\":\"dash\",\"version\":\"0.5.8-2.10\",\"upstreamVersion\":\"0.5.8\"},\"summary\":\"POSIX-compliant shell\"},{\"name\":\"debconf\",\"version\":\"1"
12:59:35.605 [Test worker] DEBUG com.github.dockerjava.zerodep.shaded.org.apache.hc.client5.http.wire - http-outgoing-2 << ".5.66ubuntu1\",\"arch\":\"all\",\"source\":{\"name\":\"debconf\",\"version\":\"1.5.66ubuntu1\",\"upstreamVersion\":\"1.5.66ubuntu1\"},\"summary\":\"Debian configuration management system\"},{\"name\":\"debianutils\",\"version\":\"4.8.4\",\"arch\":\"amd64\",\"source\":{\"name\":\"debianutils\",\"version\":\"4.8.4\",\"upstreamVersion\":\"4.8.4\"},\"summary\":\"Miscellaneous utilities specific to Debian\"},{\"name\":\"diffutils\",\"version\":\"1:3.6-1\",\"arch\":\"amd64\",\"source\":{\"name\":\"diffutils\",\"version\":\"1:3.6-1\",\"upstreamVersion\":\"3.6\"},\"summary\":\"File comparison utilities\"},{\"name\":\"dpkg\",\"version\":\"1.19.0.5ubuntu2.3\",\"arch\":\"amd64\",\"source\":{\"name\":\"dpkg\",\"version\":\"1.19.0.5ubuntu2.3\",\"upstreamVersion\":\"1.19.0.5ubuntu2.3\"},\"summary\":\"Debian package management system\"},{\"name\":\"dpkg-dev\",\"version\":\"1.19.0.5ubuntu2.3\",\"arch\":\"all\",\"source\":{\"name\":\"dpkg\",\"version\":\"1.19.0.5ubuntu2.3\",\"upstreamVersion\":\"1.19.0.5ubuntu2.3\"},\"summary\":\"Debian package development tools\"},{\"name\":\"e2fsprogs\",\"version\":\"1.44.1-1ubuntu1.3\",\"arch\":\"amd64\",\"source\":{\"name\":\"e2fsprogs\",\"version\":\"1.44.1-1ubuntu1.3\",\"upstreamVersion\":\"1.44.1\"},\"summary\":\"ext2/ext3/ext4 file system utilities\"},{\"name\":\"fdisk\",\"version\":\"2.31.1-0.4ubuntu3.7\",\"arch\":\"amd64\",\"source\":{\"name\":\"util-linux\",\"version\":\"2.31.1-0.4ubuntu3.7\",\"upstreamVersion\":\"2.31.1\"},\"summary\":\"collection of partitioning utilities\"},{\"name\":\"findutils\",\"version\":\"4.6.0+git+20170828-2\",\"arch\":\"amd64\",\"source\":{\"name\":\"findutils\",\"version\":\"4.6.0+git+20170828-2\",\"upstreamVersion\":\"4.6.0+git+20170828\"},\"summary\":\"utilities for finding files--find, xargs\"},{\"name\":\"g++\",\"version\":\"4:7.4.0-1ubuntu2.3\",\"arch\":\"amd64\",\"source\":{\"name\":\"gcc-defaults\",\"version\":\"1.176ubuntu2.3\",\"upstreamVersion\":\"1.176ubuntu2.3\"},\"summary\":\"GNU C++ compiler\"},{\"name\":\"g++-7\",\"version\":\"7.5.0-3ubuntu1~18.04\",\"arch\":\"amd64\",\"source\":{\"name\":\"gcc-7\",\"version\":\"7.5.0-3ubuntu1~18.04\",\"upstreamVersion\":\"7.5.0\"},\"summary\":\"GNU C++ compiler\"},{\"name\":\"gcc\",\"version\":\"4:7.4.0-1ubuntu2.3\",\"arch\":\"amd64\",\"source\":{\"name\":\"gcc-defaults\",\"version\":\"1.176ubuntu2.3\",\"upstreamVersion\":\"1.176ubuntu2.3\"},\"summary\":\"GNU C compiler\"},{\"name\":\"gcc-7\",\"version\":\"7.5.0-3ubuntu1~18.04\",\"arch\":\"amd64\",\"source\":{\"name\":\"gcc-7\",\"version\":\"7.5.0-3ubuntu1~18.04\",\"upstreamVersion\":\"7.5.0\"},\"summary\":\"GNU C compiler\"},{\"name\":\"gcc-7-base:amd64\",\"version\":\"7.5.0-3ubuntu1~18.04\",\"arch\":\"amd64\",\"source\":{\"name\":\"gcc-7\",\"version\":\"7.5.0-3ubuntu1~18.04\",\"upstreamVersion\":\"7.5.0\"},\"summary\":\"GCC, the GNU Compiler Collection (base package)\"},{\"name\":\"gcc-8-base:amd64\",\"version\":\"8.4.0-1ubuntu1~18.04\",\"arch\":\"amd64\",\"source\":{\"name\":\"gcc-8\",\"version\":\"8.4.0-1ubuntu1~18.04\",\"upstreamVersion\":\"8.4.0\"},\"summary\":\"GCC, the GNU Compiler Collection (base package)\"},{\"name\":\"git\",\"version\":\"1:2.17.1-1ubuntu0.9\",\"arch\":\"amd64\",\"source\":{\"name\":\"git\",\"version\":\"1:2.17.1-1ubuntu0.9\",\"upstreamVersion\":\"2.17.1\"},\"summary\":\"fast, scalable, distributed revision control system\"},{\"name\":\"git-man\",\"version\":\"1:2.17.1-1ubuntu0.9\",\"arch\":\"all\",\"source\":{\"name\":\"git\",\"version\":\"1:2.17.1-1ubuntu0.9\",\"upstreamVersion\":\"2.17.1\"},\"summary\":\"fast, scalable, distributed revision control system (manual pages)\"},{\"name\":\"gpgv\",\"version\":\"2.2.4-1ubuntu1.4\",\"arch\":\"amd64\",\"source\":{\"name\":\"gnupg2\",\"version\":\"2.2.4-1ubuntu1.4\",\"upstreamVersion\":\"2.2.4\"},\"summary\":\"GNU privacy guard - signature verification tool\"},{\"name\":\"grep\",\"version\":\"3.1-2build1\",\"arch\":\"amd64\",\"source\":{\"name\":\"grep\",\"version\":\"3.1-2build1\",\"upstreamVersion\":\"3.1\"},\"summary\":\"GNU grep, egrep and fgrep\"},{\"name\":\"gzip\",\"version\":\"1.6-5ubuntu1.1\",\"arch\":\"amd64\",\"source\":{\"name\":\"gzip\",\"version\":\"1.6-5ubuntu1.1\",\"upstreamVersion\":\"1.6\"},\"summary\":\"GNU compression utilities\"},{\"name\":\"hostname\",\"version\":\"3.20\",\"arch\":\"amd64\",\"source\":{\"name\":\"hostname\",\"version\":\"3.20\",\"upstreamVersion\":\"3.20\"},\"summary\":\"utility to set/show the host name or domain name\"},{\"name\":\"init-system-helpers\",\"version\":\"1.51\",\"arch\":\"all\",\"source\":{\"name\":\"init-system-helpers\",\"version\":\"1.51\",\"upstreamVersion\":\"1.51\"},\"summary\":\"helper tools for all init systems\"},{\"name\":\"jq\",\"version\":\"1.5+dfsg-2\",\"arch\":\"amd64\",\"source\":{\"name\":\"jq\",\"version\":\"1.5+dfsg-2\",\"upstreamVersion\":\"1.5+dfsg\"},\"summary\":\"lightweight and flexible command-line JSON processor\"},{\"name\":\"libacl1:amd64\",\"version\":\"2.2.52-3build1\",\"arch\":\"amd64\",\"source\":{\"name\":\"acl\",\"version\":\"2.2.52-3build1\",\"upstreamVersion\":\"2.2.52\"},\"summary\":\"Access control list shared library\"},{\"name\":\"libapt-pkg5.0:amd64\",\"version\":\"1.6.14\",\"arch\":\"amd64\",\"source\":{\"name\":\"apt\",\"version\":\"1.6.14\",\"upstreamVersion\":\"1.6.14\"},\"summary\":\"package management runtime library\"},{\"name\":\"libasan4:amd64\",\"version\":\"7.5.0-3ubuntu1~18.04\",\"arch\":\"amd64\",\"source\":{\"name\":\"gcc-7\",\"version\":\"7.5.0-3ubuntu1~18.04\",\"upstreamVersion\":\"7.5.0\"},\"summary\":\"AddressSanitizer -- a fast memory error detector\"},{\"name\":\"libasn1-8-heimdal:amd64\",\"version\":\"7.5.0+dfsg-1\",\"arch\":\"amd64\",\"source\":{\"name\":\"heimdal\",\"version\":\"7.5.0+dfsg-1\",\"upstreamVersion\":\"7.5.0+dfsg\"},\"summary\":\"Heimdal Kerberos - ASN.1 library\"},{\"name\":\"libatomic1:amd64\",\"version\":\"8.4.0-1ubuntu1~18.04\",\"arch\":\"amd64\",\"source\":{\"name\":\"gcc-8\",\"version\":\"8.4.0-1ubuntu1~18.04\",\"upstreamVersion\":\"8.4.0\"},\"summary\":\"support library providing __atomic built-in functions\"},{\"name\":\"libattr1:amd64\",\"version\":\"1:2.4.47-2build1\",\"arch\":\"amd64\",\"source\":{\"name\":\"attr\",\"version\":\"1:2.4.47-2build1\",\"upstreamVersion\":\"2.4.47\"},\"summary\":\"Extended attribute shared library\"},{\"name\":\"libaudit-common\",\"version\":\"1:2.8.2-1ubuntu1.1\",\"arch\":\"all\",\"source\":{\"name\":\"audit\",\"version\":\"1:2.8.2-1ubuntu1.1\",\"upstreamVersion\":\"2.8.2\"},\"summary\":\"Dynamic library for security auditing - common files\"},{\"name\":\"libaudit1:amd64\",\"version\":\"1:2.8.2-1ubuntu1.1\",\"arch\":\"amd64\",\"source\":{\"name\":\"audit\",\"version\":\"1:2.8.2-1ubuntu1.1\",\"upstreamVersion\":\"2.8.2\"},\"summary\":\"Dynamic library for security auditing\"},{\"name\":\"libbinutils:amd64\",\"version\":\"2.30-21ubuntu1~18.04.7\",\"arch\":\"amd64\",\"source\":{\"name\":\"binutils\",\"version\":\"2.30-21ubuntu1~18.04.7\",\"upstreamVersion\":\"2.30\"},\"summary\":\"GNU binary utilities (private shared library)\"},{\"name\":\"libblkid1:amd64\",\"version\":\"2.31.1-0.4ubuntu3.7\",\"arch\":\"amd64\",\"source\":{\"name\":\"util-linux\",\"version\":\"2.31.1-0.4ubuntu3.7\",\"upstreamVersion\":\"2.31.1\"},\"summary\":\"block device ID library\"},{\"name\":\"libbz2-1.0:amd64\",\"version\":\"1.0.6-8.1ubuntu0.2\",\"arch\":\"amd64\",\"source\":{\"name\":\"bzip2\",\"version\":\"1.0.6-8.1ubuntu0.2\",\"upstreamVersion\":\"1.0.6\"},\"summary\":\"high-quality block-sorting file compressor library - runtime\"},{\"name\":\"libc-bin\",\"version\":\"2.27-3ubuntu1.4\",\"arch\":\"amd64\",\"source\":{\"name\":\"glibc\",\"version\":\"2.27-3ubuntu1.4\",\"upstreamVersion\":\"2.27\"},\"summary\":\"GNU C Library: Binaries\"},{\"name\":\"libc-dev-bin\",\"version\":\"2.27-3ubuntu1.4\",\"arch\":\"amd64\",\"source\":{\"name\":\"glibc\",\"version\":\"2.27-3ubuntu1.4\",\"upstreamVersion\":\"2.27\"},\"summary\":\"GNU C Library: Development binaries\"},{\"name\":\"libc6:amd64\""
12:59:35.606 [Test worker] DEBUG com.github.dockerjava.zerodep.shaded.org.apache.hc.client5.http.wire - http-outgoing-2 << ",\"version\":\"2.27-3ubuntu1.4\",\"arch\":\"amd64\",\"source\":{\"name\":\"glibc\",\"version\":\"2.27-3ubuntu1.4\",\"upstreamVersion\":\"2.27\"},\"summary\":\"GNU C Library: Shared libraries\"},{\"name\":\"libc6-dev:amd64\",\"version\":\"2.27-3ubuntu1.4\",\"arch\":\"amd64\",\"source\":{\"name\":\"glibc\",\"version\":\"2.27-3ubuntu1.4\",\"upstreamVersion\":\"2.27\"},\"summary\":\"GNU C Library: Development Libraries and Header Files\"},{\"name\":\"libcap-ng0:amd64\",\"version\":\"0.7.7-3.1\",\"arch\":\"amd64\",\"source\":{\"name\":\"libcap-ng\",\"version\":\"0.7.7-3.1\",\"upstreamVersion\":\"0.7.7\"},\"summary\":\"An alternate POSIX capabilities library\"},{\"name\":\"libcc1-0:amd64\",\"version\":\"8.4.0-1ubuntu1~18.04\",\"arch\":\"amd64\",\"source\":{\"name\":\"gcc-8\",\"version\":\"8.4.0-1ubuntu1~18.04\",\"upstreamVersion\":\"8.4.0\"},\"summary\":\"GCC cc1 plugin for GDB\"},{\"name\":\"libcilkrts5:amd64\",\"version\":\"7.5.0-3ubuntu1~18.04\",\"arch\":\"amd64\",\"source\":{\"name\":\"gcc-7\",\"version\":\"7.5.0-3ubuntu1~18.04\",\"upstreamVersion\":\"7.5.0\"},\"summary\":\"Intel Cilk Plus language extensions (runtime)\"},{\"name\":\"libcom-err2:amd64\",\"version\":\"1.44.1-1ubuntu1.3\",\"arch\":\"amd64\",\"source\":{\"name\":\"e2fsprogs\",\"version\":\"1.44.1-1ubuntu1.3\",\"upstreamVersion\":\"1.44.1\"},\"summary\":\"common error description library\"},{\"name\":\"libcurl3-gnutls:amd64\",\"version\":\"7.58.0-2ubuntu3.16\",\"arch\":\"amd64\",\"source\":{\"name\":\"curl\",\"version\":\"7.58.0-2ubuntu3.16\",\"upstreamVersion\":\"7.58.0\"},\"summary\":\"easy-to-use client-side URL transfer library (GnuTLS flavour)\"},{\"name\":\"libcurl4:amd64\",\"version\":\"7.58.0-2ubuntu3.16\",\"arch\":\"amd64\",\"source\":{\"name\":\"curl\",\"version\":\"7.58.0-2ubuntu3.16\",\"upstreamVersion\":\"7.58.0\"},\"summary\":\"easy-to-use client-side URL transfer library (OpenSSL flavour)\"},{\"name\":\"libdb5.3:amd64\",\"version\":\"5.3.28-13.1ubuntu1.1\",\"arch\":\"amd64\",\"source\":{\"name\":\"db5.3\",\"version\":\"5.3.28-13.1ubuntu1.1\",\"upstreamVersion\":\"5.3.28\"},\"summary\":\"Berkeley v5.3 Database Libraries [runtime]\"},{\"name\":\"libdebconfclient0:amd64\",\"version\":\"0.213ubuntu1\",\"arch\":\"amd64\",\"source\":{\"name\":\"cdebconf\",\"version\":\"0.213ubuntu1\",\"upstreamVersion\":\"0.213ubuntu1\"},\"summary\":\"Debian Configuration Management System (C-implementation library)\"},{\"name\":\"libdpkg-perl\",\"version\":\"1.19.0.5ubuntu2.3\",\"arch\":\"all\",\"source\":{\"name\":\"dpkg\",\"version\":\"1.19.0.5ubuntu2.3\",\"upstreamVersion\":\"1.19.0.5ubuntu2.3\"},\"summary\":\"Dpkg perl modules\"},{\"name\":\"liberror-perl\",\"version\":\"0.17025-1\",\"arch\":\"all\",\"source\":{\"name\":\"liberror-perl\",\"version\":\"0.17025-1\",\"upstreamVersion\":\"0.17025\"},\"summary\":\"Perl module for error/exception handling in an OO-ish way\"},{\"name\":\"libexpat1:amd64\",\"version\":\"2.2.5-3ubuntu0.2\",\"arch\":\"amd64\",\"source\":{\"name\":\"expat\",\"version\":\"2.2.5-3ubuntu0.2\",\"upstreamVersion\":\"2.2.5\"},\"summary\":\"XML parsing C library - runtime library\"},{\"name\":\"libext2fs2:amd64\",\"version\":\"1.44.1-1ubuntu1.3\",\"arch\":\"amd64\",\"source\":{\"name\":\"e2fsprogs\",\"version\":\"1.44.1-1ubuntu1.3\",\"upstreamVersion\":\"1.44.1\"},\"summary\":\"ext2/ext3/ext4 file system libraries\"},{\"name\":\"libfdisk1:amd64\",\"version\":\"2.31.1-0.4ubuntu3.7\",\"arch\":\"amd64\",\"source\":{\"name\":\"util-linux\",\"version\":\"2.31.1-0.4ubuntu3.7\",\"upstreamVersion\":\"2.31.1\"},\"summary\":\"fdisk partitioning library\"},{\"name\":\"libffi6:amd64\",\"version\":\"3.2.1-8\",\"arch\":\"amd64\",\"source\":{\"name\":\"libffi\",\"version\":\"3.2.1-8\",\"upstreamVersion\":\"3.2.1\"},\"summary\":\"Foreign Function Interface library runtime\"},{\"name\":\"libgcc-7-dev:amd64\",\"version\":\"7.5.0-3ubuntu1~18.04\",\"arch\":\"amd64\",\"source\":{\"name\":\"gcc-7\",\"version\":\"7.5.0-3ubuntu1~18.04\",\"upstreamVersion\":\"7.5.0\"},\"summary\":\"GCC support library (development files)\"},{\"name\":\"libgcc1:amd64\",\"version\":\"1:8.4.0-1ubuntu1~18.04\",\"arch\":\"amd64\",\"source\":{\"name\":\"gcc-8\",\"version\":\"8.4.0-1ubuntu1~18.04\",\"upstreamVersion\":\"8.4.0\"},\"summary\":\"GCC support library\"},{\"name\":\"libgcrypt20:amd64\",\"version\":\"1.8.1-4ubuntu1.3\",\"arch\":\"amd64\",\"source\":{\"name\":\"libgcrypt20\",\"version\":\"1.8.1-4ubuntu1.3\",\"upstreamVersion\":\"1.8.1\"},\"summary\":\"LGPL Crypto library - runtime library\"},{\"name\":\"libgdbm-compat4:amd64\",\"version\":\"1.14.1-6\",\"arch\":\"amd64\",\"source\":{\"name\":\"gdbm\",\"version\":\"1.14.1-6\",\"upstreamVersion\":\"1.14.1\"},\"summary\":\"GNU dbm database routines (legacy support runtime version)\"},{\"name\":\"libgdbm5:amd64\",\"version\":\"1.14.1-6\",\"arch\":\"amd64\",\"source\":{\"name\":\"gdbm\",\"version\":\"1.14.1-6\",\"upstreamVersion\":\"1.14.1\"},\"summary\":\"GNU dbm database routines (runtime version)\"},{\"name\":\"libgmp-dev:amd64\",\"version\":\"2:6.1.2+dfsg-2\",\"arch\":\"amd64\",\"source\":{\"name\":\"gmp\",\"version\":\"2:6.1.2+dfsg-2\",\"upstreamVersion\":\"6.1.2+dfsg\"},\"summary\":\"Multiprecision arithmetic library developers tools\"},{\"name\":\"libgmp10:amd64\",\"version\":\"2:6.1.2+dfsg-2\",\"arch\":\"amd64\",\"source\":{\"name\":\"gmp\",\"version\":\"2:6.1.2+dfsg-2\",\"upstreamVersion\":\"6.1.2+dfsg\"},\"summary\":\"Multiprecision arithmetic library\"},{\"name\":\"libgmpxx4ldbl:amd64\",\"version\":\"2:6.1.2+dfsg-2\",\"arch\":\"amd64\",\"source\":{\"name\":\"gmp\",\"version\":\"2:6.1.2+dfsg-2\",\"upstreamVersion\":\"6.1.2+dfsg\"},\"summary\":\"Multiprecision arithmetic library (C++ bindings)\"},{\"name\":\"libgnutls30:amd64\",\"version\":\"3.5.18-1ubuntu1.5\",\"arch\":\"amd64\",\"source\":{\"name\":\"gnutls28\",\"version\":\"3.5.18-1ubuntu1.5\",\"upstreamVersion\":\"3.5.18\"},\"summary\":\"GNU TLS library - main runtime library\"},{\"name\":\"libgomp1:amd64\",\"version\":\"8.4.0-1ubuntu1~18.04\",\"arch\":\"amd64\",\"source\":{\"name\":\"gcc-8\",\"version\":\"8.4.0-1ubuntu1~18.04\",\"upstreamVersion\":\"8.4.0\"},\"summary\":\"GCC OpenMP (GOMP) support library\"},{\"name\":\"libgpg-error0:amd64\",\"version\":\"1.27-6\",\"arch\":\"amd64\",\"source\":{\"name\":\"libgpg-error\",\"version\":\"1.27-6\",\"upstreamVersion\":\"1.27\"},\"summary\":\"library for common error values and messages in GnuPG components\"},{\"name\":\"libgssapi-krb5-2:amd64\",\"version\":\"1.16-2ubuntu0.2\",\"arch\":\"amd64\",\"source\":{\"name\":\"krb5\",\"version\":\"1.16-2ubuntu0.2\",\"upstreamVersion\":\"1.16\"},\"summary\":\"MIT Kerberos runtime libraries - krb5 GSS-API Mechanism\"},{\"name\":\"libgssapi3-heimdal:amd64\",\"version\":\"7.5.0+dfsg-1\",\"arch\":\"amd64\",\"source\":{\"name\":\"heimdal\",\"version\":\"7.5.0+dfsg-1\",\"upstreamVersion\":\"7.5.0+dfsg\"},\"summary\":\"Heimdal Kerberos - GSSAPI support library\"},{\"name\":\"libhcrypto4-heimdal:amd64\",\"version\":\"7.5.0+dfsg-1\",\"arch\":\"amd64\",\"source\":{\"name\":\"heimdal\",\"version\":\"7.5.0+dfsg-1\",\"upstreamVersion\":\"7.5.0+dfsg\"},\"summary\":\"Heimdal Kerberos - crypto library\"},{\"name\":\"libheimbase1-heimdal:amd64\",\"version\":\"7.5.0+dfsg-1\",\"arch\":\"amd64\",\"source\":{\"name\":\"heimdal\",\"version\":\"7.5.0+dfsg-1\",\"upstreamVersion\":\"7.5.0+dfsg\"},\"summary\":\"Heimdal Kerberos - Base library\"},{\"name\":\"libheimntlm0-heimdal:amd64\",\"version\":\"7.5.0+dfsg-1\",\"arch\":\"amd64\",\"source\":{\"name\":\"heimdal\",\"version\":\"7.5.0+dfsg-1\",\"upstreamVersion\":\"7.5.0+dfsg\"},\"summary\":\"Heimdal Kerberos - NTLM support library\"},{\"name\":\"libhogweed4:amd64\",\"version\":\"3.4.1-0ubuntu0.18.04.1\",\"arch\":\"amd64\",\"source\":{\"name\":\"nettle\",\"version\":\"3.4.1-0ubuntu0.18.04.1\",\"upstreamVersion\":\"3.4.1\"},\"summary\":\"low level cryptographic library (public-key cryptos)\"},{\"name\":\"libhx509-5-heimdal:amd64\",\"version\":\"7.5.0+dfsg-1\",\"arch\":\"amd64\",\"source\":{\"name\":"
12:59:35.607 [Test worker] DEBUG com.github.dockerjava.zerodep.shaded.org.apache.hc.client5.http.wire - http-outgoing-2 << "\"heimdal\",\"version\":\"7.5.0+dfsg-1\",\"upstreamVersion\":\"7.5.0+dfsg\"},\"summary\":\"Heimdal Kerberos - X509 support library\"},{\"name\":\"libidn2-0:amd64\",\"version\":\"2.0.4-1.1ubuntu0.2\",\"arch\":\"amd64\",\"source\":{\"name\":\"libidn2\",\"version\":\"2.0.4-1.1ubuntu0.2\",\"upstreamVersion\":\"2.0.4\"},\"summary\":\"Internationalized domain names (IDNA2008/TR46) library\"},{\"name\":\"libisl19:amd64\",\"version\":\"0.19-1\",\"arch\":\"amd64\",\"source\":{\"name\":\"isl\",\"version\":\"0.19-1\",\"upstreamVersion\":\"0.19\"},\"summary\":\"manipulating sets and relations of integer points bounded by linear constraints\"},{\"name\":\"libitm1:amd64\",\"version\":\"8.4.0-1ubuntu1~18.04\",\"arch\":\"amd64\",\"source\":{\"name\":\"gcc-8\",\"version\":\"8.4.0-1ubuntu1~18.04\",\"upstreamVersion\":\"8.4.0\"},\"summary\":\"GNU Transactional Memory Library\"},{\"name\":\"libjq1:amd64\",\"version\":\"1.5+dfsg-2\",\"arch\":\"amd64\",\"source\":{\"name\":\"jq\",\"version\":\"1.5+dfsg-2\",\"upstreamVersion\":\"1.5+dfsg\"},\"summary\":\"lightweight and flexible command-line JSON processor - shared library\"},{\"name\":\"libk5crypto3:amd64\",\"version\":\"1.16-2ubuntu0.2\",\"arch\":\"amd64\",\"source\":{\"name\":\"krb5\",\"version\":\"1.16-2ubuntu0.2\",\"upstreamVersion\":\"1.16\"},\"summary\":\"MIT Kerberos runtime libraries - Crypto Library\"},{\"name\":\"libkeyutils1:amd64\",\"version\":\"1.5.9-9.2ubuntu2\",\"arch\":\"amd64\",\"source\":{\"name\":\"keyutils\",\"version\":\"1.5.9-9.2ubuntu2\",\"upstreamVersion\":\"1.5.9\"},\"summary\":\"Linux Key Management Utilities (library)\"},{\"name\":\"libkrb5-26-heimdal:amd64\",\"version\":\"7.5.0+dfsg-1\",\"arch\":\"amd64\",\"source\":{\"name\":\"heimdal\",\"version\":\"7.5.0+dfsg-1\",\"upstreamVersion\":\"7.5.0+dfsg\"},\"summary\":\"Heimdal Kerberos - libraries\"},{\"name\":\"libkrb5-3:amd64\",\"version\":\"1.16-2ubuntu0.2\",\"arch\":\"amd64\",\"source\":{\"name\":\"krb5\",\"version\":\"1.16-2ubuntu0.2\",\"upstreamVersion\":\"1.16\"},\"summary\":\"MIT Kerberos runtime libraries\"},{\"name\":\"libkrb5support0:amd64\",\"version\":\"1.16-2ubuntu0.2\",\"arch\":\"amd64\",\"source\":{\"name\":\"krb5\",\"version\":\"1.16-2ubuntu0.2\",\"upstreamVersion\":\"1.16\"},\"summary\":\"MIT Kerberos runtime libraries - Support library\"},{\"name\":\"libldap-2.4-2:amd64\",\"version\":\"2.4.45+dfsg-1ubuntu1.10\",\"arch\":\"amd64\",\"source\":{\"name\":\"openldap\",\"version\":\"2.4.45+dfsg-1ubuntu1.10\",\"upstreamVersion\":\"2.4.45+dfsg\"},\"summary\":\"OpenLDAP libraries\"},{\"name\":\"libldap-common\",\"version\":\"2.4.45+dfsg-1ubuntu1.10\",\"arch\":\"all\",\"source\":{\"name\":\"openldap\",\"version\":\"2.4.45+dfsg-1ubuntu1.10\",\"upstreamVersion\":\"2.4.45+dfsg\"},\"summary\":\"OpenLDAP common files for libraries\"},{\"name\":\"liblsan0:amd64\",\"version\":\"8.4.0-1ubuntu1~18.04\",\"arch\":\"amd64\",\"source\":{\"name\":\"gcc-8\",\"version\":\"8.4.0-1ubuntu1~18.04\",\"upstreamVersion\":\"8.4.0\"},\"summary\":\"LeakSanitizer -- a memory leak detector (runtime)\"},{\"name\":\"liblz4-1:amd64\",\"version\":\"0.0~r131-2ubuntu3.1\",\"arch\":\"amd64\",\"source\":{\"name\":\"lz4\",\"version\":\"0.0~r131-2ubuntu3.1\",\"upstreamVersion\":\"0.0~r131\"},\"summary\":\"Fast LZ compression algorithm library - runtime\"},{\"name\":\"liblzma5:amd64\",\"version\":\"5.2.2-1.3\",\"arch\":\"amd64\",\"source\":{\"name\":\"xz-utils\",\"version\":\"5.2.2-1.3\",\"upstreamVersion\":\"5.2.2\"},\"summary\":\"XZ-format compression library\"},{\"name\":\"libmount1:amd64\",\"version\":\"2.31.1-0.4ubuntu3.7\",\"arch\":\"amd64\",\"source\":{\"name\":\"util-linux\",\"version\":\"2.31.1-0.4ubuntu3.7\",\"upstreamVersion\":\"2.31.1\"},\"summary\":\"device mounting library\"},{\"name\":\"libmpc3:amd64\",\"version\":\"1.1.0-1\",\"arch\":\"amd64\",\"source\":{\"name\":\"mpclib3\",\"version\":\"1.1.0-1\",\"upstreamVersion\":\"1.1.0\"},\"summary\":\"multiple precision complex floating-point library\"},{\"name\":\"libmpfr6:amd64\",\"version\":\"4.0.1-1\",\"arch\":\"amd64\",\"source\":{\"name\":\"mpfr4\",\"version\":\"4.0.1-1\",\"upstreamVersion\":\"4.0.1\"},\"summary\":\"multiple precision floating-point computation\"},{\"name\":\"libmpx2:amd64\",\"version\":\"8.4.0-1ubuntu1~18.04\",\"arch\":\"amd64\",\"source\":{\"name\":\"gcc-8\",\"version\":\"8.4.0-1ubuntu1~18.04\",\"upstreamVersion\":\"8.4.0\"},\"summary\":\"Intel memory protection extensions (runtime)\"},{\"name\":\"libncurses5:amd64\",\"version\":\"6.1-1ubuntu1.18.04\",\"arch\":\"amd64\",\"source\":{\"name\":\"ncurses\",\"version\":\"6.1-1ubuntu1.18.04\",\"upstreamVersion\":\"6.1\"},\"summary\":\"shared libraries for terminal handling\"},{\"name\":\"libncursesw5:amd64\",\"version\":\"6.1-1ubuntu1.18.04\",\"arch\":\"amd64\",\"source\":{\"name\":\"ncurses\",\"version\":\"6.1-1ubuntu1.18.04\",\"upstreamVersion\":\"6.1\"},\"summary\":\"shared libraries for terminal handling (wide character support)\"},{\"name\":\"libnettle6:amd64\",\"version\":\"3.4.1-0ubuntu0.18.04.1\",\"arch\":\"amd64\",\"source\":{\"name\":\"nettle\",\"version\":\"3.4.1-0ubuntu0.18.04.1\",\"upstreamVersion\":\"3.4.1\"},\"summary\":\"low level cryptographic library (symmetric and one-way cryptos)\"},{\"name\":\"libnghttp2-14:amd64\",\"version\":\"1.30.0-1ubuntu1\",\"arch\":\"amd64\",\"source\":{\"name\":\"nghttp2\",\"version\":\"1.30.0-1ubuntu1\",\"upstreamVersion\":\"1.30.0\"},\"summary\":\"library implementing HTTP/2 protocol (shared library)\"},{\"name\":\"libonig4:amd64\",\"version\":\"6.7.0-1\",\"arch\":\"amd64\",\"source\":{\"name\":\"libonig\",\"version\":\"6.7.0-1\",\"upstreamVersion\":\"6.7.0\"},\"summary\":\"regular expressions library\"},{\"name\":\"libp11-kit0:amd64\",\"version\":\"0.23.9-2ubuntu0.1\",\"arch\":\"amd64\",\"source\":{\"name\":\"p11-kit\",\"version\":\"0.23.9-2ubuntu0.1\",\"upstreamVersion\":\"0.23.9\"},\"summary\":\"library for loading and coordinating access to PKCS#11 modules - runtime\"},{\"name\":\"libpam-modules:amd64\",\"version\":\"1.1.8-3.6ubuntu2.18.04.3\",\"arch\":\"amd64\",\"source\":{\"name\":\"pam\",\"version\":\"1.1.8-3.6ubuntu2.18.04.3\",\"upstreamVersion\":\"1.1.8\"},\"summary\":\"Pluggable Authentication Modules for PAM\"},{\"name\":\"libpam-modules-bin\",\"version\":\"1.1.8-3.6ubuntu2.18.04.3\",\"arch\":\"amd64\",\"source\":{\"name\":\"pam\",\"version\":\"1.1.8-3.6ubuntu2.18.04.3\",\"upstreamVersion\":\"1.1.8\"},\"summary\":\"Pluggable Authentication Modules for PAM - helper binaries\"},{\"name\":\"libpam-runtime\",\"version\":\"1.1.8-3.6ubuntu2.18.04.3\",\"arch\":\"all\",\"source\":{\"name\":\"pam\",\"version\":\"1.1.8-3.6ubuntu2.18.04.3\",\"upstreamVersion\":\"1.1.8\"},\"summary\":\"Runtime support for the PAM library\"},{\"name\":\"libpam0g:amd64\",\"version\":\"1.1.8-3.6ubuntu2.18.04.3\",\"arch\":\"amd64\",\"source\":{\"name\":\"pam\",\"version\":\"1.1.8-3.6ubuntu2.18.04.3\",\"upstreamVersion\":\"1.1.8\"},\"summary\":\"Pluggable Authentication Modules library\"},{\"name\":\"libpcre3:amd64\",\"version\":\"2:8.39-9\",\"arch\":\"amd64\",\"source\":{\"name\":\"pcre3\",\"version\":\"2:8.39-9\",\"upstreamVersion\":\"8.39\"},\"summary\":\"Old Perl 5 Compatible Regular Expression Library - runtime files\"},{\"name\":\"libperl5.26:amd64\",\"version\":\"5.26.1-6ubuntu0.5\",\"arch\":\"amd64\",\"source\":{\"name\":\"perl\",\"version\":\"5.26.1-6ubuntu0.5\",\"upstreamVersion\":\"5.26.1\"},\"summary\":\"shared Perl library\"},{\"name\":\"libprocps6:amd64\",\"version\":\"2:3.3.12-3ubuntu1.2\",\"arch\":\"amd64\",\"source\":{\"name\":\"procps\",\"version\":\"2:3.3.12-3ubuntu1.2\",\"upstreamVersion\":\"3.3.12\"},\"summary\":\"library for accessing process information from /proc\"},{\"name\":\"libpsl5:amd64\",\"version\":\"0.19.1-5build1\",\"arch\":\"amd64\",\"source\":{\"name\":\"libpsl\",\"version\":\"0.19.1-5build1\",\"upstreamVersion\":\"0.19.1\"},\"summary\":\"Library for Public Suffix List (shared libraries)\"},{\"name\":\"libquadmath0:amd64\",\"version\":\"8.4.0-1ubuntu1~18.04\",\"arch\":\"amd64\",\"source\":{"
12:59:35.608 [Test worker] DEBUG com.github.dockerjava.zerodep.shaded.org.apache.hc.client5.http.wire - http-outgoing-2 << "\"name\":\"gcc-8\",\"version\":\"8.4.0-1ubuntu1~18.04\",\"upstreamVersion\":\"8.4.0\"},\"summary\":\"GCC Quad-Precision Math Library\"},{\"name\":\"libroken18-heimdal:amd64\",\"version\":\"7.5.0+dfsg-1\",\"arch\":\"amd64\",\"source\":{\"name\":\"heimdal\",\"version\":\"7.5.0+dfsg-1\",\"upstreamVersion\":\"7.5.0+dfsg\"},\"summary\":\"Heimdal Kerberos - roken support library\"},{\"name\":\"librtmp1:amd64\",\"version\":\"2.4+20151223.gitfa8646d.1-1\",\"arch\":\"amd64\",\"source\":{\"name\":\"rtmpdump\",\"version\":\"2.4+20151223.gitfa8646d.1-1\",\"upstreamVersion\":\"2.4+20151223.gitfa8646d.1\"},\"summary\":\"toolkit for RTMP streams (shared library)\"},{\"name\":\"libsasl2-2:amd64\",\"version\":\"2.1.27~101-g0780600+dfsg-3ubuntu2.3\",\"arch\":\"amd64\",\"source\":{\"name\":\"cyrus-sasl2\",\"version\":\"2.1.27~101-g0780600+dfsg-3ubuntu2.3\",\"upstreamVersion\":\"2.1.27~101-g0780600+dfsg\"},\"summary\":\"Cyrus SASL - authentication abstraction library\"},{\"name\":\"libsasl2-modules-db:amd64\",\"version\":\"2.1.27~101-g0780600+dfsg-3ubuntu2.3\",\"arch\":\"amd64\",\"source\":{\"name\":\"cyrus-sasl2\",\"version\":\"2.1.27~101-g0780600+dfsg-3ubuntu2.3\",\"u"
12:59:35.608 [Test worker] DEBUG com.github.dockerjava.zerodep.shaded.org.apache.hc.client5.http.wire - http-outgoing-2 << "[\r][\n]"
12:59:35.608 [Test worker] DEBUG com.github.dockerjava.zerodep.shaded.org.apache.hc.client5.http.wire - http-outgoing-2 << "8000[\r][\n]"
12:59:35.608 [Test worker] DEBUG com.github.dockerjava.zerodep.shaded.org.apache.hc.client5.http.wire - http-outgoing-2 << "pstreamVersion\":\"2.1.27~101-g0780600+dfsg\"},\"summary\":\"Cyrus SASL - pluggable authentication modules (DB)\"},{\"name\":\"libseccomp2:amd64\",\"version\":\"2.5.1-1ubuntu1~18.04.1\",\"arch\":\"amd64\",\"source\":{\"name\":\"libseccomp\",\"version\":\"2.5.1-1ubuntu1~18.04.1\",\"upstreamVersion\":\"2.5.1\"},\"summary\":\"high level interface to Linux seccomp filter\"},{\"name\":\"libselinux1:amd64\",\"version\":\"2.7-2build2\",\"arch\":\"amd64\",\"source\":{\"name\":\"libselinux\",\"version\":\"2.7-2build2\",\"upstreamVersion\":\"2.7\"},\"summary\":\"SELinux runtime shared libraries\"},{\"name\":\"libsemanage-common\",\"version\":\"2.7-2build2\",\"arch\":\"all\",\"source\":{\"name\":\"libsemanage\",\"version\":\"2.7-2build2\",\"upstreamVersion\":\"2.7\"},\"summary\":\"Common files for SELinux policy management libraries\"},{\"name\":\"libsemanage1:amd64\",\"version\":\"2.7-2build2\",\"arch\":\"amd64\",\"source\":{\"name\":\"libsemanage\",\"version\":\"2.7-2build2\",\"upstreamVersion\":\"2.7\"},\"summary\":\"SELinux policy management library\"},{\"name\":\"libsepol1:amd64\",\"version\":\"2.7-1\",\"arch\":\"amd64\",\"source\":{\"name\":\"libsepol\",\"version\":\"2.7-1\",\"upstreamVersion\":\"2.7\"},\"summary\":\"SELinux library for manipulating binary security policies\"},{\"name\":\"libsmartcols1:amd64\",\"version\":\"2.31.1-0.4ubuntu3.7\",\"arch\":\"amd64\",\"source\":{\"name\":\"util-linux\",\"version\":\"2.31.1-0.4ubuntu3.7\",\"upstreamVersion\":\"2.31.1\"},\"summary\":\"smart column output alignment library\"},{\"name\":\"libsqlite3-0:amd64\",\"version\":\"3.22.0-1ubuntu0.4\",\"arch\":\"amd64\",\"source\":{\"name\":\"sqlite3\",\"version\":\"3.22.0-1ubuntu0.4\",\"upstreamVersion\":\"3.22.0\"},\"summary\":\"SQLite 3 shared library\"},{\"name\":\"libss2:amd64\",\"version\":\"1.44.1-1ubuntu1.3\",\"arch\":\"amd64\",\"source\":{\"name\":\"e2fsprogs\",\"version\":\"1.44.1-1ubuntu1.3\",\"upstreamVersion\":\"1.44.1\"},\"summary\":\"command-line interface parsing library\"},{\"name\":\"libssl1.1:amd64\",\"version\":\"1.1.1-1ubuntu2.1~18.04.13\",\"arch\":\"amd64\",\"source\":{\"name\":\"openssl\",\"version\":\"1.1.1-1ubuntu2.1~18.04.13\",\"upstreamVersion\":\"1.1.1\"},\"summary\":\"Secure Sockets Layer toolkit - shared libraries\"},{\"name\":\"libstdc++-7-dev:amd64\",\"version\":\"7.5.0-3ubuntu1~18.04\",\"arch\":\"amd64\",\"source\":{\"name\":\"gcc-7\",\"version\":\"7.5.0-3ubuntu1~18.04\",\"upstreamVersion\":\"7.5.0\"},\"summary\":\"GNU Standard C++ Library v3 (development files)\"},{\"name\":\"libstdc++6:amd64\",\"version\":\"8.4.0-1ubuntu1~18.04\",\"arch\":\"amd64\",\"source\":{\"name\":\"gcc-8\",\"version\":\"8.4.0-1ubuntu1~18.04\",\"upstreamVersion\":\"8.4.0\"},\"summary\":\"GNU Standard C++ Library v3\"},{\"name\":\"libsystemd0:amd64\",\"version\":\"237-3ubuntu10.52\",\"arch\":\"amd64\",\"source\":{\"name\":\"systemd\",\"version\":\"237-3ubuntu10.52\",\"upstreamVersion\":\"237\"},\"summary\":\"systemd utility library\"},{\"name\":\"libtasn1-6:amd64\",\"version\":\"4.13-2\",\"arch\":\"amd64\",\"source\":{\"name\":\"libtasn1-6\",\"version\":\"4.13-2\",\"upstreamVersion\":\"4.13\"},\"summary\":\"Manage ASN.1 structures (runtime)\"},{\"name\":\"libtinfo5:amd64\",\"version\":\"6.1-1ubuntu1.18.04\",\"arch\":\"amd64\",\"source\":{\"name\":\"ncurses\",\"version\":\"6.1-1ubuntu1.18.04\",\"upstreamVersion\":\"6.1\"},\"summary\":\"shared low-level terminfo library for terminal handling\"},{\"name\":\"libtsan0:amd64\",\"version\":\"8.4.0-1ubuntu1~18.04\",\"arch\":\"amd64\",\"source\":{\"name\":\"gcc-8\",\"version\":\"8.4.0-1ubuntu1~18.04\",\"upstreamVersion\":\"8.4.0\"},\"summary\":\"ThreadSanitizer -- a Valgrind-based detector of data races (runtime)\"},{\"name\":\"libubsan0:amd64\",\"version\":\"7.5.0-3ubuntu1~18.04\",\"arch\":\"amd64\",\"source\":{\"name\":\"gcc-7\",\"version\":\"7.5.0-3ubuntu1~18.04\",\"upstreamVersion\":\"7.5.0\"},\"summary\":\"UBSan -- undefined behaviour sanitizer (runtime)\"},{\"name\":\"libudev1:amd64\",\"version\":\"237-3ubuntu10.52\",\"arch\":\"amd64\",\"source\":{\"name\":\"systemd\",\"version\":\"237-3ubuntu10.52\",\"upstreamVersion\":\"237\"},\"summary\":\"libudev shared library\"},{\"name\":\"libunistring2:amd64\",\"version\":\"0.9.9-0ubuntu2\",\"arch\":\"amd64\",\"source\":{\"name\":\"libunistring\",\"version\":\"0.9.9-0ubuntu2\",\"upstreamVersion\":\"0.9.9\"},\"summary\":\"Unicode string library for C\"},{\"name\":\"libuuid1:amd64\",\"version\":\"2.31.1-0.4ubuntu3.7\",\"arch\":\"amd64\",\"source\":{\"name\":\"util-linux\",\"version\":\"2.31.1-0.4ubuntu3.7\",\"upstreamVersion\":\"2.31.1\"},\"summary\":\"Universally Unique ID library\"},{\"name\":\"libwind0-heimdal:amd64\",\"version\":\"7.5.0+dfsg-1\",\"arch\":\"amd64\",\"source\":{\"name\":\"heimdal\",\"version\":\"7.5.0+dfsg-1\",\"upstreamVersion\":\"7.5.0+dfsg\"},\"summary\":\"Heimdal Kerberos - stringprep implementation\"},{\"name\":\"libyaml-0-2:amd64\",\"version\":\"0.1.7-2ubuntu3\",\"arch\":\"amd64\",\"source\":{\"name\":\"libyaml\",\"version\":\"0.1.7-2ubuntu3\",\"upstreamVersion\":\"0.1.7\"},\"summary\":\"Fast YAML 1.1 parser and emitter library\"},{\"name\":\"libzstd1:amd64\",\"version\":\"1.3.3+dfsg-2ubuntu1.2\",\"arch\":\"amd64\",\"source\":{\"name\":\"libzstd\",\"version\":\"1.3.3+dfsg-2ubuntu1.2\",\"upstreamVersion\":\"1.3.3+dfsg\"},\"summary\":\"fast lossless compression algorithm\"},{\"name\":\"linux-libc-dev:amd64\",\"version\":\"4.15.0-161.169\",\"arch\":\"amd64\",\"source\":{\"name\":\"linux\",\"version\":\"4.15.0-161.169\",\"upstreamVersion\":\"4.15.0\"},\"summary\":\"Linux Kernel Headers for development\"},{\"name\":\"locales\",\"version\":\"2.27-3ubuntu1.4\",\"arch\":\"all\",\"source\":{\"name\":\"glibc\",\"version\":\"2.27-3ubuntu1.4\",\"upstreamVersion\":\"2.27\"},\"summary\":\"GNU C Library: National Language (locale) data [support]\"},{\"name\":\"login\",\"version\":\"1:4.5-1ubuntu2\",\"arch\":\"amd64\",\"source\":{\"name\":\"shadow\",\"version\":\"1:4.5-1ubuntu2\",\"upstreamVersion\":\"4.5\"},\"summary\":\"system login tools\"},{\"name\":\"lsb-base\",\"version\":\"9.20170808ubuntu1\",\"arch\":\"all\",\"source\":{\"name\":\"lsb\",\"version\":\"9.20170808ubuntu1\",\"upstreamVersion\":\"9.20170808ubuntu1\"},\"summary\":\"Linux Standard Base init script functionality\"},{\"name\":\"make\",\"version\":\"4.1-9.1ubuntu1\",\"arch\":\"amd64\",\"source\":{\"name\":\"make-dfsg\",\"version\":\"4.1-9.1ubuntu1\",\"upstreamVersion\":\"4.1\"},\"summary\":\"utility for directing compilation\"},{\"name\":\"mawk\",\"version\":\"1.3.3-17ubuntu3\",\"arch\":\"amd64\",\"source\":{\"name\":\"mawk\",\"version\":\"1.3.3-17ubuntu3\",\"upstreamVersion\":\"1.3.3\"},\"summary\":\"a pattern scanning and text processing language\"},{\"name\":\"mount\",\"version\":\"2.31.1-0.4ubuntu3.7\",\"arch\":\"amd64\",\"source\":{\"name\":\"util-linux\",\"version\":\"2.31.1-0.4ubuntu3.7\",\"upstreamVersion\":\"2.31.1\"},\"summary\":\"tools for mounting and manipulating filesystems\"},{\"name\":\"ncurses-base\",\"version\":\"6.1-1ubu"
12:59:35.609 [Test worker] DEBUG com.github.dockerjava.zerodep.shaded.org.apache.hc.client5.http.wire - http-outgoing-2 << "ntu1.18.04\",\"arch\":\"all\",\"source\":{\"name\":\"ncurses\",\"version\":\"6.1-1ubuntu1.18.04\",\"upstreamVersion\":\"6.1\"},\"summary\":\"basic terminal type definitions\"},{\"name\":\"ncurses-bin\",\"version\":\"6.1-1ubuntu1.18.04\",\"arch\":\"amd64\",\"source\":{\"name\":\"ncurses\",\"version\":\"6.1-1ubuntu1.18.04\",\"upstreamVersion\":\"6.1\"},\"summary\":\"terminal-related programs and man pages\"},{\"name\":\"netbase\",\"version\":\"5.4\",\"arch\":\"all\",\"source\":{\"name\":\"netbase\",\"version\":\"5.4\",\"upstreamVersion\":\"5.4\"},\"summary\":\"Basic TCP/IP networking system\"},{\"name\":\"openssl\",\"version\":\"1.1.1-1ubuntu2.1~18.04.13\",\"arch\":\"amd64\",\"source\":{\"name\":\"openssl\",\"version\":\"1.1.1-1ubuntu2.1~18.04.13\",\"upstreamVersion\":\"1.1.1\"},\"summary\":\"Secure Sockets Layer toolkit - cryptographic utility\"},{\"name\":\"passwd\",\"version\":\"1:4.5-1ubuntu2\",\"arch\":\"amd64\",\"source\":{\"name\":\"shadow\",\"version\":\"1:4.5-1ubuntu2\",\"upstreamVersion\":\"4.5\"},\"summary\":\"change and administer password and group data\"},{\"name\":\"patch\",\"version\":\"2.7.6-2ubuntu1.1\",\"arch\":\"amd64\",\"source\":{\"name\":\"patch\",\"version\":\"2.7.6-2ubuntu1.1\",\"upstreamVersion\":\"2.7.6\"},\"summary\":\"Apply a diff file to an original\"},{\"name\":\"perl\",\"version\":\"5.26.1-6ubuntu0.5\",\"arch\":\"amd64\",\"source\":{\"name\":\"perl\",\"version\":\"5.26.1-6ubuntu0.5\",\"upstreamVersion\":\"5.26.1\"},\"summary\":\"Larry Wall's Practical Extraction and Report Language\"},{\"name\":\"perl-base\",\"version\":\"5.26.1-6ubuntu0.5\",\"arch\":\"amd64\",\"source\":{\"name\":\"perl\",\"version\":\"5.26.1-6ubuntu0.5\",\"upstreamVersion\":\"5.26.1\"},\"summary\":\"minimal Perl system\"},{\"name\":\"perl-modules-5.26\",\"version\":\"5.26.1-6ubuntu0.5\",\"arch\":\"all\",\"source\":{\"name\":\"perl\",\"version\":\"5.26.1-6ubuntu0.5\",\"upstreamVersion\":\"5.26.1\"},\"summary\":\"Core Perl modules\"},{\"name\":\"procps\",\"version\":\"2:3.3.12-3ubuntu1.2\",\"arch\":\"amd64\",\"source\":{\"name\":\"procps\",\"version\":\"2:3.3.12-3ubuntu1.2\",\"upstreamVersion\":\"3.3.12\"},\"summary\":\"/proc file system utilities\"},{\"name\":\"sed\",\"version\":\"4.4-2\",\"arch\":\"amd64\",\"source\":{\"name\":\"sed\",\"version\":\"4.4-2\",\"upstreamVersion\":\"4.4\"},\"summary\":\"GNU stream editor for filtering/transforming text\"},{\"name\":\"sensible-utils\",\"version\":\"0.0.12\",\"arch\":\"all\",\"source\":{\"name\":\"sensible-utils\",\"version\":\"0.0.12\",\"upstreamVersion\":\"0.0.12\"},\"summary\":\"Utilities for sensible alternative selection\"},{\"name\":\"sysvinit-utils\",\"version\":\"2.88dsf-59.10ubuntu1\",\"arch\":\"amd64\",\"source\":{\"name\":\"sysvinit\",\"version\":\"2.88dsf-59.10ubuntu1\",\"upstreamVersion\":\"2.88dsf\"},\"summary\":\"System-V-like utilities\"},{\"name\":\"tar\",\"version\":\"1.29b-2ubuntu0.2\",\"arch\":\"amd64\",\"source\":{\"name\":\"tar\",\"version\":\"1.29b-2ubuntu0.2\",\"upstreamVersion\":\"1.29b\"},\"summary\":\"GNU version of the tar archiving utility\"},{\"name\":\"tzdata\",\"version\":\"2021a-2ubuntu0.18.04\",\"arch\":\"all\",\"source\":{\"name\":\"tzdata\",\"version\":\"2021a-2ubuntu0.18.04\",\"upstreamVersion\":\"2021a\"},\"summary\":\"time zone and daylight-saving time data\"},{\"name\":\"ubuntu-keyring\",\"version\":\"2018.09.18.1~18.04.2\",\"arch\":\"all\",\"source\":{\"name\":\"ubuntu-keyring\",\"version\":\"2018.09.18.1~18.04.2\",\"upstreamVersion\":\"2018.09.18.1~18.04.2\"},\"summary\":\"GnuPG keys of the Ubuntu archive\"},{\"name\":\"util-linux\",\"version\":\"2.31.1-0.4ubuntu3.7\",\"arch\":\"amd64\",\"source\":{\"name\":\"util-linux\",\"version\":\"2.31.1-0.4ubuntu3.7\",\"upstreamVersion\":\"2.31.1\"},\"summary\":\"miscellaneous system utilities\"},{\"name\":\"xz-utils\",\"version\":\"5.2.2-1.3\",\"arch\":\"amd64\",\"source\":{\"name\":\"xz-utils\",\"version\":\"5.2.2-1.3\",\"upstreamVersion\":\"5.2.2\"},\"summary\":\"XZ-format compression utilities\"},{\"name\":\"zlib1g:amd64\",\"version\":\"1:1.2.11.dfsg-0ubuntu2\",\"arch\":\"amd64\",\"source\":{\"name\":\"zlib\",\"version\":\"1:1.2.11.dfsg-0ubuntu2\",\"upstreamVersion\":\"1.2.11.dfsg\"},\"summary\":\"compression library - runtime\"},{\"name\":\"zlib1g-dev:amd64\",\"version\":\"1:1.2.11.dfsg-0ubuntu2\",\"arch\":\"amd64\",\"source\":{\"name\":\"zlib\",\"version\":\"1:1.2.11.dfsg-0ubuntu2\",\"upstreamVersion\":\"1.2.11.dfsg\"},\"summary\":\"compression library - development\"}]"},"ParentId":"","RepoDigests":["paketobuildpacks/builder@sha256:217e9a474bb1d657eda91d4d0852d3ffd7ebbc749e8ae1adf24063e320893e6e"],"RepoTags":["paketobuildpacks/builder:base"],"SharedSize":-1,"Size":762469794,"VirtualSize":762469794},{"Containers":-1,"Created":315532801,"Id":"sha256:a3cad20a16b6e22fb577af8cbf31173edc6f600562bd53a9b1684b6b864cb6cc","Labels":{"io.buildpacks.build.metadata":"{\"bom\":[{\"name\":\"helper\",\"metadata\":{\"layer\":\"helper\",\"names\":[\"ca-certificates-helper\"],\"version\":\"2.4.2\"},\"buildpack\":{\"id\":\"paketo-buildpacks/ca-certificates\",\"version\":\"2.4.2\"}},{\"name\":\"jre\",\"metadata\":{\"layer\":\"jre\",\"licenses\":[{\"type\":\"GPL-2.0 WITH Classpath-exception-2.0\",\"uri\":\"https://openjdk.java.net/legal/gplv2+ce.html\"}],\"name\":\"BellSoft Liberica JRE\",\"sha256\":\"8bad208be75e67204bcc90cafc35d73506a0ec7cfc384674595003db69241965\",\"stacks\":[\"io.buildpacks.stacks.bionic\",\"io.paketo.stacks.tiny\",\"*\"],\"uri\":\"https://github.com/bell-sw/Liberica/releases/download/11.0.13+8/bellsoft-jre11.0.13+8-linux-amd64.tar.gz\",\"version\":\"11.0.13\"},\"buildpack\":{\"id\":\"paketo-buildpacks/bellsoft-liberica\",\"version\":\"8.9.0\"}},{\"name\":\"helper\",\"metadata\":{\"layer\":\"helper\",\"names\":[\"active-processor-count\",\"java-opts\",\"jvm-heap\",\"link-local-dns\",\"memory-calculator\",\"openssl-certificate-loader\",\"security-providers-configurer\",\"jmx\",\"jfr\",\"nmt\",\"security-providers-classpath-9\",\"debug-9\"],\"version\":\"8.9.0\"},\"buildpack\":{\"id\":\"paketo-buildpacks/bellsoft-liberica\",\"version\":\"8.9.0\"}},{\"name\":\"dependencies\",\"metadata\":{\"dependencies\":[{\"name\":\"HdrHistogram\",\"sha256\":\"9b47fbae444feaac4b7e04f0ea294569e4bc282bc69d8c2ce2ac3f23577281e2\",\"version\":\"2.1.12\"},{\"name\":\"LatencyUtils\",\"sha256\":\"a32a9ffa06b2f4e01c5360f8f9df7bc5d9454a5d373cd8f361347fa5a57165ec\",\"version\":\"2.0.3\"},{\"name\":\"accessors-smart\",\"sha256\":\"ef5103429f101f7e3ff62f3a182342720439eaea43d2eed3119bba770bb202a9\",\"version\":\"2.4.7\"},{\"name\":\"asm\",\"sha256\":\"cda4de455fab48ff0bcb7c48b4639447d4de859a7afc30a094a986f0936beba2\",\"version\":\"9.1\"},{\"name\":\"jackson-annotations\",\"sha256\":\"517926d9fe04cadd55120790d0b5355e4f656ffe2969e4d480a0e7f95a983e9e\",\"version\":\"2.12.5\"},{\"name\":\"jackson-core\",\"sha256\":\"0c9860b8fb6f24f59e083e0b92a17c515c45312951fc272d093e4709faed6356\",\"version\":\"2.12.5\"},{\"name\":\"jackson-databind\",\"sha256\":\"d49cdfd82443fa5869d75fe53680012cef2dd74621b69d37da69087c40f1575a\",\"version\":\"2.12.5\"},{\"name\":\"jackson-datatype-jdk8\",\"sha256\":\"8a622d3ee65bf02b41bce57aa5b5eadfbf093b99446ec7d4566026a7800262a1\",\"version\":\"2.12.5\"},{\"name\":\"jackson-datatype-jsr310\",\"sha256\":\"fc8af8cae7520f324b68506d74cb6df1513299040469a331c0f38b6f5bc31ceb\",\"version\":\"2.12.5\"},{\"name\":\"jackson-module-parameter-names\",\"sha256\":\"220b1b72a4f56d896c3a427a7ff4e690434fc2e28ef3ceff24dc3a656b1ac315\",\"version\":\"2.12.5\"},{\"name\":\"jakarta.annotation-api\",\"sha256\":\"85fb03fc054cdf4efca8efd9b6712bbb418e1ab98241c4539c8585bbc23e1b8a\",\"version\":\"1.3.5\"},{\"name\":\"json-path\",\"sha256\":\"4ed3c4c2d4e477cb2a349c0ebb8c22f0584702221ddbaafd166fddcd2101029b\",\"version\":\"2.5.0\"},{\"name\":\"json-smart\",\"sha256\":\"28c17ed16ac22e6845743fd1e84321edf5d7735fc216e44ee269d106bf3d8146\",\"version\":\"2.4.7\"},{\"name\":\"jul-to-slf4j\",\"sha256\":\"6dee8d85ad6943aff0600f14897c469e64bae0413ee33a15c448af00432c0642\",\"ve"
12:59:35.611 [Test worker] DEBUG com.github.dockerjava.zerodep.shaded.org.apache.hc.client5.http.wire - http-outgoing-2 << "rsion\":\"1.7.32\"},{\"name\":\"log4j-api\",\"sha256\":\"8caf58db006c609949a0068110395a33067a2bad707c3da35e959c0473f9a916\",\"version\":\"2.14.1\"},{\"name\":\"log4j-to-slf4j\",\"sha256\":\"8ba1d1b1c8313731ee053368371b9606c1d71436ac010b0bf91b4c7fc643a1bf\",\"version\":\"2.14.1\"},{\"name\":\"logback-classic\",\"sha256\":\"5c4b268dee383be9e2ca639ef57f5547ab8f26120ee945e9fa2029aec1194758\",\"version\":\"1.2.6\"},{\"name\":\"logback-core\",\"sha256\":\"bd230183f6bd7d023076d8e91571b04651504fab905d52885c4b6e867962377e\",\"version\":\"1.2.6\"},{\"name\":\"micrometer-core\",\"sha256\":\"d01220a71202893dddc87bfb0d6b0597f2a14db75a875a6bc231b9d4ac0234e6\",\"version\":\"1.7.5\"},{\"name\":\"slf4j-api\",\"sha256\":\"3624f8474c1af46d75f98bc097d7864a323c81b3808aa43689a6e1c601c027be\",\"version\":\"1.7.32\"},{\"name\":\"snakeyaml\",\"sha256\":\"35446a1421435d45e4c6ac0de3b5378527d5cc2446c07183e24447730ce1fffa\",\"version\":\"1.28\"},{\"name\":\"spring-aop\",\"sha256\":\"7353fa4b7f27dbd85cf2a1cd87562466331825ae69c64b4840607b3fc6a66b0c\",\"version\":\"5.3.12\"},{\"name\":\"spring-beans\",\"sha256\":\"a88c010991f572723109ebd4d9c38974ddb78f4477f97cf48e9d364ec35f3432\",\"version\":\"5.3.12\"},{\"name\":\"spring-boot\",\"sha256\":\"26c625d41e8009308b9a7c6564a80e32264316c8d12b830ae2ef12bfd62d7756\",\"version\":\"2.5.6\"},{\"name\":\"spring-boot-actuator\",\"sha256\":\"53511c4c61f76fb35a3a7cfca3e7793cf64454be5f3cffcdd002e2ba235ffbaf\",\"version\":\"2.5.6\"},{\"name\":\"spring-boot-actuator-autoconfigure\",\"sha256\":\"d9b8f57265d504b5145743ebec2a096c5fea5392345b7c9bc711bc544bf30db1\",\"version\":\"2.5.6\"},{\"name\":\"spring-boot-autoconfigure\",\"sha256\":\"02fb184c2a9b1d913cea04e5517d45387eafdfc328925a6f26345933ce6276d4\",\"version\":\"2.5.6\"},{\"name\":\"spring-boot-jarmode-layertools\",\"sha256\":\"12264a621a442f3bf8def8bd7aeb7357188c40710b302ddb0f5f425a4bda73aa\",\"version\":\"2.5.6\"},{\"name\":\"spring-context\",\"sha256\":\"719997d09349d26ae2189a7b89958f2c2918bda952da71ef272c8c7a34d412b8\",\"version\":\"5.3.12\"},{\"name\":\"spring-core\",\"sha256\":\"d8442313d1c028a179915a9fcc1c0814f4afe1cca6adf85776ce25636afb5416\",\"version\":\"5.3.12\"},{\"name\":\"spring-expression\",\"sha256\":\"a173fb51e241bebbcf07e23ae575b892cba478552ced848a7ad706f616ef0fe1\",\"version\":\"5.3.12\"},{\"name\":\"spring-hateoas\",\"sha256\":\"14ba3d086e93a9c0602e9af77e5bc87171c57a84abdcee1d46973852194a27b9\",\"version\":\"1.3.5\"},{\"name\":\"spring-jcl\",\"sha256\":\"d638106092147f89d157d002addc7f9ce2dc0350440915176ed30f6047a9ff53\",\"version\":\"5.3.12\"},{\"name\":\"spring-plugin-core\",\"sha256\":\"6e6d026d6b572495533692173a264c6959f48d5ef7f3d6faf4555a577d4a38d2\",\"version\":\"2.0.0.RELEASE\"},{\"name\":\"spring-web\",\"sha256\":\"0eb6a5643098a163dcb6e33b690d8441cee5a2d9e908e6723c860a11fdf5d125\",\"version\":\"5.3.12\"},{\"name\":\"spring-webmvc\",\"sha256\":\"d6c6567c04ebfcc9605dfe105817427eda3d8583b98c32b6a4eed802da843836\",\"version\":\"5.3.12\"},{\"name\":\"tomcat-embed-core\",\"sha256\":\"287f5b91c434df0eef104389c52c480ab4b66f80b494c16607fd82ae9217f8e3\",\"version\":\"9.0.54\"},{\"name\":\"tomcat-embed-el\",\"sha256\":\"7b8f4c699d4969d96c2c9502c234a2d95081910bde4e01acbf9773a2672f4c20\",\"version\":\"9.0.54\"},{\"name\":\"tomcat-embed-websocket\",\"sha256\":\"6397e08ab013c0283b7294c78600399dafa86e46df37cff59bbca88928a33464\",\"version\":\"9.0.54\"}],\"layer\":\"application\"},\"buildpack\":{\"id\":\"paketo-buildpacks/spring-boot\",\"version\":\"4.7.0\"}},{\"name\":\"helper\",\"metadata\":{\"layer\":\"helper\",\"names\":[\"spring-cloud-bindings\"],\"version\":\"4.7.0\"},\"buildpack\":{\"id\":\"paketo-buildpacks/spring-boot\",\"version\":\"4.7.0\"}},{\"name\":\"spring-cloud-bindings\",\"metadata\":{\"layer\":\"spring-cloud-bindings\",\"licenses\":[{\"type\":\"Apache-2.0\",\"uri\":\"https://github.com/spring-cloud/spring-cloud-bindings/blob/main/LICENSE\"}],\"name\":\"Spring Cloud Bindings\",\"sha256\":\"c75ef3152817c28c7049d7e0052dfba3ed461a7151984e594b656c0be927888e\",\"stacks\":[\"io.buildpacks.stacks.bionic\",\"io.paketo.stacks.tiny\",\"*\"],\"uri\":\"https://repo.spring.io/release/org/springframework/cloud/spring-cloud-bindings/1.8.0/spring-cloud-bindings-1.8.0.jar\",\"version\":\"1.8.0\"},\"buildpack\":{\"id\":\"paketo-buildpacks/spring-boot\",\"version\":\"4.7.0\"}}],\"buildpacks\":[{\"homepage\":\"https://github.com/paketo-buildpacks/ca-certificates\",\"id\":\"paketo-buildpacks/ca-certificates\",\"version\":\"2.4.2\"},{\"homepage\":\"https://github.com/paketo-buildpacks/bellsoft-liberica\",\"id\":\"paketo-buildpacks/bellsoft-liberica\",\"version\":\"8.9.0\"},{\"homepage\":\"https://github.com/paketo-buildpacks/executable-jar\",\"id\":\"paketo-buildpacks/executable-jar\",\"version\":\"5.3.1\"},{\"homepage\":\"https://github.com/paketo-buildpacks/dist-zip\",\"id\":\"paketo-buildpacks/dist-zip\",\"version\":\"4.3.0\"},{\"homepage\":\"https://github.com/paketo-buildpacks/spring-boot\",\"id\":\"paketo-buildpacks/spring-boot\",\"version\":\"4.7.0\"}],\"launcher\":{\"version\":\"0.12.0\",\"source\":{\"git\":{\"repository\":\"github.com/buildpacks/lifecycle\",\"commit\":\"e391f0f0\"}}},\"processes\":[{\"type\":\"executable-jar\",\"command\":\"java\",\"args\":[\"org.springframework.boot.loader.JarLauncher\"],\"direct\":true,\"buildpackID\":\"paketo-buildpacks/executable-jar\"},{\"type\":\"task\",\"command\":\"java\",\"args\":[\"org.springframework.boot.loader.JarLauncher\"],\"direct\":true,\"buildpackID\":\"paketo-buildpacks/executable-jar\"},{\"type\":\"web\",\"command\":\"java\",\"args\":[\"org.springframework.boot.loader.JarLauncher\"],\"direct\":true,\"buildpackID\":\"paketo-buildpacks/executable-jar\"}],\"buildpack-default-process-type\":\"web\"}","io.buildpacks.lifecycle.metadata":"{\"app\":[{\"sha\":\"sha256:c644a9e3c75a6928d12bb2dcdb1e66588831929907f946c69feeefea80a58bfe\"},{\"sha\":\"sha256:b32f5a546cd9cc789dc3f23aa5084681966778a9d8538b8f0a7373101239e72d\"},{\"sha\":\"sha256:5f70bf18a086007016e948b04aed3b82103a36bea41755b6cddfaf10ace3c6ef\"},{\"sha\":\"sha256:aab869f048ca06d5bd71eb7a9c331fa906641fea5701a3987495bf11de992d26\"},{\"sha\":\"sha256:5f70bf18a086007016e948b04aed3b82103a36bea41755b6cddfaf10ace3c6ef\"}],\"buildpacks\":[{\"key\":\"paketo-buildpacks/ca-certificates\",\"version\":\"2.4.2\",\"layers\":{\"helper\":{\"sha\":\"sha256:b8b66188eb71cdc5a61bbdb80a394d2267147b5559d8ba7e89374fa83984eff2\",\"data\":{\"clear-env\":false,\"description\":\"A Cloud Native Buildpack that adds custom CA certificates to a build and a created image\",\"homepage\":\"https://github.com/paketo-buildpacks/ca-certificates\",\"id\":\"paketo-buildpacks/ca-certificates\",\"keywords\":[\"ca-certificates\",\"trust\",\"certificates\"],\"licenses\":[{\"type\":\"Apache-2.0\",\"uri\":\"https://github.com/paketo-buildpacks/ca-certificates/blob/main/LICENSE\"}],\"name\":\"Paketo CA Certificates Buildpack\",\"version\":\"2.4.2\"},\"build\":false,\"launch\":true,\"cache\":false}}},{\"key\":\"paketo-buildpacks/bellsoft-liberica\",\"version\":\"8.9.0\",\"layers\":{\"helper\":{\"sha\":\"sha256:f16841400cf6a65d32da3f00e4fdf9f123d618f8528988fbc977c4f932fc26f9\",\"data\":{\"clear-env\":false,\"description\":\"A Cloud Native Buildpack that provides the Bellsoft Liberica implementations of JREs and JDKs\",\"homepage\":\"https://github.com/paketo-buildpacks/bellsoft-liberica\",\"id\":\"paketo-buildpacks/bellsoft-liberica\",\"keywords\":[\"java\",\"jvm\",\"jre\",\"jdk\"],\"licenses\":[{\"type\":\"Apache-2.0\",\"uri\":\"https://github.com/paketo-buildpacks/bellsoft-liberica/blob/main/LICENSE\"}],\"name\":\"Paketo BellSoft Liberica Buildpack\",\"version\":\"8.9.0\"},\"build\":false,\"launch\":true,\"cache\":false},\"java-security-properties\":{\"sha\":\"sha256:ec0381c8f32136ad9564b114b2271d1181e0c181957acb6707e6ff4713a7a89d\",\"data\":{\"clear-env\":false,\"description\":\"A Cloud Native Buildpack that provides the Bellsoft Liberica implementations of JREs and JDKs\",\"homepage\":\"https://github.com/paketo-buildpacks/b"
12:59:35.611 [Test worker] DEBUG com.github.dockerjava.zerodep.shaded.org.apache.hc.client5.http.wire - http-outgoing-2 << "ellsoft-liberica\",\"id\":\"paketo-buildpacks/bellsoft-liberica\",\"keywords\":[\"java\",\"jvm\",\"jre\",\"jdk\"],\"licenses\":[{\"type\":\"Apache-2.0\",\"uri\":\"https://github.com/paketo-buildpacks/bellsoft-liberica/blob/main/LICENSE\"}],\"name\":\"Paketo BellSoft Liberica Buildpack\",\"version\":\"8.9.0\"},\"build\":false,\"launch\":true,\"cache\":false},\"jre\":{\"sha\":\"sha256:318d4c9505d84ed07c3b75cb0edbd034e6deeac1e5cdf03712b3a648c221e1bc\",\"data\":{\"cert-file\":\"b1cd670e1f6326d4613d81a1543fe3944e6f140f4f60b70f7390c5ff70cd8f22\",\"dependency\":{\"id\":\"jre\",\"licenses\":[{\"type\":\"GPL-2.0 WITH Classpath-exception-2.0\",\"uri\":\"https://openjdk.java.net/legal/gplv2+ce.html\"}],\"name\":\"BellSoft Liberica JRE\",\"sha256\":\"8bad208be75e67204bcc90cafc35d73506a0ec7cfc384674595003db69241965\",\"stacks\":[\"io.buildpacks.stacks.bionic\",\"io.paketo.stacks.tiny\",\"*\"],\"uri\":\"https://github.com/bell-sw/Liberica/releases/download/11.0.13+8/bellsoft-jre11.0.13+8-linux-amd64.tar.gz\",\"version\":\"11.0.13\"}},\"build\":false,\"launch\":true,\"cache\":false}}},{\"key\":\"paketo-buildpacks/executable-jar\",\"version\":\"5.3.1\",\"layers\":{\"classpath\":{\"sha\":\"sha256:7fbc97c38fad01ae2b8189c8d9a0a0149932192accc4ad253b0f8186d0793e9a\",\"data\":{\"classpath\":[\"/workspace\"],\"launch\":true},\"build\":true,\"launch\":true,\"cache\":false}}},{\"key\":\"paketo-buildpacks/dist-zip\",\"version\":\"4.3.0\",\"layers\":{}},{\"key\":\"paketo-buildpacks/spring-boot\",\"version\":\"4.7.0\",\"layers\":{\"helper\":{\"sha\":\"sha256:e940ec3e71f1dc0f0435f3a9dadbe89162b666d7b7b8a9aa41877ac2a4621484\",\"data\":{\"clear-env\":false,\"description\":\"A Cloud Native Buildpack that contributes Spring Boot dependency information and slices an application into multiple layers\",\"homepage\":\"https://github.com/paketo-buildpacks/spring-boot\",\"id\":\"paketo-buildpacks/spring-boot\",\"keywords\":[\"java\",\"spring\",\"spring-boot\"],\"licenses\":[{\"type\":\"Apache-2.0\",\"uri\":\"https://github.com/paketo-buildpacks/spring-boot/blob/main/LICENSE\"}],\"name\":\"Paketo Spring Boot Buildpack\",\"version\":\"4.7.0\"},\"build\":false,\"launch\":true,\"cache\":false},\"spring-cloud-bindings\":{\"sha\":\"sha256:6182ede4914f7f528e5044b2ee03e11dfc61661ebada00f0abd117bb58684eea\",\"data\":{\"id\":\"spring-cloud-bindings\",\"licenses\":[{\"type\":\"Apache-2.0\",\"uri\":\"https://github.com/spring-cloud/spring-cloud-bindings/blob/main/LICENSE\"}],\"name\":\"Spring Cloud Bindings\",\"sha256\":\"c75ef3152817c28c7049d7e0052dfba3ed461a7151984e594b656c0be927888e\",\"stacks\":[\"io.buildpacks.stacks.bionic\",\"io.paketo.stacks.tiny\",\"*\"],\"uri\":\"https://repo.spring.io/release/org/springframework/cloud/spring-cloud-bindings/1.8.0/spring-cloud-bindings-1.8.0.jar\",\"version\":\"1.8.0\"},\"build\":false,\"launch\":true,\"cache\":false},\"web-application-type\":{\"sha\":\"sha256:6763b99e37924a36f5ebbaa60cceda209369919ee2ff6b0623381f10222a4dfd\",\"data\":{\"files\":\"8be06ff0d5cff3055c9dcc11442f4e76245b044b8093e05ce47ad6648108a294\"},\"build\":false,\"launch\":true,\"cache\":false}}}],\"config\":{\"sha\":\"sha256:137cd3f1f76417892adc25cc75532af719669d96c40d83262e4532713466e4a7\"},\"launcher\":{\"sha\":\"sha256:e35d2b93fcfa8ed7df3107e3bc8fdba872d6fbbb57d9e5f92db1be84f53e160c\"},\"process-types\":{\"sha\":\"sha256:1dc94a70dbaa2171fb086500a5d27797f779219b126b0a1eebb9180c2792e80e\"},\"runImage\":{\"topLayer\":\"sha256:b03b31f55fd25f2d4d68097bf7a58f22729e1e286bac52bcba7150ad3f1df8e2\",\"reference\":\"f711165f28b902b7a1e0a657c99ebce880dac65e69492a27bb1b76579bc632de\"},\"stack\":{\"runImage\":{\"image\":\"index.docker.io/paketobuildpacks/run:base-cnb\",\"mirrors\":[\"gcr.io/paketo-buildpacks/run:base-cnb\"]}}}","io.buildpacks.project.metadata":"{}","io.buildpacks.stack.description":"ubuntu:bionic + openssl + CA certs","io.buildpacks.stack.distro.name":"Ubuntu","io.buildpacks.stack.distro.version":"18.04","io.buildpacks.stack.homepage":"https://github.com/paketo-buildpacks/stacks","io.buildpacks.stack.id":"io.buildpacks.stacks.bionic","io.buildpacks.stack.maintainer":"Paketo Buildpacks","io.buildpacks.stack.metadata":"{\"base-image\": \"paketobuildpacks/run@sha256:98396f9054dba59aa13299e91453dca47fe816a91288858043d9bd6daba80ddb\"}","io.buildpacks.stack.mixins":"[\"adduser\",\"apt\",\"base-files\",\"base-passwd\",\"bash\",\"bsdutils\",\"bzip2\",\"ca-certificates\",\"coreutils\",\"dash\",\"debconf\",\"debianutils\",\"diffutils\",\"dpkg\",\"e2fsprogs\",\"fdisk\",\"findutils\",\"gcc-8-base\",\"gpgv\",\"grep\",\"gzip\",\"hostname\",\"init-system-helpers\",\"libacl1\",\"libapt-pkg5.0\",\"libattr1\",\"libaudit-common\",\"libaudit1\",\"libblkid1\",\"libbz2-1.0\",\"libc-bin\",\"libc6\",\"libcap-ng0\",\"libcom-err2\",\"libdb5.3\",\"libdebconfclient0\",\"libext2fs2\",\"libfdisk1\",\"libffi6\",\"libgcc1\",\"libgcrypt20\",\"libgmp10\",\"libgnutls30\",\"libgpg-error0\",\"libhogweed4\",\"libidn2-0\",\"liblz4-1\",\"liblzma5\",\"libmount1\",\"libncurses5\",\"libncursesw5\",\"libnettle6\",\"libp11-kit0\",\"libpam-modules\",\"libpam-modules-bin\",\"libpam-runtime\",\"libpam0g\",\"libpcre3\",\"libprocps6\",\"libseccomp2\",\"libselinux1\",\"libsemanage-common\",\"libsemanage1\",\"libsepol1\",\"libsmartcols1\",\"libss2\",\"libssl1.1\",\"libstdc++6\",\"libsystemd0\",\"libtasn1-6\",\"libtinfo5\",\"libudev1\",\"libunistring2\",\"libuuid1\",\"libyaml-0-2\",\"libzstd1\",\"locales\",\"login\",\"lsb-base\",\"mawk\",\"mount\",\"ncurses-base\",\"ncurses-bin\",\"netbase\",\"openssl\",\"passwd\",\"perl-base\",\"procps\",\"sed\",\"sensible-utils\",\"sysvinit-utils\",\"tar\",\"tzdata\",\"ubuntu-keyring\",\"util-linux\",\"zlib1g\"]","io.buildpacks.stack.released":"2021-10-25T17:08:08Z","io.paketo.stack.packages":"[{\"name\":\"adduser\",\"version\":\"3.116ubuntu1\",\"arch\":\"all\",\"source\":{\"name\":\"adduser\",\"version\":\"3.116ubuntu1\",\"upstreamVersion\":\"3.116ubuntu1\"},\"summary\":\"add and remove users and groups\"},{\"name\":\"apt\",\"version\":\"1.6.14\",\"arch\":\"amd64\",\"source\":{\"name\":\"apt\",\"version\":\"1.6.14\",\"upstreamVersion\":\"1.6.14\"},\"summary\":\"commandline package manager\"},{\"name\":\"base-files\",\"version\":\"10.1ubuntu2.11\",\"arch\":\"amd64\",\"source\":{\"name\":\"base-files\",\"version\":\"10.1ubuntu2.11\",\"upstreamVersion\":\"10.1ubuntu2.11\"},\"summary\":\"Debian base system miscellaneous files\"},{\"name\":\"base-passwd\",\"version\":\"3.5.44\",\"arch\":\"amd64\",\"source\":{\"name\":\"base-passwd\",\"version\":\"3.5.44\",\"upstreamVersion\":\"3.5.44\"},\"summary\":\"Debian base system master password and group files\"},{\"name\":\"bash\",\"version\":\"4.4.18-2ubuntu1.2\",\"arch\":\"amd64\",\"source\":{\"name\":\"bash\",\"version\":\"4.4.18-2ubuntu1.2\",\"upstreamVersion\":\"4.4.18\"},\"summary\":\"GNU Bourne Again SHell\"},{\"name\":\"bsdutils\",\"version\":\"1:2.31.1-0.4ubuntu3.7\",\"arch\":\"amd64\",\"source\":{\"name\":\"util-linux\",\"version\":\"2.31.1-0.4ubuntu3.7\",\"upstreamVersion\":\"2.31.1\"},\"summary\":\"basic utilities from 4.4BSD-Lite\"},{\"name\":\"bzip2\",\"version\":\"1.0.6-8.1ubuntu0.2\",\"arch\":\"amd64\",\"source\":{\"name\":\"bzip2\",\"version\":\"1.0.6-8.1ubuntu0.2\",\"upstreamVersion\":\"1.0.6\"},\"summary\":\"high-quality block-sorting file compressor - utilities\"},{\"name\":\"ca-certificates\",\"version\":\"20210119~18.04.2\",\"arch\":\"all\",\"source\":{\"name\":\"ca-certificates\",\"version\":\"20210119~18.04.2\",\"upstreamVersion\":\"20210119~18.04.2\"},\"summary\":\"Common CA certificates\"},{\"name\":\"coreutils\",\"version\":\"8.28-1ubuntu1\",\"arch\":\"amd64\",\"source\":{\"name\":\"coreutils\",\"version\":\"8.28-1ubuntu1\",\"upstreamVersion\":\"8.28\"},\"summary\":\"GNU core utilities\"},{\"name\":\"dash\",\"version\":\"0.5.8-2.10\",\"arch\":\"amd64\",\"source\":{\"name\":\"dash\",\"version\":\"0.5.8-2.10\",\"upstreamVersion\":\"0.5.8\"},\"summary\":\"POSIX-compliant shell\"},{\"name\":\"debconf\",\"version\":\"1.5.66ubuntu1\",\"arch\"
12:59:35.612 [Test worker] DEBUG com.github.dockerjava.zerodep.shaded.org.apache.hc.client5.http.wire - http-outgoing-2 << "":\"all\",\"source\":{\"name\":\"debconf\",\"version\":\"1.5.66ubuntu1\",\"upstreamVersion\":\"1.5.66ubuntu1\"},\"summary\":\"Debian configuration management system\"},{\"name\":\"debianutils\",\"version\":\"4.8.4\",\"arch\":\"amd64\",\"source\":{\"name\":\"debianutils\",\"version\":\"4.8.4\",\"upstreamVersion\":\"4.8.4\"},\"summary\":\"Miscellaneous utilities specific to Debian\"},{\"name\":\"diffutils\",\"version\":\"1:3.6-1\",\"arch\":\"amd64\",\"source\":{\"name\":\"diffutils\",\"version\":\"1:3.6-1\",\"upstreamVersion\":\"3.6\"},\"summary\":\"File comparison utilities\"},{\"name\":\"dpkg\",\"version\":\"1.19.0.5ubuntu2.3\",\"arch\":\"amd64\",\"source\":{\"name\":\"dpkg\",\"version\":\"1.19.0.5ubuntu2.3\",\"upstreamVersion\":\"1.19.0.5ubuntu2.3\"},\"summary\":\"Debian package management system\"},{\"name\":\"e2fsprogs\",\"version\":\"1.44.1-1ubuntu1.3\",\"arch\":\"amd64\",\"source\":{\"name\":\"e2fsprogs\",\"version\":\"1.44.1-1ubuntu1.3\",\"upstreamVersion\":\"1.44.1\"},\"summary\":\"ext2/ext3/ext4 file system utilities\"},{\"name\":\"fdisk\",\"version\":\"2.31.1-0.4ubuntu3.7\",\"arch\":\"amd64\",\"source\":{\"name\":\"util-linux\",\"version\":\"2.31.1-0.4ubuntu3.7\",\"upstreamVersion\":\"2.31.1\"},\"summary\":\"collection of partitioning utilities\"},{\"name\":\"findutils\",\"version\":\"4.6.0+git+20170828-2\",\"arch\":\"amd64\",\"source\":{\"name\":\"findutils\",\"version\":\"4.6.0+git+20170828-2\",\"upstreamVersion\":\"4.6.0+git+20170828\"},\"summary\":\"utilities for finding files--find, xargs\"},{\"name\":\"gcc-8-base:amd64\",\"version\":\"8.4.0-1ubuntu1~18.04\",\"arch\":\"amd64\",\"source\":{\"name\":\"gcc-8\",\"version\":\"8.4.0-1ubuntu1~18.04\",\"upstreamVersion\":\"8.4.0\"},\"summary\":\"GCC, the GNU Compiler"
12:59:35.613 [Test worker] DEBUG com.github.dockerjava.zerodep.shaded.org.apache.hc.client5.http.wire - http-outgoing-2 << "[\r][\n]"
12:59:35.613 [Test worker] DEBUG com.github.dockerjava.zerodep.shaded.org.apache.hc.client5.http.wire - http-outgoing-2 << "4852[\r][\n]"
12:59:35.613 [Test worker] DEBUG com.github.dockerjava.zerodep.shaded.org.apache.hc.client5.http.wire - http-outgoing-2 << " Collection (base package)\"},{\"name\":\"gpgv\",\"version\":\"2.2.4-1ubuntu1.4\",\"arch\":\"amd64\",\"source\":{\"name\":\"gnupg2\",\"version\":\"2.2.4-1ubuntu1.4\",\"upstreamVersion\":\"2.2.4\"},\"summary\":\"GNU privacy guard - signature verification tool\"},{\"name\":\"grep\",\"version\":\"3.1-2build1\",\"arch\":\"amd64\",\"source\":{\"name\":\"grep\",\"version\":\"3.1-2build1\",\"upstreamVersion\":\"3.1\"},\"summary\":\"GNU grep, egrep and fgrep\"},{\"name\":\"gzip\",\"version\":\"1.6-5ubuntu1.1\",\"arch\":\"amd64\",\"source\":{\"name\":\"gzip\",\"version\":\"1.6-5ubuntu1.1\",\"upstreamVersion\":\"1.6\"},\"summary\":\"GNU compression utilities\"},{\"name\":\"hostname\",\"version\":\"3.20\",\"arch\":\"amd64\",\"source\":{\"name\":\"hostname\",\"version\":\"3.20\",\"upstreamVersion\":\"3.20\"},\"summary\":\"utility to set/show the host name or domain name\"},{\"name\":\"init-system-helpers\",\"version\":\"1.51\",\"arch\":\"all\",\"source\":{\"name\":\"init-system-helpers\",\"version\":\"1.51\",\"upstreamVersion\":\"1.51\"},\"summary\":\"helper tools for all init systems\"},{\"name\":\"libacl1:amd64\",\"version\":\"2.2.52-3build1\",\"arch\":\"amd64\",\"source\":{\"name\":\"acl\",\"version\":\"2.2.52-3build1\",\"upstreamVersion\":\"2.2.52\"},\"summary\":\"Access control list shared library\"},{\"name\":\"libapt-pkg5.0:amd64\",\"version\":\"1.6.14\",\"arch\":\"amd64\",\"source\":{\"name\":\"apt\",\"version\":\"1.6.14\",\"upstreamVersion\":\"1.6.14\"},\"summary\":\"package management runtime library\"},{\"name\":\"libattr1:amd64\",\"version\":\"1:2.4.47-2build1\",\"arch\":\"amd64\",\"source\":{\"name\":\"attr\",\"version\":\"1:2.4.47-2build1\",\"upstreamVersion\":\"2.4.47\"},\"summary\":\"Extended attribute shared library\"},{\"name\":\"libaudit-common\",\"version\":\"1:2.8.2-1ubuntu1.1\",\"arch\":\"all\",\"source\":{\"name\":\"audit\",\"version\":\"1:2.8.2-1ubuntu1.1\",\"upstreamVersion\":\"2.8.2\"},\"summary\":\"Dynamic library for security auditing - common files\"},{\"name\":\"libaudit1:amd64\",\"version\":\"1:2.8.2-1ubuntu1.1\",\"arch\":\"amd64\",\"source\":{\"name\":\"audit\",\"version\":\"1:2.8.2-1ubuntu1.1\",\"upstreamVersion\":\"2.8.2\"},\"summary\":\"Dynamic library for security auditing\"},{\"name\":\"libblkid1:amd64\",\"version\":\"2.31.1-0.4ubuntu3.7\",\"arch\":\"amd64\",\"source\":{\"name\":\"util-linux\",\"version\":\"2.31.1-0.4ubuntu3.7\",\"upstreamVersion\":\"2.31.1\"},\"summary\":\"block device ID library\"},{\"name\":\"libbz2-1.0:amd64\",\"version\":\"1.0.6-8.1ubuntu0.2\",\"arch\":\"amd64\",\"source\":{\"name\":\"bzip2\",\"version\":\"1.0.6-8.1ubuntu0.2\",\"upstreamVersion\":\"1.0.6\"},\"summary\":\"high-quality block-sorting file compressor library - runtime\"},{\"name\":\"libc-bin\",\"version\":\"2.27-3ubuntu1.4\",\"arch\":\"amd64\",\"source\":{\"name\":\"glibc\",\"version\":\"2.27-3ubuntu1.4\",\"upstreamVersion\":\"2.27\"},\"summary\":\"GNU C Library: Binaries\"},{\"name\":\"libc6:amd64\",\"version\":\"2.27-3ubuntu1.4\",\"arch\":\"amd64\",\"source\":{\"name\":\"glibc\",\"version\":\"2.27-3ubuntu1.4\",\"upstreamVersion\":\"2.27\"},\"summary\":\"GNU C Library: Shared libraries\"},{\"name\":\"libcap-ng0:amd64\",\"version\":\"0.7.7-3.1\",\"arch\":\"amd64\",\"source\":{\"name\":\"libcap-ng\",\"version\":\"0.7.7-3.1\",\"upstreamVersion\":\"0.7.7\"},\"summary\":\"An alternate POSIX capabilities library\"},{\"name\":\"libcom-err2:amd64\",\"version\":\"1.44.1-1ubuntu1.3\",\"arch\":\"amd64\",\"source\":{\"name\":\"e2fsprogs\",\"version\":\"1.44.1-1ubuntu1.3\",\"upstreamVersion\":\"1.44.1\"},\"summary\":\"common error description library\"},{\"name\":\"libdb5.3:amd64\",\"version\":\"5.3.28-13.1ubuntu1.1\",\"arch\":\"amd64\",\"source\":{\"name\":\"db5.3\",\"version\":\"5.3.28-13.1ubuntu1.1\",\"upstreamVersion\":\"5.3.28\"},\"summary\":\"Berkeley v5.3 Database Libraries [runtime]\"},{\"name\":\"libdebconfclient0:amd64\",\"version\":\"0.213ubuntu1\",\"arch\":\"amd64\",\"source\":{\"name\":\"cdebconf\",\"version\":\"0.213ubuntu1\",\"upstreamVersion\":\"0.213ubuntu1\"},\"summary\":\"Debian Configuration Management System (C-implementation library)\"},{\"name\":\"libext2fs2:amd64\",\"version\":\"1.44.1-1ubuntu1.3\",\"arch\":\"amd64\",\"source\":{\"name\":\"e2fsprogs\",\"version\":\"1.44.1-1ubuntu1.3\",\"upstreamVersion\":\"1.44.1\"},\"summary\":\"ext2/ext3/ext4 file system libraries\"},{\"name\":\"libfdisk1:amd64\",\"version\":\"2.31.1-0.4ubuntu3.7\",\"arch\":\"amd64\",\"source\":{\"name\":\"util-linux\",\"version\":\"2.31.1-0.4ubuntu3.7\",\"upstreamVersion\":\"2.31.1\"},\"summary\":\"fdisk partitioning library\"},{\"name\":\"libffi6:amd64\",\"version\":\"3.2.1-8\",\"arch\":\"amd64\",\"source\":{\"name\":\"libffi\",\"version\":\"3.2.1-8\",\"upstreamVersion\":\"3.2.1\"},\"summary\":\"Foreign Function Interface library runtime\"},{\"name\":\"libgcc1:amd64\",\"version\":\"1:8.4.0-1ubuntu1~18.04\",\"arch\":\"amd64\",\"source\":{\"name\":\"gcc-8\",\"version\":\"8.4.0-1ubuntu1~18.04\",\"upstreamVersion\":\"8.4.0\"},\"summary\":\"GCC support library\"},{\"name\":\"libgcrypt20:amd64\",\"version\":\"1.8.1-4ubuntu1.3\",\"arch\":\"amd64\",\"source\":{\"name\":\"libgcrypt20\",\"version\":\"1.8.1-4ubuntu1.3\",\"upstreamVersion\":\"1.8.1\"},\"summary\":\"LGPL Crypto library - runtime library\"},{\"name\":\"libgmp10:amd64\",\"version\":\"2:6.1.2+dfsg-2\",\"arch\":\"amd64\",\"source\":{\"name\":\"gmp\",\"version\":\"2:6.1.2+dfsg-2\",\"upstreamVersion\":\"6.1.2+dfsg\"},\"summary\":\"Multiprecision arithmetic library\"},{\"name\":\"libgnutls30:amd64\",\"version\":\"3.5.18-1ubuntu1.5\",\"arch\":\"amd64\",\"source\":{\"name\":\"gnutls28\",\"version\":\"3.5.18-1ubuntu1.5\",\"upstreamVersion\":\"3.5.18\"},\"summary\":\"GNU TLS library - main runtime library\"},{\"name\":\"libgpg-error0:amd64\",\"version\":\"1.27-6\",\"arch\":\"amd64\",\"source\":{\"name\":\"libgpg-error\",\"version\":\"1.27-6\",\"upstreamVersion\":\"1.27\"},\"summary\":\"library for common error values and messages in GnuPG components\"},{\"name\":\"libhogweed4:amd64\",\"version\":\"3.4.1-0ubuntu0.18.04.1\",\"arch\":\"amd64\",\"source\":{\"name\":\"nettle\",\"version\":\"3.4.1-0ubuntu0.18.04.1\",\"upstreamVersion\":\"3.4.1\"},\"summary\":\"low level cryptographic library (public-key cryptos)\"},{\"name\":\"libidn2-0:amd64\",\"version\":\"2.0.4-1.1ubuntu0.2\",\"arch\":\"amd64\",\"source\":{\"name\":\"libidn2\",\"version\":\"2.0.4-1.1ubuntu0.2\",\"upstreamVersion\"
12:59:35.614 [Test worker] DEBUG com.github.dockerjava.zerodep.shaded.org.apache.hc.client5.http.wire - http-outgoing-2 << "":\"2.0.4\"},\"summary\":\"Internationalized domain names (IDNA2008/TR46) library\"},{\"name\":\"liblz4-1:amd64\",\"version\":\"0.0~r131-2ubuntu3.1\",\"arch\":\"amd64\",\"source\":{\"name\":\"lz4\",\"version\":\"0.0~r131-2ubuntu3.1\",\"upstreamVersion\":\"0.0~r131\"},\"summary\":\"Fast LZ compression algorithm library - runtime\"},{\"name\":\"liblzma5:amd64\",\"version\":\"5.2.2-1.3\",\"arch\":\"amd64\",\"source\":{\"name\":\"xz-utils\",\"version\":\"5.2.2-1.3\",\"upstreamVersion\":\"5.2.2\"},\"summary\":\"XZ-format compression library\"},{\"name\":\"libmount1:amd64\",\"version\":\"2.31.1-0.4ubuntu3.7\",\"arch\":\"amd64\",\"source\":{\"name\":\"util-linux\",\"version\":\"2.31.1-0.4ubuntu3.7\",\"upstreamVersion\":\"2.31.1\"},\"summary\":\"device mounting library\"},{\"name\":\"libncurses5:amd64\",\"version\":\"6.1-1ubuntu1.18.04\",\"arch\":\"amd64\",\"source\":{\"name\":\"ncurses\",\"version\":\"6.1-1ubuntu1.18.04\",\"upstreamVersion\":\"6.1\"},\"summary\":\"shared libraries for terminal handling\"},{\"name\":\"libncursesw5:amd64\",\"version\":\"6.1-1ubuntu1.18.04\",\"arch\":\"amd64\",\"source\":{\"name\":\"ncurses\",\"version\":\"6.1-1ubuntu1.18.04\",\"upstreamVersion\":\"6.1\"},\"summary\":\"shared libraries for terminal handling (wide character support)\"},{\"name\":\"libnettle6:amd64\",\"version\":\"3.4.1-0ubuntu0.18.04.1\",\"arch\":\"amd64\",\"source\":{\"name\":\"nettle\",\"version\":\"3.4.1-0ubuntu0.18.04.1\",\"upstreamVersion\":\"3.4.1\"},\"summary\":\"low level cryptographic library (symmetric and one-way cryptos)\"},{\"name\":\"libp11-kit0:amd64\",\"version\":\"0.23.9-2ubuntu0.1\",\"arch\":\"amd64\",\"source\":{\"name\":\"p11-kit\",\"version\":\"0.23.9-2ubuntu0.1\",\"upstreamVersion\":\"0.23.9\"},\"summary\":\"library for loading and coordinating access to PKCS#11 modules - runtime\"},{\"name\":\"libpam-modules:amd64\",\"version\":\"1.1.8-3.6ubuntu2.18.04.3\",\"arch\":\"amd64\",\"source\":{\"name\":\"pam\",\"version\":\"1.1.8-3.6ubuntu2.18.04.3\",\"upstreamVersion\":\"1.1.8\"},\"summary\":\"Pluggable Authentication Modules for PAM\"},{\"name\":\"libpam-modules-bin\",\"version\":\"1.1.8-3.6ubuntu2.18.04.3\",\"arch\":\"amd64\",\"source\":{\"name\":\"pam\",\"version\":\"1.1.8-3.6ubuntu2.18.04.3\",\"upstreamVersion\":\"1.1.8\"},\"summary\":\"Pluggable Authentication Modules for PAM - helper binaries\"},{\"name\":\"libpam-runtime\",\"version\":\"1.1.8-3.6ubuntu2.18.04.3\",\"arch\":\"all\",\"source\":{\"name\":\"pam\",\"version\":\"1.1.8-3.6ubuntu2.18.04.3\",\"upstreamVersion\":\"1.1.8\"},\"summary\":\"Runtime support for the PAM library\"},{\"name\":\"libpam0g:amd64\",\"version\":\"1.1.8-3.6ubuntu2.18.04.3\",\"arch\":\"amd64\",\"source\":{\"name\":\"pam\",\"version\":\"1.1.8-3.6ubuntu2.18.04.3\",\"upstreamVersion\":\"1.1.8\"},\"summary\":\"Pluggable Authentication Modules library\"},{\"name\":\"libpcre3:amd64\",\"version\":\"2:8.39-9\",\"arch\":\"amd64\",\"source\":{\"name\":\"pcre3\",\"version\":\"2:8.39-9\",\"upstreamVersion\":\"8.39\"},\"summary\":\"Old Perl 5 Compatible Regular Expression Library - runtime files\"},{\"name\":\"libprocps6:amd64\",\"version\":\"2:3.3.12-3ubuntu1.2\",\"arch\":\"amd64\",\"source\":{\"name\":\"procps\",\"version\":\"2:3.3.12-3ubuntu1.2\",\"upstreamVersion\":\"3.3.12\"},\"summary\":\"library for accessing process information from /proc\"},{\"name\":\"libseccomp2:amd64\",\"version\":\"2.5.1-1ubuntu1~18.04.1\",\"arch\":\"amd64\",\"source\":{\"name\":\"libseccomp\",\"version\":\"2.5.1-1ubuntu1~18.04.1\",\"upstreamVersion\":\"2.5.1\"},\"summary\":\"high level interface to Linux seccomp filter\"},{\"name\":\"libselinux1:amd64\",\"version\":\"2.7-2build2\",\"arch\":\"amd64\",\"source\":{\"name\":\"libselinux\",\"version\":\"2.7-2build2\",\"upstreamVersion\":\"2.7\"},\"summary\":\"SELinux runtime shared libraries\"},{\"name\":\"libsemanage-common\",\"version\":\"2.7-2build2\",\"arch\":\"all\",\"source\":{\"name\":\"libsemanage\",\"version\":\"2.7-2build2\",\"upstreamVersion\":\"2.7\"},\"summary\":\"Common files for SELinux policy management libraries\"},{\"name\":\"libsemanage1:amd64\",\"version\":\"2.7-2build2\",\"arch\":\"amd64\",\"source\":{\"name\":\"libsemanage\",\"version\":\"2.7-2build2\",\"upstreamVersion\":\"2.7\"},\"summary\":\"SELinux policy management library\"},{\"name\":\"libsepol1:amd64\",\"version\":\"2.7-1\",\"arch\":\"amd64\",\"source\":{\"name\":\"libsepol\",\"version\":\"2.7-1\",\"upstreamVersion\":\"2.7\"},\"summary\":\"SELinux library for manipulating binary security policies\"},{\"name\":\"libsmartcols1:amd64\",\"version\":\"2.31.1-0.4ubuntu3.7\",\"arch\":\"amd64\",\"source\":{\"name\":\"util-linux\",\"version\":\"2.31.1-0.4ubuntu3.7\",\"upstreamVersion\":\"2.31.1\"},\"summary\":\"smart column output alignment library\"},{\"name\":\"libss2:amd64\",\"version\":\"1.44.1-1ubuntu1.3\",\"arch\":\"amd64\",\"source\":{\"name\":\"e2fsprogs\",\"version\":\"1.44.1-1ubuntu1.3\",\"upstreamVersion\":\"1.44.1\"},\"summary\":\"command-line interface parsing library\"},{\"name\":\"libssl1.1:amd64\",\"version\":\"1.1.1-1ubuntu2.1~18.04.13\",\"arch\":\"amd64\",\"source\":{\"name\":\"openssl\",\"version\":\"1.1.1-1ubuntu2.1~18.04.13\",\"upstreamVersion\":\"1.1.1\"},\"summary\":\"Secure Sockets Layer toolkit - shared libraries\"},{\"name\":\"libstdc++6:amd64\",\"version\":\"8.4.0-1ubuntu1~18.04\",\"arch\":\"amd64\",\"source\":{\"name\":\"gcc-8\",\"version\":\"8.4.0-1ubuntu1~18.04\",\"upstreamVersion\":\"8.4.0\"},\"summary\":\"GNU Standard C++ Library v3\"},{\"name\":\"libsystemd0:amd64\",\"version\":\"237-3ubuntu10.52\",\"arch\":\"amd64\",\"source\":{\"name\":\"systemd\",\"version\":\"237-3ubuntu10.52\",\"upstreamVersion\":\"237\"},\"summary\":\"systemd utility library\"},{\"name\":\"libtasn1-6:amd64\",\"version\":\"4.13-2\",\"arch\":\"amd64\",\"source\":{\"name\":\"libtasn1-6\",\"version\":\"4.13-2\",\"upstreamVersion\":\"4.13\"},\"summary\":\"Manage ASN.1 structures (runtime)\"},{\"name\":\"libtinfo5:amd64\",\"version\":\"6.1-1ubuntu1.18.04\",\"arch\":\"amd64\",\"source\":{\"name\":\"ncurses\",\"version\":\"6.1-1ubuntu1.18.04\",\"upstreamVersion\":\"6.1\"},\"summary\":\"shared low-level terminfo library for terminal handling\"},{\"name\":\"libudev1:amd64\",\"version\":\"237-3ubuntu10.52\",\"arch\":\"amd64\",\"source\":{\"name\":\"systemd\",\"version\":\"237-3ubuntu10.52\",\"upstreamVersion\":\"237\"},\"summary\":\"libudev shared library\"},{\"name\":\"libunistring2:amd64\",\"version\":\"0.9.9-0ubuntu2\",\"arch\":\"amd64\",\"source\":{\"name\":\"libunistring\",\"version\":\"0.9.9-0ubuntu2\",\"upstreamVersion\":\"0.9.9\"},\"summary\":\"Unicode string library for C\"},{\"name\":\"libuuid1:amd64\",\"version\":\"2.31.1-0.4ubuntu3.7\",\"arch\":\"amd64\",\"source\":{\"name\":\"util-linux\",\"version\":\"2.31.1-0.4ubuntu3.7\",\"upstreamVersion\":\"2.31.1\"},\"summary\":\"Universally Unique ID library\"},{\"name\":\"libyaml-0-2:amd64\",\"version\":\"0.1.7-2ubuntu3\",\"arch\":\"amd64\",\"source\":{\"name\":\"libyaml\",\"version\":\"0.1.7-2ubuntu3\",\"upstreamVersion\":\"0.1.7\"},\"summary\":\"Fast YAML 1.1 parser and emitter library\"},{\"name\":\"libzstd1:amd64\",\"version\":\"1.3.3+dfsg-2ubuntu1.2\",\"arch\":\"amd64\",\"source\":{\"name\":\"libzstd\",\"version\":\"1.3.3+dfsg-2ubuntu1.2\",\"upstreamVersion\":\"1.3.3+dfsg\"},\"summary\":\"fast lossless compression algorithm\"},{\"name\":\"locales\",\"version\":\"2.27-3ubuntu1.4\",\"arch\":\"all\",\"source\":{\"name\":\"glibc\",\"version\":\"2.27-3ubuntu1.4\",\"upstreamVersion\":\"2.27\"},\"summary\":\"GNU C Library: National Language (locale) data [support]\"},{\"name\":\"login\",\"version\":\"1:4.5-1ubuntu2\",\"arch\":\"amd64\",\"source\":{\"name\":\"shadow\",\"version\":\"1:4.5-1ubuntu2\",\"upstreamVersion\":\"4.5\"},\"summary\":\"system login tools\"},{\"name\":\"lsb-base\",\"version\":\"9.20170808ubuntu1\",\"arch\":\"all\",\"source\":{\"name\":\"lsb\",\"version\":\"9.20170808ubuntu1\",\"upstreamVersion\":\"9.20170808ubuntu1\"},\"summary\":\"Linux Standard Base init scrip"
12:59:35.615 [Test worker] DEBUG com.github.dockerjava.zerodep.shaded.org.apache.hc.client5.http.wire - http-outgoing-2 << "t functionality\"},{\"name\":\"mawk\",\"version\":\"1.3.3-17ubuntu3\",\"arch\":\"amd64\",\"source\":{\"name\":\"mawk\",\"version\":\"1.3.3-17ubuntu3\",\"upstreamVersion\":\"1.3.3\"},\"summary\":\"a pattern scanning and text processing language\"},{\"name\":\"mount\",\"version\":\"2.31.1-0.4ubuntu3.7\",\"arch\":\"amd64\",\"source\":{\"name\":\"util-linux\",\"version\":\"2.31.1-0.4ubuntu3.7\",\"upstreamVersion\":\"2.31.1\"},\"summary\":\"tools for mounting and manipulating filesystems\"},{\"name\":\"ncurses-base\",\"version\":\"6.1-1ubuntu1.18.04\",\"arch\":\"all\",\"source\":{\"name\":\"ncurses\",\"version\":\"6.1-1ubuntu1.18.04\",\"upstreamVersion\":\"6.1\"},\"summary\":\"basic terminal type definitions\"},{\"name\":\"ncurses-bin\",\"version\":\"6.1-1ubuntu1.18.04\",\"arch\":\"amd64\",\"source\":{\"name\":\"ncurses\",\"version\":\"6.1-1ubuntu1.18.04\",\"upstreamVersion\":\"6.1\"},\"summary\":\"terminal-related programs and man pages\"},{\"name\":\"netbase\",\"version\":\"5.4\",\"arch\":\"all\",\"source\":{\"name\":\"netbase\",\"version\":\"5.4\",\"upstreamVersion\":\"5.4\"},\"summary\":\"Basic TCP/IP networking system\"},{\"name\":\"openssl\",\"version\":\"1.1.1-1ubuntu2.1~18.04.13\",\"arch\":\"amd64\",\"source\":{\"name\":\"openssl\",\"version\":\"1.1.1-1ubuntu2.1~18.04.13\",\"upstreamVersion\":\"1.1.1\"},\"summary\":\"Secure Sockets Layer toolkit - cryptographic utility\"},{\"name\":\"passwd\",\"version\":\"1:4.5-1ubuntu2\",\"arch\":\"amd64\",\"source\":{\"name\":\"shadow\",\"version\":\"1:4.5-1ubuntu2\",\"upstreamVersion\":\"4.5\"},\"summary\":\"change and administer password and group data\"},{\"name\":\"perl-base\",\"version\":\"5.26.1-6ubuntu0.5\",\"arch\":\"amd64\",\"source\":{\"name\":\"perl\",\"version\":\"5.26.1-6ubuntu0.5\",\"upstreamVersion\":\"5.26.1\"},\"summary\":\"minimal Perl system\"},{\"name\":\"procps\",\"version\":\"2:3.3.12-3ubuntu1.2\",\"arch\":\"amd64\",\"source\":{\"name\":\"procps\",\"version\":\"2:3.3.12-3ubuntu1.2\",\"upstreamVersion\":\"3.3.12\"},\"summary\":\"/proc file system utilities\"},{\"name\":\"sed\",\"version\":\"4.4-2\",\"arch\":\"amd64\",\"source\":{\"name\":\"sed\",\"version\":\"4.4-2\",\"upstreamVersion\":\"4.4\"},\"summary\":\"GNU stream editor for filtering/transforming text\"},{\"name\":\"sensible-utils\",\"version\":\"0.0.12\",\"arch\":\"all\",\"source\":{\"name\":\"sensible-utils\",\"version\":\"0.0.12\",\"upstreamVersion\":\"0.0.12\"},\"summary\":\"Utilities for sensible alternative selection\"},{\"name\":\"sysvinit-utils\",\"version\":\"2.88dsf-59.10ubuntu1\",\"arch\":\"amd64\",\"source\":{\"name\":\"sysvinit\",\"version\":\"2.88dsf-59.10ubuntu1\",\"upstreamVersion\":\"2.88dsf\"},\"summary\":\"System-V-like utilities\"},{\"name\":\"tar\",\"version\":\"1.29b-2ubuntu0.2\",\"arch\":\"amd64\",\"source\":{\"name\":\"tar\",\"version\":\"1.29b-2ubuntu0.2\",\"upstreamVersion\":\"1.29b\"},\"summary\":\"GNU version of the tar archiving utility\"},{\"name\":\"tzdata\",\"version\":\"2021a-2ubuntu0.18.04\",\"arch\":\"all\",\"source\":{\"name\":\"tzdata\",\"version\":\"2021a-2ubuntu0.18.04\",\"upstreamVersion\":\"2021a\"},\"summary\":\"time zone and daylight-saving time data\"},{\"name\":\"ubuntu-keyring\",\"version\":\"2018.09.18.1~18.04.2\",\"arch\":\"all\",\"source\":{\"name\":\"ubuntu-keyring\",\"version\":\"2018.09.18.1~18.04.2\",\"upstreamVersion\":\"2018.09.18.1~18.04.2\"},\"summary\":\"GnuPG keys of the Ubuntu archive\"},{\"name\":\"util-linux\",\"version\":\"2.31.1-0.4ubuntu3.7\",\"arch\":\"amd64\",\"source\":{\"name\":\"util-linux\",\"version\":\"2.31.1-0.4ubuntu3.7\",\"upstreamVersion\":\"2.31.1\"},\"summary\":\"miscellaneous system utilities\"},{\"name\":\"zlib1g:amd64\",\"version\":\"1:1.2.11.dfsg-0ubuntu2\",\"arch\":\"amd64\",\"source\":{\"name\":\"zlib\",\"version\":\"1:1.2.11.dfsg-0ubuntu2\",\"upstreamVersion\":\"1.2.11.dfsg\"},\"summary\":\"compression library - runtime\"}]","org.springframework.boot.version":"2.5.6"},"ParentId":"","RepoDigests":null,"RepoTags":["licensing-service:0.0.1-SNAPSHOT"],"SharedSize":-1,"Size":263701922,"VirtualSize":263701922}][\n]"
12:59:35.616 [Test worker] DEBUG com.github.dockerjava.zerodep.shaded.org.apache.hc.client5.http.wire - http-outgoing-2 << "[\r][\n]"
12:59:35.616 [Test worker] DEBUG com.github.dockerjava.zerodep.shaded.org.apache.hc.client5.http.wire - http-outgoing-2 << "0[\r][\n]"
12:59:35.616 [Test worker] DEBUG com.github.dockerjava.zerodep.shaded.org.apache.hc.client5.http.wire - http-outgoing-2 << "[\r][\n]"
12:59:35.616 [Test worker] DEBUG com.github.dockerjava.zerodep.shaded.org.apache.hc.client5.http.impl.classic.InternalHttpClient - ep-0000000A: releasing valid endpoint
12:59:35.616 [Test worker] DEBUG com.github.dockerjava.zerodep.shaded.org.apache.hc.client5.http.impl.io.PoolingHttpClientConnectionManager - ep-0000000A: releasing endpoint
12:59:35.616 [Test worker] DEBUG com.github.dockerjava.zerodep.shaded.org.apache.hc.client5.http.impl.io.PoolingHttpClientConnectionManager - ep-0000000A: connection http-outgoing-2 can be kept alive for 3 MINUTES
12:59:35.616 [Test worker] DEBUG com.github.dockerjava.zerodep.shaded.org.apache.hc.client5.http.impl.io.PoolingHttpClientConnectionManager - ep-0000000A: connection released [route: {}->unix://localhost:2375][total available: 1; route allocated: 1 of 2147483647; total allocated: 1 of 2147483647]
12:59:35.618 [Test worker] DEBUG org.testcontainers.images.AbstractImagePullPolicy - Using locally available and not pulling image: postgres:13-alpine
12:59:35.618 [Test worker] DEBUG ]]>&#x1f433;<![CDATA[ [postgres:13-alpine] - Starting container: postgres:13-alpine
12:59:35.619 [Test worker] DEBUG ]]>&#x1f433;<![CDATA[ [postgres:13-alpine] - Trying to start container: postgres:13-alpine (attempt 1/1)
12:59:35.619 [Test worker] DEBUG ]]>&#x1f433;<![CDATA[ [postgres:13-alpine] - Starting container: postgres:13-alpine
12:59:35.619 [Test worker] INFO ]]>&#x1f433;<![CDATA[ [postgres:13-alpine] - Creating container for image: postgres:13-alpine
12:59:35.619 [Test worker] DEBUG org.testcontainers.utility.RegistryAuthLocator - Looking up auth config for image: postgres:13-alpine at registry: index.docker.io
12:59:35.620 [Test worker] DEBUG org.testcontainers.utility.RegistryAuthLocator - Cached auth found: [AuthConfig{username=dilipthelip, password=hidden non-blank value, auth=blank, email=null, registryAddress=index.docker.io, registryToken=blank}]
12:59:35.620 [Test worker] DEBUG org.testcontainers.dockerclient.AuthDelegatingDockerClientConfig - Effective auth config [AuthConfig{username=dilipthelip, password=hidden non-blank value, auth=blank, email=null, registryAddress=index.docker.io, registryToken=blank}]
12:59:35.623 [Test worker] DEBUG org.testcontainers.shaded.com.github.dockerjava.core.command.AbstrDockerCmd - Cmd: org.testcontainers.shaded.com.github.dockerjava.core.command.CreateContainerCmdImpl@64d43929[name=<null>,hostName=<null>,domainName=<null>,user=<null>,attachStdin=<null>,attachStdout=<null>,attachStderr=<null>,portSpecs=<null>,tty=<null>,stdinOpen=<null>,stdInOnce=<null>,env={POSTGRES_USER=postgres,POSTGRES_PASSWORD=secret,POSTGRES_DB=testdb},cmd={postgres,-c,fsync=off},healthcheck=<null>,argsEscaped=<null>,entrypoint=<null>,image=postgres:13-alpine,volumes=Volumes(volumes=[]),workingDir=<null>,macAddress=<null>,onBuild=<null>,networkDisabled=<null>,exposedPorts=ExposedPorts(exposedPorts=[5432/tcp]),stopSignal=<null>,stopTimeout=<null>,hostConfig=HostConfig(binds=[], blkioWeight=null, blkioWeightDevice=null, blkioDeviceReadBps=null, blkioDeviceWriteBps=null, blkioDeviceReadIOps=null, blkioDeviceWriteIOps=null, memorySwappiness=null, nanoCPUs=null, capAdd=null, capDrop=null, containerIDFile=null, cpuPeriod=null, cpuRealtimePeriod=null, cpuRealtimeRuntime=null, cpuShares=null, cpuQuota=null, cpusetCpus=null, cpusetMems=null, devices=null, deviceCgroupRules=null, deviceRequests=null, diskQuota=null, dns=null, dnsOptions=null, dnsSearch=null, extraHosts=[], groupAdd=null, ipcMode=null, cgroup=null, links=[], logConfig=LogConfig(type=null, config=null), lxcConf=null, memory=null, memorySwap=null, memoryReservation=null, kernelMemory=null, networkMode=null, oomKillDisable=null, init=null, autoRemove=null, oomScoreAdj=null, portBindings={5432/tcp=[Lcom.github.dockerjava.api.model.Ports$Binding;@1e7f2e0f}, privileged=null, publishAllPorts=null, readonlyRootfs=null, restartPolicy=null, ulimits=null, cpuCount=null, cpuPercent=null, ioMaximumIOps=null, ioMaximumBandwidth=null, volumesFrom=[], mounts=null, pidMode=null, isolation=null, securityOpts=null, storageOpt=null, cgroupParent=null, volumeDriver=null, shmSize=null, pidsLimit=null, runtime=null, tmpFs=null, utSMode=null, usernsMode=null, sysctls=null, consoleSize=null),labels={org.testcontainers=true, org.testcontainers.sessionId=adf05bec-ba78-423d-b8e6-1fe7046cf3a8},shell=<null>,networkingConfig=<null>,ipv4Address=<null>,ipv6Address=<null>,aliases=<null>,authConfig=AuthConfig(username=dilipthelip, email=null, registryAddress=index.docker.io, stackOrchestrator=null),platform=<null>]
12:59:35.627 [Test worker] DEBUG com.github.dockerjava.zerodep.shaded.org.apache.hc.client5.http.impl.classic.InternalHttpClient - ex-0000000C: preparing request execution
12:59:35.627 [Test worker] DEBUG com.github.dockerjava.zerodep.shaded.org.apache.hc.client5.http.protocol.RequestAddCookies - Cookie spec selected: strict
12:59:35.627 [Test worker] DEBUG com.github.dockerjava.zerodep.shaded.org.apache.hc.client5.http.protocol.RequestAuthCache - Auth cache not set in the context
12:59:35.627 [Test worker] DEBUG com.github.dockerjava.zerodep.shaded.org.apache.hc.client5.http.impl.classic.ProtocolExec - ex-0000000C: target auth state: UNCHALLENGED
12:59:35.627 [Test worker] DEBUG com.github.dockerjava.zerodep.shaded.org.apache.hc.client5.http.impl.classic.ProtocolExec - ex-0000000C: proxy auth state: UNCHALLENGED
12:59:35.627 [Test worker] DEBUG com.github.dockerjava.zerodep.shaded.org.apache.hc.client5.http.impl.classic.ConnectExec - ex-0000000C: acquiring connection with route {}->unix://localhost:2375
12:59:35.627 [Test worker] DEBUG com.github.dockerjava.zerodep.shaded.org.apache.hc.client5.http.impl.classic.InternalHttpClient - ex-0000000C: acquiring endpoint (3 MINUTES)
12:59:35.627 [Test worker] DEBUG com.github.dockerjava.zerodep.shaded.org.apache.hc.client5.http.impl.io.PoolingHttpClientConnectionManager - ex-0000000C: endpoint lease request (3 MINUTES) [route: {}->unix://localhost:2375][total available: 1; route allocated: 1 of 2147483647; total allocated: 1 of 2147483647]
12:59:35.628 [Test worker] DEBUG com.github.dockerjava.zerodep.shaded.org.apache.hc.client5.http.impl.io.PoolingHttpClientConnectionManager - ex-0000000C: endpoint leased [route: {}->unix://localhost:2375][total available: 0; route allocated: 1 of 2147483647; total allocated: 1 of 2147483647]
12:59:35.628 [Test worker] DEBUG com.github.dockerjava.zerodep.shaded.org.apache.hc.client5.http.impl.io.PoolingHttpClientConnectionManager - ex-0000000C: acquired ep-0000000B
12:59:35.628 [Test worker] DEBUG com.github.dockerjava.zerodep.shaded.org.apache.hc.client5.http.impl.classic.InternalHttpClient - ex-0000000C: acquired endpoint ep-0000000B
12:59:35.628 [Test worker] DEBUG com.github.dockerjava.zerodep.shaded.org.apache.hc.client5.http.impl.classic.MainClientExec - ex-0000000C: executing POST /v1.32/containers/create HTTP/1.1
12:59:35.628 [Test worker] DEBUG com.github.dockerjava.zerodep.shaded.org.apache.hc.client5.http.impl.classic.InternalHttpClient - ep-0000000B: start execution ex-0000000C
12:59:35.628 [Test worker] DEBUG com.github.dockerjava.zerodep.shaded.org.apache.hc.client5.http.impl.io.PoolingHttpClientConnectionManager - ep-0000000B: executing exchange ex-0000000C over http-outgoing-2
12:59:35.628 [Test worker] DEBUG com.github.dockerjava.zerodep.shaded.org.apache.hc.client5.http.headers - http-outgoing-2 >> POST /v1.32/containers/create HTTP/1.1
12:59:35.628 [Test worker] DEBUG com.github.dockerjava.zerodep.shaded.org.apache.hc.client5.http.headers - http-outgoing-2 >> X-Registry-Auth: eyJ1c2VybmFtZSI6ImRpbGlwdGhlbGlwIiwicGFzc3dvcmQiOiJBaXNod2FyeWEwISIsImVtYWlsIjpudWxsLCJzZXJ2ZXJhZGRyZXNzIjoiaW5kZXguZG9ja2VyLmlvIiwiYXV0aCI6bnVsbCwicmVnaXN0cnl0b2tlbiI6bnVsbCwiaWRlbnRpdHl0b2tlbiI6bnVsbCwic3RhY2tPcmNoZXN0cmF0b3IiOm51bGx9
12:59:35.628 [Test worker] DEBUG com.github.dockerjava.zerodep.shaded.org.apache.hc.client5.http.headers - http-outgoing-2 >> accept: application/json
12:59:35.628 [Test worker] DEBUG com.github.dockerjava.zerodep.shaded.org.apache.hc.client5.http.headers - http-outgoing-2 >> content-type: application/json
12:59:35.628 [Test worker] DEBUG com.github.dockerjava.zerodep.shaded.org.apache.hc.client5.http.headers - http-outgoing-2 >> Accept-Encoding: gzip, x-gzip, deflate
12:59:35.628 [Test worker] DEBUG com.github.dockerjava.zerodep.shaded.org.apache.hc.client5.http.headers - http-outgoing-2 >> Content-Length: 2198
12:59:35.628 [Test worker] DEBUG com.github.dockerjava.zerodep.shaded.org.apache.hc.client5.http.headers - http-outgoing-2 >> Host: localhost:2375
12:59:35.628 [Test worker] DEBUG com.github.dockerjava.zerodep.shaded.org.apache.hc.client5.http.headers - http-outgoing-2 >> Connection: keep-alive
12:59:35.628 [Test worker] DEBUG com.github.dockerjava.zerodep.shaded.org.apache.hc.client5.http.headers - http-outgoing-2 >> User-Agent: Apache-HttpClient/5.0.3 (Java/17.0.1)
12:59:35.629 [Test worker] DEBUG com.github.dockerjava.zerodep.shaded.org.apache.hc.client5.http.wire - http-outgoing-2 >> "POST /v1.32/containers/create HTTP/1.1[\r][\n]"
12:59:35.629 [Test worker] DEBUG com.github.dockerjava.zerodep.shaded.org.apache.hc.client5.http.wire - http-outgoing-2 >> "X-Registry-Auth: eyJ1c2VybmFtZSI6ImRpbGlwdGhlbGlwIiwicGFzc3dvcmQiOiJBaXNod2FyeWEwISIsImVtYWlsIjpudWxsLCJzZXJ2ZXJhZGRyZXNzIjoiaW5kZXguZG9ja2VyLmlvIiwiYXV0aCI6bnVsbCwicmVnaXN0cnl0b2tlbiI6bnVsbCwiaWRlbnRpdHl0b2tlbiI6bnVsbCwic3RhY2tPcmNoZXN0cmF0b3IiOm51bGx9[\r][\n]"
12:59:35.629 [Test worker] DEBUG com.github.dockerjava.zerodep.shaded.org.apache.hc.client5.http.wire - http-outgoing-2 >> "accept: application/json[\r][\n]"
12:59:35.629 [Test worker] DEBUG com.github.dockerjava.zerodep.shaded.org.apache.hc.client5.http.wire - http-outgoing-2 >> "content-type: application/json[\r][\n]"
12:59:35.629 [Test worker] DEBUG com.github.dockerjava.zerodep.shaded.org.apache.hc.client5.http.wire - http-outgoing-2 >> "Accept-Encoding: gzip, x-gzip, deflate[\r][\n]"
12:59:35.629 [Test worker] DEBUG com.github.dockerjava.zerodep.shaded.org.apache.hc.client5.http.wire - http-outgoing-2 >> "Content-Length: 2198[\r][\n]"
12:59:35.629 [Test worker] DEBUG com.github.dockerjava.zerodep.shaded.org.apache.hc.client5.http.wire - http-outgoing-2 >> "Host: localhost:2375[\r][\n]"
12:59:35.629 [Test worker] DEBUG com.github.dockerjava.zerodep.shaded.org.apache.hc.client5.http.wire - http-outgoing-2 >> "Connection: keep-alive[\r][\n]"
12:59:35.629 [Test worker] DEBUG com.github.dockerjava.zerodep.shaded.org.apache.hc.client5.http.wire - http-outgoing-2 >> "User-Agent: Apache-HttpClient/5.0.3 (Java/17.0.1)[\r][\n]"
12:59:35.629 [Test worker] DEBUG com.github.dockerjava.zerodep.shaded.org.apache.hc.client5.http.wire - http-outgoing-2 >> "[\r][\n]"
12:59:35.629 [Test worker] DEBUG com.github.dockerjava.zerodep.shaded.org.apache.hc.client5.http.wire - http-outgoing-2 >> "{"name":null,"authConfig":{"username":"dilipthelip","password":"Aishwarya0!","email":null,"serveraddress":"index.docker.io","auth":null,"registrytoken":null,"identitytoken":null,"stackOrchestrator":null},"platform":null,"Hostname":null,"Domainname":null,"User":null,"AttachStdin":null,"AttachStdout":null,"AttachStderr":null,"PortSpecs":null,"Tty":null,"OpenStdin":null,"StdinOnce":null,"Env":["POSTGRES_USER=postgres","POSTGRES_PASSWORD=secret","POSTGRES_DB=testdb"],"Cmd":["postgres","-c","fsync=off"],"Healthcheck":null,"ArgsEscaped":null,"Entrypoint":null,"Image":"postgres:13-alpine","Volumes":{},"WorkingDir":null,"MacAddress":null,"OnBuild":null,"NetworkDisabled":null,"ExposedPorts":{"5432/tcp":{}},"StopSignal":null,"StopTimeout":null,"HostConfig":{"Binds":[],"BlkioWeight":null,"BlkioWeightDevice":null,"BlkioDeviceReadBps":null,"BlkioDeviceWriteBps":null,"BlkioDeviceReadIOps":null,"BlkioDeviceWriteIOps":null,"MemorySwappiness":null,"NanoCpus":null,"CapAdd":null,"CapDrop":null,"ContainerIDFile":null,"CpuPeriod":null,"CpuRealtimePeriod":null,"CpuRealtimeRuntime":null,"CpuShares":null,"CpuQuota":null,"CpusetCpus":null,"CpusetMems":null,"Devices":null,"DeviceCgroupRules":null,"DeviceRequests":null,"DiskQuota":null,"Dns":null,"DnsOptions":null,"DnsSearch":null,"ExtraHosts":[],"GroupAdd":null,"IpcMode":null,"Cgroup":null,"Links":[],"LogConfig":null,"LxcConf":null,"Memory":null,"MemorySwap":null,"MemoryReservation":null,"KernelMemory":null,"NetworkMode":null,"OomKillDisable":null,"Init":null,"AutoRemove":null,"OomScoreAdj":null,"PortBindings":{"5432/tcp":[{"HostIp":"","HostPort":""}]},"Privileged":null,"PublishAllPorts":null,"ReadonlyRootfs":null,"RestartPolicy":null,"Ulimits":null,"CpuCount":null,"CpuPercent":null,"IOMaximumIOps":null,"IOMaximumBandwidth":null,"VolumesFrom":[],"Mounts":null,"PidMode":null,"Isolation":null,"SecurityOpt":null,"StorageOpt":null,"CgroupParent":null,"VolumeDriver":null,"ShmSize":null,"PidsLimit":null,"Runtime":null,"Tmpfs":null,"UTSMode":null,"UsernsMode":null,"Sysctls":null,"ConsoleSize":null},"Labels":{"org.testcontainers":"true","org.testcontainers.sessionId":"adf05bec-ba78-423d-b8e6-1fe7046cf3a8"},"Shell":null,"NetworkingConfig":null}"
12:59:35.692 [Test worker] DEBUG com.github.dockerjava.zerodep.shaded.org.apache.hc.client5.http.wire - http-outgoing-2 << "HTTP/1.1 201 Created[\r][\n]"
12:59:35.693 [Test worker] DEBUG com.github.dockerjava.zerodep.shaded.org.apache.hc.client5.http.wire - http-outgoing-2 << "Api-Version: 1.41[\r][\n]"
12:59:35.693 [Test worker] DEBUG com.github.dockerjava.zerodep.shaded.org.apache.hc.client5.http.wire - http-outgoing-2 << "Content-Type: application/json[\r][\n]"
12:59:35.693 [Test worker] DEBUG com.github.dockerjava.zerodep.shaded.org.apache.hc.client5.http.wire - http-outgoing-2 << "Date: Tue, 01 Feb 2022 18:59:35 GMT[\r][\n]"
12:59:35.693 [Test worker] DEBUG com.github.dockerjava.zerodep.shaded.org.apache.hc.client5.http.wire - http-outgoing-2 << "Docker-Experimental: false[\r][\n]"
12:59:35.693 [Test worker] DEBUG com.github.dockerjava.zerodep.shaded.org.apache.hc.client5.http.wire - http-outgoing-2 << "Ostype: linux[\r][\n]"
12:59:35.693 [Test worker] DEBUG com.github.dockerjava.zerodep.shaded.org.apache.hc.client5.http.wire - http-outgoing-2 << "Server: Docker/20.10.8 (linux)[\r][\n]"
12:59:35.693 [Test worker] DEBUG com.github.dockerjava.zerodep.shaded.org.apache.hc.client5.http.wire - http-outgoing-2 << "Transfer-Encoding: chunked[\r][\n]"
12:59:35.693 [Test worker] DEBUG com.github.dockerjava.zerodep.shaded.org.apache.hc.client5.http.wire - http-outgoing-2 << "[\r][\n]"
12:59:35.693 [Test worker] DEBUG com.github.dockerjava.zerodep.shaded.org.apache.hc.client5.http.headers - http-outgoing-2 << HTTP/1.1 201 Created
12:59:35.693 [Test worker] DEBUG com.github.dockerjava.zerodep.shaded.org.apache.hc.client5.http.headers - http-outgoing-2 << Api-Version: 1.41
12:59:35.693 [Test worker] DEBUG com.github.dockerjava.zerodep.shaded.org.apache.hc.client5.http.headers - http-outgoing-2 << Content-Type: application/json
12:59:35.693 [Test worker] DEBUG com.github.dockerjava.zerodep.shaded.org.apache.hc.client5.http.headers - http-outgoing-2 << Date: Tue, 01 Feb 2022 18:59:35 GMT
12:59:35.693 [Test worker] DEBUG com.github.dockerjava.zerodep.shaded.org.apache.hc.client5.http.headers - http-outgoing-2 << Docker-Experimental: false
12:59:35.693 [Test worker] DEBUG com.github.dockerjava.zerodep.shaded.org.apache.hc.client5.http.headers - http-outgoing-2 << Ostype: linux
12:59:35.693 [Test worker] DEBUG com.github.dockerjava.zerodep.shaded.org.apache.hc.client5.http.headers - http-outgoing-2 << Server: Docker/20.10.8 (linux)
12:59:35.693 [Test worker] DEBUG com.github.dockerjava.zerodep.shaded.org.apache.hc.client5.http.headers - http-outgoing-2 << Transfer-Encoding: chunked
12:59:35.693 [Test worker] DEBUG com.github.dockerjava.zerodep.shaded.org.apache.hc.client5.http.impl.classic.MainClientExec - ex-0000000C: connection can be kept alive for 3 MINUTES
12:59:35.694 [Test worker] DEBUG com.github.dockerjava.zerodep.shaded.org.apache.hc.client5.http.wire - http-outgoing-2 << "58[\r][\n]"
12:59:35.694 [Test worker] DEBUG com.github.dockerjava.zerodep.shaded.org.apache.hc.client5.http.wire - http-outgoing-2 << "{"Id":"27c1803d0bbfa003062de05bc74e7a05a03b97170fb65f082ed46331573e2d15","Warnings":[]}[\n]"
12:59:35.694 [Test worker] DEBUG com.github.dockerjava.zerodep.shaded.org.apache.hc.client5.http.wire - http-outgoing-2 << "[\r][\n]"
12:59:35.694 [Test worker] DEBUG com.github.dockerjava.zerodep.shaded.org.apache.hc.client5.http.wire - http-outgoing-2 << "0[\r][\n]"
12:59:35.694 [Test worker] DEBUG com.github.dockerjava.zerodep.shaded.org.apache.hc.client5.http.wire - http-outgoing-2 << "[\r][\n]"
12:59:35.694 [Test worker] DEBUG com.github.dockerjava.zerodep.shaded.org.apache.hc.client5.http.impl.classic.InternalHttpClient - ep-0000000B: releasing valid endpoint
12:59:35.694 [Test worker] DEBUG com.github.dockerjava.zerodep.shaded.org.apache.hc.client5.http.impl.io.PoolingHttpClientConnectionManager - ep-0000000B: releasing endpoint
12:59:35.694 [Test worker] DEBUG com.github.dockerjava.zerodep.shaded.org.apache.hc.client5.http.impl.io.PoolingHttpClientConnectionManager - ep-0000000B: connection http-outgoing-2 can be kept alive for 3 MINUTES
12:59:35.694 [Test worker] DEBUG com.github.dockerjava.zerodep.shaded.org.apache.hc.client5.http.impl.io.PoolingHttpClientConnectionManager - ep-0000000B: connection released [route: {}->unix://localhost:2375][total available: 1; route allocated: 1 of 2147483647; total allocated: 1 of 2147483647]
12:59:35.696 [Test worker] INFO ]]>&#x1f433;<![CDATA[ [postgres:13-alpine] - Starting container with ID: 27c1803d0bbfa003062de05bc74e7a05a03b97170fb65f082ed46331573e2d15
12:59:35.697 [Test worker] DEBUG org.testcontainers.shaded.com.github.dockerjava.core.command.AbstrDockerCmd - Cmd: 27c1803d0bbfa003062de05bc74e7a05a03b97170fb65f082ed46331573e2d15
12:59:35.697 [Test worker] DEBUG com.github.dockerjava.zerodep.shaded.org.apache.hc.client5.http.impl.classic.InternalHttpClient - ex-0000000D: preparing request execution
12:59:35.697 [Test worker] DEBUG com.github.dockerjava.zerodep.shaded.org.apache.hc.client5.http.protocol.RequestAddCookies - Cookie spec selected: strict
12:59:35.697 [Test worker] DEBUG com.github.dockerjava.zerodep.shaded.org.apache.hc.client5.http.protocol.RequestAuthCache - Auth cache not set in the context
12:59:35.697 [Test worker] DEBUG com.github.dockerjava.zerodep.shaded.org.apache.hc.client5.http.impl.classic.ProtocolExec - ex-0000000D: target auth state: UNCHALLENGED
12:59:35.697 [Test worker] DEBUG com.github.dockerjava.zerodep.shaded.org.apache.hc.client5.http.impl.classic.ProtocolExec - ex-0000000D: proxy auth state: UNCHALLENGED
12:59:35.698 [Test worker] DEBUG com.github.dockerjava.zerodep.shaded.org.apache.hc.client5.http.impl.classic.ConnectExec - ex-0000000D: acquiring connection with route {}->unix://localhost:2375
12:59:35.698 [Test worker] DEBUG com.github.dockerjava.zerodep.shaded.org.apache.hc.client5.http.impl.classic.InternalHttpClient - ex-0000000D: acquiring endpoint (3 MINUTES)
12:59:35.698 [Test worker] DEBUG com.github.dockerjava.zerodep.shaded.org.apache.hc.client5.http.impl.io.PoolingHttpClientConnectionManager - ex-0000000D: endpoint lease request (3 MINUTES) [route: {}->unix://localhost:2375][total available: 1; route allocated: 1 of 2147483647; total allocated: 1 of 2147483647]
12:59:35.698 [Test worker] DEBUG com.github.dockerjava.zerodep.shaded.org.apache.hc.client5.http.impl.io.PoolingHttpClientConnectionManager - ex-0000000D: endpoint leased [route: {}->unix://localhost:2375][total available: 0; route allocated: 1 of 2147483647; total allocated: 1 of 2147483647]
12:59:35.698 [Test worker] DEBUG com.github.dockerjava.zerodep.shaded.org.apache.hc.client5.http.impl.io.PoolingHttpClientConnectionManager - ex-0000000D: acquired ep-0000000C
12:59:35.698 [Test worker] DEBUG com.github.dockerjava.zerodep.shaded.org.apache.hc.client5.http.impl.classic.InternalHttpClient - ex-0000000D: acquired endpoint ep-0000000C
12:59:35.698 [Test worker] DEBUG com.github.dockerjava.zerodep.shaded.org.apache.hc.client5.http.impl.classic.MainClientExec - ex-0000000D: executing POST /v1.32/containers/27c1803d0bbfa003062de05bc74e7a05a03b97170fb65f082ed46331573e2d15/start HTTP/1.1
12:59:35.698 [Test worker] DEBUG com.github.dockerjava.zerodep.shaded.org.apache.hc.client5.http.impl.classic.InternalHttpClient - ep-0000000C: start execution ex-0000000D
12:59:35.698 [Test worker] DEBUG com.github.dockerjava.zerodep.shaded.org.apache.hc.client5.http.impl.io.PoolingHttpClientConnectionManager - ep-0000000C: executing exchange ex-0000000D over http-outgoing-2
12:59:35.698 [Test worker] DEBUG com.github.dockerjava.zerodep.shaded.org.apache.hc.client5.http.headers - http-outgoing-2 >> POST /v1.32/containers/27c1803d0bbfa003062de05bc74e7a05a03b97170fb65f082ed46331573e2d15/start HTTP/1.1
12:59:35.698 [Test worker] DEBUG com.github.dockerjava.zerodep.shaded.org.apache.hc.client5.http.headers - http-outgoing-2 >> accept: application/json
12:59:35.698 [Test worker] DEBUG com.github.dockerjava.zerodep.shaded.org.apache.hc.client5.http.headers - http-outgoing-2 >> content-type: application/json
12:59:35.698 [Test worker] DEBUG com.github.dockerjava.zerodep.shaded.org.apache.hc.client5.http.headers - http-outgoing-2 >> Accept-Encoding: gzip, x-gzip, deflate
12:59:35.698 [Test worker] DEBUG com.github.dockerjava.zerodep.shaded.org.apache.hc.client5.http.headers - http-outgoing-2 >> Host: localhost:2375
12:59:35.698 [Test worker] DEBUG com.github.dockerjava.zerodep.shaded.org.apache.hc.client5.http.headers - http-outgoing-2 >> Connection: keep-alive
12:59:35.698 [Test worker] DEBUG com.github.dockerjava.zerodep.shaded.org.apache.hc.client5.http.headers - http-outgoing-2 >> User-Agent: Apache-HttpClient/5.0.3 (Java/17.0.1)
12:59:35.698 [Test worker] DEBUG com.github.dockerjava.zerodep.shaded.org.apache.hc.client5.http.wire - http-outgoing-2 >> "POST /v1.32/containers/27c1803d0bbfa003062de05bc74e7a05a03b97170fb65f082ed46331573e2d15/start HTTP/1.1[\r][\n]"
12:59:35.699 [Test worker] DEBUG com.github.dockerjava.zerodep.shaded.org.apache.hc.client5.http.wire - http-outgoing-2 >> "accept: application/json[\r][\n]"
12:59:35.699 [Test worker] DEBUG com.github.dockerjava.zerodep.shaded.org.apache.hc.client5.http.wire - http-outgoing-2 >> "content-type: application/json[\r][\n]"
12:59:35.699 [Test worker] DEBUG com.github.dockerjava.zerodep.shaded.org.apache.hc.client5.http.wire - http-outgoing-2 >> "Accept-Encoding: gzip, x-gzip, deflate[\r][\n]"
12:59:35.699 [Test worker] DEBUG com.github.dockerjava.zerodep.shaded.org.apache.hc.client5.http.wire - http-outgoing-2 >> "Host: localhost:2375[\r][\n]"
12:59:35.699 [Test worker] DEBUG com.github.dockerjava.zerodep.shaded.org.apache.hc.client5.http.wire - http-outgoing-2 >> "Connection: keep-alive[\r][\n]"
12:59:35.699 [Test worker] DEBUG com.github.dockerjava.zerodep.shaded.org.apache.hc.client5.http.wire - http-outgoing-2 >> "User-Agent: Apache-HttpClient/5.0.3 (Java/17.0.1)[\r][\n]"
12:59:35.699 [Test worker] DEBUG com.github.dockerjava.zerodep.shaded.org.apache.hc.client5.http.wire - http-outgoing-2 >> "[\r][\n]"
12:59:36.071 [Test worker] DEBUG com.github.dockerjava.zerodep.shaded.org.apache.hc.client5.http.wire - http-outgoing-2 << "HTTP/1.1 204 No Content[\r][\n]"
12:59:36.071 [Test worker] DEBUG com.github.dockerjava.zerodep.shaded.org.apache.hc.client5.http.wire - http-outgoing-2 << "Api-Version: 1.41[\r][\n]"
12:59:36.071 [Test worker] DEBUG com.github.dockerjava.zerodep.shaded.org.apache.hc.client5.http.wire - http-outgoing-2 << "Date: Tue, 01 Feb 2022 18:59:36 GMT[\r][\n]"
12:59:36.071 [Test worker] DEBUG com.github.dockerjava.zerodep.shaded.org.apache.hc.client5.http.wire - http-outgoing-2 << "Docker-Experimental: false[\r][\n]"
12:59:36.071 [Test worker] DEBUG com.github.dockerjava.zerodep.shaded.org.apache.hc.client5.http.wire - http-outgoing-2 << "Ostype: linux[\r][\n]"
12:59:36.071 [Test worker] DEBUG com.github.dockerjava.zerodep.shaded.org.apache.hc.client5.http.wire - http-outgoing-2 << "Server: Docker/20.10.8 (linux)[\r][\n]"
12:59:36.071 [Test worker] DEBUG com.github.dockerjava.zerodep.shaded.org.apache.hc.client5.http.wire - http-outgoing-2 << "[\r][\n]"
12:59:36.071 [Test worker] DEBUG com.github.dockerjava.zerodep.shaded.org.apache.hc.client5.http.headers - http-outgoing-2 << HTTP/1.1 204 No Content
12:59:36.071 [Test worker] DEBUG com.github.dockerjava.zerodep.shaded.org.apache.hc.client5.http.headers - http-outgoing-2 << Api-Version: 1.41
12:59:36.071 [Test worker] DEBUG com.github.dockerjava.zerodep.shaded.org.apache.hc.client5.http.headers - http-outgoing-2 << Date: Tue, 01 Feb 2022 18:59:36 GMT
12:59:36.071 [Test worker] DEBUG com.github.dockerjava.zerodep.shaded.org.apache.hc.client5.http.headers - http-outgoing-2 << Docker-Experimental: false
12:59:36.071 [Test worker] DEBUG com.github.dockerjava.zerodep.shaded.org.apache.hc.client5.http.headers - http-outgoing-2 << Ostype: linux
12:59:36.071 [Test worker] DEBUG com.github.dockerjava.zerodep.shaded.org.apache.hc.client5.http.headers - http-outgoing-2 << Server: Docker/20.10.8 (linux)
12:59:36.072 [Test worker] DEBUG com.github.dockerjava.zerodep.shaded.org.apache.hc.client5.http.impl.classic.MainClientExec - ex-0000000D: connection can be kept alive for 3 MINUTES
12:59:36.072 [Test worker] DEBUG com.github.dockerjava.zerodep.shaded.org.apache.hc.client5.http.impl.classic.InternalHttpClient - ep-0000000C: releasing valid endpoint
12:59:36.072 [Test worker] DEBUG com.github.dockerjava.zerodep.shaded.org.apache.hc.client5.http.impl.io.PoolingHttpClientConnectionManager - ep-0000000C: releasing endpoint
12:59:36.072 [Test worker] DEBUG com.github.dockerjava.zerodep.shaded.org.apache.hc.client5.http.impl.io.PoolingHttpClientConnectionManager - ep-0000000C: connection http-outgoing-2 can be kept alive for 3 MINUTES
12:59:36.072 [Test worker] DEBUG com.github.dockerjava.zerodep.shaded.org.apache.hc.client5.http.impl.io.PoolingHttpClientConnectionManager - ep-0000000C: connection released [route: {}->unix://localhost:2375][total available: 1; route allocated: 1 of 2147483647; total allocated: 1 of 2147483647]
12:59:36.072 [Test worker] INFO ]]>&#x1f433;<![CDATA[ [postgres:13-alpine] - Container postgres:13-alpine is starting: 27c1803d0bbfa003062de05bc74e7a05a03b97170fb65f082ed46331573e2d15
12:59:36.074 [Test worker] DEBUG org.testcontainers.shaded.com.github.dockerjava.core.command.AbstrDockerCmd - Cmd: 27c1803d0bbfa003062de05bc74e7a05a03b97170fb65f082ed46331573e2d15,false
12:59:36.074 [Test worker] DEBUG org.testcontainers.shaded.com.github.dockerjava.core.exec.InspectContainerCmdExec - GET: DefaultWebTarget{path=[/containers/27c1803d0bbfa003062de05bc74e7a05a03b97170fb65f082ed46331573e2d15/json], queryParams={}}
12:59:36.074 [Test worker] DEBUG com.github.dockerjava.zerodep.shaded.org.apache.hc.client5.http.impl.classic.InternalHttpClient - ex-0000000E: preparing request execution
12:59:36.074 [Test worker] DEBUG com.github.dockerjava.zerodep.shaded.org.apache.hc.client5.http.protocol.RequestAddCookies - Cookie spec selected: strict
12:59:36.075 [Test worker] DEBUG com.github.dockerjava.zerodep.shaded.org.apache.hc.client5.http.protocol.RequestAuthCache - Auth cache not set in the context
12:59:36.075 [Test worker] DEBUG com.github.dockerjava.zerodep.shaded.org.apache.hc.client5.http.impl.classic.ProtocolExec - ex-0000000E: target auth state: UNCHALLENGED
12:59:36.075 [Test worker] DEBUG com.github.dockerjava.zerodep.shaded.org.apache.hc.client5.http.impl.classic.ProtocolExec - ex-0000000E: proxy auth state: UNCHALLENGED
12:59:36.075 [Test worker] DEBUG com.github.dockerjava.zerodep.shaded.org.apache.hc.client5.http.impl.classic.ConnectExec - ex-0000000E: acquiring connection with route {}->unix://localhost:2375
12:59:36.075 [Test worker] DEBUG com.github.dockerjava.zerodep.shaded.org.apache.hc.client5.http.impl.classic.InternalHttpClient - ex-0000000E: acquiring endpoint (3 MINUTES)
12:59:36.075 [Test worker] DEBUG com.github.dockerjava.zerodep.shaded.org.apache.hc.client5.http.impl.io.PoolingHttpClientConnectionManager - ex-0000000E: endpoint lease request (3 MINUTES) [route: {}->unix://localhost:2375][total available: 1; route allocated: 1 of 2147483647; total allocated: 1 of 2147483647]
12:59:36.075 [Test worker] DEBUG com.github.dockerjava.zerodep.shaded.org.apache.hc.client5.http.impl.io.PoolingHttpClientConnectionManager - ex-0000000E: endpoint leased [route: {}->unix://localhost:2375][total available: 0; route allocated: 1 of 2147483647; total allocated: 1 of 2147483647]
12:59:36.075 [Test worker] DEBUG com.github.dockerjava.zerodep.shaded.org.apache.hc.client5.http.impl.io.PoolingHttpClientConnectionManager - ex-0000000E: acquired ep-0000000D
12:59:36.075 [Test worker] DEBUG com.github.dockerjava.zerodep.shaded.org.apache.hc.client5.http.impl.classic.InternalHttpClient - ex-0000000E: acquired endpoint ep-0000000D
12:59:36.075 [Test worker] DEBUG com.github.dockerjava.zerodep.shaded.org.apache.hc.client5.http.impl.classic.MainClientExec - ex-0000000E: executing GET /v1.32/containers/27c1803d0bbfa003062de05bc74e7a05a03b97170fb65f082ed46331573e2d15/json HTTP/1.1
12:59:36.075 [Test worker] DEBUG com.github.dockerjava.zerodep.shaded.org.apache.hc.client5.http.impl.classic.InternalHttpClient - ep-0000000D: start execution ex-0000000E
12:59:36.075 [Test worker] DEBUG com.github.dockerjava.zerodep.shaded.org.apache.hc.client5.http.impl.io.PoolingHttpClientConnectionManager - ep-0000000D: executing exchange ex-0000000E over http-outgoing-2
12:59:36.075 [Test worker] DEBUG com.github.dockerjava.zerodep.shaded.org.apache.hc.client5.http.headers - http-outgoing-2 >> GET /v1.32/containers/27c1803d0bbfa003062de05bc74e7a05a03b97170fb65f082ed46331573e2d15/json HTTP/1.1
12:59:36.075 [Test worker] DEBUG com.github.dockerjava.zerodep.shaded.org.apache.hc.client5.http.headers - http-outgoing-2 >> accept: application/json
12:59:36.075 [Test worker] DEBUG com.github.dockerjava.zerodep.shaded.org.apache.hc.client5.http.headers - http-outgoing-2 >> Accept-Encoding: gzip, x-gzip, deflate
12:59:36.075 [Test worker] DEBUG com.github.dockerjava.zerodep.shaded.org.apache.hc.client5.http.headers - http-outgoing-2 >> Host: localhost:2375
12:59:36.075 [Test worker] DEBUG com.github.dockerjava.zerodep.shaded.org.apache.hc.client5.http.headers - http-outgoing-2 >> Connection: keep-alive
12:59:36.075 [Test worker] DEBUG com.github.dockerjava.zerodep.shaded.org.apache.hc.client5.http.headers - http-outgoing-2 >> User-Agent: Apache-HttpClient/5.0.3 (Java/17.0.1)
12:59:36.075 [Test worker] DEBUG com.github.dockerjava.zerodep.shaded.org.apache.hc.client5.http.wire - http-outgoing-2 >> "GET /v1.32/containers/27c1803d0bbfa003062de05bc74e7a05a03b97170fb65f082ed46331573e2d15/json HTTP/1.1[\r][\n]"
12:59:36.075 [Test worker] DEBUG com.github.dockerjava.zerodep.shaded.org.apache.hc.client5.http.wire - http-outgoing-2 >> "accept: application/json[\r][\n]"
12:59:36.075 [Test worker] DEBUG com.github.dockerjava.zerodep.shaded.org.apache.hc.client5.http.wire - http-outgoing-2 >> "Accept-Encoding: gzip, x-gzip, deflate[\r][\n]"
12:59:36.075 [Test worker] DEBUG com.github.dockerjava.zerodep.shaded.org.apache.hc.client5.http.wire - http-outgoing-2 >> "Host: localhost:2375[\r][\n]"
12:59:36.075 [Test worker] DEBUG com.github.dockerjava.zerodep.shaded.org.apache.hc.client5.http.wire - http-outgoing-2 >> "Connection: keep-alive[\r][\n]"
12:59:36.075 [Test worker] DEBUG com.github.dockerjava.zerodep.shaded.org.apache.hc.client5.http.wire - http-outgoing-2 >> "User-Agent: Apache-HttpClient/5.0.3 (Java/17.0.1)[\r][\n]"
12:59:36.075 [Test worker] DEBUG com.github.dockerjava.zerodep.shaded.org.apache.hc.client5.http.wire - http-outgoing-2 >> "[\r][\n]"
12:59:36.078 [Test worker] DEBUG com.github.dockerjava.zerodep.shaded.org.apache.hc.client5.http.wire - http-outgoing-2 << "HTTP/1.1 200 OK[\r][\n]"
12:59:36.078 [Test worker] DEBUG com.github.dockerjava.zerodep.shaded.org.apache.hc.client5.http.wire - http-outgoing-2 << "Api-Version: 1.41[\r][\n]"
12:59:36.078 [Test worker] DEBUG com.github.dockerjava.zerodep.shaded.org.apache.hc.client5.http.wire - http-outgoing-2 << "Content-Type: application/json[\r][\n]"
12:59:36.078 [Test worker] DEBUG com.github.dockerjava.zerodep.shaded.org.apache.hc.client5.http.wire - http-outgoing-2 << "Date: Tue, 01 Feb 2022 18:59:36 GMT[\r][\n]"
12:59:36.078 [Test worker] DEBUG com.github.dockerjava.zerodep.shaded.org.apache.hc.client5.http.wire - http-outgoing-2 << "Docker-Experimental: false[\r][\n]"
12:59:36.078 [Test worker] DEBUG com.github.dockerjava.zerodep.shaded.org.apache.hc.client5.http.wire - http-outgoing-2 << "Ostype: linux[\r][\n]"
12:59:36.079 [Test worker] DEBUG com.github.dockerjava.zerodep.shaded.org.apache.hc.client5.http.wire - http-outgoing-2 << "Server: Docker/20.10.8 (linux)[\r][\n]"
12:59:36.079 [Test worker] DEBUG com.github.dockerjava.zerodep.shaded.org.apache.hc.client5.http.wire - http-outgoing-2 << "Transfer-Encoding: chunked[\r][\n]"
12:59:36.079 [Test worker] DEBUG com.github.dockerjava.zerodep.shaded.org.apache.hc.client5.http.wire - http-outgoing-2 << "[\r][\n]"
12:59:36.079 [Test worker] DEBUG com.github.dockerjava.zerodep.shaded.org.apache.hc.client5.http.headers - http-outgoing-2 << HTTP/1.1 200 OK
12:59:36.079 [Test worker] DEBUG com.github.dockerjava.zerodep.shaded.org.apache.hc.client5.http.headers - http-outgoing-2 << Api-Version: 1.41
12:59:36.079 [Test worker] DEBUG com.github.dockerjava.zerodep.shaded.org.apache.hc.client5.http.headers - http-outgoing-2 << Content-Type: application/json
12:59:36.079 [Test worker] DEBUG com.github.dockerjava.zerodep.shaded.org.apache.hc.client5.http.headers - http-outgoing-2 << Date: Tue, 01 Feb 2022 18:59:36 GMT
12:59:36.079 [Test worker] DEBUG com.github.dockerjava.zerodep.shaded.org.apache.hc.client5.http.headers - http-outgoing-2 << Docker-Experimental: false
12:59:36.079 [Test worker] DEBUG com.github.dockerjava.zerodep.shaded.org.apache.hc.client5.http.headers - http-outgoing-2 << Ostype: linux
12:59:36.079 [Test worker] DEBUG com.github.dockerjava.zerodep.shaded.org.apache.hc.client5.http.headers - http-outgoing-2 << Server: Docker/20.10.8 (linux)
12:59:36.079 [Test worker] DEBUG com.github.dockerjava.zerodep.shaded.org.apache.hc.client5.http.headers - http-outgoing-2 << Transfer-Encoding: chunked
12:59:36.079 [Test worker] DEBUG com.github.dockerjava.zerodep.shaded.org.apache.hc.client5.http.impl.classic.MainClientExec - ex-0000000E: connection can be kept alive for 3 MINUTES
12:59:36.079 [Test worker] DEBUG com.github.dockerjava.zerodep.shaded.org.apache.hc.client5.http.wire - http-outgoing-2 << "17c6[\r][\n]"
12:59:36.080 [Test worker] DEBUG com.github.dockerjava.zerodep.shaded.org.apache.hc.client5.http.wire - http-outgoing-2 << "{"Id":"27c1803d0bbfa003062de05bc74e7a05a03b97170fb65f082ed46331573e2d15","Created":"2022-02-01T18:59:35.6538769Z","Path":"docker-entrypoint.sh","Args":["postgres","-c","fsync=off"],"State":{"Status":"running","Running":true,"Paused":false,"Restarting":false,"OOMKilled":false,"Dead":false,"Pid":18577,"ExitCode":0,"Error":"","StartedAt":"2022-02-01T18:59:36.0686171Z","FinishedAt":"0001-01-01T00:00:00Z"},"Image":"sha256:2846754c5b09c3b6265244b8511f6078476a75c588488451cf09d75f30142294","ResolvConfPath":"/var/lib/docker/containers/27c1803d0bbfa003062de05bc74e7a05a03b97170fb65f082ed46331573e2d15/resolv.conf","HostnamePath":"/var/lib/docker/containers/27c1803d0bbfa003062de05bc74e7a05a03b97170fb65f082ed46331573e2d15/hostname","HostsPath":"/var/lib/docker/containers/27c1803d0bbfa003062de05bc74e7a05a03b97170fb65f082ed46331573e2d15/hosts","LogPath":"/var/lib/docker/containers/27c1803d0bbfa003062de05bc74e7a05a03b97170fb65f082ed46331573e2d15/27c1803d0bbfa003062de05bc74e7a05a03b97170fb65f082ed46331573e2d15-json.log","Name":"/suspicious_matsumoto","RestartCount":0,"Driver":"overlay2","Platform":"linux","MountLabel":"","ProcessLabel":"","AppArmorProfile":"","ExecIDs":null,"HostConfig":{"Binds":[],"ContainerIDFile":"","LogConfig":{"Type":"json-file","Config":{}},"NetworkMode":"default","PortBindings":{"5432/tcp":[{"HostIp":"0.0.0.0","HostPort":"0"}]},"RestartPolicy":{"Name":"","MaximumRetryCount":0},"AutoRemove":false,"VolumeDriver":"","VolumesFrom":[],"CapAdd":null,"CapDrop":null,"CgroupnsMode":"host","Dns":null,"DnsOptions":null,"DnsSearch":null,"ExtraHosts":[],"GroupAdd":null,"IpcMode":"shareable","Cgroup":"","Links":null,"OomScoreAdj":0,"PidMode":"","Privileged":false,"PublishAllPorts":false,"ReadonlyRootfs":false,"SecurityOpt":null,"UTSMode":"","UsernsMode":"","ShmSize":67108864,"Runtime":"runc","ConsoleSize":[0,0],"Isolation":"","CpuShares":0,"Memory":0,"NanoCpus":0,"CgroupParent":"","BlkioWeight":0,"BlkioWeightDevice":null,"BlkioDeviceReadBps":null,"BlkioDeviceWriteBps":null,"BlkioDeviceReadIOps":null,"BlkioDeviceWriteIOps":null,"CpuPeriod":0,"CpuQuota":0,"CpuRealtimePeriod":0,"CpuRealtimeRuntime":0,"CpusetCpus":"","CpusetMems":"","Devices":null,"DeviceCgroupRules":null,"DeviceRequests":null,"KernelMemory":0,"KernelMemoryTCP":0,"MemoryReservation":0,"MemorySwap":0,"MemorySwappiness":null,"OomKillDisable":false,"PidsLimit":null,"Ulimits":null,"CpuCount":0,"CpuPercent":0,"IOMaximumIOps":0,"IOMaximumBandwidth":0,"MaskedPaths":["/proc/asound","/proc/acpi","/proc/kcore","/proc/keys","/proc/latency_stats","/proc/timer_list","/proc/timer_stats","/proc/sched_debug","/proc/scsi","/sys/firmware"],"ReadonlyPaths":["/proc/bus","/proc/fs","/proc/irq","/proc/sys","/proc/sysrq-trigger"]},"GraphDriver":{"Data":{"LowerDir":"/var/lib/docker/overlay2/1d1e12a7b450d78785cfa63c0331f6c7d232b48750137eb10516c53b5d0b7069-init/diff:/var/lib/docker/overlay2/55562b049fde0d9720915739b5ee21ff11887c9939a130207aeb57835ade9224/diff:/var/lib/docker/overlay2/eac63e6d30df9072fe39f0f5379fa2f0c361bf2884f396419f7d61d99b882817/diff:/var/lib/docker/overlay2/a6f36237c1a0a44d3055b6ba345ad16d43b7858e5211854093d50f6d6b9ca40d/diff:/var/lib/docker/overlay2/c898a9fec8150f067b688e3f47d94db6765379252265bcb9744367743291f6bb/diff:/var/lib/docker/overlay2/4d97e715ee871ecf18e379a202051e8ab52023707b1267e00a341ad47521fdcc/diff:/var/lib/docker/overlay2/351b2e00a79f50fa2b3258161eec1d5ce6dc900d215ffd79afe83a7d92f6a2e1/diff:/var/lib/docker/overlay2/58469eeb869bad57da8b1227d96b0ae234f4174372691ff4dbabe3ae8685ac6f/diff:/var/lib/docker/overlay2/8169f70f7bcca91bda58a96773576b40405a64e82529ebb61f20bc2764a38281/diff","MergedDir":"/var/lib/docker/overlay2/1d1e12a7b450d78785cfa63c0331f6c7d232b48750137eb10516c53b5d0b7069/merged","UpperDir":"/var/lib/docker/overlay2/1d1e12a7b450d78785cfa63c0331f6c7d232b48750137eb10516c53b5d0b7069/diff","WorkDir":"/var/lib/docker/overlay2/1d1e12a7b450d78785cfa63c0331f6c7d232b48750137eb10516c53b5d0b7069/work"},"Name":"overlay2"},"Mounts":[{"Type":"volume","Name":"e57252d14d6df607829e46f76a961838130f5b076da45117464cf8925c034d9f","Source":"/var/lib/docker/volumes/e57252d14d6df607829e46f76a961838130f5b076da45117464cf8925c034d9f/_data","Destination":"/var/lib/postgresql/data","Driver":"local","Mode":"","RW":true,"Propagation":""}],"Config":{"Hostname":"27c1803d0bbf","Domainname":"","User":"","AttachStdin":false,"AttachStdout":false,"AttachStderr":false,"ExposedPorts":{"5432/tcp":{}},"Tty":false,"OpenStdin":false,"StdinOnce":false,"Env":["POSTGRES_USER=postgres","POSTGRES_PASSWORD=secret","POSTGRES_DB=testdb","PATH=/usr/local/sbin:/usr/local/bin:/usr/sbin:/usr/bin:/sbin:/bin","LANG=en_US.utf8","PG_MAJOR=13","PG_VERSION=13.5","PG_SHA256=9b81067a55edbaabc418aacef457dd8477642827499560b00615a6ea6c13f6b3","PGDATA=/var/lib/postgresql/data"],"Cmd":["postgres","-c","fsync=off"],"Image":"postgres:13-alpine","Volumes":{"/var/lib/postgresql/data":{}},"WorkingDir":"","Entrypoint":["docker-entrypoint.sh"],"OnBuild":null,"Labels":{"org.testcontainers":"true","org.testcontainers.sessionId":"adf05bec-ba78-423d-b8e6-1fe7046cf3a8"},"StopSignal":"SIGINT"},"NetworkSettings":{"Bridge":"","SandboxID":"a25e9acd62e6a8e4f04c8b7cd7dc41e075b2267398c2565f4bffcedddcfe66e3","HairpinMode":false,"LinkLocalIPv6Address":"","LinkLocalIPv6PrefixLen":0,"Ports":{"5432/tcp":[{"HostIp":"0.0.0.0","HostPort":"55167"}]},"SandboxKey":"/var/run/docker/netns/a25e9acd62e6","SecondaryIPAddresses":null,"SecondaryIPv6Addresses":null,"EndpointID":"4a0e768c183c444d3bd4508204661dbab8c304bcf849482c5032b6ae519e9619","Gateway":"172.17.0.1","GlobalIPv6Address":"","GlobalIPv6PrefixLen":0,"IPAddress":"172.17.0.3","IPPrefixLen":16,"IPv6Gateway":"","MacAddress":"02:42:ac:11:00:03","Networks":{"bridge":{"IPAMConfig":null,"Links":null,"Aliases":null,"NetworkID":"d2ad2fc95ea4c7e255eca7d2fadf49d3ae1de9a197598a638a33af102f859f3d","EndpointID":"4a0e768c183c444d3bd4508204661dbab8c304bcf849482c5032b6ae519e9619","Gateway":"172.17.0.1","IPAddress":"172.17.0.3","IPPrefixLen":16,"IPv6Gateway":"","GlobalIPv6Address":"","GlobalIPv6PrefixLen":0,"MacAddress":"02:42:ac:11:00:03","DriverOpts":null}}}}[\n]"
12:59:36.080 [Test worker] DEBUG com.github.dockerjava.zerodep.shaded.org.apache.hc.client5.http.wire - http-outgoing-2 << "[\r][\n]"
12:59:36.080 [Test worker] DEBUG com.github.dockerjava.zerodep.shaded.org.apache.hc.client5.http.wire - http-outgoing-2 << "0[\r][\n]"
12:59:36.080 [Test worker] DEBUG com.github.dockerjava.zerodep.shaded.org.apache.hc.client5.http.wire - http-outgoing-2 << "[\r][\n]"
12:59:36.082 [Test worker] DEBUG com.github.dockerjava.zerodep.shaded.org.apache.hc.client5.http.impl.classic.InternalHttpClient - ep-0000000D: releasing valid endpoint
12:59:36.082 [Test worker] DEBUG com.github.dockerjava.zerodep.shaded.org.apache.hc.client5.http.impl.io.PoolingHttpClientConnectionManager - ep-0000000D: releasing endpoint
12:59:36.082 [Test worker] DEBUG com.github.dockerjava.zerodep.shaded.org.apache.hc.client5.http.impl.io.PoolingHttpClientConnectionManager - ep-0000000D: connection http-outgoing-2 can be kept alive for 3 MINUTES
12:59:36.082 [Test worker] DEBUG com.github.dockerjava.zerodep.shaded.org.apache.hc.client5.http.impl.io.PoolingHttpClientConnectionManager - ep-0000000D: connection released [route: {}->unix://localhost:2375][total available: 1; route allocated: 1 of 2147483647; total allocated: 1 of 2147483647]
12:59:36.083 [ducttape-0] DEBUG org.testcontainers.shaded.com.github.dockerjava.core.command.AbstrDockerCmd - Cmd: 27c1803d0bbfa003062de05bc74e7a05a03b97170fb65f082ed46331573e2d15,false
12:59:36.083 [ducttape-0] DEBUG org.testcontainers.shaded.com.github.dockerjava.core.exec.InspectContainerCmdExec - GET: DefaultWebTarget{path=[/containers/27c1803d0bbfa003062de05bc74e7a05a03b97170fb65f082ed46331573e2d15/json], queryParams={}}
12:59:36.084 [ducttape-0] DEBUG com.github.dockerjava.zerodep.shaded.org.apache.hc.client5.http.impl.classic.InternalHttpClient - ex-0000000F: preparing request execution
12:59:36.084 [ducttape-0] DEBUG com.github.dockerjava.zerodep.shaded.org.apache.hc.client5.http.protocol.RequestAddCookies - Cookie spec selected: strict
12:59:36.084 [ducttape-0] DEBUG com.github.dockerjava.zerodep.shaded.org.apache.hc.client5.http.protocol.RequestAuthCache - Auth cache not set in the context
12:59:36.084 [ducttape-0] DEBUG com.github.dockerjava.zerodep.shaded.org.apache.hc.client5.http.impl.classic.ProtocolExec - ex-0000000F: target auth state: UNCHALLENGED
12:59:36.084 [ducttape-0] DEBUG com.github.dockerjava.zerodep.shaded.org.apache.hc.client5.http.impl.classic.ProtocolExec - ex-0000000F: proxy auth state: UNCHALLENGED
12:59:36.084 [ducttape-0] DEBUG com.github.dockerjava.zerodep.shaded.org.apache.hc.client5.http.impl.classic.ConnectExec - ex-0000000F: acquiring connection with route {}->unix://localhost:2375
12:59:36.084 [ducttape-0] DEBUG com.github.dockerjava.zerodep.shaded.org.apache.hc.client5.http.impl.classic.InternalHttpClient - ex-0000000F: acquiring endpoint (3 MINUTES)
12:59:36.084 [ducttape-0] DEBUG com.github.dockerjava.zerodep.shaded.org.apache.hc.client5.http.impl.io.PoolingHttpClientConnectionManager - ex-0000000F: endpoint lease request (3 MINUTES) [route: {}->unix://localhost:2375][total available: 1; route allocated: 1 of 2147483647; total allocated: 1 of 2147483647]
12:59:36.084 [ducttape-0] DEBUG com.github.dockerjava.zerodep.shaded.org.apache.hc.client5.http.impl.io.PoolingHttpClientConnectionManager - ex-0000000F: endpoint leased [route: {}->unix://localhost:2375][total available: 0; route allocated: 1 of 2147483647; total allocated: 1 of 2147483647]
12:59:36.084 [ducttape-0] DEBUG com.github.dockerjava.zerodep.shaded.org.apache.hc.client5.http.impl.io.PoolingHttpClientConnectionManager - ex-0000000F: acquired ep-0000000E
12:59:36.084 [ducttape-0] DEBUG com.github.dockerjava.zerodep.shaded.org.apache.hc.client5.http.impl.classic.InternalHttpClient - ex-0000000F: acquired endpoint ep-0000000E
12:59:36.084 [ducttape-0] DEBUG com.github.dockerjava.zerodep.shaded.org.apache.hc.client5.http.impl.classic.MainClientExec - ex-0000000F: executing GET /v1.32/containers/27c1803d0bbfa003062de05bc74e7a05a03b97170fb65f082ed46331573e2d15/json HTTP/1.1
12:59:36.084 [ducttape-0] DEBUG com.github.dockerjava.zerodep.shaded.org.apache.hc.client5.http.impl.classic.InternalHttpClient - ep-0000000E: start execution ex-0000000F
12:59:36.084 [ducttape-0] DEBUG com.github.dockerjava.zerodep.shaded.org.apache.hc.client5.http.impl.io.PoolingHttpClientConnectionManager - ep-0000000E: executing exchange ex-0000000F over http-outgoing-2
12:59:36.084 [ducttape-0] DEBUG com.github.dockerjava.zerodep.shaded.org.apache.hc.client5.http.headers - http-outgoing-2 >> GET /v1.32/containers/27c1803d0bbfa003062de05bc74e7a05a03b97170fb65f082ed46331573e2d15/json HTTP/1.1
12:59:36.084 [ducttape-0] DEBUG com.github.dockerjava.zerodep.shaded.org.apache.hc.client5.http.headers - http-outgoing-2 >> accept: application/json
12:59:36.084 [ducttape-0] DEBUG com.github.dockerjava.zerodep.shaded.org.apache.hc.client5.http.headers - http-outgoing-2 >> Accept-Encoding: gzip, x-gzip, deflate
12:59:36.084 [ducttape-0] DEBUG com.github.dockerjava.zerodep.shaded.org.apache.hc.client5.http.headers - http-outgoing-2 >> Host: localhost:2375
12:59:36.084 [ducttape-0] DEBUG com.github.dockerjava.zerodep.shaded.org.apache.hc.client5.http.headers - http-outgoing-2 >> Connection: keep-alive
12:59:36.084 [ducttape-0] DEBUG com.github.dockerjava.zerodep.shaded.org.apache.hc.client5.http.headers - http-outgoing-2 >> User-Agent: Apache-HttpClient/5.0.3 (Java/17.0.1)
12:59:36.085 [ducttape-0] DEBUG com.github.dockerjava.zerodep.shaded.org.apache.hc.client5.http.wire - http-outgoing-2 >> "GET /v1.32/containers/27c1803d0bbfa003062de05bc74e7a05a03b97170fb65f082ed46331573e2d15/json HTTP/1.1[\r][\n]"
12:59:36.085 [ducttape-0] DEBUG com.github.dockerjava.zerodep.shaded.org.apache.hc.client5.http.wire - http-outgoing-2 >> "accept: application/json[\r][\n]"
12:59:36.085 [ducttape-0] DEBUG com.github.dockerjava.zerodep.shaded.org.apache.hc.client5.http.wire - http-outgoing-2 >> "Accept-Encoding: gzip, x-gzip, deflate[\r][\n]"
12:59:36.085 [ducttape-0] DEBUG com.github.dockerjava.zerodep.shaded.org.apache.hc.client5.http.wire - http-outgoing-2 >> "Host: localhost:2375[\r][\n]"
12:59:36.085 [ducttape-0] DEBUG com.github.dockerjava.zerodep.shaded.org.apache.hc.client5.http.wire - http-outgoing-2 >> "Connection: keep-alive[\r][\n]"
12:59:36.085 [ducttape-0] DEBUG com.github.dockerjava.zerodep.shaded.org.apache.hc.client5.http.wire - http-outgoing-2 >> "User-Agent: Apache-HttpClient/5.0.3 (Java/17.0.1)[\r][\n]"
12:59:36.085 [ducttape-0] DEBUG com.github.dockerjava.zerodep.shaded.org.apache.hc.client5.http.wire - http-outgoing-2 >> "[\r][\n]"
12:59:36.087 [ducttape-0] DEBUG com.github.dockerjava.zerodep.shaded.org.apache.hc.client5.http.wire - http-outgoing-2 << "HTTP/1.1 200 OK[\r][\n]"
12:59:36.087 [ducttape-0] DEBUG com.github.dockerjava.zerodep.shaded.org.apache.hc.client5.http.wire - http-outgoing-2 << "Api-Version: 1.41[\r][\n]"
12:59:36.087 [ducttape-0] DEBUG com.github.dockerjava.zerodep.shaded.org.apache.hc.client5.http.wire - http-outgoing-2 << "Content-Type: application/json[\r][\n]"
12:59:36.087 [ducttape-0] DEBUG com.github.dockerjava.zerodep.shaded.org.apache.hc.client5.http.wire - http-outgoing-2 << "Date: Tue, 01 Feb 2022 18:59:36 GMT[\r][\n]"
12:59:36.087 [ducttape-0] DEBUG com.github.dockerjava.zerodep.shaded.org.apache.hc.client5.http.wire - http-outgoing-2 << "Docker-Experimental: false[\r][\n]"
12:59:36.087 [ducttape-0] DEBUG com.github.dockerjava.zerodep.shaded.org.apache.hc.client5.http.wire - http-outgoing-2 << "Ostype: linux[\r][\n]"
12:59:36.087 [ducttape-0] DEBUG com.github.dockerjava.zerodep.shaded.org.apache.hc.client5.http.wire - http-outgoing-2 << "Server: Docker/20.10.8 (linux)[\r][\n]"
12:59:36.087 [ducttape-0] DEBUG com.github.dockerjava.zerodep.shaded.org.apache.hc.client5.http.wire - http-outgoing-2 << "Transfer-Encoding: chunked[\r][\n]"
12:59:36.087 [ducttape-0] DEBUG com.github.dockerjava.zerodep.shaded.org.apache.hc.client5.http.wire - http-outgoing-2 << "[\r][\n]"
12:59:36.087 [ducttape-0] DEBUG com.github.dockerjava.zerodep.shaded.org.apache.hc.client5.http.headers - http-outgoing-2 << HTTP/1.1 200 OK
12:59:36.087 [ducttape-0] DEBUG com.github.dockerjava.zerodep.shaded.org.apache.hc.client5.http.headers - http-outgoing-2 << Api-Version: 1.41
12:59:36.087 [ducttape-0] DEBUG com.github.dockerjava.zerodep.shaded.org.apache.hc.client5.http.headers - http-outgoing-2 << Content-Type: application/json
12:59:36.087 [ducttape-0] DEBUG com.github.dockerjava.zerodep.shaded.org.apache.hc.client5.http.headers - http-outgoing-2 << Date: Tue, 01 Feb 2022 18:59:36 GMT
12:59:36.087 [ducttape-0] DEBUG com.github.dockerjava.zerodep.shaded.org.apache.hc.client5.http.headers - http-outgoing-2 << Docker-Experimental: false
12:59:36.087 [ducttape-0] DEBUG com.github.dockerjava.zerodep.shaded.org.apache.hc.client5.http.headers - http-outgoing-2 << Ostype: linux
12:59:36.087 [ducttape-0] DEBUG com.github.dockerjava.zerodep.shaded.org.apache.hc.client5.http.headers - http-outgoing-2 << Server: Docker/20.10.8 (linux)
12:59:36.087 [ducttape-0] DEBUG com.github.dockerjava.zerodep.shaded.org.apache.hc.client5.http.headers - http-outgoing-2 << Transfer-Encoding: chunked
12:59:36.087 [ducttape-0] DEBUG com.github.dockerjava.zerodep.shaded.org.apache.hc.client5.http.impl.classic.MainClientExec - ex-0000000F: connection can be kept alive for 3 MINUTES
12:59:36.088 [ducttape-0] DEBUG com.github.dockerjava.zerodep.shaded.org.apache.hc.client5.http.wire - http-outgoing-2 << "17c6[\r][\n]"
12:59:36.088 [ducttape-0] DEBUG com.github.dockerjava.zerodep.shaded.org.apache.hc.client5.http.wire - http-outgoing-2 << "{"Id":"27c1803d0bbfa003062de05bc74e7a05a03b97170fb65f082ed46331573e2d15","Created":"2022-02-01T18:59:35.6538769Z","Path":"docker-entrypoint.sh","Args":["postgres","-c","fsync=off"],"State":{"Status":"running","Running":true,"Paused":false,"Restarting":false,"OOMKilled":false,"Dead":false,"Pid":18577,"ExitCode":0,"Error":"","StartedAt":"2022-02-01T18:59:36.0686171Z","FinishedAt":"0001-01-01T00:00:00Z"},"Image":"sha256:2846754c5b09c3b6265244b8511f6078476a75c588488451cf09d75f30142294","ResolvConfPath":"/var/lib/docker/containers/27c1803d0bbfa003062de05bc74e7a05a03b97170fb65f082ed46331573e2d15/resolv.conf","HostnamePath":"/var/lib/docker/containers/27c1803d0bbfa003062de05bc74e7a05a03b97170fb65f082ed46331573e2d15/hostname","HostsPath":"/var/lib/docker/containers/27c1803d0bbfa003062de05bc74e7a05a03b97170fb65f082ed46331573e2d15/hosts","LogPath":"/var/lib/docker/containers/27c1803d0bbfa003062de05bc74e7a05a03b97170fb65f082ed46331573e2d15/27c1803d0bbfa003062de05bc74e7a05a03b97170fb65f082ed46331573e2d15-json.log","Name":"/suspicious_matsumoto","RestartCount":0,"Driver":"overlay2","Platform":"linux","MountLabel":"","ProcessLabel":"","AppArmorProfile":"","ExecIDs":null,"HostConfig":{"Binds":[],"ContainerIDFile":"","LogConfig":{"Type":"json-file","Config":{}},"NetworkMode":"default","PortBindings":{"5432/tcp":[{"HostIp":"0.0.0.0","HostPort":"0"}]},"RestartPolicy":{"Name":"","MaximumRetryCount":0},"AutoRemove":false,"VolumeDriver":"","VolumesFrom":[],"CapAdd":null,"CapDrop":null,"CgroupnsMode":"host","Dns":null,"DnsOptions":null,"DnsSearch":null,"ExtraHosts":[],"GroupAdd":null,"IpcMode":"shareable","Cgroup":"","Links":null,"OomScoreAdj":0,"PidMode":"","Privileged":false,"PublishAllPorts":false,"ReadonlyRootfs":false,"SecurityOpt":null,"UTSMode":"","UsernsMode":"","ShmSize":67108864,"Runtime":"runc","ConsoleSize":[0,0],"Isolation":"","CpuShares":0,"Memory":0,"NanoCpus":0,"CgroupParent":"","BlkioWeight":0,"BlkioWeightDevice":null,"BlkioDeviceReadBps":null,"BlkioDeviceWriteBps":null,"BlkioDeviceReadIOps":null,"BlkioDeviceWriteIOps":null,"CpuPeriod":0,"CpuQuota":0,"CpuRealtimePeriod":0,"CpuRealtimeRuntime":0,"CpusetCpus":"","CpusetMems":"","Devices":null,"DeviceCgroupRules":null,"DeviceRequests":null,"KernelMemory":0,"KernelMemoryTCP":0,"MemoryReservation":0,"MemorySwap":0,"MemorySwappiness":null,"OomKillDisable":false,"PidsLimit":null,"Ulimits":null,"CpuCount":0,"CpuPercent":0,"IOMaximumIOps":0,"IOMaximumBandwidth":0,"MaskedPaths":["/proc/asound","/proc/acpi","/proc/kcore","/proc/keys","/proc/latency_stats","/proc/timer_list","/proc/timer_stats","/proc/sched_debug","/proc/scsi","/sys/firmware"],"ReadonlyPaths":["/proc/bus","/proc/fs","/proc/irq","/proc/sys","/proc/sysrq-trigger"]},"GraphDriver":{"Data":{"LowerDir":"/var/lib/docker/overlay2/1d1e12a7b450d78785cfa63c0331f6c7d232b48750137eb10516c53b5d0b7069-init/diff:/var/lib/docker/overlay2/55562b049fde0d9720915739b5ee21ff11887c9939a130207aeb57835ade9224/diff:/var/lib/docker/overlay2/eac63e6d30df9072fe39f0f5379fa2f0c361bf2884f396419f7d61d99b882817/diff:/var/lib/docker/overlay2/a6f36237c1a0a44d3055b6ba345ad16d43b7858e5211854093d50f6d6b9ca40d/diff:/var/lib/docker/overlay2/c898a9fec8150f067b688e3f47d94db6765379252265bcb9744367743291f6bb/diff:/var/lib/docker/overlay2/4d97e715ee871ecf18e379a202051e8ab52023707b1267e00a341ad47521fdcc/diff:/var/lib/docker/overlay2/351b2e00a79f50fa2b3258161eec1d5ce6dc900d215ffd79afe83a7d92f6a2e1/diff:/var/lib/docker/overlay2/58469eeb869bad57da8b1227d96b0ae234f4174372691ff4dbabe3ae8685ac6f/diff:/var/lib/docker/overlay2/8169f70f7bcca91bda58a96773576b40405a64e82529ebb61f20bc2764a38281/diff","MergedDir":"/var/lib/docker/overlay2/1d1e12a7b450d78785cfa63c0331f6c7d232b48750137eb10516c53b5d0b7069/merged","UpperDir":"/var/lib/docker/overlay2/1d1e12a7b450d78785cfa63c0331f6c7d232b48750137eb10516c53b5d0b7069/diff","WorkDir":"/var/lib/docker/overlay2/1d1e12a7b450d78785cfa63c0331f6c7d232b48750137eb10516c53b5d0b7069/work"},"Name":"overlay2"},"Mounts":[{"Type":"volume","Name":"e57252d14d6df607829e46f76a961838130f5b076da45117464cf8925c034d9f","Source":"/var/lib/docker/volumes/e57252d14d6df607829e46f76a961838130f5b076da45117464cf8925c034d9f/_data","Destination":"/var/lib/postgresql/data","Driver":"local","Mode":"","RW":true,"Propagation":""}],"Config":{"Hostname":"27c1803d0bbf","Domainname":"","User":"","AttachStdin":false,"AttachStdout":false,"AttachStderr":false,"ExposedPorts":{"5432/tcp":{}},"Tty":false,"OpenStdin":false,"StdinOnce":false,"Env":["POSTGRES_USER=postgres","POSTGRES_PASSWORD=secret","POSTGRES_DB=testdb","PATH=/usr/local/sbin:/usr/local/bin:/usr/sbin:/usr/bin:/sbin:/bin","LANG=en_US.utf8","PG_MAJOR=13","PG_VERSION=13.5","PG_SHA256=9b81067a55edbaabc418aacef457dd8477642827499560b00615a6ea6c13f6b3","PGDATA=/var/lib/postgresql/data"],"Cmd":["postgres","-c","fsync=off"],"Image":"postgres:13-alpine","Volumes":{"/var/lib/postgresql/data":{}},"WorkingDir":"","Entrypoint":["docker-entrypoint.sh"],"OnBuild":null,"Labels":{"org.testcontainers":"true","org.testcontainers.sessionId":"adf05bec-ba78-423d-b8e6-1fe7046cf3a8"},"StopSignal":"SIGINT"},"NetworkSettings":{"Bridge":"","SandboxID":"a25e9acd62e6a8e4f04c8b7cd7dc41e075b2267398c2565f4bffcedddcfe66e3","HairpinMode":false,"LinkLocalIPv6Address":"","LinkLocalIPv6PrefixLen":0,"Ports":{"5432/tcp":[{"HostIp":"0.0.0.0","HostPort":"55167"}]},"SandboxKey":"/var/run/docker/netns/a25e9acd62e6","SecondaryIPAddresses":null,"SecondaryIPv6Addresses":null,"EndpointID":"4a0e768c183c444d3bd4508204661dbab8c304bcf849482c5032b6ae519e9619","Gateway":"172.17.0.1","GlobalIPv6Address":"","GlobalIPv6PrefixLen":0,"IPAddress":"172.17.0.3","IPPrefixLen":16,"IPv6Gateway":"","MacAddress":"02:42:ac:11:00:03","Networks":{"bridge":{"IPAMConfig":null,"Links":null,"Aliases":null,"NetworkID":"d2ad2fc95ea4c7e255eca7d2fadf49d3ae1de9a197598a638a33af102f859f3d","EndpointID":"4a0e768c183c444d3bd4508204661dbab8c304bcf849482c5032b6ae519e9619","Gateway":"172.17.0.1","IPAddress":"172.17.0.3","IPPrefixLen":16,"IPv6Gateway":"","GlobalIPv6Address":"","GlobalIPv6PrefixLen":0,"MacAddress":"02:42:ac:11:00:03","DriverOpts":null}}}}[\n]"
12:59:36.088 [ducttape-0] DEBUG com.github.dockerjava.zerodep.shaded.org.apache.hc.client5.http.wire - http-outgoing-2 << "[\r][\n]"
12:59:36.090 [ducttape-0] DEBUG com.github.dockerjava.zerodep.shaded.org.apache.hc.client5.http.wire - http-outgoing-2 << "0[\r][\n]"
12:59:36.091 [ducttape-0] DEBUG com.github.dockerjava.zerodep.shaded.org.apache.hc.client5.http.wire - http-outgoing-2 << "[\r][\n]"
12:59:36.091 [ducttape-0] DEBUG com.github.dockerjava.zerodep.shaded.org.apache.hc.client5.http.impl.classic.InternalHttpClient - ep-0000000E: releasing valid endpoint
12:59:36.091 [ducttape-0] DEBUG com.github.dockerjava.zerodep.shaded.org.apache.hc.client5.http.impl.io.PoolingHttpClientConnectionManager - ep-0000000E: releasing endpoint
12:59:36.091 [ducttape-0] DEBUG com.github.dockerjava.zerodep.shaded.org.apache.hc.client5.http.impl.io.PoolingHttpClientConnectionManager - ep-0000000E: connection http-outgoing-2 can be kept alive for 3 MINUTES
12:59:36.091 [ducttape-0] DEBUG com.github.dockerjava.zerodep.shaded.org.apache.hc.client5.http.impl.io.PoolingHttpClientConnectionManager - ep-0000000E: connection released [route: {}->unix://localhost:2375][total available: 1; route allocated: 1 of 2147483647; total allocated: 1 of 2147483647]
12:59:36.094 [docker-java-stream-222914834] DEBUG com.github.dockerjava.zerodep.shaded.org.apache.hc.client5.http.impl.classic.InternalHttpClient - ex-00000010: preparing request execution
12:59:36.094 [docker-java-stream-222914834] DEBUG com.github.dockerjava.zerodep.shaded.org.apache.hc.client5.http.protocol.RequestAddCookies - Cookie spec selected: strict
12:59:36.094 [docker-java-stream-222914834] DEBUG com.github.dockerjava.zerodep.shaded.org.apache.hc.client5.http.protocol.RequestAuthCache - Auth cache not set in the context
12:59:36.094 [docker-java-stream-222914834] DEBUG com.github.dockerjava.zerodep.shaded.org.apache.hc.client5.http.impl.classic.ProtocolExec - ex-00000010: target auth state: UNCHALLENGED
12:59:36.094 [docker-java-stream-222914834] DEBUG com.github.dockerjava.zerodep.shaded.org.apache.hc.client5.http.impl.classic.ProtocolExec - ex-00000010: proxy auth state: UNCHALLENGED
12:59:36.094 [docker-java-stream-222914834] DEBUG com.github.dockerjava.zerodep.shaded.org.apache.hc.client5.http.impl.classic.ConnectExec - ex-00000010: acquiring connection with route {}->unix://localhost:2375
12:59:36.094 [docker-java-stream-222914834] DEBUG com.github.dockerjava.zerodep.shaded.org.apache.hc.client5.http.impl.classic.InternalHttpClient - ex-00000010: acquiring endpoint (3 MINUTES)
12:59:36.095 [docker-java-stream-222914834] DEBUG com.github.dockerjava.zerodep.shaded.org.apache.hc.client5.http.impl.io.PoolingHttpClientConnectionManager - ex-00000010: endpoint lease request (3 MINUTES) [route: {}->unix://localhost:2375][total available: 1; route allocated: 1 of 2147483647; total allocated: 1 of 2147483647]
12:59:36.095 [docker-java-stream-222914834] DEBUG com.github.dockerjava.zerodep.shaded.org.apache.hc.client5.http.impl.io.PoolingHttpClientConnectionManager - ex-00000010: endpoint leased [route: {}->unix://localhost:2375][total available: 0; route allocated: 1 of 2147483647; total allocated: 1 of 2147483647]
12:59:36.095 [docker-java-stream-222914834] DEBUG com.github.dockerjava.zerodep.shaded.org.apache.hc.client5.http.impl.io.PoolingHttpClientConnectionManager - ex-00000010: acquired ep-0000000F
12:59:36.095 [docker-java-stream-222914834] DEBUG com.github.dockerjava.zerodep.shaded.org.apache.hc.client5.http.impl.classic.InternalHttpClient - ex-00000010: acquired endpoint ep-0000000F
12:59:36.095 [docker-java-stream-222914834] DEBUG com.github.dockerjava.zerodep.shaded.org.apache.hc.client5.http.impl.classic.MainClientExec - ex-00000010: executing GET /v1.32/containers/27c1803d0bbfa003062de05bc74e7a05a03b97170fb65f082ed46331573e2d15/logs?stdout=true&stderr=true&follow=true&since=0 HTTP/1.1
12:59:36.095 [docker-java-stream-222914834] DEBUG com.github.dockerjava.zerodep.shaded.org.apache.hc.client5.http.impl.classic.InternalHttpClient - ep-0000000F: start execution ex-00000010
12:59:36.095 [docker-java-stream-222914834] DEBUG com.github.dockerjava.zerodep.shaded.org.apache.hc.client5.http.impl.io.PoolingHttpClientConnectionManager - ep-0000000F: executing exchange ex-00000010 over http-outgoing-2
12:59:36.095 [docker-java-stream-222914834] DEBUG com.github.dockerjava.zerodep.shaded.org.apache.hc.client5.http.headers - http-outgoing-2 >> GET /v1.32/containers/27c1803d0bbfa003062de05bc74e7a05a03b97170fb65f082ed46331573e2d15/logs?stdout=true&stderr=true&follow=true&since=0 HTTP/1.1
12:59:36.095 [docker-java-stream-222914834] DEBUG com.github.dockerjava.zerodep.shaded.org.apache.hc.client5.http.headers - http-outgoing-2 >> Accept-Encoding: gzip, x-gzip, deflate
12:59:36.095 [docker-java-stream-222914834] DEBUG com.github.dockerjava.zerodep.shaded.org.apache.hc.client5.http.headers - http-outgoing-2 >> Host: localhost:2375
12:59:36.095 [docker-java-stream-222914834] DEBUG com.github.dockerjava.zerodep.shaded.org.apache.hc.client5.http.headers - http-outgoing-2 >> Connection: keep-alive
12:59:36.095 [docker-java-stream-222914834] DEBUG com.github.dockerjava.zerodep.shaded.org.apache.hc.client5.http.headers - http-outgoing-2 >> User-Agent: Apache-HttpClient/5.0.3 (Java/17.0.1)
12:59:36.095 [docker-java-stream-222914834] DEBUG com.github.dockerjava.zerodep.shaded.org.apache.hc.client5.http.wire - http-outgoing-2 >> "GET /v1.32/containers/27c1803d0bbfa003062de05bc74e7a05a03b97170fb65f082ed46331573e2d15/logs?stdout=true&stderr=true&follow=true&since=0 HTTP/1.1[\r][\n]"
12:59:36.095 [docker-java-stream-222914834] DEBUG com.github.dockerjava.zerodep.shaded.org.apache.hc.client5.http.wire - http-outgoing-2 >> "Accept-Encoding: gzip, x-gzip, deflate[\r][\n]"
12:59:36.095 [docker-java-stream-222914834] DEBUG com.github.dockerjava.zerodep.shaded.org.apache.hc.client5.http.wire - http-outgoing-2 >> "Host: localhost:2375[\r][\n]"
12:59:36.095 [docker-java-stream-222914834] DEBUG com.github.dockerjava.zerodep.shaded.org.apache.hc.client5.http.wire - http-outgoing-2 >> "Connection: keep-alive[\r][\n]"
12:59:36.095 [docker-java-stream-222914834] DEBUG com.github.dockerjava.zerodep.shaded.org.apache.hc.client5.http.wire - http-outgoing-2 >> "User-Agent: Apache-HttpClient/5.0.3 (Java/17.0.1)[\r][\n]"
12:59:36.095 [docker-java-stream-222914834] DEBUG com.github.dockerjava.zerodep.shaded.org.apache.hc.client5.http.wire - http-outgoing-2 >> "[\r][\n]"
12:59:36.098 [docker-java-stream-222914834] DEBUG com.github.dockerjava.zerodep.shaded.org.apache.hc.client5.http.wire - http-outgoing-2 << "HTTP/1.1 200 OK[\r][\n]"
12:59:36.098 [docker-java-stream-222914834] DEBUG com.github.dockerjava.zerodep.shaded.org.apache.hc.client5.http.wire - http-outgoing-2 << "Api-Version: 1.41[\r][\n]"
12:59:36.098 [docker-java-stream-222914834] DEBUG com.github.dockerjava.zerodep.shaded.org.apache.hc.client5.http.wire - http-outgoing-2 << "Date: Tue, 01 Feb 2022 18:59:36 GMT[\r][\n]"
12:59:36.098 [docker-java-stream-222914834] DEBUG com.github.dockerjava.zerodep.shaded.org.apache.hc.client5.http.wire - http-outgoing-2 << "Docker-Experimental: false[\r][\n]"
12:59:36.098 [docker-java-stream-222914834] DEBUG com.github.dockerjava.zerodep.shaded.org.apache.hc.client5.http.wire - http-outgoing-2 << "Ostype: linux[\r][\n]"
12:59:36.098 [docker-java-stream-222914834] DEBUG com.github.dockerjava.zerodep.shaded.org.apache.hc.client5.http.wire - http-outgoing-2 << "Server: Docker/20.10.8 (linux)[\r][\n]"
12:59:36.098 [docker-java-stream-222914834] DEBUG com.github.dockerjava.zerodep.shaded.org.apache.hc.client5.http.wire - http-outgoing-2 << "Transfer-Encoding: chunked[\r][\n]"
12:59:36.098 [docker-java-stream-222914834] DEBUG com.github.dockerjava.zerodep.shaded.org.apache.hc.client5.http.wire - http-outgoing-2 << "[\r][\n]"
12:59:36.098 [docker-java-stream-222914834] DEBUG com.github.dockerjava.zerodep.shaded.org.apache.hc.client5.http.headers - http-outgoing-2 << HTTP/1.1 200 OK
12:59:36.098 [docker-java-stream-222914834] DEBUG com.github.dockerjava.zerodep.shaded.org.apache.hc.client5.http.headers - http-outgoing-2 << Api-Version: 1.41
12:59:36.098 [docker-java-stream-222914834] DEBUG com.github.dockerjava.zerodep.shaded.org.apache.hc.client5.http.headers - http-outgoing-2 << Date: Tue, 01 Feb 2022 18:59:36 GMT
12:59:36.098 [docker-java-stream-222914834] DEBUG com.github.dockerjava.zerodep.shaded.org.apache.hc.client5.http.headers - http-outgoing-2 << Docker-Experimental: false
12:59:36.099 [docker-java-stream-222914834] DEBUG com.github.dockerjava.zerodep.shaded.org.apache.hc.client5.http.headers - http-outgoing-2 << Ostype: linux
12:59:36.099 [docker-java-stream-222914834] DEBUG com.github.dockerjava.zerodep.shaded.org.apache.hc.client5.http.headers - http-outgoing-2 << Server: Docker/20.10.8 (linux)
12:59:36.099 [docker-java-stream-222914834] DEBUG com.github.dockerjava.zerodep.shaded.org.apache.hc.client5.http.headers - http-outgoing-2 << Transfer-Encoding: chunked
12:59:36.099 [docker-java-stream-222914834] DEBUG com.github.dockerjava.zerodep.shaded.org.apache.hc.client5.http.impl.classic.MainClientExec - ex-00000010: connection can be kept alive for 3 MINUTES
12:59:36.111 [docker-java-stream-222914834] DEBUG com.github.dockerjava.zerodep.shaded.org.apache.hc.client5.http.wire - http-outgoing-2 << "93[\r][\n]"
12:59:36.112 [docker-java-stream-222914834] DEBUG com.github.dockerjava.zerodep.shaded.org.apache.hc.client5.http.wire - http-outgoing-2 << "[0x1][0x0][0x0][0x0][0x0][0x0][0x0]NThe files belonging to this database system will be owned by user "postgres".[\n]"
12:59:36.112 [docker-java-stream-222914834] DEBUG com.github.dockerjava.zerodep.shaded.org.apache.hc.client5.http.wire - http-outgoing-2 << "[0x1][0x0][0x0][0x0][0x0][0x0][0x0],This user must also own the server process.[\n]"
12:59:36.112 [docker-java-stream-222914834] DEBUG com.github.dockerjava.zerodep.shaded.org.apache.hc.client5.http.wire - http-outgoing-2 << "[0x1][0x0][0x0][0x0][0x0][0x0][0x0][0x1][\n]"
12:59:36.112 [docker-java-stream-222914834] DEBUG com.github.dockerjava.zerodep.shaded.org.apache.hc.client5.http.wire - http-outgoing-2 << "[\r][\n]"
12:59:36.114 [Test worker] DEBUG org.testcontainers.containers.output.WaitingConsumer - STDOUT: The files belonging to this database system will be owned by user "postgres".
12:59:36.114 [docker-java-stream-222914834] DEBUG com.github.dockerjava.zerodep.shaded.org.apache.hc.client5.http.wire - http-outgoing-2 << "16a[\r][\n]"
12:59:36.114 [docker-java-stream-222914834] DEBUG com.github.dockerjava.zerodep.shaded.org.apache.hc.client5.http.wire - http-outgoing-2 << "[0x1][0x0][0x0][0x0][0x0][0x0][0x0]CThe database cluster will be initialized with locale "en_US.utf8".[\n]"
12:59:36.114 [docker-java-stream-222914834] DEBUG com.github.dockerjava.zerodep.shaded.org.apache.hc.client5.http.wire - http-outgoing-2 << "[0x1][0x0][0x0][0x0][0x0][0x0][0x0]BThe default database encoding has accordingly been set to "UTF8".[\n]"
12:59:36.114 [docker-java-stream-222914834] DEBUG com.github.dockerjava.zerodep.shaded.org.apache.hc.client5.http.wire - http-outgoing-2 << "[0x1][0x0][0x0][0x0][0x0][0x0][0x0]@The default text search configuration will be set to "english".[\n]"
12:59:36.114 [docker-java-stream-222914834] DEBUG com.github.dockerjava.zerodep.shaded.org.apache.hc.client5.http.wire - http-outgoing-2 << "[0x1][0x0][0x0][0x0][0x0][0x0][0x0][0x1][\n]"
12:59:36.114 [docker-java-stream-222914834] DEBUG com.github.dockerjava.zerodep.shaded.org.apache.hc.client5.http.wire - http-outgoing-2 << "[0x1][0x0][0x0][0x0][0x0][0x0][0x0]"Data page checksums are disabled.[\n]"
12:59:36.114 [docker-java-stream-222914834] DEBUG com.github.dockerjava.zerodep.shaded.org.apache.hc.client5.http.wire - http-outgoing-2 << "[0x1][0x0][0x0][0x0][0x0][0x0][0x0][0x1][\n]"
12:59:36.114 [docker-java-stream-222914834] DEBUG com.github.dockerjava.zerodep.shaded.org.apache.hc.client5.http.wire - http-outgoing-2 << "[0x1][0x0][0x0][0x0][0x0][0x0][0x0]Ifixing permissions on existing directory /var/lib/postgresql/data ... ok[\n]"
12:59:36.114 [docker-java-stream-222914834] DEBUG com.github.dockerjava.zerodep.shaded.org.apache.hc.client5.http.wire - http-outgoing-2 << "[\r][\n]"
12:59:36.114 [Test worker] DEBUG org.testcontainers.containers.output.WaitingConsumer - STDOUT: 
12:59:36.115 [Test worker] DEBUG org.testcontainers.containers.output.WaitingConsumer - STDOUT: The default database encoding has accordingly been set to "UTF8".
12:59:36.115 [docker-java-stream-222914834] DEBUG com.github.dockerjava.zerodep.shaded.org.apache.hc.client5.http.wire - http-outgoing-2 << "68[\r][\n]"
12:59:36.115 [docker-java-stream-222914834] DEBUG com.github.dockerjava.zerodep.shaded.org.apache.hc.client5.http.wire - http-outgoing-2 << "[0x1][0x0][0x0][0x0][0x0][0x0][0x0][0x1f]creating subdirectories ... ok[\n]"
12:59:36.115 [docker-java-stream-222914834] DEBUG com.github.dockerjava.zerodep.shaded.org.apache.hc.client5.http.wire - http-outgoing-2 << "[0x1][0x0][0x0][0x0][0x0][0x0][0x0]9selecting dynamic shared memory implementation ... posix[\n]"
12:59:36.115 [docker-java-stream-222914834] DEBUG com.github.dockerjava.zerodep.shaded.org.apache.hc.client5.http.wire - http-outgoing-2 << "[\r][\n]"
12:59:36.115 [Test worker] DEBUG org.testcontainers.containers.output.WaitingConsumer - STDOUT: fixing permissions on existing directory /var/lib/postgresql/data ... ok
12:59:36.115 [Test worker] DEBUG org.testcontainers.containers.output.WaitingConsumer - STDOUT: selecting dynamic shared memory implementation ... posix
12:59:36.115 [Test worker] DEBUG org.testcontainers.containers.output.WaitingConsumer - STDOUT: creating subdirectories ... ok
12:59:36.115 [Test worker] DEBUG org.testcontainers.containers.output.WaitingConsumer - STDOUT: 
12:59:36.115 [Test worker] DEBUG org.testcontainers.containers.output.WaitingConsumer - STDOUT: Data page checksums are disabled.
12:59:36.115 [Test worker] DEBUG org.testcontainers.containers.output.WaitingConsumer - STDOUT: 
12:59:36.116 [Test worker] DEBUG org.testcontainers.containers.output.WaitingConsumer - STDOUT: The default text search configuration will be set to "english".
12:59:36.116 [Test worker] DEBUG org.testcontainers.containers.output.WaitingConsumer - STDOUT: The database cluster will be initialized with locale "en_US.utf8".
12:59:36.116 [Test worker] DEBUG org.testcontainers.containers.output.WaitingConsumer - STDOUT: This user must also own the server process.
12:59:36.130 [docker-java-stream-222914834] DEBUG com.github.dockerjava.zerodep.shaded.org.apache.hc.client5.http.wire - http-outgoing-2 << "32[\r][\n]"
12:59:36.130 [docker-java-stream-222914834] DEBUG com.github.dockerjava.zerodep.shaded.org.apache.hc.client5.http.wire - http-outgoing-2 << "[0x1][0x0][0x0][0x0][0x0][0x0][0x0]*selecting default max_connections ... 100[\n]"
12:59:36.130 [docker-java-stream-222914834] DEBUG com.github.dockerjava.zerodep.shaded.org.apache.hc.client5.http.wire - http-outgoing-2 << "[\r][\n]"
12:59:36.131 [Test worker] DEBUG org.testcontainers.containers.output.WaitingConsumer - STDOUT: selecting default max_connections ... 100
12:59:36.151 [docker-java-stream-222914834] DEBUG com.github.dockerjava.zerodep.shaded.org.apache.hc.client5.http.wire - http-outgoing-2 << "33[\r][\n]"
12:59:36.151 [docker-java-stream-222914834] DEBUG com.github.dockerjava.zerodep.shaded.org.apache.hc.client5.http.wire - http-outgoing-2 << "[0x1][0x0][0x0][0x0][0x0][0x0][0x0]+selecting default shared_buffers ... 128MB[\n]"
12:59:36.151 [docker-java-stream-222914834] DEBUG com.github.dockerjava.zerodep.shaded.org.apache.hc.client5.http.wire - http-outgoing-2 << "[\r][\n]"
12:59:36.152 [Test worker] DEBUG org.testcontainers.containers.output.WaitingConsumer - STDOUT: selecting default shared_buffers ... 128MB
12:59:36.280 [docker-java-stream-222914834] DEBUG com.github.dockerjava.zerodep.shaded.org.apache.hc.client5.http.wire - http-outgoing-2 << "2c[\r][\n]"
12:59:36.280 [docker-java-stream-222914834] DEBUG com.github.dockerjava.zerodep.shaded.org.apache.hc.client5.http.wire - http-outgoing-2 << "[0x1][0x0][0x0][0x0][0x0][0x0][0x0]$selecting default time zone ... UTC[\n]"
12:59:36.280 [docker-java-stream-222914834] DEBUG com.github.dockerjava.zerodep.shaded.org.apache.hc.client5.http.wire - http-outgoing-2 << "[\r][\n]"
12:59:36.280 [Test worker] DEBUG org.testcontainers.containers.output.WaitingConsumer - STDOUT: selecting default time zone ... UTC
12:59:36.284 [docker-java-stream-222914834] DEBUG com.github.dockerjava.zerodep.shaded.org.apache.hc.client5.http.wire - http-outgoing-2 << "2c[\r][\n]"
12:59:36.284 [docker-java-stream-222914834] DEBUG com.github.dockerjava.zerodep.shaded.org.apache.hc.client5.http.wire - http-outgoing-2 << "[0x1][0x0][0x0][0x0][0x0][0x0][0x0]$creating configuration files ... ok[\n]"
12:59:36.284 [docker-java-stream-222914834] DEBUG com.github.dockerjava.zerodep.shaded.org.apache.hc.client5.http.wire - http-outgoing-2 << "[\r][\n]"
12:59:36.291 [Test worker] DEBUG org.testcontainers.containers.output.WaitingConsumer - STDOUT: creating configuration files ... ok
12:59:36.436 [docker-java-stream-222914834] DEBUG com.github.dockerjava.zerodep.shaded.org.apache.hc.client5.http.wire - http-outgoing-2 << "28[\r][\n]"
12:59:36.436 [docker-java-stream-222914834] DEBUG com.github.dockerjava.zerodep.shaded.org.apache.hc.client5.http.wire - http-outgoing-2 << "[0x1][0x0][0x0][0x0][0x0][0x0][0x0] running bootstrap script ... ok[\n]"
12:59:36.436 [docker-java-stream-222914834] DEBUG com.github.dockerjava.zerodep.shaded.org.apache.hc.client5.http.wire - http-outgoing-2 << "[\r][\n]"
12:59:36.436 [Test worker] DEBUG org.testcontainers.containers.output.WaitingConsumer - STDOUT: running bootstrap script ... ok
12:59:36.699 [docker-java-stream-222914834] DEBUG com.github.dockerjava.zerodep.shaded.org.apache.hc.client5.http.wire - http-outgoing-2 << "75[\r][\n]"
12:59:36.699 [docker-java-stream-222914834] DEBUG com.github.dockerjava.zerodep.shaded.org.apache.hc.client5.http.wire - http-outgoing-2 << "[0x2][0x0][0x0][0x0][0x0][0x0][0x0][0x16]sh: locale: not found[\n]"
12:59:36.699 [docker-java-stream-222914834] DEBUG com.github.dockerjava.zerodep.shaded.org.apache.hc.client5.http.wire - http-outgoing-2 << "[0x2][0x0][0x0][0x0][0x0][0x0][0x0]O2022-02-01 18:59:36.701 UTC [31] WARNING:  no usable system locales were found[\n]"
12:59:36.699 [docker-java-stream-222914834] DEBUG com.github.dockerjava.zerodep.shaded.org.apache.hc.client5.http.wire - http-outgoing-2 << "[\r][\n]"
12:59:36.700 [Test worker] DEBUG org.testcontainers.containers.output.WaitingConsumer - STDERR: sh: locale: not found
12:59:36.700 [Test worker] DEBUG org.testcontainers.containers.output.WaitingConsumer - STDERR: 2022-02-01 18:59:36.701 UTC [31] WARNING:  no usable system locales were found
12:59:37.366 [docker-java-stream-222914834] DEBUG com.github.dockerjava.zerodep.shaded.org.apache.hc.client5.http.wire - http-outgoing-2 << "38[\r][\n]"
12:59:37.366 [docker-java-stream-222914834] DEBUG com.github.dockerjava.zerodep.shaded.org.apache.hc.client5.http.wire - http-outgoing-2 << "[0x1][0x0][0x0][0x0][0x0][0x0][0x0]0performing post-bootstrap initialization ... ok[\n]"
12:59:37.366 [docker-java-stream-222914834] DEBUG com.github.dockerjava.zerodep.shaded.org.apache.hc.client5.http.wire - http-outgoing-2 << "[\r][\n]"
12:59:37.366 [Test worker] DEBUG org.testcontainers.containers.output.WaitingConsumer - STDOUT: performing post-bootstrap initialization ... ok
12:59:37.634 [docker-java-stream-222914834] DEBUG com.github.dockerjava.zerodep.shaded.org.apache.hc.client5.http.wire - http-outgoing-2 << "24[\r][\n]"
12:59:37.634 [docker-java-stream-222914834] DEBUG com.github.dockerjava.zerodep.shaded.org.apache.hc.client5.http.wire - http-outgoing-2 << "[0x1][0x0][0x0][0x0][0x0][0x0][0x0][0x1c]syncing data to disk ... ok[\n]"
12:59:37.634 [docker-java-stream-222914834] DEBUG com.github.dockerjava.zerodep.shaded.org.apache.hc.client5.http.wire - http-outgoing-2 << "[\r][\n]"
12:59:37.634 [docker-java-stream-222914834] DEBUG com.github.dockerjava.zerodep.shaded.org.apache.hc.client5.http.wire - http-outgoing-2 << "9[\r][\n]"
12:59:37.634 [docker-java-stream-222914834] DEBUG com.github.dockerjava.zerodep.shaded.org.apache.hc.client5.http.wire - http-outgoing-2 << "[0x1][0x0][0x0][0x0][0x0][0x0][0x0][0x1][\n]"
12:59:37.634 [docker-java-stream-222914834] DEBUG com.github.dockerjava.zerodep.shaded.org.apache.hc.client5.http.wire - http-outgoing-2 << "[\r][\n]"
12:59:37.634 [Test worker] DEBUG org.testcontainers.containers.output.WaitingConsumer - STDOUT: syncing data to disk ... ok
12:59:37.634 [docker-java-stream-222914834] DEBUG com.github.dockerjava.zerodep.shaded.org.apache.hc.client5.http.wire - http-outgoing-2 << "9[\r][\n]"
12:59:37.634 [docker-java-stream-222914834] DEBUG com.github.dockerjava.zerodep.shaded.org.apache.hc.client5.http.wire - http-outgoing-2 << "[0x1][0x0][0x0][0x0][0x0][0x0][0x0][0x1][\n]"
12:59:37.634 [docker-java-stream-222914834] DEBUG com.github.dockerjava.zerodep.shaded.org.apache.hc.client5.http.wire - http-outgoing-2 << "[\r][\n]"
12:59:37.634 [Test worker] DEBUG org.testcontainers.containers.output.WaitingConsumer - STDOUT: 
12:59:37.634 [Test worker] DEBUG org.testcontainers.containers.output.WaitingConsumer - STDOUT: 
12:59:37.634 [docker-java-stream-222914834] DEBUG com.github.dockerjava.zerodep.shaded.org.apache.hc.client5.http.wire - http-outgoing-2 << "12d[\r][\n]"
12:59:37.635 [docker-java-stream-222914834] DEBUG com.github.dockerjava.zerodep.shaded.org.apache.hc.client5.http.wire - http-outgoing-2 << "[0x1][0x0][0x0][0x0][0x0][0x0][0x0]6Success. You can now start the database server using:[\n]"
12:59:37.635 [docker-java-stream-222914834] DEBUG com.github.dockerjava.zerodep.shaded.org.apache.hc.client5.http.wire - http-outgoing-2 << "[0x1][0x0][0x0][0x0][0x0][0x0][0x0][0x1][\n]"
12:59:37.635 [docker-java-stream-222914834] DEBUG com.github.dockerjava.zerodep.shaded.org.apache.hc.client5.http.wire - http-outgoing-2 << "[0x1][0x0][0x0][0x0][0x0][0x0][0x0]8    pg_ctl -D /var/lib/postgresql/data -l logfile start[\n]"
12:59:37.635 [docker-java-stream-222914834] DEBUG com.github.dockerjava.zerodep.shaded.org.apache.hc.client5.http.wire - http-outgoing-2 << "[0x1][0x0][0x0][0x0][0x0][0x0][0x0][0x1][\n]"
12:59:37.635 [docker-java-stream-222914834] DEBUG com.github.dockerjava.zerodep.shaded.org.apache.hc.client5.http.wire - http-outgoing-2 << "[0x2][0x0][0x0][0x0][0x0][0x0][0x0]Ginitdb: warning: enabling "trust" authentication for local connections[\n]"
12:59:37.635 [docker-java-stream-222914834] DEBUG com.github.dockerjava.zerodep.shaded.org.apache.hc.client5.http.wire - http-outgoing-2 << "[0x2][0x0][0x0][0x0][0x0][0x0][0x0]FYou can change this by editing pg_hba.conf or using the option -A, or[\n]"
12:59:37.635 [docker-java-stream-222914834] DEBUG com.github.dockerjava.zerodep.shaded.org.apache.hc.client5.http.wire - http-outgoing-2 << "[\r][\n]"
12:59:37.635 [docker-java-stream-222914834] DEBUG com.github.dockerjava.zerodep.shaded.org.apache.hc.client5.http.wire - http-outgoing-2 << "44[\r][\n]"
12:59:37.635 [docker-java-stream-222914834] DEBUG com.github.dockerjava.zerodep.shaded.org.apache.hc.client5.http.wire - http-outgoing-2 << "[0x2][0x0][0x0][0x0][0x0][0x0][0x0]<--auth-local and --auth-host, the next time you run initdb.[\n]"
12:59:37.635 [docker-java-stream-222914834] DEBUG com.github.dockerjava.zerodep.shaded.org.apache.hc.client5.http.wire - http-outgoing-2 << "[\r][\n]"
12:59:37.646 [Test worker] DEBUG org.testcontainers.containers.output.WaitingConsumer - STDERR: --auth-local and --auth-host, the next time you run initdb.
12:59:37.646 [Test worker] DEBUG org.testcontainers.containers.output.WaitingConsumer - STDERR: You can change this by editing pg_hba.conf or using the option -A, or
12:59:37.646 [Test worker] DEBUG org.testcontainers.containers.output.WaitingConsumer - STDERR: initdb: warning: enabling "trust" authentication for local connections
12:59:37.646 [Test worker] DEBUG org.testcontainers.containers.output.WaitingConsumer - STDOUT: 
12:59:37.646 [Test worker] DEBUG org.testcontainers.containers.output.WaitingConsumer - STDOUT:     pg_ctl -D /var/lib/postgresql/data -l logfile start
12:59:37.647 [Test worker] DEBUG org.testcontainers.containers.output.WaitingConsumer - STDOUT: 
12:59:37.647 [Test worker] DEBUG org.testcontainers.containers.output.WaitingConsumer - STDOUT: Success. You can now start the database server using:
12:59:37.667 [docker-java-stream-222914834] DEBUG com.github.dockerjava.zerodep.shaded.org.apache.hc.client5.http.wire - http-outgoing-2 << "130[\r][\n]"
12:59:37.667 [docker-java-stream-222914834] DEBUG com.github.dockerjava.zerodep.shaded.org.apache.hc.client5.http.wire - http-outgoing-2 << "[0x1][0x0][0x0][0x0][0x0][0x0][0x0][0xffffffbc]waiting for server to start....2022-02-01 18:59:37.669 UTC [37] LOG:  starting PostgreSQL 13.5 on x86_64-pc-linux-musl, compiled by gcc (Alpine 10.3.1_git20211027) 10.3.1 20211027, 64-bit[\n]"
12:59:37.667 [docker-java-stream-222914834] DEBUG com.github.dockerjava.zerodep.shaded.org.apache.hc.client5.http.wire - http-outgoing-2 << "[0x1][0x0][0x0][0x0][0x0][0x0][0x0]d2022-02-01 18:59:37.670 UTC [37] LOG:  listening on Unix socket "/var/run/postgresql/.s.PGSQL.5432"[\n]"
12:59:37.667 [docker-java-stream-222914834] DEBUG com.github.dockerjava.zerodep.shaded.org.apache.hc.client5.http.wire - http-outgoing-2 << "[\r][\n]"
12:59:37.667 [Test worker] DEBUG org.testcontainers.containers.output.WaitingConsumer - STDOUT: 2022-02-01 18:59:37.670 UTC [37] LOG:  listening on Unix socket "/var/run/postgresql/.s.PGSQL.5432"
12:59:37.667 [Test worker] DEBUG org.testcontainers.containers.output.WaitingConsumer - STDOUT: waiting for server to start....2022-02-01 18:59:37.669 UTC [37] LOG:  starting PostgreSQL 13.5 on x86_64-pc-linux-musl, compiled by gcc (Alpine 10.3.1_git20211027) 10.3.1 20211027, 64-bit
12:59:37.668 [docker-java-stream-222914834] DEBUG com.github.dockerjava.zerodep.shaded.org.apache.hc.client5.http.wire - http-outgoing-2 << "68[\r][\n]"
12:59:37.668 [docker-java-stream-222914834] DEBUG com.github.dockerjava.zerodep.shaded.org.apache.hc.client5.http.wire - http-outgoing-2 << "[0x1][0x0][0x0][0x0][0x0][0x0][0x0]`2022-02-01 18:59:37.671 UTC [38] LOG:  database system was shut down at 2022-02-01 18:59:37 UTC[\n]"
12:59:37.668 [docker-java-stream-222914834] DEBUG com.github.dockerjava.zerodep.shaded.org.apache.hc.client5.http.wire - http-outgoing-2 << "[\r][\n]"
12:59:37.671 [docker-java-stream-222914834] DEBUG com.github.dockerjava.zerodep.shaded.org.apache.hc.client5.http.wire - http-outgoing-2 << "5e[\r][\n]"
12:59:37.671 [docker-java-stream-222914834] DEBUG com.github.dockerjava.zerodep.shaded.org.apache.hc.client5.http.wire - http-outgoing-2 << "[0x1][0x0][0x0][0x0][0x0][0x0][0x0]V2022-02-01 18:59:37.674 UTC [37] LOG:  database system is ready to accept connections[\n]"
12:59:37.671 [docker-java-stream-222914834] DEBUG com.github.dockerjava.zerodep.shaded.org.apache.hc.client5.http.wire - http-outgoing-2 << "[\r][\n]"
12:59:37.680 [Test worker] DEBUG org.testcontainers.containers.output.WaitingConsumer - STDOUT: 2022-02-01 18:59:37.674 UTC [37] LOG:  database system is ready to accept connections
12:59:37.680 [Test worker] DEBUG org.testcontainers.containers.output.WaitingConsumer - STDOUT: 2022-02-01 18:59:37.671 UTC [38] LOG:  database system was shut down at 2022-02-01 18:59:37 UTC
12:59:37.754 [docker-java-stream-222914834] DEBUG com.github.dockerjava.zerodep.shaded.org.apache.hc.client5.http.wire - http-outgoing-2 << "25[\r][\n]"
12:59:37.755 [docker-java-stream-222914834] DEBUG com.github.dockerjava.zerodep.shaded.org.apache.hc.client5.http.wire - http-outgoing-2 << "[0x1][0x0][0x0][0x0][0x0][0x0][0x0][0x6] done[\n]"
12:59:37.755 [docker-java-stream-222914834] DEBUG com.github.dockerjava.zerodep.shaded.org.apache.hc.client5.http.wire - http-outgoing-2 << "[0x1][0x0][0x0][0x0][0x0][0x0][0x0][0xf]server started[\n]"
12:59:37.755 [docker-java-stream-222914834] DEBUG com.github.dockerjava.zerodep.shaded.org.apache.hc.client5.http.wire - http-outgoing-2 << "[\r][\n]"
12:59:37.755 [Test worker] DEBUG org.testcontainers.containers.output.WaitingConsumer - STDOUT:  done
12:59:37.755 [Test worker] DEBUG org.testcontainers.containers.output.WaitingConsumer - STDOUT: server started
12:59:37.813 [docker-java-stream-222914834] DEBUG com.github.dockerjava.zerodep.shaded.org.apache.hc.client5.http.wire - http-outgoing-2 << "18[\r][\n]"
12:59:37.813 [docker-java-stream-222914834] DEBUG com.github.dockerjava.zerodep.shaded.org.apache.hc.client5.http.wire - http-outgoing-2 << "[0x1][0x0][0x0][0x0][0x0][0x0][0x0][0x10]CREATE DATABASE[\n]"
12:59:37.813 [docker-java-stream-222914834] DEBUG com.github.dockerjava.zerodep.shaded.org.apache.hc.client5.http.wire - http-outgoing-2 << "[\r][\n]"
12:59:37.813 [Test worker] DEBUG org.testcontainers.containers.output.WaitingConsumer - STDOUT: CREATE DATABASE
12:59:37.814 [docker-java-stream-222914834] DEBUG com.github.dockerjava.zerodep.shaded.org.apache.hc.client5.http.wire - http-outgoing-2 << "6f[\r][\n]"
12:59:37.814 [docker-java-stream-222914834] DEBUG com.github.dockerjava.zerodep.shaded.org.apache.hc.client5.http.wire - http-outgoing-2 << "[0x1][0x0][0x0][0x0][0x0][0x0][0x0][0x1][\n]"
12:59:37.814 [docker-java-stream-222914834] DEBUG com.github.dockerjava.zerodep.shaded.org.apache.hc.client5.http.wire - http-outgoing-2 << "[0x1][0x0][0x0][0x0][0x0][0x0][0x0][0x1][\n]"
12:59:37.814 [docker-java-stream-222914834] DEBUG com.github.dockerjava.zerodep.shaded.org.apache.hc.client5.http.wire - http-outgoing-2 << "[0x1][0x0][0x0][0x0][0x0][0x0][0x0]L/usr/local/bin/docker-entrypoint.sh: ignoring /docker-entrypoint-initdb.d/*[\n]"
12:59:37.814 [docker-java-stream-222914834] DEBUG com.github.dockerjava.zerodep.shaded.org.apache.hc.client5.http.wire - http-outgoing-2 << "[0x1][0x0][0x0][0x0][0x0][0x0][0x0][0x1][\n]"
12:59:37.814 [docker-java-stream-222914834] DEBUG com.github.dockerjava.zerodep.shaded.org.apache.hc.client5.http.wire - http-outgoing-2 << "[\r][\n]"
12:59:37.815 [docker-java-stream-222914834] DEBUG com.github.dockerjava.zerodep.shaded.org.apache.hc.client5.http.wire - http-outgoing-2 << "71[\r][\n]"
12:59:37.815 [docker-java-stream-222914834] DEBUG com.github.dockerjava.zerodep.shaded.org.apache.hc.client5.http.wire - http-outgoing-2 << "[0x1][0x0][0x0][0x0][0x0][0x0][0x0]iwaiting for server to shut down....2022-02-01 18:59:37.818 UTC [37] LOG:  received fast shutdown request[\n]"
12:59:37.815 [docker-java-stream-222914834] DEBUG com.github.dockerjava.zerodep.shaded.org.apache.hc.client5.http.wire - http-outgoing-2 << "[\r][\n]"
12:59:37.816 [docker-java-stream-222914834] DEBUG com.github.dockerjava.zerodep.shaded.org.apache.hc.client5.http.wire - http-outgoing-2 << "50[\r][\n]"
12:59:37.816 [docker-java-stream-222914834] DEBUG com.github.dockerjava.zerodep.shaded.org.apache.hc.client5.http.wire - http-outgoing-2 << "[0x1][0x0][0x0][0x0][0x0][0x0][0x0]H2022-02-01 18:59:37.818 UTC [37] LOG:  aborting any active transactions[\n]"
12:59:37.816 [docker-java-stream-222914834] DEBUG com.github.dockerjava.zerodep.shaded.org.apache.hc.client5.http.wire - http-outgoing-2 << "[\r][\n]"
12:59:37.817 [docker-java-stream-222914834] DEBUG com.github.dockerjava.zerodep.shaded.org.apache.hc.client5.http.wire - http-outgoing-2 << "be[\r][\n]"
12:59:37.817 [docker-java-stream-222914834] DEBUG com.github.dockerjava.zerodep.shaded.org.apache.hc.client5.http.wire - http-outgoing-2 << "[0x1][0x0][0x0][0x0][0x0][0x0][0x0]y2022-02-01 18:59:37.820 UTC [37] LOG:  background worker "logical replication launcher" (PID 44) exited with exit code 1[\n]"
12:59:37.817 [docker-java-stream-222914834] DEBUG com.github.dockerjava.zerodep.shaded.org.apache.hc.client5.http.wire - http-outgoing-2 << "[0x1][0x0][0x0][0x0][0x0][0x0][0x0]52022-02-01 18:59:37.820 UTC [39] LOG:  shutting down[\n]"
12:59:37.817 [docker-java-stream-222914834] DEBUG com.github.dockerjava.zerodep.shaded.org.apache.hc.client5.http.wire - http-outgoing-2 << "[\r][\n]"
12:59:37.823 [docker-java-stream-222914834] DEBUG com.github.dockerjava.zerodep.shaded.org.apache.hc.client5.http.wire - http-outgoing-2 << "4c[\r][\n]"
12:59:37.823 [docker-java-stream-222914834] DEBUG com.github.dockerjava.zerodep.shaded.org.apache.hc.client5.http.wire - http-outgoing-2 << "[0x1][0x0][0x0][0x0][0x0][0x0][0x0]D2022-02-01 18:59:37.826 UTC [37] LOG:  database system is shut down[\n]"
12:59:37.823 [docker-java-stream-222914834] DEBUG com.github.dockerjava.zerodep.shaded.org.apache.hc.client5.http.wire - http-outgoing-2 << "[\r][\n]"
12:59:37.825 [Test worker] DEBUG org.testcontainers.containers.output.WaitingConsumer - STDOUT: 2022-02-01 18:59:37.826 UTC [37] LOG:  database system is shut down
12:59:37.826 [Test worker] DEBUG org.testcontainers.containers.output.WaitingConsumer - STDOUT: 2022-02-01 18:59:37.820 UTC [39] LOG:  shutting down
12:59:37.826 [Test worker] DEBUG org.testcontainers.containers.output.WaitingConsumer - STDOUT: 2022-02-01 18:59:37.820 UTC [37] LOG:  background worker "logical replication launcher" (PID 44) exited with exit code 1
12:59:37.826 [Test worker] DEBUG org.testcontainers.containers.output.WaitingConsumer - STDOUT: 2022-02-01 18:59:37.818 UTC [37] LOG:  aborting any active transactions
12:59:37.826 [Test worker] DEBUG org.testcontainers.containers.output.WaitingConsumer - STDOUT: waiting for server to shut down....2022-02-01 18:59:37.818 UTC [37] LOG:  received fast shutdown request
12:59:37.826 [Test worker] DEBUG org.testcontainers.containers.output.WaitingConsumer - STDOUT: 
12:59:37.826 [Test worker] DEBUG org.testcontainers.containers.output.WaitingConsumer - STDOUT: /usr/local/bin/docker-entrypoint.sh: ignoring /docker-entrypoint-initdb.d/*
12:59:37.826 [Test worker] DEBUG org.testcontainers.containers.output.WaitingConsumer - STDOUT: 
12:59:37.826 [Test worker] DEBUG org.testcontainers.containers.output.WaitingConsumer - STDOUT: 
12:59:37.916 [docker-java-stream-222914834] DEBUG com.github.dockerjava.zerodep.shaded.org.apache.hc.client5.http.wire - http-outgoing-2 << "75[\r][\n]"
12:59:37.916 [docker-java-stream-222914834] DEBUG com.github.dockerjava.zerodep.shaded.org.apache.hc.client5.http.wire - http-outgoing-2 << "[0x1][0x0][0x0][0x0][0x0][0x0][0x0][0x6] done[\n]"
12:59:37.916 [docker-java-stream-222914834] DEBUG com.github.dockerjava.zerodep.shaded.org.apache.hc.client5.http.wire - http-outgoing-2 << "[0x1][0x0][0x0][0x0][0x0][0x0][0x0][0xf]server stopped[\n]"
12:59:37.916 [docker-java-stream-222914834] DEBUG com.github.dockerjava.zerodep.shaded.org.apache.hc.client5.http.wire - http-outgoing-2 << "[0x1][0x0][0x0][0x0][0x0][0x0][0x0][0x1][\n]"
12:59:37.916 [docker-java-stream-222914834] DEBUG com.github.dockerjava.zerodep.shaded.org.apache.hc.client5.http.wire - http-outgoing-2 << "[0x1][0x0][0x0][0x0][0x0][0x0][0x0]6PostgreSQL init process complete; ready for start up.[\n]"
12:59:37.916 [docker-java-stream-222914834] DEBUG com.github.dockerjava.zerodep.shaded.org.apache.hc.client5.http.wire - http-outgoing-2 << "[0x1][0x0][0x0][0x0][0x0][0x0][0x0][0x1][\n]"
12:59:37.916 [docker-java-stream-222914834] DEBUG com.github.dockerjava.zerodep.shaded.org.apache.hc.client5.http.wire - http-outgoing-2 << "[\r][\n]"
12:59:37.916 [Test worker] DEBUG org.testcontainers.containers.output.WaitingConsumer - STDOUT:  done
12:59:37.916 [Test worker] DEBUG org.testcontainers.containers.output.WaitingConsumer - STDOUT: 
12:59:37.916 [Test worker] DEBUG org.testcontainers.containers.output.WaitingConsumer - STDOUT: PostgreSQL init process complete; ready for start up.
12:59:37.917 [Test worker] DEBUG org.testcontainers.containers.output.WaitingConsumer - STDOUT: 
12:59:37.917 [Test worker] DEBUG org.testcontainers.containers.output.WaitingConsumer - STDOUT: server stopped
12:59:37.933 [docker-java-stream-222914834] DEBUG com.github.dockerjava.zerodep.shaded.org.apache.hc.client5.http.wire - http-outgoing-2 << "1c4[\r][\n]"
12:59:37.933 [docker-java-stream-222914834] DEBUG com.github.dockerjava.zerodep.shaded.org.apache.hc.client5.http.wire - http-outgoing-2 << "[0x2][0x0][0x0][0x0][0x0][0x0][0x0][0xffffff9c]2022-02-01 18:59:37.936 UTC [1] LOG:  starting PostgreSQL 13.5 on x86_64-pc-linux-musl, compiled by gcc (Alpine 10.3.1_git20211027) 10.3.1 20211027, 64-bit[\n]"
12:59:37.933 [docker-java-stream-222914834] DEBUG com.github.dockerjava.zerodep.shaded.org.apache.hc.client5.http.wire - http-outgoing-2 << "[0x2][0x0][0x0][0x0][0x0][0x0][0x0]U2022-02-01 18:59:37.936 UTC [1] LOG:  listening on IPv4 address "0.0.0.0", port 5432[\n]"
12:59:37.933 [docker-java-stream-222914834] DEBUG com.github.dockerjava.zerodep.shaded.org.apache.hc.client5.http.wire - http-outgoing-2 << "[0x2][0x0][0x0][0x0][0x0][0x0][0x0]P2022-02-01 18:59:37.936 UTC [1] LOG:  listening on IPv6 address "::", port 5432[\n]"
12:59:37.933 [docker-java-stream-222914834] DEBUG com.github.dockerjava.zerodep.shaded.org.apache.hc.client5.http.wire - http-outgoing-2 << "[0x2][0x0][0x0][0x0][0x0][0x0][0x0]c2022-02-01 18:59:37.936 UTC [1] LOG:  listening on Unix socket "/var/run/postgresql/.s.PGSQL.5432"[\n]"
12:59:37.933 [docker-java-stream-222914834] DEBUG com.github.dockerjava.zerodep.shaded.org.apache.hc.client5.http.wire - http-outgoing-2 << "[\r][\n]"
12:59:37.933 [Test worker] DEBUG org.testcontainers.containers.output.WaitingConsumer - STDERR: 2022-02-01 18:59:37.936 UTC [1] LOG:  listening on IPv4 address "0.0.0.0", port 5432
12:59:37.933 [Test worker] DEBUG org.testcontainers.containers.output.WaitingConsumer - STDERR: 2022-02-01 18:59:37.936 UTC [1] LOG:  listening on Unix socket "/var/run/postgresql/.s.PGSQL.5432"
12:59:37.933 [Test worker] DEBUG org.testcontainers.containers.output.WaitingConsumer - STDERR: 2022-02-01 18:59:37.936 UTC [1] LOG:  listening on IPv6 address "::", port 5432
12:59:37.933 [Test worker] DEBUG org.testcontainers.containers.output.WaitingConsumer - STDERR: 2022-02-01 18:59:37.936 UTC [1] LOG:  starting PostgreSQL 13.5 on x86_64-pc-linux-musl, compiled by gcc (Alpine 10.3.1_git20211027) 10.3.1 20211027, 64-bit
12:59:37.935 [docker-java-stream-222914834] DEBUG com.github.dockerjava.zerodep.shaded.org.apache.hc.client5.http.wire - http-outgoing-2 << "68[\r][\n]"
12:59:37.935 [docker-java-stream-222914834] DEBUG com.github.dockerjava.zerodep.shaded.org.apache.hc.client5.http.wire - http-outgoing-2 << "[0x2][0x0][0x0][0x0][0x0][0x0][0x0]`2022-02-01 18:59:37.938 UTC [51] LOG:  database system was shut down at 2022-02-01 18:59:37 UTC[\n]"
12:59:37.935 [docker-java-stream-222914834] DEBUG com.github.dockerjava.zerodep.shaded.org.apache.hc.client5.http.wire - http-outgoing-2 << "[\r][\n]"
12:59:37.937 [docker-java-stream-222914834] DEBUG com.github.dockerjava.zerodep.shaded.org.apache.hc.client5.http.wire - http-outgoing-2 << "5d[\r][\n]"
12:59:37.937 [docker-java-stream-222914834] DEBUG com.github.dockerjava.zerodep.shaded.org.apache.hc.client5.http.wire - http-outgoing-2 << "[0x2][0x0][0x0][0x0][0x0][0x0][0x0]U2022-02-01 18:59:37.940 UTC [1] LOG:  database system is ready to accept connections[\n]"
12:59:37.937 [docker-java-stream-222914834] DEBUG com.github.dockerjava.zerodep.shaded.org.apache.hc.client5.http.wire - http-outgoing-2 << "[\r][\n]"
12:59:37.943 [Test worker] DEBUG org.testcontainers.containers.output.WaitingConsumer - STDERR: 2022-02-01 18:59:37.940 UTC [1] LOG:  database system is ready to accept connections
12:59:37.944 [Test worker] DEBUG com.github.dockerjava.zerodep.shaded.org.apache.hc.client5.http.impl.classic.InternalHttpClient - ep-0000000F: cancel
12:59:37.944 [docker-java-stream-222914834] DEBUG com.github.dockerjava.zerodep.shaded.org.apache.hc.client5.http.wire - http-outgoing-2 << "[read] I/O error: null"
12:59:37.944 [Test worker] DEBUG com.github.dockerjava.zerodep.shaded.org.apache.hc.client5.http.impl.io.DefaultManagedHttpClientConnection - http-outgoing-2: close connection IMMEDIATE
12:59:37.944 [docker-java-stream-222914834] DEBUG com.github.dockerjava.zerodep.shaded.org.apache.hc.client5.http.wire - http-outgoing-2 << "[read] I/O error: null"
12:59:37.944 [Test worker] DEBUG com.github.dockerjava.zerodep.shaded.org.apache.hc.client5.http.impl.classic.InternalHttpClient - ep-0000000F: endpoint closed
12:59:37.944 [Test worker] DEBUG com.github.dockerjava.zerodep.shaded.org.apache.hc.client5.http.impl.classic.InternalHttpClient - ep-0000000F: discarding endpoint
12:59:37.944 [Test worker] DEBUG com.github.dockerjava.zerodep.shaded.org.apache.hc.client5.http.impl.io.PoolingHttpClientConnectionManager - ep-0000000F: releasing endpoint
12:59:37.944 [Test worker] DEBUG com.github.dockerjava.zerodep.shaded.org.apache.hc.client5.http.impl.io.PoolingHttpClientConnectionManager - ep-0000000F: connection is not kept alive
12:59:37.944 [Test worker] DEBUG com.github.dockerjava.zerodep.shaded.org.apache.hc.client5.http.impl.io.PoolingHttpClientConnectionManager - ep-0000000F: connection released [route: {}->unix://localhost:2375][total available: 0; route allocated: 0 of 2147483647; total allocated: 0 of 2147483647]
12:59:37.944 [docker-java-stream-222914834] DEBUG com.github.dockerjava.zerodep.ApacheDockerHttpClientImpl$ApacheResponse - Failed to close the response
java.nio.channels.ClosedChannelException: null
	at java.base/sun.nio.ch.SocketChannelImpl.ensureOpenAndConnected(SocketChannelImpl.java:215)
	at java.base/sun.nio.ch.SocketChannelImpl.read(SocketChannelImpl.java:403)
	at java.base/sun.nio.ch.ChannelInputStream.read(ChannelInputStream.java:59)
	at java.base/sun.nio.ch.ChannelInputStream.read(ChannelInputStream.java:107)
	at java.base/sun.nio.ch.ChannelInputStream.read(ChannelInputStream.java:101)
	at com.github.dockerjava.zerodep.shaded.org.apache.hc.client5.http.impl.io.LoggingInputStream.read(LoggingInputStream.java:81)
	at com.github.dockerjava.zerodep.shaded.org.apache.hc.core5.http.impl.io.SessionInputBufferImpl.fillBuffer(SessionInputBufferImpl.java:149)
	at com.github.dockerjava.zerodep.shaded.org.apache.hc.core5.http.impl.io.SessionInputBufferImpl.readLine(SessionInputBufferImpl.java:280)
	at com.github.dockerjava.zerodep.shaded.org.apache.hc.core5.http.impl.io.ChunkedInputStream.getChunkSize(ChunkedInputStream.java:261)
	at com.github.dockerjava.zerodep.shaded.org.apache.hc.core5.http.impl.io.ChunkedInputStream.nextChunk(ChunkedInputStream.java:222)
	at com.github.dockerjava.zerodep.shaded.org.apache.hc.core5.http.impl.io.ChunkedInputStream.read(ChunkedInputStream.java:147)
	at com.github.dockerjava.zerodep.shaded.org.apache.hc.core5.http.impl.io.ChunkedInputStream.close(ChunkedInputStream.java:314)
	at com.github.dockerjava.zerodep.shaded.org.apache.hc.core5.io.Closer.close(Closer.java:48)
	at com.github.dockerjava.zerodep.shaded.org.apache.hc.core5.http.impl.io.IncomingHttpEntity.close(IncomingHttpEntity.java:111)
	at com.github.dockerjava.zerodep.shaded.org.apache.hc.core5.http.io.entity.HttpEntityWrapper.close(HttpEntityWrapper.java:120)
	at com.github.dockerjava.zerodep.shaded.org.apache.hc.core5.io.Closer.close(Closer.java:48)
	at com.github.dockerjava.zerodep.shaded.org.apache.hc.core5.http.message.BasicClassicHttpResponse.close(BasicClassicHttpResponse.java:93)
	at com.github.dockerjava.zerodep.shaded.org.apache.hc.client5.http.impl.classic.CloseableHttpResponse.close(CloseableHttpResponse.java:200)
	at com.github.dockerjava.zerodep.ApacheDockerHttpClientImpl$ApacheResponse.close(ApacheDockerHttpClientImpl.java:248)
	at org.testcontainers.shaded.com.github.dockerjava.core.DefaultInvocationBuilder.lambda$executeAndStream$1(DefaultInvocationBuilder.java:277)
	at java.base/java.lang.Thread.run(Thread.java:833)
12:59:37.945 [Test worker] INFO ]]>&#x1f433;<![CDATA[ [postgres:13-alpine] - Container postgres:13-alpine started in PT2.39795S
12:59:37.958 [Test worker] DEBUG org.springframework.test.context.BootstrapUtils - Instantiating CacheAwareContextLoaderDelegate from class [org.springframework.test.context.cache.DefaultCacheAwareContextLoaderDelegate]
12:59:37.967 [Test worker] DEBUG org.springframework.test.context.BootstrapUtils - Instantiating BootstrapContext using constructor [public org.springframework.test.context.support.DefaultBootstrapContext(java.lang.Class,org.springframework.test.context.CacheAwareContextLoaderDelegate)]
12:59:37.999 [Test worker] DEBUG org.springframework.test.context.BootstrapUtils - Instantiating TestContextBootstrapper for test class [com.kotlinspring.controller.CourseControllerIntgTest] from class [org.springframework.boot.test.context.SpringBootTestContextBootstrapper]
12:59:38.010 [Test worker] INFO org.springframework.boot.test.context.SpringBootTestContextBootstrapper - Neither @ContextConfiguration nor @ContextHierarchy found for test class [com.kotlinspring.controller.CourseControllerIntgTest], using SpringBootContextLoader
12:59:38.013 [Test worker] DEBUG org.springframework.test.context.support.AbstractContextLoader - Did not detect default resource location for test class [com.kotlinspring.controller.CourseControllerIntgTest]: class path resource [com/kotlinspring/controller/CourseControllerIntgTest-context.xml] does not exist
12:59:38.013 [Test worker] DEBUG org.springframework.test.context.support.AbstractContextLoader - Did not detect default resource location for test class [com.kotlinspring.controller.CourseControllerIntgTest]: class path resource [com/kotlinspring/controller/CourseControllerIntgTestContext.groovy] does not exist
12:59:38.013 [Test worker] INFO org.springframework.test.context.support.AbstractContextLoader - Could not detect default resource locations for test class [com.kotlinspring.controller.CourseControllerIntgTest]: no resource found for suffixes {-context.xml, Context.groovy}.
12:59:38.013 [Test worker] INFO org.springframework.test.context.support.AnnotationConfigContextLoaderUtils - Could not detect default configuration classes for test class [com.kotlinspring.controller.CourseControllerIntgTest]: CourseControllerIntgTest does not declare any static, non-private, non-final, nested classes annotated with @Configuration.
12:59:38.161 [Test worker] DEBUG org.springframework.context.annotation.ClassPathScanningCandidateComponentProvider - Identified candidate component class: file [/System/Volumes/Data/Dilip/udemy/udemy-recording-folder/kotlin-springboot/course-catalog-service/build/classes/kotlin/main/com/kotlinspring/CourseCatalogServiceApplication.class]
12:59:38.162 [Test worker] INFO org.springframework.boot.test.context.SpringBootTestContextBootstrapper - Found @SpringBootConfiguration com.kotlinspring.CourseCatalogServiceApplication for test class com.kotlinspring.controller.CourseControllerIntgTest
12:59:38.255 [Test worker] DEBUG org.springframework.boot.test.context.SpringBootTestContextBootstrapper - @TestExecutionListeners is not present for class [com.kotlinspring.controller.CourseControllerIntgTest]: using defaults.
12:59:38.255 [Test worker] INFO org.springframework.boot.test.context.SpringBootTestContextBootstrapper - Loaded default TestExecutionListener class names from location [META-INF/spring.factories]: [com.ninjasquad.springmockk.MockkTestExecutionListener, com.ninjasquad.springmockk.ClearMocksTestExecutionListener, org.springframework.boot.test.autoconfigure.restdocs.RestDocsTestExecutionListener, org.springframework.boot.test.autoconfigure.web.client.MockRestServiceServerResetTestExecutionListener, org.springframework.boot.test.autoconfigure.web.servlet.MockMvcPrintOnlyOnFailureTestExecutionListener, org.springframework.boot.test.autoconfigure.web.servlet.WebDriverTestExecutionListener, org.springframework.boot.test.autoconfigure.webservices.client.MockWebServiceServerTestExecutionListener, org.springframework.boot.test.mock.mockito.MockitoTestExecutionListener, org.springframework.boot.test.mock.mockito.ResetMocksTestExecutionListener, org.springframework.test.context.web.ServletTestExecutionListener, org.springframework.test.context.support.DirtiesContextBeforeModesTestExecutionListener, org.springframework.test.context.event.ApplicationEventsTestExecutionListener, org.springframework.test.context.support.DependencyInjectionTestExecutionListener, org.springframework.test.context.support.DirtiesContextTestExecutionListener, org.springframework.test.context.transaction.TransactionalTestExecutionListener, org.springframework.test.context.jdbc.SqlScriptsTestExecutionListener, org.springframework.test.context.event.EventPublishingTestExecutionListener]
12:59:38.476 [Test worker] INFO org.springframework.boot.test.context.SpringBootTestContextBootstrapper - Using TestExecutionListeners: [org.springframework.test.context.web.ServletTestExecutionListener@161aa04a, org.springframework.test.context.support.DirtiesContextBeforeModesTestExecutionListener@436bd4df, org.springframework.test.context.event.ApplicationEventsTestExecutionListener@6848a051, com.ninjasquad.springmockk.MockkTestExecutionListener@149b0577, org.springframework.boot.test.mock.mockito.MockitoTestExecutionListener@5740ff5e, org.springframework.boot.test.autoconfigure.SpringBootDependencyInjectionTestExecutionListener@4a901445, org.springframework.test.context.support.DirtiesContextTestExecutionListener@67f77f6e, org.springframework.test.context.transaction.TransactionalTestExecutionListener@2b0b7e5a, org.springframework.test.context.jdbc.SqlScriptsTestExecutionListener@7be1ce6a, org.springframework.test.context.event.EventPublishingTestExecutionListener@3119cf6f, com.ninjasquad.springmockk.ClearMocksTestExecutionListener@6dc9da2d, org.springframework.boot.test.autoconfigure.restdocs.RestDocsTestExecutionListener@1d408060, org.springframework.boot.test.autoconfigure.web.client.MockRestServiceServerResetTestExecutionListener@68a78f3c, org.springframework.boot.test.autoconfigure.web.servlet.MockMvcPrintOnlyOnFailureTestExecutionListener@17ba57f0, org.springframework.boot.test.autoconfigure.web.servlet.WebDriverTestExecutionListener@3481ff98, org.springframework.boot.test.autoconfigure.webservices.client.MockWebServiceServerTestExecutionListener@2ddb3ae8, org.springframework.boot.test.mock.mockito.ResetMocksTestExecutionListener@79518e00]
12:59:38.479 [Test worker] DEBUG org.springframework.test.context.support.AbstractDirtiesContextTestExecutionListener - Before test class: context [DefaultTestContext@52b3bf03 testClass = CourseControllerIntgTest, testInstance = [null], testMethod = [null], testException = [null], mergedContextConfiguration = [WebMergedContextConfiguration@7cca01a8 testClass = CourseControllerIntgTest, locations = '{}', classes = '{class com.kotlinspring.CourseCatalogServiceApplication}', contextInitializerClasses = '[]', activeProfiles = '{test}', propertySourceLocations = '{}', propertySourceProperties = '{org.springframework.boot.test.context.SpringBootTestContextBootstrapper=true, server.port=0}', contextCustomizers = set[MockkContextCustomizer(definitions=[]), org.springframework.boot.test.autoconfigure.actuate.metrics.MetricsExportContextCustomizerFactory$DisableMetricExportContextCustomizer@5e3a39cd, org.springframework.boot.test.autoconfigure.properties.PropertyMappingContextCustomizer@ec54a5c9, org.springframework.boot.test.autoconfigure.web.servlet.WebDriverContextCustomizerFactory$Customizer@1c025cb, [ImportsContextCustomizer@462abec3 key = [org.springframework.boot.autoconfigure.security.oauth2.client.reactive.ReactiveOAuth2ClientAutoConfiguration, org.springframework.boot.autoconfigure.security.oauth2.resource.reactive.ReactiveOAuth2ResourceServerAutoConfiguration, org.springframework.boot.autoconfigure.security.reactive.ReactiveSecurityAutoConfiguration, org.springframework.boot.autoconfigure.security.reactive.ReactiveUserDetailsServiceAutoConfiguration, org.springframework.boot.test.autoconfigure.web.reactive.WebTestClientAutoConfiguration]], org.springframework.boot.test.context.filter.ExcludeFilterContextCustomizer@76b224cd, org.springframework.boot.test.json.DuplicateJsonObjectContextCustomizerFactory$DuplicateJsonObjectContextCustomizer@57b9e423, org.springframework.boot.test.mock.mockito.MockitoContextCustomizer@0, org.springframework.boot.test.web.client.TestRestTemplateContextCustomizer@34523d46, org.springframework.boot.test.web.reactive.server.WebTestClientContextCustomizer@3af356f, org.springframework.test.context.support.DynamicPropertiesContextCustomizer@2790989d, org.springframework.boot.test.context.SpringBootTestArgs@1, org.springframework.boot.test.context.SpringBootTestWebEnvironment@49912c99], resourceBasePath = 'src/main/webapp', contextLoader = 'org.springframework.boot.test.context.SpringBootContextLoader', parent = [null]], attributes = map['org.springframework.test.context.web.ServletTestExecutionListener.activateListener' -> false]], class annotated with @DirtiesContext [false] with mode [null].
12:59:38.561 [Test worker] DEBUG org.springframework.test.context.support.DependencyInjectionTestExecutionListener - Performing dependency injection for test context [[DefaultTestContext@52b3bf03 testClass = CourseControllerIntgTest, testInstance = com.kotlinspring.controller.CourseControllerIntgTest@5f36c8e3, testMethod = [null], testException = [null], mergedContextConfiguration = [WebMergedContextConfiguration@7cca01a8 testClass = CourseControllerIntgTest, locations = '{}', classes = '{class com.kotlinspring.CourseCatalogServiceApplication}', contextInitializerClasses = '[]', activeProfiles = '{test}', propertySourceLocations = '{}', propertySourceProperties = '{org.springframework.boot.test.context.SpringBootTestContextBootstrapper=true, server.port=0}', contextCustomizers = set[MockkContextCustomizer(definitions=[]), org.springframework.boot.test.autoconfigure.actuate.metrics.MetricsExportContextCustomizerFactory$DisableMetricExportContextCustomizer@5e3a39cd, org.springframework.boot.test.autoconfigure.properties.PropertyMappingContextCustomizer@ec54a5c9, org.springframework.boot.test.autoconfigure.web.servlet.WebDriverContextCustomizerFactory$Customizer@1c025cb, [ImportsContextCustomizer@462abec3 key = [org.springframework.boot.autoconfigure.security.oauth2.client.reactive.ReactiveOAuth2ClientAutoConfiguration, org.springframework.boot.autoconfigure.security.oauth2.resource.reactive.ReactiveOAuth2ResourceServerAutoConfiguration, org.springframework.boot.autoconfigure.security.reactive.ReactiveSecurityAutoConfiguration, org.springframework.boot.autoconfigure.security.reactive.ReactiveUserDetailsServiceAutoConfiguration, org.springframework.boot.test.autoconfigure.web.reactive.WebTestClientAutoConfiguration]], org.springframework.boot.test.context.filter.ExcludeFilterContextCustomizer@76b224cd, org.springframework.boot.test.json.DuplicateJsonObjectContextCustomizerFactory$DuplicateJsonObjectContextCustomizer@57b9e423, org.springframework.boot.test.mock.mockito.MockitoContextCustomizer@0, org.springframework.boot.test.web.client.TestRestTemplateContextCustomizer@34523d46, org.springframework.boot.test.web.reactive.server.WebTestClientContextCustomizer@3af356f, org.springframework.test.context.support.DynamicPropertiesContextCustomizer@2790989d, org.springframework.boot.test.context.SpringBootTestArgs@1, org.springframework.boot.test.context.SpringBootTestWebEnvironment@49912c99], resourceBasePath = 'src/main/webapp', contextLoader = 'org.springframework.boot.test.context.SpringBootContextLoader', parent = [null]], attributes = map['org.springframework.test.context.web.ServletTestExecutionListener.activateListener' -> false, 'org.springframework.test.context.event.ApplicationEventsTestExecutionListener.recordApplicationEvents' -> false]]].

  .   ____          _            __ _ _
 /\\ / ___'_ __ _ _(_)_ __  __ _ \ \ \ \
( ( )\___ | '_ | '_| | '_ \/ _` | \ \ \ \
 \\/  ___)| |_)| | | | | || (_| |  ) ) ) )
  '  |____| .__|_| |_|_| |_\__, | / / / /
 =========|_|==============|___/=/_/_/_/
 :: Spring Boot ::                (v2.6.3)

2022-02-01 12:59:38.892  INFO 43286 --- [    Test worker] c.k.controller.CourseControllerIntgTest  : Starting CourseControllerIntgTest using Java 17.0.1 on Dilips-MacBook-Pro.local with PID 43286 (started by dilipbandlasundarraj in /System/Volumes/Data/Dilip/udemy/udemy-recording-folder/kotlin-springboot/course-catalog-service)
2022-02-01 12:59:38.893  INFO 43286 --- [    Test worker] c.k.controller.CourseControllerIntgTest  : The following profiles are active: test
2022-02-01 12:59:39.515  INFO 43286 --- [    Test worker] .s.d.r.c.RepositoryConfigurationDelegate : Bootstrapping Spring Data JPA repositories in DEFAULT mode.
2022-02-01 12:59:39.677  INFO 43286 --- [    Test worker] .s.d.r.c.RepositoryConfigurationDelegate : Finished Spring Data repository scanning in 153 ms. Found 2 JPA repository interfaces.
2022-02-01 12:59:40.304  INFO 43286 --- [    Test worker] o.s.b.w.embedded.tomcat.TomcatWebServer  : Tomcat initialized with port(s): 0 (http)
2022-02-01 12:59:40.316  INFO 43286 --- [    Test worker] o.apache.catalina.core.StandardService   : Starting service [Tomcat]
2022-02-01 12:59:40.317  INFO 43286 --- [    Test worker] org.apache.catalina.core.StandardEngine  : Starting Servlet engine: [Apache Tomcat/9.0.56]
2022-02-01 12:59:40.423  INFO 43286 --- [    Test worker] o.a.c.c.C.[Tomcat].[localhost].[/]       : Initializing Spring embedded WebApplicationContext
2022-02-01 12:59:40.424  INFO 43286 --- [    Test worker] w.s.c.ServletWebServerApplicationContext : Root WebApplicationContext: initialization completed in 1517 ms
2022-02-01 12:59:40.653  INFO 43286 --- [    Test worker] o.hibernate.jpa.internal.util.LogHelper  : HHH000204: Processing PersistenceUnitInfo [name: default]
2022-02-01 12:59:40.720  INFO 43286 --- [    Test worker] org.hibernate.Version                    : HHH000412: Hibernate ORM core version 5.6.4.Final
2022-02-01 12:59:40.917  INFO 43286 --- [    Test worker] o.hibernate.annotations.common.Version   : HCANN000001: Hibernate Commons Annotations {5.1.2.Final}
2022-02-01 12:59:41.017  INFO 43286 --- [    Test worker] com.zaxxer.hikari.HikariDataSource       : HikariPool-1 - Starting...
2022-02-01 12:59:41.125  INFO 43286 --- [    Test worker] com.zaxxer.hikari.HikariDataSource       : HikariPool-1 - Start completed.
2022-02-01 12:59:41.144  INFO 43286 --- [    Test worker] org.hibernate.dialect.Dialect            : HHH000400: Using dialect: org.hibernate.dialect.PostgreSQLDialect
Hibernate: alter table courses drop constraint FK1kswo6qqebbdy2kq0kx6udof7
2022-02-01 12:59:41.654  WARN 43286 --- [    Test worker] o.h.t.s.i.ExceptionHandlerLoggedImpl     : GenerationTarget encountered exception accepting command : Error executing DDL "alter table courses drop constraint FK1kswo6qqebbdy2kq0kx6udof7" via JDBC Statement

org.hibernate.tool.schema.spi.CommandAcceptanceException: Error executing DDL "alter table courses drop constraint FK1kswo6qqebbdy2kq0kx6udof7" via JDBC Statement
	at org.hibernate.tool.schema.internal.exec.GenerationTargetToDatabase.accept(GenerationTargetToDatabase.java:67) ~[hibernate-core-5.6.4.Final.jar:5.6.4.Final]
	at org.hibernate.tool.schema.internal.SchemaDropperImpl.applySqlString(SchemaDropperImpl.java:387) ~[hibernate-core-5.6.4.Final.jar:5.6.4.Final]
	at org.hibernate.tool.schema.internal.SchemaDropperImpl.applySqlStrings(SchemaDropperImpl.java:371) ~[hibernate-core-5.6.4.Final.jar:5.6.4.Final]
	at org.hibernate.tool.schema.internal.SchemaDropperImpl.applyConstraintDropping(SchemaDropperImpl.java:341) ~[hibernate-core-5.6.4.Final.jar:5.6.4.Final]
	at org.hibernate.tool.schema.internal.SchemaDropperImpl.dropFromMetadata(SchemaDropperImpl.java:235) ~[hibernate-core-5.6.4.Final.jar:5.6.4.Final]
	at org.hibernate.tool.schema.internal.SchemaDropperImpl.performDrop(SchemaDropperImpl.java:156) ~[hibernate-core-5.6.4.Final.jar:5.6.4.Final]
	at org.hibernate.tool.schema.internal.SchemaDropperImpl.doDrop(SchemaDropperImpl.java:128) ~[hibernate-core-5.6.4.Final.jar:5.6.4.Final]
	at org.hibernate.tool.schema.internal.SchemaDropperImpl.doDrop(SchemaDropperImpl.java:114) ~[hibernate-core-5.6.4.Final.jar:5.6.4.Final]
	at org.hibernate.tool.schema.spi.SchemaManagementToolCoordinator.performDatabaseAction(SchemaManagementToolCoordinator.java:153) ~[hibernate-core-5.6.4.Final.jar:5.6.4.Final]
	at org.hibernate.tool.schema.spi.SchemaManagementToolCoordinator.process(SchemaManagementToolCoordinator.java:81) ~[hibernate-core-5.6.4.Final.jar:5.6.4.Final]
	at org.hibernate.internal.SessionFactoryImpl.<init>(SessionFactoryImpl.java:335) ~[hibernate-core-5.6.4.Final.jar:5.6.4.Final]
	at org.hibernate.boot.internal.SessionFactoryBuilderImpl.build(SessionFactoryBuilderImpl.java:471) ~[hibernate-core-5.6.4.Final.jar:5.6.4.Final]
	at org.hibernate.jpa.boot.internal.EntityManagerFactoryBuilderImpl.build(EntityManagerFactoryBuilderImpl.java:1498) ~[hibernate-core-5.6.4.Final.jar:5.6.4.Final]
	at org.springframework.orm.jpa.vendor.SpringHibernateJpaPersistenceProvider.createContainerEntityManagerFactory(SpringHibernateJpaPersistenceProvider.java:58) ~[spring-orm-5.3.15.jar:5.3.15]
	at org.springframework.orm.jpa.LocalContainerEntityManagerFactoryBean.createNativeEntityManagerFactory(LocalContainerEntityManagerFactoryBean.java:365) ~[spring-orm-5.3.15.jar:5.3.15]
	at org.springframework.orm.jpa.AbstractEntityManagerFactoryBean.buildNativeEntityManagerFactory(AbstractEntityManagerFactoryBean.java:409) ~[spring-orm-5.3.15.jar:5.3.15]
	at org.springframework.orm.jpa.AbstractEntityManagerFactoryBean.afterPropertiesSet(AbstractEntityManagerFactoryBean.java:396) ~[spring-orm-5.3.15.jar:5.3.15]
	at org.springframework.orm.jpa.LocalContainerEntityManagerFactoryBean.afterPropertiesSet(LocalContainerEntityManagerFactoryBean.java:341) ~[spring-orm-5.3.15.jar:5.3.15]
	at org.springframework.beans.factory.support.AbstractAutowireCapableBeanFactory.invokeInitMethods(AbstractAutowireCapableBeanFactory.java:1863) ~[spring-beans-5.3.15.jar:5.3.15]
	at org.springframework.beans.factory.support.AbstractAutowireCapableBeanFactory.initializeBean(AbstractAutowireCapableBeanFactory.java:1800) ~[spring-beans-5.3.15.jar:5.3.15]
	at org.springframework.beans.factory.support.AbstractAutowireCapableBeanFactory.doCreateBean(AbstractAutowireCapableBeanFactory.java:620) ~[spring-beans-5.3.15.jar:5.3.15]
	at org.springframework.beans.factory.support.AbstractAutowireCapableBeanFactory.createBean(AbstractAutowireCapableBeanFactory.java:542) ~[spring-beans-5.3.15.jar:5.3.15]
	at org.springframework.beans.factory.support.AbstractBeanFactory.lambda$doGetBean$0(AbstractBeanFactory.java:335) ~[spring-beans-5.3.15.jar:5.3.15]
	at org.springframework.beans.factory.support.DefaultSingletonBeanRegistry.getSingleton(DefaultSingletonBeanRegistry.java:234) ~[spring-beans-5.3.15.jar:5.3.15]
	at org.springframework.beans.factory.support.AbstractBeanFactory.doGetBean(AbstractBeanFactory.java:333) ~[spring-beans-5.3.15.jar:5.3.15]
	at org.springframework.beans.factory.support.AbstractBeanFactory.getBean(AbstractBeanFactory.java:208) ~[spring-beans-5.3.15.jar:5.3.15]
	at org.springframework.context.support.AbstractApplicationContext.getBean(AbstractApplicationContext.java:1154) ~[spring-context-5.3.15.jar:5.3.15]
	at org.springframework.context.support.AbstractApplicationContext.finishBeanFactoryInitialization(AbstractApplicationContext.java:908) ~[spring-context-5.3.15.jar:5.3.15]
	at org.springframework.context.support.AbstractApplicationContext.refresh(AbstractApplicationContext.java:583) ~[spring-context-5.3.15.jar:5.3.15]
	at org.springframework.boot.web.servlet.context.ServletWebServerApplicationContext.refresh(ServletWebServerApplicationContext.java:145) ~[spring-boot-2.6.3.jar:2.6.3]
	at org.springframework.boot.SpringApplication.refresh(SpringApplication.java:732) ~[spring-boot-2.6.3.jar:2.6.3]
	at org.springframework.boot.SpringApplication.refreshContext(SpringApplication.java:414) ~[spring-boot-2.6.3.jar:2.6.3]
	at org.springframework.boot.SpringApplication.run(SpringApplication.java:302) ~[spring-boot-2.6.3.jar:2.6.3]
	at org.springframework.boot.test.context.SpringBootContextLoader.loadContext(SpringBootContextLoader.java:136) ~[spring-boot-test-2.6.3.jar:2.6.3]
	at org.springframework.test.context.cache.DefaultCacheAwareContextLoaderDelegate.loadContextInternal(DefaultCacheAwareContextLoaderDelegate.java:99) ~[spring-test-5.3.15.jar:5.3.15]
	at org.springframework.test.context.cache.DefaultCacheAwareContextLoaderDelegate.loadContext(DefaultCacheAwareContextLoaderDelegate.java:124) ~[spring-test-5.3.15.jar:5.3.15]
	at org.springframework.test.context.support.DefaultTestContext.getApplicationContext(DefaultTestContext.java:124) ~[spring-test-5.3.15.jar:5.3.15]
	at org.springframework.test.context.support.DependencyInjectionTestExecutionListener.injectDependencies(DependencyInjectionTestExecutionListener.java:118) ~[spring-test-5.3.15.jar:5.3.15]
	at org.springframework.test.context.support.DependencyInjectionTestExecutionListener.prepareTestInstance(DependencyInjectionTestExecutionListener.java:83) ~[spring-test-5.3.15.jar:5.3.15]
	at org.springframework.boot.test.autoconfigure.SpringBootDependencyInjectionTestExecutionListener.prepareTestInstance(SpringBootDependencyInjectionTestExecutionListener.java:43) ~[spring-boot-test-autoconfigure-2.6.3.jar:2.6.3]
	at org.springframework.test.context.TestContextManager.prepareTestInstance(TestContextManager.java:248) ~[spring-test-5.3.15.jar:5.3.15]
	at org.springframework.test.context.junit.jupiter.SpringExtension.postProcessTestInstance(SpringExtension.java:138) ~[spring-test-5.3.15.jar:5.3.15]
	at org.junit.jupiter.engine.descriptor.ClassBasedTestDescriptor.lambda$invokeTestInstancePostProcessors$8(ClassBasedTestDescriptor.java:363) ~[junit-jupiter-engine-5.8.2.jar:5.8.2]
	at org.junit.jupiter.engine.descriptor.ClassBasedTestDescriptor.executeAndMaskThrowable(ClassBasedTestDescriptor.java:368) ~[junit-jupiter-engine-5.8.2.jar:5.8.2]
	at org.junit.jupiter.engine.descriptor.ClassBasedTestDescriptor.lambda$invokeTestInstancePostProcessors$9(ClassBasedTestDescriptor.java:363) ~[junit-jupiter-engine-5.8.2.jar:5.8.2]
	at java.base/java.util.stream.ReferencePipeline$3$1.accept(ReferencePipeline.java:197) ~[na:na]
	at java.base/java.util.stream.ReferencePipeline$2$1.accept(ReferencePipeline.java:179) ~[na:na]
	at java.base/java.util.ArrayList$ArrayListSpliterator.forEachRemaining(ArrayList.java:1625) ~[na:na]
	at java.base/java.util.stream.AbstractPipeline.copyInto(AbstractPipeline.java:509) ~[na:na]
	at java.base/java.util.stream.AbstractPipeline.wrapAndCopyInto(AbstractPipeline.java:499) ~[na:na]
	at java.base/java.util.stream.StreamSpliterators$WrappingSpliterator.forEachRemaining(StreamSpliterators.java:310) ~[na:na]
	at java.base/java.util.stream.Streams$ConcatSpliterator.forEachRemaining(Streams.java:735) ~[na:na]
	at java.base/java.util.stream.Streams$ConcatSpliterator.forEachRemaining(Streams.java:734) ~[na:na]
	at java.base/java.util.stream.ReferencePipeline$Head.forEach(ReferencePipeline.java:762) ~[na:na]
	at org.junit.jupiter.engine.descriptor.ClassBasedTestDescriptor.invokeTestInstancePostProcessors(ClassBasedTestDescriptor.java:362) ~[junit-jupiter-engine-5.8.2.jar:5.8.2]
	at org.junit.jupiter.engine.descriptor.ClassBasedTestDescriptor.lambda$instantiateAndPostProcessTestInstance$6(ClassBasedTestDescriptor.java:283) ~[junit-jupiter-engine-5.8.2.jar:5.8.2]
	at org.junit.platform.engine.support.hierarchical.ThrowableCollector.execute(ThrowableCollector.java:73) ~[junit-platform-engine-1.8.2.jar:1.8.2]
	at org.junit.jupiter.engine.descriptor.ClassBasedTestDescriptor.instantiateAndPostProcessTestInstance(ClassBasedTestDescriptor.java:282) ~[junit-jupiter-engine-5.8.2.jar:5.8.2]
	at org.junit.jupiter.engine.descriptor.ClassBasedTestDescriptor.lambda$testInstancesProvider$4(ClassBasedTestDescriptor.java:272) ~[junit-jupiter-engine-5.8.2.jar:5.8.2]
	at java.base/java.util.Optional.orElseGet(Optional.java:364) ~[na:na]
	at org.junit.jupiter.engine.descriptor.ClassBasedTestDescriptor.lambda$testInstancesProvider$5(ClassBasedTestDescriptor.java:271) ~[junit-jupiter-engine-5.8.2.jar:5.8.2]
	at org.junit.jupiter.engine.execution.TestInstancesProvider.getTestInstances(TestInstancesProvider.java:31) ~[junit-jupiter-engine-5.8.2.jar:5.8.2]
	at org.junit.jupiter.engine.descriptor.TestMethodTestDescriptor.lambda$prepare$0(TestMethodTestDescriptor.java:102) ~[junit-jupiter-engine-5.8.2.jar:5.8.2]
	at org.junit.platform.engine.support.hierarchical.ThrowableCollector.execute(ThrowableCollector.java:73) ~[junit-platform-engine-1.8.2.jar:1.8.2]
	at org.junit.jupiter.engine.descriptor.TestMethodTestDescriptor.prepare(TestMethodTestDescriptor.java:101) ~[junit-jupiter-engine-5.8.2.jar:5.8.2]
	at org.junit.jupiter.engine.descriptor.TestMethodTestDescriptor.prepare(TestMethodTestDescriptor.java:66) ~[junit-jupiter-engine-5.8.2.jar:5.8.2]
	at org.junit.platform.engine.support.hierarchical.NodeTestTask.lambda$prepare$2(NodeTestTask.java:123) ~[junit-platform-engine-1.8.2.jar:1.8.2]
	at org.junit.platform.engine.support.hierarchical.ThrowableCollector.execute(ThrowableCollector.java:73) ~[junit-platform-engine-1.8.2.jar:1.8.2]
	at org.junit.platform.engine.support.hierarchical.NodeTestTask.prepare(NodeTestTask.java:123) ~[junit-platform-engine-1.8.2.jar:1.8.2]
	at org.junit.platform.engine.support.hierarchical.NodeTestTask.execute(NodeTestTask.java:90) ~[junit-platform-engine-1.8.2.jar:1.8.2]
	at java.base/java.util.ArrayList.forEach(ArrayList.java:1511) ~[na:na]
	at org.junit.platform.engine.support.hierarchical.SameThreadHierarchicalTestExecutorService.invokeAll(SameThreadHierarchicalTestExecutorService.java:41) ~[junit-platform-engine-1.8.2.jar:1.8.2]
	at org.junit.platform.engine.support.hierarchical.NodeTestTask.lambda$executeRecursively$6(NodeTestTask.java:155) ~[junit-platform-engine-1.8.2.jar:1.8.2]
	at org.junit.platform.engine.support.hierarchical.ThrowableCollector.execute(ThrowableCollector.java:73) ~[junit-platform-engine-1.8.2.jar:1.8.2]
	at org.junit.platform.engine.support.hierarchical.NodeTestTask.lambda$executeRecursively$8(NodeTestTask.java:141) ~[junit-platform-engine-1.8.2.jar:1.8.2]
	at org.junit.platform.engine.support.hierarchical.Node.around(Node.java:137) ~[junit-platform-engine-1.8.2.jar:1.8.2]
	at org.junit.platform.engine.support.hierarchical.NodeTestTask.lambda$executeRecursively$9(NodeTestTask.java:139) ~[junit-platform-engine-1.8.2.jar:1.8.2]
	at org.junit.platform.engine.support.hierarchical.ThrowableCollector.execute(ThrowableCollector.java:73) ~[junit-platform-engine-1.8.2.jar:1.8.2]
	at org.junit.platform.engine.support.hierarchical.NodeTestTask.executeRecursively(NodeTestTask.java:138) ~[junit-platform-engine-1.8.2.jar:1.8.2]
	at org.junit.platform.engine.support.hierarchical.NodeTestTask.execute(NodeTestTask.java:95) ~[junit-platform-engine-1.8.2.jar:1.8.2]
	at java.base/java.util.ArrayList.forEach(ArrayList.java:1511) ~[na:na]
	at org.junit.platform.engine.support.hierarchical.SameThreadHierarchicalTestExecutorService.invokeAll(SameThreadHierarchicalTestExecutorService.java:41) ~[junit-platform-engine-1.8.2.jar:1.8.2]
	at org.junit.platform.engine.support.hierarchical.NodeTestTask.lambda$executeRecursively$6(NodeTestTask.java:155) ~[junit-platform-engine-1.8.2.jar:1.8.2]
	at org.junit.platform.engine.support.hierarchical.ThrowableCollector.execute(ThrowableCollector.java:73) ~[junit-platform-engine-1.8.2.jar:1.8.2]
	at org.junit.platform.engine.support.hierarchical.NodeTestTask.lambda$executeRecursively$8(NodeTestTask.java:141) ~[junit-platform-engine-1.8.2.jar:1.8.2]
	at org.junit.platform.engine.support.hierarchical.Node.around(Node.java:137) ~[junit-platform-engine-1.8.2.jar:1.8.2]
	at org.junit.platform.engine.support.hierarchical.NodeTestTask.lambda$executeRecursively$9(NodeTestTask.java:139) ~[junit-platform-engine-1.8.2.jar:1.8.2]
	at org.junit.platform.engine.support.hierarchical.ThrowableCollector.execute(ThrowableCollector.java:73) ~[junit-platform-engine-1.8.2.jar:1.8.2]
	at org.junit.platform.engine.support.hierarchical.NodeTestTask.executeRecursively(NodeTestTask.java:138) ~[junit-platform-engine-1.8.2.jar:1.8.2]
	at org.junit.platform.engine.support.hierarchical.NodeTestTask.execute(NodeTestTask.java:95) ~[junit-platform-engine-1.8.2.jar:1.8.2]
	at org.junit.platform.engine.support.hierarchical.SameThreadHierarchicalTestExecutorService.submit(SameThreadHierarchicalTestExecutorService.java:35) ~[junit-platform-engine-1.8.2.jar:1.8.2]
	at org.junit.platform.engine.support.hierarchical.HierarchicalTestExecutor.execute(HierarchicalTestExecutor.java:57) ~[junit-platform-engine-1.8.2.jar:1.8.2]
	at org.junit.platform.engine.support.hierarchical.HierarchicalTestEngine.execute(HierarchicalTestEngine.java:54) ~[junit-platform-engine-1.8.2.jar:1.8.2]
	at org.junit.platform.launcher.core.EngineExecutionOrchestrator.execute(EngineExecutionOrchestrator.java:108) ~[na:na]
	at org.junit.platform.launcher.core.EngineExecutionOrchestrator.execute(EngineExecutionOrchestrator.java:88) ~[na:na]
	at org.junit.platform.launcher.core.EngineExecutionOrchestrator.lambda$execute$0(EngineExecutionOrchestrator.java:54) ~[na:na]
	at org.junit.platform.launcher.core.EngineExecutionOrchestrator.withInterceptedStreams(EngineExecutionOrchestrator.java:67) ~[na:na]
	at org.junit.platform.launcher.core.EngineExecutionOrchestrator.execute(EngineExecutionOrchestrator.java:52) ~[na:na]
	at org.junit.platform.launcher.core.DefaultLauncher.execute(DefaultLauncher.java:96) ~[na:na]
	at org.junit.platform.launcher.core.DefaultLauncher.execute(DefaultLauncher.java:75) ~[na:na]
	at org.gradle.api.internal.tasks.testing.junitplatform.JUnitPlatformTestClassProcessor$CollectAllTestClassesExecutor.processAllTestClasses(JUnitPlatformTestClassProcessor.java:99) ~[na:na]
	at org.gradle.api.internal.tasks.testing.junitplatform.JUnitPlatformTestClassProcessor$CollectAllTestClassesExecutor.access$000(JUnitPlatformTestClassProcessor.java:79) ~[na:na]
	at org.gradle.api.internal.tasks.testing.junitplatform.JUnitPlatformTestClassProcessor.stop(JUnitPlatformTestClassProcessor.java:75) ~[na:na]
	at org.gradle.api.internal.tasks.testing.SuiteTestClassProcessor.stop(SuiteTestClassProcessor.java:61) ~[na:na]
	at java.base/jdk.internal.reflect.NativeMethodAccessorImpl.invoke0(Native Method) ~[na:na]
	at java.base/jdk.internal.reflect.NativeMethodAccessorImpl.invoke(NativeMethodAccessorImpl.java:77) ~[na:na]
	at java.base/jdk.internal.reflect.DelegatingMethodAccessorImpl.invoke(DelegatingMethodAccessorImpl.java:43) ~[na:na]
	at java.base/java.lang.reflect.Method.invoke(Method.java:568) ~[na:na]
	at org.gradle.internal.dispatch.ReflectionDispatch.dispatch(ReflectionDispatch.java:36) ~[na:na]
	at org.gradle.internal.dispatch.ReflectionDispatch.dispatch(ReflectionDispatch.java:24) ~[na:na]
	at org.gradle.internal.dispatch.ContextClassLoaderDispatch.dispatch(ContextClassLoaderDispatch.java:33) ~[na:na]
	at org.gradle.internal.dispatch.ProxyDispatchAdapter$DispatchingInvocationHandler.invoke(ProxyDispatchAdapter.java:94) ~[na:na]
	at jdk.proxy1/jdk.proxy1.$Proxy2.stop(Unknown Source) ~[na:na]
	at org.gradle.api.internal.tasks.testing.worker.TestWorker$3.run(TestWorker.java:193) ~[na:na]
	at org.gradle.api.internal.tasks.testing.worker.TestWorker.executeAndMaintainThreadName(TestWorker.java:129) ~[na:na]
	at org.gradle.api.internal.tasks.testing.worker.TestWorker.execute(TestWorker.java:100) ~[na:na]
	at org.gradle.api.internal.tasks.testing.worker.TestWorker.execute(TestWorker.java:60) ~[na:na]
	at org.gradle.process.internal.worker.child.ActionExecutionWorker.execute(ActionExecutionWorker.java:56) ~[na:na]
	at org.gradle.process.internal.worker.child.SystemApplicationClassLoaderWorker.call(SystemApplicationClassLoaderWorker.java:133) ~[na:na]
	at org.gradle.process.internal.worker.child.SystemApplicationClassLoaderWorker.call(SystemApplicationClassLoaderWorker.java:71) ~[na:na]
	at worker.org.gradle.process.internal.worker.GradleWorkerMain.run(GradleWorkerMain.java:69) ~[gradle-worker.jar:na]
	at worker.org.gradle.process.internal.worker.GradleWorkerMain.main(GradleWorkerMain.java:74) ~[gradle-worker.jar:na]
Caused by: org.postgresql.util.PSQLException: ERROR: relation "courses" does not exist
	at org.postgresql.core.v3.QueryExecutorImpl.receiveErrorResponse(QueryExecutorImpl.java:2674) ~[postgresql-42.3.1.jar:42.3.1]
	at org.postgresql.core.v3.QueryExecutorImpl.processResults(QueryExecutorImpl.java:2364) ~[postgresql-42.3.1.jar:42.3.1]
	at org.postgresql.core.v3.QueryExecutorImpl.execute(QueryExecutorImpl.java:354) ~[postgresql-42.3.1.jar:42.3.1]
	at org.postgresql.jdbc.PgStatement.executeInternal(PgStatement.java:484) ~[postgresql-42.3.1.jar:42.3.1]
	at org.postgresql.jdbc.PgStatement.execute(PgStatement.java:404) ~[postgresql-42.3.1.jar:42.3.1]
	at org.postgresql.jdbc.PgStatement.executeWithFlags(PgStatement.java:325) ~[postgresql-42.3.1.jar:42.3.1]
	at org.postgresql.jdbc.PgStatement.executeCachedSql(PgStatement.java:311) ~[postgresql-42.3.1.jar:42.3.1]
	at org.postgresql.jdbc.PgStatement.executeWithFlags(PgStatement.java:287) ~[postgresql-42.3.1.jar:42.3.1]
	at org.postgresql.jdbc.PgStatement.execute(PgStatement.java:282) ~[postgresql-42.3.1.jar:42.3.1]
	at com.zaxxer.hikari.pool.ProxyStatement.execute(ProxyStatement.java:94) ~[HikariCP-4.0.3.jar:na]
	at com.zaxxer.hikari.pool.HikariProxyStatement.execute(HikariProxyStatement.java) ~[HikariCP-4.0.3.jar:na]
	at org.hibernate.tool.schema.internal.exec.GenerationTargetToDatabase.accept(GenerationTargetToDatabase.java:54) ~[hibernate-core-5.6.4.Final.jar:5.6.4.Final]
	... 121 common frames omitted

Hibernate: drop table if exists courses cascade
2022-02-01 12:59:41.661  WARN 43286 --- [    Test worker] o.h.engine.jdbc.spi.SqlExceptionHelper   : SQL Warning Code: 0, SQLState: 00000
2022-02-01 12:59:41.662  WARN 43286 --- [    Test worker] o.h.engine.jdbc.spi.SqlExceptionHelper   : table "courses" does not exist, skipping
Hibernate: drop table if exists instructors cascade
2022-02-01 12:59:41.665  WARN 43286 --- [    Test worker] o.h.engine.jdbc.spi.SqlExceptionHelper   : SQL Warning Code: 0, SQLState: 00000
2022-02-01 12:59:41.665  WARN 43286 --- [    Test worker] o.h.engine.jdbc.spi.SqlExceptionHelper   : table "instructors" does not exist, skipping
Hibernate: drop sequence if exists hibernate_sequence
2022-02-01 12:59:41.668  WARN 43286 --- [    Test worker] o.h.engine.jdbc.spi.SqlExceptionHelper   : SQL Warning Code: 0, SQLState: 00000
2022-02-01 12:59:41.669  WARN 43286 --- [    Test worker] o.h.engine.jdbc.spi.SqlExceptionHelper   : sequence "hibernate_sequence" does not exist, skipping
Hibernate: create sequence hibernate_sequence start 1 increment 1
Hibernate: create table courses (id int4 not null, category varchar(255), name varchar(255), instructor_id int4 not null, primary key (id))
Hibernate: create table instructors (id int4 not null, name varchar(255), primary key (id))
Hibernate: alter table courses add constraint FK1kswo6qqebbdy2kq0kx6udof7 foreign key (instructor_id) references instructors
2022-02-01 12:59:41.706  INFO 43286 --- [    Test worker] o.h.e.t.j.p.i.JtaPlatformInitiator       : HHH000490: Using JtaPlatform implementation: [org.hibernate.engine.transaction.jta.platform.internal.NoJtaPlatform]
2022-02-01 12:59:41.720  INFO 43286 --- [    Test worker] j.LocalContainerEntityManagerFactoryBean : Initialized JPA EntityManagerFactory for persistence unit 'default'
2022-02-01 12:59:42.403  WARN 43286 --- [    Test worker] JpaBaseConfiguration$JpaWebConfiguration : spring.jpa.open-in-view is enabled by default. Therefore, database queries may be performed during view rendering. Explicitly configure spring.jpa.open-in-view to disable this warning
2022-02-01 12:59:42.938  INFO 43286 --- [    Test worker] o.s.b.w.embedded.tomcat.TomcatWebServer  : Tomcat started on port(s): 55192 (http) with context path ''
2022-02-01 12:59:42.946  INFO 43286 --- [    Test worker] c.k.controller.CourseControllerIntgTest  : Started CourseControllerIntgTest in 4.359 seconds (JVM running for 9.638)
Hibernate: select course0_.id as id1_0_, course0_.category as category2_0_, course0_.instructor_id as instruct4_0_, course0_.name as name3_0_ from courses course0_
Hibernate: select instructor0_.id as id1_1_, instructor0_.name as name2_1_ from instructors instructor0_
Hibernate: select nextval ('hibernate_sequence')
Hibernate: insert into instructors (name, id) values (?, ?)
Hibernate: select nextval ('hibernate_sequence')
Hibernate: select nextval ('hibernate_sequence')
Hibernate: select nextval ('hibernate_sequence')
Hibernate: insert into courses (category, instructor_id, name, id) values (?, ?, ?, ?)
Hibernate: insert into courses (category, instructor_id, name, id) values (?, ?, ?, ?)
Hibernate: insert into courses (category, instructor_id, name, id) values (?, ?, ?, ?)
2022-02-01 12:59:44.287  INFO 43286 --- [o-auto-1-exec-1] o.a.c.c.C.[Tomcat].[localhost].[/]       : Initializing Spring DispatcherServlet 'dispatcherServlet'
2022-02-01 12:59:44.288  INFO 43286 --- [o-auto-1-exec-1] o.s.web.servlet.DispatcherServlet        : Initializing Servlet 'dispatcherServlet'
2022-02-01 12:59:44.289  INFO 43286 --- [o-auto-1-exec-1] o.s.web.servlet.DispatcherServlet        : Completed initialization in 1 ms
Hibernate: SELECT * FROM COURSES where name like ?
Hibernate: select instructor0_.id as id1_1_0_, instructor0_.name as name2_1_0_ from instructors instructor0_ where instructor0_.id=?
courseDTOs : [CourseDTO(id=2, name=Build RestFul APis using SpringBoot and Kotlin, category=Development, instructorId=null), CourseDTO(id=3, name=Build Reactive Microservices using Spring WebFlux/SpringBoot, category=Development, instructorId=null)]
Hibernate: select course0_.id as id1_0_, course0_.category as category2_0_, course0_.instructor_id as instruct4_0_, course0_.name as name3_0_ from courses course0_
Hibernate: select instructor0_.id as id1_1_0_, instructor0_.name as name2_1_0_ from instructors instructor0_ where instructor0_.id=?
Hibernate: delete from courses where id=?
Hibernate: delete from courses where id=?
Hibernate: delete from courses where id=?
Hibernate: select instructor0_.id as id1_1_, instructor0_.name as name2_1_ from instructors instructor0_
Hibernate: select courses0_.instructor_id as instruct4_0_0_, courses0_.id as id1_0_0_, courses0_.id as id1_0_1_, courses0_.category as category2_0_1_, courses0_.instructor_id as instruct4_0_1_, courses0_.name as name3_0_1_ from courses courses0_ where courses0_.instructor_id=?
Hibernate: delete from instructors where id=?
Hibernate: select nextval ('hibernate_sequence')
Hibernate: insert into instructors (name, id) values (?, ?)
Hibernate: select nextval ('hibernate_sequence')
Hibernate: select nextval ('hibernate_sequence')
Hibernate: select nextval ('hibernate_sequence')
Hibernate: insert into courses (category, instructor_id, name, id) values (?, ?, ?, ?)
Hibernate: insert into courses (category, instructor_id, name, id) values (?, ?, ?, ?)
Hibernate: insert into courses (category, instructor_id, name, id) values (?, ?, ?, ?)
Hibernate: select course0_.id as id1_0_, course0_.category as category2_0_, course0_.instructor_id as instruct4_0_, course0_.name as name3_0_ from courses course0_
Hibernate: select instructor0_.id as id1_1_0_, instructor0_.name as name2_1_0_ from instructors instructor0_ where instructor0_.id=?
courseDTOs : [CourseDTO(id=6, name=Build RestFul APis using SpringBoot and Kotlin, category=Development, instructorId=null), CourseDTO(id=7, name=Build Reactive Microservices using Spring WebFlux/SpringBoot, category=Development, instructorId=null), CourseDTO(id=8, name=Wiremock for Java Developers, category=Development, instructorId=null)]
Hibernate: select course0_.id as id1_0_, course0_.category as category2_0_, course0_.instructor_id as instruct4_0_, course0_.name as name3_0_ from courses course0_
Hibernate: select instructor0_.id as id1_1_0_, instructor0_.name as name2_1_0_ from instructors instructor0_ where instructor0_.id=?
Hibernate: delete from courses where id=?
Hibernate: delete from courses where id=?
Hibernate: delete from courses where id=?
Hibernate: select instructor0_.id as id1_1_, instructor0_.name as name2_1_ from instructors instructor0_
Hibernate: select courses0_.instructor_id as instruct4_0_0_, courses0_.id as id1_0_0_, courses0_.id as id1_0_1_, courses0_.category as category2_0_1_, courses0_.instructor_id as instruct4_0_1_, courses0_.name as name3_0_1_ from courses courses0_ where courses0_.instructor_id=?
Hibernate: delete from instructors where id=?
Hibernate: select nextval ('hibernate_sequence')
Hibernate: insert into instructors (name, id) values (?, ?)
Hibernate: select nextval ('hibernate_sequence')
Hibernate: select nextval ('hibernate_sequence')
Hibernate: select nextval ('hibernate_sequence')
Hibernate: insert into courses (category, instructor_id, name, id) values (?, ?, ?, ?)
Hibernate: insert into courses (category, instructor_id, name, id) values (?, ?, ?, ?)
Hibernate: insert into courses (category, instructor_id, name, id) values (?, ?, ?, ?)
Hibernate: select instructor0_.id as id1_1_, instructor0_.name as name2_1_ from instructors instructor0_
Hibernate: select nextval ('hibernate_sequence')
Hibernate: insert into courses (category, instructor_id, name, id) values (?, ?, ?, ?)
Hibernate: select course0_.id as id1_0_0_, course0_.category as category2_0_0_, course0_.instructor_id as instruct4_0_0_, course0_.name as name3_0_0_ from courses course0_ where course0_.id=?
Hibernate: select instructor0_.id as id1_1_0_, instructor0_.name as name2_1_0_ from instructors instructor0_ where instructor0_.id=?
Hibernate: update courses set category=?, instructor_id=?, name=? where id=?
Hibernate: select course0_.id as id1_0_, course0_.category as category2_0_, course0_.instructor_id as instruct4_0_, course0_.name as name3_0_ from courses course0_
Hibernate: select instructor0_.id as id1_1_0_, instructor0_.name as name2_1_0_ from instructors instructor0_ where instructor0_.id=?
Hibernate: delete from courses where id=?
Hibernate: delete from courses where id=?
Hibernate: delete from courses where id=?
Hibernate: delete from courses where id=?
Hibernate: select instructor0_.id as id1_1_, instructor0_.name as name2_1_ from instructors instructor0_
Hibernate: select courses0_.instructor_id as instruct4_0_0_, courses0_.id as id1_0_0_, courses0_.id as id1_0_1_, courses0_.category as category2_0_1_, courses0_.instructor_id as instruct4_0_1_, courses0_.name as name3_0_1_ from courses courses0_ where courses0_.instructor_id=?
Hibernate: delete from instructors where id=?
Hibernate: select nextval ('hibernate_sequence')
Hibernate: insert into instructors (name, id) values (?, ?)
Hibernate: select nextval ('hibernate_sequence')
Hibernate: select nextval ('hibernate_sequence')
Hibernate: select nextval ('hibernate_sequence')
Hibernate: insert into courses (category, instructor_id, name, id) values (?, ?, ?, ?)
Hibernate: insert into courses (category, instructor_id, name, id) values (?, ?, ?, ?)
Hibernate: insert into courses (category, instructor_id, name, id) values (?, ?, ?, ?)
Hibernate: select instructor0_.id as id1_1_, instructor0_.name as name2_1_ from instructors instructor0_
Hibernate: select nextval ('hibernate_sequence')
Hibernate: insert into courses (category, instructor_id, name, id) values (?, ?, ?, ?)
Hibernate: select course0_.id as id1_0_0_, course0_.category as category2_0_0_, course0_.instructor_id as instruct4_0_0_, course0_.name as name3_0_0_ from courses course0_ where course0_.id=?
Hibernate: select instructor0_.id as id1_1_0_, instructor0_.name as name2_1_0_ from instructors instructor0_ where instructor0_.id=?
Hibernate: delete from courses where id=?
Hibernate: select course0_.id as id1_0_, course0_.category as category2_0_, course0_.instructor_id as instruct4_0_, course0_.name as name3_0_ from courses course0_
Hibernate: select instructor0_.id as id1_1_0_, instructor0_.name as name2_1_0_ from instructors instructor0_ where instructor0_.id=?
Hibernate: delete from courses where id=?
Hibernate: delete from courses where id=?
Hibernate: delete from courses where id=?
Hibernate: select instructor0_.id as id1_1_, instructor0_.name as name2_1_ from instructors instructor0_
Hibernate: select courses0_.instructor_id as instruct4_0_0_, courses0_.id as id1_0_0_, courses0_.id as id1_0_1_, courses0_.category as category2_0_1_, courses0_.instructor_id as instruct4_0_1_, courses0_.name as name3_0_1_ from courses courses0_ where courses0_.instructor_id=?
Hibernate: delete from instructors where id=?
Hibernate: select nextval ('hibernate_sequence')
Hibernate: insert into instructors (name, id) values (?, ?)
Hibernate: select nextval ('hibernate_sequence')
Hibernate: select nextval ('hibernate_sequence')
Hibernate: select nextval ('hibernate_sequence')
Hibernate: insert into courses (category, instructor_id, name, id) values (?, ?, ?, ?)
Hibernate: insert into courses (category, instructor_id, name, id) values (?, ?, ?, ?)
Hibernate: insert into courses (category, instructor_id, name, id) values (?, ?, ?, ?)
Hibernate: select instructor0_.id as id1_1_, instructor0_.name as name2_1_ from instructors instructor0_
Hibernate: select instructor0_.id as id1_1_0_, instructor0_.name as name2_1_0_ from instructors instructor0_ where instructor0_.id=?
Hibernate: select nextval ('hibernate_sequence')
Hibernate: insert into courses (category, instructor_id, name, id) values (?, ?, ?, ?)
2022-02-01 12:59:45.132  INFO 43286 --- [o-auto-1-exec-5] com.kotlinspring.service.CourseService   : Saved course is : Course(id=23, name='Build Restful APIs using SpringBoot and Kotlin', category='Dilip Sundarraj', instructor=19)
]]></system-out>
  <system-err><![CDATA[]]></system-err>
</testsuite>
